0001_0010_0010_0060_0060.jpg 1 10 10 60 60
0002_0011_0031_0042_0042.jpg 1 11 31 42 42
0003_0019_0011_0051_0051.jpg 1 19 11 51 51
0004_0013_0006_0058_0058.jpg 1 13 6 58 58
0005_0013_0027_0050_0050.jpg 1 13 27 50 50
0006_0032_0006_0047_0047.jpg 1 32 6 47 47
0007_0012_0024_0065_0065.jpg 1 12 24 65 65
0008_0046_0042_0032_0032.jpg 1 46 42 32 32
0009_0022_0016_0064_0064.jpg 1 22 16 64 64
0010_0028_0021_0061_0061.jpg 1 28 21 61 61
0011_0015_0027_0054_0054.jpg 1 15 27 54 54
0012_0012_0025_0055_0055.jpg 1 12 25 55 55
0013_0041_0036_0024_0024.jpg 1 41 36 24 24
0014_0029_0011_0031_0031.jpg 1 29 11 31 31
0015_0040_0012_0042_0042.jpg 1 40 12 42 42
0016_0033_0040_0031_0031.jpg 1 33 40 31 31
0017_0017_0005_0069_0069.jpg 1 17 5 69 69
0018_0011_0019_0059_0059.jpg 1 11 19 59 59
0019_0031_0044_0030_0030.jpg 1 31 44 30 30
0020_0025_0012_0068_0068.jpg 1 25 12 68 68
0021_0007_0029_0063_0063.jpg 1 7 29 63 63
0022_0037_0010_0033_0033.jpg 1 37 10 33 33
0023_0014_0017_0045_0045.jpg 1 14 17 45 45
0024_0013_0025_0067_0067.jpg 1 13 25 67 67
0025_0010_0027_0063_0063.jpg 1 10 27 63 63
0026_0010_0015_0064_0064.jpg 1 10 15 64 64
0027_0010_0010_0027_0027.jpg 1 10 10 27 27
0028_0013_0010_0065_0065.jpg 1 13 10 65 65
0029_0018_0030_0061_0061.jpg 1 18 30 61 61
0030_0018_0009_0050_0050.jpg 1 18 9 50 50
0031_0026_0013_0066_0066.jpg 1 26 13 66 66
0032_0017_0025_0057_0057.jpg 1 17 25 57 57
0033_0019_0004_0064_0064.jpg 1 19 4 64 64
0034_0036_0040_0049_0049.jpg 1 36 40 49 49
0035_0043_0041_0040_0040.jpg 1 43 41 40 40
0036_0024_0028_0047_0047.jpg 1 24 28 47 47
0037_0008_0036_0037_0037.jpg 1 8 36 37 37
0038_0030_0014_0056_0056.jpg 1 30 14 56 56
0039_0031_0022_0049_0049.jpg 1 31 22 49 49
0040_0049_0008_0026_0026.jpg 1 49 8 26 26
0041_0024_0015_0066_0066.jpg 1 24 15 66 66
0042_0036_0044_0029_0029.jpg 1 36 44 29 29
0043_0018_0017_0031_0031.jpg 1 18 17 31 31
0044_0037_0005_0049_0049.jpg 1 37 5 49 49
0045_0032_0013_0029_0029.jpg 1 32 13 29 29
0046_0034_0035_0028_0028.jpg 1 34 35 28 28
0047_0038_0015_0045_0045.jpg 1 38 15 45 45
0048_0009_0016_0062_0062.jpg 1 9 16 62 62
0049_0015_0012_0061_0061.jpg 1 15 12 61 61
0050_0014_0004_0061_0061.jpg 1 14 4 61 61
0051_0027_0020_0026_0026.jpg 1 27 20 26 26
0052_0026_0018_0062_0062.jpg 1 26 18 62 62
0053_0017_0022_0026_0026.jpg 1 17 22 26 26
0054_0047_0014_0037_0037.jpg 1 47 14 37 37
0055_0022_0005_0067_0067.jpg 1 22 5 67 67
0056_0040_0033_0043_0043.jpg 1 40 33 43 43
0057_0020_0020_0055_0055.jpg 1 20 20 55 55
0058_0015_0015_0038_0038.jpg 1 15 15 38 38
0059_0037_0027_0041_0041.jpg 1 37 27 41 41
0060_0019_0011_0062_0062.jpg 1 19 11 62 62
0061_0018_0018_0066_0066.jpg 1 18 18 66 66
0062_0040_0016_0024_0024.jpg 1 40 16 24 24
0063_0035_0024_0055_0055.jpg 1 35 24 55 55
0064_0006_0039_0042_0042.jpg 1 6 39 42 42
0065_0045_0024_0042_0042.jpg 1 45 24 42 42
0066_0013_0018_0069_0069.jpg 1 13 18 69 69
0067_0031_0036_0045_0045.jpg 1 31 36 45 45
0068_0021_0024_0030_0030.jpg 1 21 24 30 30
0069_0023_0039_0036_0036.jpg 1 23 39 36 36
0070_0025_0006_0064_0064.jpg 1 25 6 64 64
0071_0009_0036_0048_0048.jpg 1 9 36 48 48
0072_0025_0018_0066_0066.jpg 1 25 18 66 66
0073_0040_0018_0035_0035.jpg 1 40 18 35 35
0074_0014_0011_0045_0045.jpg 1 14 11 45 45
0075_0021_0035_0055_0055.jpg 1 21 35 55 55
0076_0015_0013_0037_0037.jpg 1 15 13 37 37
0077_0030_0024_0029_0029.jpg 1 30 24 29 29
0078_0022_0015_0066_0066.jpg 1 22 15 66 66
0079_0021_0035_0025_0025.jpg 1 21 35 25 25
0080_0022_0025_0068_0068.jpg 1 22 25 68 68
0081_0028_0026_0030_0030.jpg 1 28 26 30 30
0082_0025_0011_0037_0037.jpg 1 25 11 37 37
0083_0039_0029_0030_0030.jpg 1 39 29 30 30
0084_0027_0026_0066_0066.jpg 1 27 26 66 66
0085_0005_0015_0066_0066.jpg 1 5 15 66 66
0086_0055_0033_0026_0026.jpg 1 55 33 26 26
0087_0008_0008_0065_0065.jpg 1 8 8 65 65
0088_0036_0042_0034_0034.jpg 1 36 42 34 34
0089_0009_0018_0062_0062.jpg 1 9 18 62 62
0090_0026_0021_0044_0044.jpg 1 26 21 44 44
0091_0021_0020_0046_0046.jpg 1 21 20 46 46
0092_0020_0040_0044_0044.jpg 1 20 40 44 44
0093_0004_0014_0057_0057.jpg 1 4 14 57 57
0094_0013_0019_0057_0057.jpg 1 13 19 57 57
0095_0006_0021_0069_0069.jpg 1 6 21 69 69
0096_0007_0039_0033_0033.jpg 1 7 39 33 33
0097_0013_0026_0058_0058.jpg 1 13 26 58 58
0098_0043_0038_0038_0038.jpg 1 43 38 38 38
0099_0024_0017_0038_0038.jpg 1 24 17 38 38
0100_0022_0012_0039_0039.jpg 1 22 12 39 39
0101_0039_0009_0041_0041.jpg 1 39 9 41 41
0102_0024_0015_0044_0044.jpg 1 24 15 44 44
0103_0032_0028_0038_0038.jpg 1 32 28 38 38
0104_0009_0046_0033_0033.jpg 1 9 46 33 33
0105_0040_0006_0045_0045.jpg 1 40 6 45 45
0106_0021_0023_0048_0048.jpg 1 21 23 48 48
0107_0044_0021_0038_0038.jpg 1 44 21 38 38
0108_0054_0045_0029_0029.jpg 1 54 45 29 29
0109_0021_0006_0058_0058.jpg 1 21 6 58 58
0110_0038_0009_0050_0050.jpg 1 38 9 50 50
0111_0018_0021_0068_0068.jpg 1 18 21 68 68
0112_0012_0039_0040_0040.jpg 1 12 39 40 40
0113_0024_0022_0069_0069.jpg 1 24 22 69 69
0114_0031_0052_0031_0031.jpg 1 31 52 31 31
0115_0032_0015_0055_0055.jpg 1 32 15 55 55
0116_0004_0014_0053_0053.jpg 1 4 14 53 53
0117_0042_0043_0030_0030.jpg 1 42 43 30 30
0118_0029_0022_0050_0050.jpg 1 29 22 50 50
0119_0045_0018_0032_0032.jpg 1 45 18 32 32
0120_0035_0022_0030_0030.jpg 1 35 22 30 30
0121_0023_0033_0038_0038.jpg 1 23 33 38 38
0122_0015_0043_0028_0028.jpg 1 15 43 28 28
0123_0004_0022_0062_0062.jpg 1 4 22 62 62
0124_0028_0029_0043_0043.jpg 1 28 29 43 43
0125_0009_0040_0046_0046.jpg 1 9 40 46 46
0126_0018_0008_0049_0049.jpg 1 18 8 49 49
0127_0028_0039_0047_0047.jpg 1 28 39 47 47
0128_0037_0051_0035_0035.jpg 1 37 51 35 35
0129_0006_0016_0066_0066.jpg 1 6 16 66 66
0130_0024_0012_0061_0061.jpg 1 24 12 61 61
0131_0023_0024_0042_0042.jpg 1 23 24 42 42
0132_0033_0029_0052_0052.jpg 1 33 29 52 52
0133_0013_0010_0065_0065.jpg 1 13 10 65 65
0134_0013_0005_0061_0061.jpg 1 13 5 61 61
0135_0010_0007_0068_0068.jpg 1 10 7 68 68
0136_0023_0024_0065_0065.jpg 1 23 24 65 65
0137_0008_0021_0066_0066.jpg 1 8 21 66 66
0138_0015_0024_0049_0049.jpg 1 15 24 49 49
0139_0012_0009_0067_0067.jpg 1 12 9 67 67
0140_0043_0007_0025_0025.jpg 1 43 7 25 25
0141_0026_0009_0046_0046.jpg 1 26 9 46 46
0142_0022_0018_0069_0069.jpg 1 22 18 69 69
0143_0017_0017_0064_0064.jpg 1 17 17 64 64
0144_0016_0019_0051_0051.jpg 1 16 19 51 51
0145_0011_0041_0044_0044.jpg 1 11 41 44 44
0146_0006_0022_0049_0049.jpg 1 6 22 49 49
0147_0019_0028_0056_0056.jpg 1 19 28 56 56
0148_0019_0014_0048_0048.jpg 1 19 14 48 48
0149_0009_0004_0056_0056.jpg 1 9 4 56 56
0150_0014_0032_0035_0035.jpg 1 14 32 35 35
0151_0018_0024_0069_0069.jpg 1 18 24 69 69
0152_0020_0042_0027_0027.jpg 1 20 42 27 27
0153_0023_0018_0059_0059.jpg 1 23 18 59 59
0154_0005_0033_0058_0058.jpg 1 5 33 58 58
0155_0006_0021_0068_0068.jpg 1 6 21 68 68
0156_0020_0011_0041_0041.jpg 1 20 11 41 41
0157_0021_0012_0032_0032.jpg 1 21 12 32 32
0158_0037_0031_0045_0045.jpg 1 37 31 45 45
0159_0022_0016_0065_0065.jpg 1 22 16 65 65
0160_0041_0040_0043_0043.jpg 1 41 40 43 43
0161_0017_0011_0030_0030.jpg 1 17 11 30 30
0162_0007_0026_0030_0030.jpg 1 7 26 30 30
0163_0025_0026_0064_0064.jpg 1 25 26 64 64
0164_0030_0008_0029_0029.jpg 1 30 8 29 29
0165_0008_0027_0028_0028.jpg 1 8 27 28 28
0166_0030_0022_0062_0062.jpg 1 30 22 62 62
0167_0025_0015_0044_0044.jpg 1 25 15 44 44
0168_0007_0017_0033_0033.jpg 1 7 17 33 33
0169_0011_0012_0054_0054.jpg 1 11 12 54 54
0170_0042_0025_0032_0032.jpg 1 42 25 32 32
0171_0022_0008_0046_0046.jpg 1 22 8 46 46
0172_0035_0011_0055_0055.jpg 1 35 11 55 55
0173_0007_0016_0061_0061.jpg 1 7 16 61 61
0174_0019_0018_0069_0069.jpg 1 19 18 69 69
0175_0043_0008_0026_0026.jpg 1 43 8 26 26
0176_0009_0018_0056_0056.jpg 1 9 18 56 56
0177_0012_0016_0064_0064.jpg 1 12 16 64 64
0178_0023_0023_0064_0064.jpg 1 23 23 64 64
0179_0036_0018_0032_0032.jpg 1 36 18 32 32
0180_0038_0032_0049_0049.jpg 1 38 32 49 49
0181_0025_0052_0025_0025.jpg 1 25 52 25 25
0182_0028_0016_0036_0036.jpg 1 28 16 36 36
0183_0021_0033_0044_0044.jpg 1 21 33 44 44
0184_0012_0023_0026_0026.jpg 1 12 23 26 26
0185_0028_0020_0046_0046.jpg 1 28 20 46 46
0186_0009_0023_0058_0058.jpg 1 9 23 58 58
0187_0024_0018_0063_0063.jpg 1 24 18 63 63
0188_0019_0025_0065_0065.jpg 1 19 25 65 65
0189_0042_0033_0024_0024.jpg 1 42 33 24 24
0190_0051_0008_0032_0032.jpg 1 51 8 32 32
0191_0022_0003_0069_0069.jpg 1 22 3 69 69
0192_0016_0013_0030_0030.jpg 1 16 13 30 30
0193_0014_0021_0030_0030.jpg 1 14 21 30 30
0194_0016_0014_0063_0063.jpg 1 16 14 63 63
0195_0017_0024_0050_0050.jpg 1 17 24 50 50
0196_0021_0019_0068_0068.jpg 1 21 19 68 68
0197_0016_0038_0035_0035.jpg 1 16 38 35 35
0198_0051_0025_0031_0031.jpg 1 51 25 31 31
0199_0018_0022_0064_0064.jpg 1 18 22 64 64
0200_0017_0043_0033_0033.jpg 1 17 43 33 33
0201_0017_0009_0037_0037.jpg 1 17 9 37 37
0202_0034_0007_0040_0040.jpg 1 34 7 40 40
0203_0030_0035_0050_0050.jpg 1 30 35 50 50
0204_0016_0035_0041_0041.jpg 1 16 35 41 41
0205_0033_0042_0041_0041.jpg 1 33 42 41 41
0206_0008_0028_0056_0056.jpg 1 8 28 56 56
0207_0013_0011_0055_0055.jpg 1 13 11 55 55
0208_0051_0031_0029_0029.jpg 1 51 31 29 29
0209_0040_0026_0041_0041.jpg 1 40 26 41 41
0210_0023_0038_0045_0045.jpg 1 23 38 45 45
0211_0004_0026_0066_0066.jpg 1 4 26 66 66
0212_0044_0016_0036_0036.jpg 1 44 16 36 36
0213_0009_0006_0060_0060.jpg 1 9 6 60 60
0214_0016_0024_0037_0037.jpg 1 16 24 37 37
0215_0022_0022_0067_0067.jpg 1 22 22 67 67
0216_0021_0012_0062_0062.jpg 1 21 12 62 62
0217_0055_0049_0029_0029.jpg 1 55 49 29 29
0218_0013_0013_0044_0044.jpg 1 13 13 44 44
0219_0038_0043_0041_0041.jpg 1 38 43 41 41
0220_0048_0045_0029_0029.jpg 1 48 45 29 29
0221_0020_0041_0024_0024.jpg 1 20 41 24 24
0222_0006_0008_0051_0051.jpg 1 6 8 51 51
0223_0018_0028_0043_0043.jpg 1 18 28 43 43
0224_0037_0040_0039_0039.jpg 1 37 40 39 39
0225_0025_0005_0057_0057.jpg 1 25 5 57 57
0226_0019_0020_0043_0043.jpg 1 19 20 43 43
0227_0023_0012_0064_0064.jpg 1 23 12 64 64
0228_0053_0033_0028_0028.jpg 1 53 33 28 28
0229_0010_0028_0057_0057.jpg 1 10 28 57 57
0230_0054_0022_0029_0029.jpg 1 54 22 29 29
0231_0029_0022_0050_0050.jpg 1 29 22 50 50
0232_0052_0019_0028_0028.jpg 1 52 19 28 28
0233_0016_0010_0066_0066.jpg 1 16 10 66 66
0234_0007_0008_0055_0055.jpg 1 7 8 55 55
0235_0011_0019_0026_0026.jpg 1 11 19 26 26
0236_0027_0040_0046_0046.jpg 1 27 40 46 46
0237_0009_0044_0042_0042.jpg 1 9 44 42 42
0238_0028_0020_0060_0060.jpg 1 28 20 60 60
0239_0039_0010_0039_0039.jpg 1 39 10 39 39
0240_0047_0033_0032_0032.jpg 1 47 33 32 32
0241_0024_0004_0069_0069.jpg 1 24 4 69 69
0242_0025_0008_0061_0061.jpg 1 25 8 61 61
0243_0011_0020_0034_0034.jpg 1 11 20 34 34
0244_0038_0014_0043_0043.jpg 1 38 14 43 43
0245_0020_0025_0031_0031.jpg 1 20 25 31 31
0246_0030_0029_0052_0052.jpg 1 30 29 52 52
0247_0024_0023_0048_0048.jpg 1 24 23 48 48
0248_0032_0054_0025_0025.jpg 1 32 54 25 25
0249_0013_0026_0061_0061.jpg 1 13 26 61 61
0250_0008_0006_0069_0069.jpg 1 8 6 69 69
0251_0030_0022_0041_0041.jpg 1 30 22 41 41
0252_0015_0023_0067_0067.jpg 1 15 23 67 67
0253_0005_0005_0069_0069.jpg 1 5 5 69 69
0254_0022_0051_0027_0027.jpg 1 22 51 27 27
0255_0008_0032_0034_0034.jpg 1 8 32 34 34
0256_0025_0040_0043_0043.jpg 1 25 40 43 43
0257_0048_0018_0026_0026.jpg 1 48 18 26 26
0258_0005_0010_0066_0066.jpg 1 5 10 66 66
0259_0029_0014_0042_0042.jpg 1 29 14 42 42
0260_0026_0016_0064_0064.jpg 1 26 16 64 64
0261_0024_0015_0048_0048.jpg 1 24 15 48 48
0262_0018_0048_0034_0034.jpg 1 18 48 34 34
0263_0023_0055_0024_0024.jpg 1 23 55 24 24
0264_0026_0022_0056_0056.jpg 1 26 22 56 56
0265_0037_0011_0043_0043.jpg 1 37 11 43 43
0266_0024_0009_0069_0069.jpg 1 24 9 69 69
0267_0008_0009_0040_0040.jpg 1 8 9 40 40
0268_0047_0028_0035_0035.jpg 1 47 28 35 35
0269_0012_0018_0068_0068.jpg 1 12 18 68 68
0270_0012_0036_0032_0032.jpg 1 12 36 32 32
0271_0013_0005_0067_0067.jpg 1 13 5 67 67
0272_0047_0012_0025_0025.jpg 1 47 12 25 25
0273_0026_0050_0034_0034.jpg 1 26 50 34 34
0274_0035_0009_0043_0043.jpg 1 35 9 43 43
0275_0023_0036_0051_0051.jpg 1 23 36 51 51
0276_0008_0020_0051_0051.jpg 1 8 20 51 51
0277_0012_0040_0031_0031.jpg 1 12 40 31 31
0278_0041_0015_0042_0042.jpg 1 41 15 42 42
0279_0005_0024_0063_0063.jpg 1 5 24 63 63
0280_0011_0011_0057_0057.jpg 1 11 11 57 57
0281_0032_0019_0055_0055.jpg 1 32 19 55 55
0282_0028_0021_0054_0054.jpg 1 28 21 54 54
0283_0038_0042_0026_0026.jpg 1 38 42 26 26
0284_0013_0017_0051_0051.jpg 1 13 17 51 51
0285_0023_0007_0048_0048.jpg 1 23 7 48 48
0286_0019_0015_0056_0056.jpg 1 19 15 56 56
0287_0014_0020_0029_0029.jpg 1 14 20 29 29
0288_0040_0040_0030_0030.jpg 1 40 40 30 30
0289_0035_0025_0042_0042.jpg 1 35 25 42 42
0290_0016_0017_0043_0043.jpg 1 16 17 43 43
0291_0019_0020_0027_0027.jpg 1 19 20 27 27
0292_0038_0030_0051_0051.jpg 1 38 30 51 51
0293_0033_0038_0035_0035.jpg 1 33 38 35 35
0294_0041_0050_0032_0032.jpg 1 41 50 32 32
0295_0012_0020_0030_0030.jpg 1 12 20 30 30
0296_0037_0041_0025_0025.jpg 1 37 41 25 25
0297_0013_0026_0046_0046.jpg 1 13 26 46 46
0298_0024_0007_0069_0069.jpg 1 24 7 69 69
0299_0019_0009_0067_0067.jpg 1 19 9 67 67
0300_0024_0005_0052_0052.jpg 1 24 5 52 52
0301_0011_0020_0030_0030.jpg 1 11 20 30 30
0302_0034_0006_0046_0046.jpg 1 34 6 46 46
0303_0016_0011_0065_0065.jpg 1 16 11 65 65
0304_0040_0022_0042_0042.jpg 1 40 22 42 42
0305_0011_0009_0045_0045.jpg 1 11 9 45 45
0306_0013_0022_0065_0065.jpg 1 13 22 65 65
0307_0014_0018_0025_0025.jpg 1 14 18 25 25
0308_0035_0007_0055_0055.jpg 1 35 7 55 55
0309_0025_0028_0061_0061.jpg 1 25 28 61 61
0310_0007_0044_0044_0044.jpg 1 7 44 44 44
0311_0025_0006_0043_0043.jpg 1 25 6 43 43
0312_0015_0007_0041_0041.jpg 1 15 7 41 41
0313_0025_0022_0066_0066.jpg 1 25 22 66 66
0314_0030_0022_0041_0041.jpg 1 30 22 41 41
0315_0039_0029_0050_0050.jpg 1 39 29 50 50
0316_0012_0018_0056_0056.jpg 1 12 18 56 56
0317_0049_0046_0031_0031.jpg 1 49 46 31 31
0318_0023_0013_0068_0068.jpg 1 23 13 68 68
0319_0036_0016_0053_0053.jpg 1 36 16 53 53
0320_0011_0006_0069_0069.jpg 1 11 6 69 69
0321_0009_0021_0067_0067.jpg 1 9 21 67 67
0322_0008_0006_0055_0055.jpg 1 8 6 55 55
0323_0022_0031_0057_0057.jpg 1 22 31 57 57
0324_0027_0004_0065_0065.jpg 1 27 4 65 65
0325_0023_0016_0036_0036.jpg 1 23 16 36 36
0326_0006_0045_0042_0042.jpg 1 6 45 42 42
0327_0019_0010_0048_0048.jpg 1 19 10 48 48
0328_0012_0012_0034_0034.jpg 1 12 12 34 34
0329_0026_0041_0024_0024.jpg 1 26 41 24 24
0330_0009_0012_0049_0049.jpg 1 9 12 49 49
0331_0043_0016_0038_0038.jpg 1 43 16 38 38
0332_0014_0011_0037_0037.jpg 1 14 11 37 37
0333_0040_0017_0041_0041.jpg 1 40 17 41 41
0334_0013_0024_0059_0059.jpg 1 13 24 59 59
0335_0012_0005_0052_0052.jpg 1 12 5 52 52
0336_0031_0031_0050_0050.jpg 1 31 31 50 50
0337_0006_0033_0057_0057.jpg 1 6 33 57 57
0338_0009_0023_0064_0064.jpg 1 9 23 64 64
0339_0022_0024_0060_0060.jpg 1 22 24 60 60
0340_0009_0017_0047_0047.jpg 1 9 17 47 47
0341_0012_0008_0069_0069.jpg 1 12 8 69 69
0342_0009_0026_0065_0065.jpg 1 9 26 65 65
0343_0018_0010_0054_0054.jpg 1 18 10 54 54
0344_0023_0022_0054_0054.jpg 1 23 22 54 54
0345_0045_0046_0036_0036.jpg 1 45 46 36 36
0346_0030_0020_0042_0042.jpg 1 30 20 42 42
0347_0011_0009_0069_0069.jpg 1 11 9 69 69
0348_0033_0020_0039_0039.jpg 1 33 20 39 39
0349_0009_0025_0066_0066.jpg 1 9 25 66 66
0350_0027_0013_0060_0060.jpg 1 27 13 60 60
0351_0037_0048_0024_0024.jpg 1 37 48 24 24
0352_0013_0025_0050_0050.jpg 1 13 25 50 50
0353_0017_0024_0029_0029.jpg 1 17 24 29 29
0354_0017_0007_0026_0026.jpg 1 17 7 26 26
0355_0011_0013_0063_0063.jpg 1 11 13 63 63
0356_0004_0014_0064_0064.jpg 1 4 14 64 64
0357_0023_0020_0060_0060.jpg 1 23 20 60 60
0358_0032_0035_0031_0031.jpg 1 32 35 31 31
0359_0027_0029_0055_0055.jpg 1 27 29 55 55
0360_0018_0025_0064_0064.jpg 1 18 25 64 64
0361_0007_0024_0032_0032.jpg 1 7 24 32 32
0362_0019_0023_0052_0052.jpg 1 19 23 52 52
0363_0013_0025_0053_0053.jpg 1 13 25 53 53
0364_0005_0004_0069_0069.jpg 1 5 4 69 69
0365_0029_0020_0054_0054.jpg 1 29 20 54 54
0366_0050_0016_0026_0026.jpg 1 50 16 26 26
0367_0011_0039_0042_0042.jpg 1 11 39 42 42
0368_0036_0018_0050_0050.jpg 1 36 18 50 50
0369_0025_0022_0048_0048.jpg 1 25 22 48 48
0370_0043_0035_0045_0045.jpg 1 43 35 45 45
0371_0005_0011_0059_0059.jpg 1 5 11 59 59
0372_0018_0028_0058_0058.jpg 1 18 28 58 58
0373_0006_0038_0041_0041.jpg 1 6 38 41 41
0374_0031_0007_0039_0039.jpg 1 31 7 39 39
0375_0048_0020_0028_0028.jpg 1 48 20 28 28
0376_0048_0028_0035_0035.jpg 1 48 28 35 35
0377_0031_0017_0025_0025.jpg 1 31 17 25 25
0378_0017_0031_0030_0030.jpg 1 17 31 30 30
0379_0006_0020_0059_0059.jpg 1 6 20 59 59
0380_0044_0020_0029_0029.jpg 1 44 20 29 29
0381_0033_0020_0050_0050.jpg 1 33 20 50 50
0382_0024_0038_0049_0049.jpg 1 24 38 49 49
0383_0054_0009_0026_0026.jpg 1 54 9 26 26
0384_0009_0024_0061_0061.jpg 1 9 24 61 61
0385_0015_0011_0024_0024.jpg 1 15 11 24 24
0386_0043_0044_0042_0042.jpg 1 43 44 42 42
0387_0008_0026_0038_0038.jpg 1 8 26 38 38
0388_0024_0006_0042_0042.jpg 1 24 6 42 42
0389_0031_0034_0053_0053.jpg 1 31 34 53 53
0390_0015_0017_0069_0069.jpg 1 15 17 69 69
0391_0011_0028_0049_0049.jpg 1 11 28 49 49
0392_0017_0005_0068_0068.jpg 1 17 5 68 68
0393_0014_0021_0043_0043.jpg 1 14 21 43 43
0394_0004_0011_0061_0061.jpg 1 4 11 61 61
0395_0015_0016_0045_0045.jpg 1 15 16 45 45
0396_0037_0013_0042_0042.jpg 1 37 13 42 42
0397_0028_0024_0060_0060.jpg 1 28 24 60 60
0398_0027_0017_0035_0035.jpg 1 27 17 35 35
0399_0018_0033_0053_0053.jpg 1 18 33 53 53
0400_0009_0008_0052_0052.jpg 1 9 8 52 52
0401_0027_0011_0064_0064.jpg 1 27 11 64 64
0402_0017_0012_0063_0063.jpg 1 17 12 63 63
0403_0015_0028_0052_0052.jpg 1 15 28 52 52
0404_0049_0008_0027_0027.jpg 1 49 8 27 27
0405_0017_0024_0027_0027.jpg 1 17 24 27 27
0406_0045_0045_0035_0035.jpg 1 45 45 35 35
0407_0008_0008_0053_0053.jpg 1 8 8 53 53
0408_0024_0007_0059_0059.jpg 1 24 7 59 59
0409_0019_0006_0047_0047.jpg 1 19 6 47 47
0410_0040_0026_0049_0049.jpg 1 40 26 49 49
0411_0006_0007_0064_0064.jpg 1 6 7 64 64
0412_0006_0015_0033_0033.jpg 1 6 15 33 33
0413_0042_0027_0039_0039.jpg 1 42 27 39 39
0414_0029_0055_0029_0029.jpg 1 29 55 29 29
0415_0032_0014_0047_0047.jpg 1 32 14 47 47
0416_0037_0031_0035_0035.jpg 1 37 31 35 35
0417_0039_0026_0049_0049.jpg 1 39 26 49 49
0418_0029_0006_0061_0061.jpg 1 29 6 61 61
0419_0016_0023_0050_0050.jpg 1 16 23 50 50
0420_0026_0015_0042_0042.jpg 1 26 15 42 42
0421_0012_0034_0055_0055.jpg 1 12 34 55 55
0422_0012_0023_0032_0032.jpg 1 12 23 32 32
0423_0017_0027_0057_0057.jpg 1 17 27 57 57
0424_0048_0043_0036_0036.jpg 1 48 43 36 36
0425_0021_0026_0065_0065.jpg 1 21 26 65 65
0426_0044_0022_0036_0036.jpg 1 44 22 36 36
0427_0008_0012_0064_0064.jpg 1 8 12 64 64
0428_0019_0007_0050_0050.jpg 1 19 7 50 50
0429_0050_0024_0030_0030.jpg 1 50 24 30 30
0430_0052_0027_0034_0034.jpg 1 52 27 34 34
0431_0014_0012_0064_0064.jpg 1 14 12 64 64
0432_0022_0026_0062_0062.jpg 1 22 26 62 62
0433_0027_0008_0029_0029.jpg 1 27 8 29 29
0434_0012_0030_0043_0043.jpg 1 12 30 43 43
0435_0034_0031_0025_0025.jpg 1 34 31 25 25
0436_0009_0037_0038_0038.jpg 1 9 37 38 38
0437_0010_0018_0041_0041.jpg 1 10 18 41 41
0438_0018_0010_0054_0054.jpg 1 18 10 54 54
0439_0008_0030_0058_0058.jpg 1 8 30 58 58
0440_0005_0023_0055_0055.jpg 1 5 23 55 55
0441_0052_0045_0029_0029.jpg 1 52 45 29 29
0442_0035_0040_0047_0047.jpg 1 35 40 47 47
0443_0023_0030_0046_0046.jpg 1 23 30 46 46
0444_0016_0006_0069_0069.jpg 1 16 6 69 69
0445_0052_0025_0025_0025.jpg 1 52 25 25 25
0446_0027_0023_0065_0065.jpg 1 27 23 65 65
0447_0055_0058_0027_0027.jpg 1 55 58 27 27
0448_0008_0029_0052_0052.jpg 1 8 29 52 52
0449_0045_0037_0041_0041.jpg 1 45 37 41 41
0450_0021_0043_0041_0041.jpg 1 21 43 41 41
0451_0021_0010_0061_0061.jpg 1 21 10 61 61
0452_0016_0012_0066_0066.jpg 1 16 12 66 66
0453_0021_0047_0028_0028.jpg 1 21 47 28 28
0454_0012_0040_0039_0039.jpg 1 12 40 39 39
0455_0030_0017_0024_0024.jpg 1 30 17 24 24
0456_0025_0028_0062_0062.jpg 1 25 28 62 62
0457_0016_0044_0025_0025.jpg 1 16 44 25 25
0458_0027_0016_0061_0061.jpg 1 27 16 61 61
0459_0049_0028_0035_0035.jpg 1 49 28 35 35
0460_0020_0015_0051_0051.jpg 1 20 15 51 51
0461_0014_0019_0057_0057.jpg 1 14 19 57 57
0462_0018_0050_0026_0026.jpg 1 18 50 26 26
0463_0013_0026_0049_0049.jpg 1 13 26 49 49
0464_0031_0008_0058_0058.jpg 1 31 8 58 58
0465_0026_0006_0037_0037.jpg 1 26 6 37 37
0466_0038_0034_0030_0030.jpg 1 38 34 30 30
0467_0020_0032_0049_0049.jpg 1 20 32 49 49
0468_0018_0025_0053_0053.jpg 1 18 25 53 53
0469_0017_0032_0054_0054.jpg 1 17 32 54 54
0470_0030_0028_0055_0055.jpg 1 30 28 55 55
0471_0006_0009_0057_0057.jpg 1 6 9 57 57
0472_0009_0006_0063_0063.jpg 1 9 6 63 63
0473_0031_0031_0048_0048.jpg 1 31 31 48 48
0474_0021_0027_0059_0059.jpg 1 21 27 59 59
0475_0044_0043_0035_0035.jpg 1 44 43 35 35
0476_0019_0027_0058_0058.jpg 1 19 27 58 58
0477_0013_0046_0026_0026.jpg 1 13 46 26 26
0478_0012_0022_0068_0068.jpg 1 12 22 68 68
0479_0018_0026_0026_0026.jpg 1 18 26 26 26
0480_0044_0008_0044_0044.jpg 1 44 8 44 44
0481_0022_0021_0029_0029.jpg 1 22 21 29 29
0482_0014_0005_0050_0050.jpg 1 14 5 50 50
0483_0009_0007_0028_0028.jpg 1 9 7 28 28
0484_0019_0008_0058_0058.jpg 1 19 8 58 58
0485_0017_0011_0044_0044.jpg 1 17 11 44 44
0486_0024_0009_0026_0026.jpg 1 24 9 26 26
0487_0022_0013_0055_0055.jpg 1 22 13 55 55
0488_0010_0023_0060_0060.jpg 1 10 23 60 60
0489_0014_0006_0055_0055.jpg 1 14 6 55 55
0490_0010_0029_0033_0033.jpg 1 10 29 33 33
0491_0028_0015_0047_0047.jpg 1 28 15 47 47
0492_0051_0051_0034_0034.jpg 1 51 51 34 34
0493_0042_0041_0044_0044.jpg 1 42 41 44 44
0494_0013_0022_0039_0039.jpg 1 13 22 39 39
0495_0038_0029_0025_0025.jpg 1 38 29 25 25
0496_0007_0029_0056_0056.jpg 1 7 29 56 56
0497_0016_0017_0067_0067.jpg 1 16 17 67 67
0498_0033_0031_0038_0038.jpg 1 33 31 38 38
0499_0033_0016_0033_0033.jpg 1 33 16 33 33
0500_0026_0041_0043_0043.jpg 1 26 41 43 43
0501_0026_0044_0033_0033.jpg 1 26 44 33 33
0502_0042_0016_0032_0032.jpg 1 42 16 32 32
0503_0014_0019_0068_0068.jpg 1 14 19 68 68
0504_0022_0008_0062_0062.jpg 1 22 8 62 62
0505_0005_0017_0064_0064.jpg 1 5 17 64 64
0506_0047_0039_0025_0025.jpg 1 47 39 25 25
0507_0041_0035_0031_0031.jpg 1 41 35 31 31
0508_0018_0023_0025_0025.jpg 1 18 23 25 25
0509_0014_0024_0057_0057.jpg 1 14 24 57 57
0510_0015_0020_0059_0059.jpg 1 15 20 59 59
0511_0021_0011_0029_0029.jpg 1 21 11 29 29
0512_0052_0013_0027_0027.jpg 1 52 13 27 27
0513_0012_0024_0062_0062.jpg 1 12 24 62 62
0514_0013_0040_0030_0030.jpg 1 13 40 30 30
0515_0015_0015_0053_0053.jpg 1 15 15 53 53
0516_0013_0014_0049_0049.jpg 1 13 14 49 49
0517_0029_0018_0028_0028.jpg 1 29 18 28 28
0518_0013_0012_0069_0069.jpg 1 13 12 69 69
0519_0020_0023_0024_0024.jpg 1 20 23 24 24
0520_0020_0049_0029_0029.jpg 1 20 49 29 29
0521_0022_0028_0034_0034.jpg 1 22 28 34 34
0522_0013_0012_0063_0063.jpg 1 13 12 63 63
0523_0031_0008_0039_0039.jpg 1 31 8 39 39
0524_0014_0039_0036_0036.jpg 1 14 39 36 36
0525_0014_0008_0063_0063.jpg 1 14 8 63 63
0526_0016_0024_0067_0067.jpg 1 16 24 67 67
0527_0014_0021_0064_0064.jpg 1 14 21 64 64
0528_0020_0010_0054_0054.jpg 1 20 10 54 54
0529_0029_0004_0062_0062.jpg 1 29 4 62 62
0530_0012_0017_0065_0065.jpg 1 12 17 65 65
0531_0034_0036_0040_0040.jpg 1 34 36 40 40
0532_0049_0041_0031_0031.jpg 1 49 41 31 31
0533_0020_0040_0044_0044.jpg 1 20 40 44 44
0534_0008_0045_0027_0027.jpg 1 8 45 27 27
0535_0015_0021_0061_0061.jpg 1 15 21 61 61
0536_0038_0023_0036_0036.jpg 1 38 23 36 36
0537_0006_0033_0048_0048.jpg 1 6 33 48 48
0538_0024_0029_0055_0055.jpg 1 24 29 55 55
0539_0031_0023_0059_0059.jpg 1 31 23 59 59
0540_0010_0008_0046_0046.jpg 1 10 8 46 46
0541_0011_0018_0061_0061.jpg 1 11 18 61 61
0542_0038_0021_0035_0035.jpg 1 38 21 35 35
0543_0013_0009_0037_0037.jpg 1 13 9 37 37
0544_0023_0008_0060_0060.jpg 1 23 8 60 60
0545_0020_0045_0031_0031.jpg 1 20 45 31 31
0546_0012_0024_0033_0033.jpg 1 12 24 33 33
0547_0007_0019_0062_0062.jpg 1 7 19 62 62
0548_0040_0048_0030_0030.jpg 1 40 48 30 30
0549_0014_0024_0058_0058.jpg 1 14 24 58 58
0550_0042_0038_0024_0024.jpg 1 42 38 24 24
0551_0055_0058_0026_0026.jpg 1 55 58 26 26
0552_0010_0022_0049_0049.jpg 1 10 22 49 49
0553_0029_0044_0028_0028.jpg 1 29 44 28 28
0554_0028_0030_0053_0053.jpg 1 28 30 53 53
0555_0053_0013_0031_0031.jpg 1 53 13 31 31
0556_0017_0022_0066_0066.jpg 1 17 22 66 66
0557_0012_0005_0062_0062.jpg 1 12 5 62 62
0558_0010_0013_0065_0065.jpg 1 10 13 65 65
0559_0012_0020_0054_0054.jpg 1 12 20 54 54
0560_0033_0024_0035_0035.jpg 1 33 24 35 35
0561_0019_0016_0025_0025.jpg 1 19 16 25 25
0562_0019_0039_0045_0045.jpg 1 19 39 45 45
0563_0008_0026_0052_0052.jpg 1 8 26 52 52
0564_0009_0009_0058_0058.jpg 1 9 9 58 58
0565_0034_0051_0035_0035.jpg 1 34 51 35 35
0566_0013_0025_0034_0034.jpg 1 13 25 34 34
0567_0019_0008_0050_0050.jpg 1 19 8 50 50
0568_0035_0038_0029_0029.jpg 1 35 38 29 29
0569_0015_0017_0066_0066.jpg 1 15 17 66 66
0570_0008_0030_0055_0055.jpg 1 8 30 55 55
0571_0009_0025_0045_0045.jpg 1 9 25 45 45
0572_0005_0005_0061_0061.jpg 1 5 5 61 61
0573_0007_0029_0041_0041.jpg 1 7 29 41 41
0574_0036_0026_0036_0036.jpg 1 36 26 36 36
0575_0017_0026_0066_0066.jpg 1 17 26 66 66
0576_0026_0016_0052_0052.jpg 1 26 16 52 52
0577_0018_0025_0039_0039.jpg 1 18 25 39 39
0578_0032_0050_0027_0027.jpg 1 32 50 27 27
0579_0017_0017_0052_0052.jpg 1 17 17 52 52
0580_0019_0003_0069_0069.jpg 1 19 3 69 69
0581_0032_0010_0057_0057.jpg 1 32 10 57 57
0582_0015_0017_0066_0066.jpg 1 15 17 66 66
0583_0024_0026_0051_0051.jpg 1 24 26 51 51
0584_0041_0017_0036_0036.jpg 1 41 17 36 36
0585_0050_0022_0027_0027.jpg 1 50 22 27 27
0586_0036_0030_0037_0037.jpg 1 36 30 37 37
0587_0013_0028_0048_0048.jpg 1 13 28 48 48
0588_0009_0007_0067_0067.jpg 1 9 7 67 67
0589_0041_0029_0032_0032.jpg 1 41 29 32 32
0590_0018_0018_0042_0042.jpg 1 18 18 42 42
0591_0021_0026_0056_0056.jpg 1 21 26 56 56
0592_0034_0035_0055_0055.jpg 1 34 35 55 55
0593_0003_0005_0067_0067.jpg 1 3 5 67 67
0594_0030_0027_0052_0052.jpg 1 30 27 52 52
0595_0021_0020_0037_0037.jpg 1 21 20 37 37
0596_0014_0026_0037_0037.jpg 1 14 26 37 37
0597_0028_0036_0054_0054.jpg 1 28 36 54 54
0598_0020_0012_0045_0045.jpg 1 20 12 45 45
0599_0035_0025_0043_0043.jpg 1 35 25 43 43
0600_0030_0039_0039_0039.jpg 1 30 39 39 39
0601_0005_0009_0051_0051.jpg 1 5 9 51 51
0602_0020_0005_0065_0065.jpg 1 20 5 65 65
0603_0039_0007_0032_0032.jpg 1 39 7 32 32
0604_0024_0004_0064_0064.jpg 1 24 4 64 64
0605_0009_0024_0037_0037.jpg 1 9 24 37 37
0606_0005_0027_0062_0062.jpg 1 5 27 62 62
0607_0028_0024_0062_0062.jpg 1 28 24 62 62
0608_0023_0037_0045_0045.jpg 1 23 37 45 45
0609_0049_0051_0028_0028.jpg 1 49 51 28 28
0610_0009_0041_0046_0046.jpg 1 9 41 46 46
0611_0019_0010_0065_0065.jpg 1 19 10 65 65
0612_0030_0036_0049_0049.jpg 1 30 36 49 49
0613_0021_0017_0062_0062.jpg 1 21 17 62 62
0614_0032_0021_0053_0053.jpg 1 32 21 53 53
0615_0008_0020_0057_0057.jpg 1 8 20 57 57
0616_0008_0015_0068_0068.jpg 1 8 15 68 68
0617_0041_0038_0036_0036.jpg 1 41 38 36 36
0618_0006_0023_0052_0052.jpg 1 6 23 52 52
0619_0015_0011_0028_0028.jpg 1 15 11 28 28
0620_0014_0019_0060_0060.jpg 1 14 19 60 60
0621_0020_0041_0047_0047.jpg 1 20 41 47 47
0622_0007_0006_0059_0059.jpg 1 7 6 59 59
0623_0014_0022_0067_0067.jpg 1 14 22 67 67
0624_0013_0026_0058_0058.jpg 1 13 26 58 58
0625_0014_0010_0055_0055.jpg 1 14 10 55 55
0626_0014_0008_0052_0052.jpg 1 14 8 52 52
0627_0022_0007_0061_0061.jpg 1 22 7 61 61
0628_0041_0013_0040_0040.jpg 1 41 13 40 40
0629_0026_0035_0039_0039.jpg 1 26 35 39 39
0630_0024_0031_0030_0030.jpg 1 24 31 30 30
0631_0024_0034_0050_0050.jpg 1 24 34 50 50
0632_0012_0034_0037_0037.jpg 1 12 34 37 37
0633_0016_0015_0059_0059.jpg 1 16 15 59 59
0634_0012_0014_0064_0064.jpg 1 12 14 64 64
0635_0019_0018_0056_0056.jpg 1 19 18 56 56
0636_0034_0012_0054_0054.jpg 1 34 12 54 54
0637_0005_0007_0064_0064.jpg 1 5 7 64 64
0638_0036_0053_0033_0033.jpg 1 36 53 33 33
0639_0010_0042_0039_0039.jpg 1 10 42 39 39
0640_0033_0044_0033_0033.jpg 1 33 44 33 33
0641_0028_0017_0062_0062.jpg 1 28 17 62 62
0642_0026_0033_0044_0044.jpg 1 26 33 44 44
0643_0005_0013_0065_0065.jpg 1 5 13 65 65
0644_0035_0008_0035_0035.jpg 1 35 8 35 35
0645_0035_0019_0048_0048.jpg 1 35 19 48 48
0646_0014_0024_0033_0033.jpg 1 14 24 33 33
0647_0028_0022_0042_0042.jpg 1 28 22 42 42
0648_0009_0013_0027_0027.jpg 1 9 13 27 27
0649_0006_0022_0063_0063.jpg 1 6 22 63 63
0650_0038_0008_0047_0047.jpg 1 38 8 47 47
0651_0029_0011_0054_0054.jpg 1 29 11 54 54
0652_0027_0017_0046_0046.jpg 1 27 17 46 46
0653_0014_0012_0056_0056.jpg 1 14 12 56 56
0654_0006_0010_0045_0045.jpg 1 6 10 45 45
0655_0018_0018_0067_0067.jpg 1 18 18 67 67
0656_0028_0005_0050_0050.jpg 1 28 5 50 50
0657_0021_0017_0069_0069.jpg 1 21 17 69 69
0658_0036_0046_0037_0037.jpg 1 36 46 37 37
0659_0034_0049_0030_0030.jpg 1 34 49 30 30
0660_0040_0032_0044_0044.jpg 1 40 32 44 44
0661_0010_0027_0059_0059.jpg 1 10 27 59 59
0662_0013_0028_0058_0058.jpg 1 13 28 58 58
0663_0030_0035_0043_0043.jpg 1 30 35 43 43
0664_0005_0015_0049_0049.jpg 1 5 15 49 49
0665_0028_0006_0038_0038.jpg 1 28 6 38 38
0666_0033_0044_0038_0038.jpg 1 33 44 38 38
0667_0025_0045_0034_0034.jpg 1 25 45 34 34
0668_0027_0028_0040_0040.jpg 1 27 28 40 40
0669_0037_0021_0043_0043.jpg 1 37 21 43 43
0670_0023_0007_0061_0061.jpg 1 23 7 61 61
0671_0009_0022_0038_0038.jpg 1 9 22 38 38
0672_0032_0028_0044_0044.jpg 1 32 28 44 44
0673_0036_0036_0053_0053.jpg 1 36 36 53 53
0674_0013_0050_0032_0032.jpg 1 13 50 32 32
0675_0027_0005_0058_0058.jpg 1 27 5 58 58
0676_0019_0010_0066_0066.jpg 1 19 10 66 66
0677_0032_0050_0035_0035.jpg 1 32 50 35 35
0678_0027_0004_0063_0063.jpg 1 27 4 63 63
0679_0017_0028_0035_0035.jpg 1 17 28 35 35
0680_0027_0017_0065_0065.jpg 1 27 17 65 65
0681_0010_0033_0037_0037.jpg 1 10 33 37 37
0682_0013_0025_0047_0047.jpg 1 13 25 47 47
0683_0024_0008_0063_0063.jpg 1 24 8 63 63
0684_0015_0038_0032_0032.jpg 1 15 38 32 32
0685_0007_0038_0048_0048.jpg 1 7 38 48 48
0686_0028_0029_0055_0055.jpg 1 28 29 55 55
0687_0016_0021_0065_0065.jpg 1 16 21 65 65
0688_0010_0017_0043_0043.jpg 1 10 17 43 43
0689_0040_0038_0041_0041.jpg 1 40 38 41 41
0690_0015_0023_0030_0030.jpg 1 15 23 30 30
0691_0034_0018_0056_0056.jpg 1 34 18 56 56
0692_0028_0022_0027_0027.jpg 1 28 22 27 27
0693_0032_0044_0028_0028.jpg 1 32 44 28 28
0694_0032_0052_0026_0026.jpg 1 32 52 26 26
0695_0043_0032_0036_0036.jpg 1 43 32 36 36
0696_0025_0035_0044_0044.jpg 1 25 35 44 44
0697_0019_0028_0044_0044.jpg 1 19 28 44 44
0698_0022_0022_0053_0053.jpg 1 22 22 53 53
0699_0046_0046_0024_0024.jpg 1 46 46 24 24
0700_0020_0020_0052_0052.jpg 1 20 20 52 52
0701_0058_0041_0024_0024.jpg 1 58 41 24 24
0702_0022_0021_0061_0061.jpg 1 22 21 61 61
0703_0023_0048_0028_0028.jpg 1 23 48 28 28
0704_0030_0007_0041_0041.jpg 1 30 7 41 41
0705_0025_0012_0061_0061.jpg 1 25 12 61 61
0706_0049_0051_0028_0028.jpg 1 49 51 28 28
0707_0029_0014_0034_0034.jpg 1 29 14 34 34
0708_0020_0007_0065_0065.jpg 1 20 7 65 65
0709_0030_0008_0058_0058.jpg 1 30 8 58 58
0710_0037_0034_0048_0048.jpg 1 37 34 48 48
0711_0008_0008_0033_0033.jpg 1 8 8 33 33
0712_0035_0032_0049_0049.jpg 1 35 32 49 49
0713_0032_0024_0048_0048.jpg 1 32 24 48 48
0714_0043_0044_0031_0031.jpg 1 43 44 31 31
0715_0030_0010_0034_0034.jpg 1 30 10 34 34
0716_0023_0021_0067_0067.jpg 1 23 21 67 67
0717_0032_0050_0033_0033.jpg 1 32 50 33 33
0718_0026_0031_0056_0056.jpg 1 26 31 56 56
0719_0009_0026_0054_0054.jpg 1 9 26 54 54
0720_0010_0025_0040_0040.jpg 1 10 25 40 40
0721_0014_0041_0042_0042.jpg 1 14 41 42 42
0722_0011_0021_0027_0027.jpg 1 11 21 27 27
0723_0033_0037_0035_0035.jpg 1 33 37 35 35
0724_0030_0041_0045_0045.jpg 1 30 41 45 45
0725_0021_0006_0057_0057.jpg 1 21 6 57 57
0726_0021_0014_0066_0066.jpg 1 21 14 66 66
0727_0041_0011_0047_0047.jpg 1 41 11 47 47
0728_0021_0020_0062_0062.jpg 1 21 20 62 62
0729_0011_0023_0058_0058.jpg 1 11 23 58 58
0730_0009_0020_0049_0049.jpg 1 9 20 49 49
0731_0024_0021_0035_0035.jpg 1 24 21 35 35
0732_0011_0028_0064_0064.jpg 1 11 28 64 64
0733_0026_0011_0051_0051.jpg 1 26 11 51 51
0734_0027_0009_0065_0065.jpg 1 27 9 65 65
0735_0049_0039_0030_0030.jpg 1 49 39 30 30
0736_0008_0017_0044_0044.jpg 1 8 17 44 44
0737_0013_0010_0069_0069.jpg 1 13 10 69 69
0738_0023_0027_0064_0064.jpg 1 23 27 64 64
0739_0038_0035_0042_0042.jpg 1 38 35 42 42
0740_0006_0035_0051_0051.jpg 1 6 35 51 51
0741_0033_0007_0057_0057.jpg 1 33 7 57 57
0742_0045_0046_0033_0033.jpg 1 45 46 33 33
0743_0004_0023_0061_0061.jpg 1 4 23 61 61
0744_0009_0036_0036_0036.jpg 1 9 36 36 36
0745_0051_0033_0031_0031.jpg 1 51 33 31 31
0746_0025_0015_0054_0054.jpg 1 25 15 54 54
0747_0020_0012_0066_0066.jpg 1 20 12 66 66
0748_0012_0020_0028_0028.jpg 1 12 20 28 28
0749_0015_0025_0066_0066.jpg 1 15 25 66 66
0750_0021_0047_0039_0039.jpg 1 21 47 39 39
0751_0021_0037_0049_0049.jpg 1 21 37 49 49
0752_0019_0004_0064_0064.jpg 1 19 4 64 64
0753_0023_0035_0043_0043.jpg 1 23 35 43 43
0754_0017_0005_0057_0057.jpg 1 17 5 57 57
0755_0026_0031_0049_0049.jpg 1 26 31 49 49
0756_0010_0009_0039_0039.jpg 1 10 9 39 39
0757_0010_0012_0053_0053.jpg 1 10 12 53 53
0758_0010_0014_0068_0068.jpg 1 10 14 68 68
0759_0014_0013_0056_0056.jpg 1 14 13 56 56
0760_0022_0009_0032_0032.jpg 1 22 9 32 32
0761_0024_0005_0063_0063.jpg 1 24 5 63 63
0762_0035_0047_0025_0025.jpg 1 35 47 25 25
0763_0011_0043_0039_0039.jpg 1 11 43 39 39
0764_0015_0033_0030_0030.jpg 1 15 33 30 30
0765_0017_0019_0044_0044.jpg 1 17 19 44 44
0766_0016_0021_0054_0054.jpg 1 16 21 54 54
0767_0051_0038_0034_0034.jpg 1 51 38 34 34
0768_0014_0012_0061_0061.jpg 1 14 12 61 61
0769_0005_0024_0046_0046.jpg 1 5 24 46 46
0770_0024_0026_0057_0057.jpg 1 24 26 57 57
0771_0006_0014_0060_0060.jpg 1 6 14 60 60
0772_0027_0058_0025_0025.jpg 1 27 58 25 25
0773_0033_0018_0052_0052.jpg 1 33 18 52 52
0774_0021_0010_0047_0047.jpg 1 21 10 47 47
0775_0022_0009_0069_0069.jpg 1 22 9 69 69
0776_0019_0020_0057_0057.jpg 1 19 20 57 57
0777_0029_0035_0034_0034.jpg 1 29 35 34 34
0778_0027_0034_0026_0026.jpg 1 27 34 26 26
0779_0029_0037_0047_0047.jpg 1 29 37 47 47
0780_0051_0041_0028_0028.jpg 1 51 41 28 28
0781_0033_0026_0047_0047.jpg 1 33 26 47 47
0782_0017_0022_0061_0061.jpg 1 17 22 61 61
0783_0048_0038_0037_0037.jpg 1 48 38 37 37
0784_0040_0014_0049_0049.jpg 1 40 14 49 49
0785_0023_0010_0058_0058.jpg 1 23 10 58 58
0786_0016_0012_0054_0054.jpg 1 16 12 54 54
0787_0033_0009_0039_0039.jpg 1 33 9 39 39
0788_0006_0026_0048_0048.jpg 1 6 26 48 48
0789_0039_0038_0028_0028.jpg 1 39 38 28 28
0790_0011_0054_0030_0030.jpg 1 11 54 30 30
0791_0003_0005_0065_0065.jpg 1 3 5 65 65
0792_0025_0010_0058_0058.jpg 1 25 10 58 58
0793_0023_0019_0032_0032.jpg 1 23 19 32 32
0794_0025_0011_0064_0064.jpg 1 25 11 64 64
0795_0027_0029_0062_0062.jpg 1 27 29 62 62
0796_0021_0025_0035_0035.jpg 1 21 25 35 35
0797_0005_0023_0062_0062.jpg 1 5 23 62 62
0798_0016_0018_0069_0069.jpg 1 16 18 69 69
0799_0037_0035_0028_0028.jpg 1 37 35 28 28
0800_0041_0006_0046_0046.jpg 1 41 6 46 46
0801_0021_0032_0058_0058.jpg 1 21 32 58 58
0802_0037_0013_0050_0050.jpg 1 37 13 50 50
0803_0004_0020_0061_0061.jpg 1 4 20 61 61
0804_0033_0034_0040_0040.jpg 1 33 34 40 40
0805_0018_0044_0029_0029.jpg 1 18 44 29 29
0806_0052_0009_0033_0033.jpg 1 52 9 33 33
0807_0036_0020_0048_0048.jpg 1 36 20 48 48
0808_0016_0046_0026_0026.jpg 1 16 46 26 26
0809_0015_0011_0062_0062.jpg 1 15 11 62 62
0810_0026_0017_0047_0047.jpg 1 26 17 47 47
0811_0045_0015_0024_0024.jpg 1 45 15 24 24
0812_0009_0020_0045_0045.jpg 1 9 20 45 45
0813_0018_0012_0069_0069.jpg 1 18 12 69 69
0814_0029_0053_0032_0032.jpg 1 29 53 32 32
0815_0015_0029_0051_0051.jpg 1 15 29 51 51
0816_0044_0033_0027_0027.jpg 1 44 33 27 27
0817_0034_0044_0041_0041.jpg 1 34 44 41 41
0818_0012_0049_0038_0038.jpg 1 12 49 38 38
0819_0022_0015_0057_0057.jpg 1 22 15 57 57
0820_0031_0011_0024_0024.jpg 1 31 11 24 24
0821_0021_0005_0048_0048.jpg 1 21 5 48 48
0822_0015_0021_0061_0061.jpg 1 15 21 61 61
0823_0004_0008_0058_0058.jpg 1 4 8 58 58
0824_0023_0010_0059_0059.jpg 1 23 10 59 59
0825_0024_0015_0038_0038.jpg 1 24 15 38 38
0826_0036_0032_0053_0053.jpg 1 36 32 53 53
0827_0009_0009_0069_0069.jpg 1 9 9 69 69
0828_0007_0007_0037_0037.jpg 1 7 7 37 37
0829_0011_0018_0061_0061.jpg 1 11 18 61 61
0830_0011_0019_0041_0041.jpg 1 11 19 41 41
0831_0008_0009_0068_0068.jpg 1 8 9 68 68
0832_0004_0020_0058_0058.jpg 1 4 20 58 58
0833_0031_0012_0057_0057.jpg 1 31 12 57 57
0834_0006_0011_0050_0050.jpg 1 6 11 50 50
0835_0015_0048_0027_0027.jpg 1 15 48 27 27
0836_0046_0055_0029_0029.jpg 1 46 55 29 29
0837_0016_0036_0029_0029.jpg 1 16 36 29 29
0838_0024_0031_0058_0058.jpg 1 24 31 58 58
0839_0013_0027_0028_0028.jpg 1 13 27 28 28
0840_0023_0009_0059_0059.jpg 1 23 9 59 59
0841_0015_0041_0036_0036.jpg 1 15 41 36 36
0842_0021_0011_0058_0058.jpg 1 21 11 58 58
0843_0006_0026_0046_0046.jpg 1 6 26 46 46
0844_0012_0008_0051_0051.jpg 1 12 8 51 51
0845_0039_0037_0047_0047.jpg 1 39 37 47 47
0846_0022_0028_0062_0062.jpg 1 22 28 62 62
0847_0028_0038_0043_0043.jpg 1 28 38 43 43
0848_0025_0039_0049_0049.jpg 1 25 39 49 49
0849_0022_0030_0059_0059.jpg 1 22 30 59 59
0850_0014_0025_0068_0068.jpg 1 14 25 68 68
0851_0038_0034_0033_0033.jpg 1 38 34 33 33
0852_0040_0020_0038_0038.jpg 1 40 20 38 38
0853_0005_0004_0068_0068.jpg 1 5 4 68 68
0854_0020_0040_0028_0028.jpg 1 20 40 28 28
0855_0017_0049_0032_0032.jpg 1 17 49 32 32
0856_0028_0006_0048_0048.jpg 1 28 6 48 48
0857_0022_0031_0046_0046.jpg 1 22 31 46 46
0858_0042_0008_0032_0032.jpg 1 42 8 32 32
0859_0022_0039_0029_0029.jpg 1 22 39 29 29
0860_0017_0033_0036_0036.jpg 1 17 33 36 36
0861_0037_0034_0039_0039.jpg 1 37 34 39 39
0862_0004_0031_0056_0056.jpg 1 4 31 56 56
0863_0022_0035_0053_0053.jpg 1 22 35 53 53
0864_0026_0010_0046_0046.jpg 1 26 10 46 46
0865_0027_0032_0037_0037.jpg 1 27 32 37 37
0866_0051_0035_0032_0032.jpg 1 51 35 32 32
0867_0054_0046_0031_0031.jpg 1 54 46 31 31
0868_0023_0038_0038_0038.jpg 1 23 38 38 38
0869_0006_0036_0040_0040.jpg 1 6 36 40 40
0870_0012_0006_0062_0062.jpg 1 12 6 62 62
0871_0033_0012_0051_0051.jpg 1 33 12 51 51
0872_0020_0013_0065_0065.jpg 1 20 13 65 65
0873_0023_0033_0053_0053.jpg 1 23 33 53 53
0874_0010_0025_0062_0062.jpg 1 10 25 62 62
0875_0015_0026_0035_0035.jpg 1 15 26 35 35
0876_0007_0029_0046_0046.jpg 1 7 29 46 46
0877_0011_0025_0066_0066.jpg 1 11 25 66 66
0878_0033_0045_0031_0031.jpg 1 33 45 31 31
0879_0003_0007_0069_0069.jpg 1 3 7 69 69
0880_0009_0011_0061_0061.jpg 1 9 11 61 61
0881_0037_0056_0024_0024.jpg 1 37 56 24 24
0882_0024_0017_0056_0056.jpg 1 24 17 56 56
0883_0014_0020_0066_0066.jpg 1 14 20 66 66
0884_0011_0019_0052_0052.jpg 1 11 19 52 52
0885_0018_0018_0066_0066.jpg 1 18 18 66 66
0886_0012_0017_0067_0067.jpg 1 12 17 67 67
0887_0011_0024_0068_0068.jpg 1 11 24 68 68
0888_0026_0019_0027_0027.jpg 1 26 19 27 27
0889_0042_0048_0037_0037.jpg 1 42 48 37 37
0890_0010_0051_0025_0025.jpg 1 10 51 25 25
0891_0006_0007_0069_0069.jpg 1 6 7 69 69
0892_0033_0026_0037_0037.jpg 1 33 26 37 37
0893_0007_0018_0068_0068.jpg 1 7 18 68 68
0894_0018_0039_0040_0040.jpg 1 18 39 40 40
0895_0013_0029_0059_0059.jpg 1 13 29 59 59
0896_0006_0036_0048_0048.jpg 1 6 36 48 48
0897_0047_0012_0034_0034.jpg 1 47 12 34 34
0898_0033_0042_0041_0041.jpg 1 33 42 41 41
0899_0025_0019_0037_0037.jpg 1 25 19 37 37
0900_0032_0026_0032_0032.jpg 1 32 26 32 32
0901_0016_0014_0053_0053.jpg 1 16 14 53 53
0902_0043_0019_0044_0044.jpg 1 43 19 44 44
0903_0050_0014_0033_0033.jpg 1 50 14 33 33
0904_0019_0038_0039_0039.jpg 1 19 38 39 39
0905_0034_0016_0045_0045.jpg 1 34 16 45 45
0906_0015_0020_0059_0059.jpg 1 15 20 59 59
0907_0025_0047_0038_0038.jpg 1 25 47 38 38
0908_0006_0011_0065_0065.jpg 1 6 11 65 65
0909_0022_0021_0047_0047.jpg 1 22 21 47 47
0910_0014_0023_0026_0026.jpg 1 14 23 26 26
0911_0047_0025_0029_0029.jpg 1 47 25 29 29
0912_0027_0026_0048_0048.jpg 1 27 26 48 48
0913_0017_0017_0067_0067.jpg 1 17 17 67 67
0914_0044_0017_0034_0034.jpg 1 44 17 34 34
0915_0021_0026_0063_0063.jpg 1 21 26 63 63
0916_0051_0041_0030_0030.jpg 1 51 41 30 30
0917_0021_0010_0049_0049.jpg 1 21 10 49 49
0918_0028_0028_0059_0059.jpg 1 28 28 59 59
0919_0055_0055_0029_0029.jpg 1 55 55 29 29
0920_0023_0026_0044_0044.jpg 1 23 26 44 44
0921_0031_0028_0050_0050.jpg 1 31 28 50 50
0922_0046_0008_0029_0029.jpg 1 46 8 29 29
0923_0008_0017_0060_0060.jpg 1 8 17 60 60
0924_0005_0014_0064_0064.jpg 1 5 14 64 64
0925_0014_0009_0036_0036.jpg 1 14 9 36 36
0926_0012_0012_0024_0024.jpg 1 12 12 24 24
0927_0010_0021_0066_0066.jpg 1 10 21 66 66
0928_0027_0007_0050_0050.jpg 1 27 7 50 50
0929_0024_0025_0067_0067.jpg 1 24 25 67 67
0930_0026_0014_0066_0066.jpg 1 26 14 66 66
0931_0039_0017_0038_0038.jpg 1 39 17 38 38
0932_0008_0011_0069_0069.jpg 1 8 11 69 69
0933_0009_0018_0048_0048.jpg 1 9 18 48 48
0934_0010_0035_0030_0030.jpg 1 10 35 30 30
0935_0038_0049_0028_0028.jpg 1 38 49 28 28
0936_0031_0013_0046_0046.jpg 1 31 13 46 46
0937_0015_0019_0052_0052.jpg 1 15 19 52 52
0938_0021_0016_0041_0041.jpg 1 21 16 41 41
0939_0008_0009_0068_0068.jpg 1 8 9 68 68
0940_0044_0042_0038_0038.jpg 1 44 42 38 38
0941_0015_0024_0068_0068.jpg 1 15 24 68 68
0942_0018_0012_0049_0049.jpg 1 18 12 49 49
0943_0052_0026_0032_0032.jpg 1 52 26 32 32
0944_0006_0028_0044_0044.jpg 1 6 28 44 44
0945_0037_0030_0040_0040.jpg 1 37 30 40 40
0946_0020_0028_0046_0046.jpg 1 20 28 46 46
0947_0016_0022_0053_0053.jpg 1 16 22 53 53
0948_0005_0013_0057_0057.jpg 1 5 13 57 57
0949_0022_0024_0058_0058.jpg 1 22 24 58 58
0950_0037_0031_0053_0053.jpg 1 37 31 53 53
0951_0022_0038_0037_0037.jpg 1 22 38 37 37
0952_0009_0010_0068_0068.jpg 1 9 10 68 68
0953_0046_0043_0031_0031.jpg 1 46 43 31 31
0954_0038_0026_0038_0038.jpg 1 38 26 38 38
0955_0028_0039_0044_0044.jpg 1 28 39 44 44
0956_0045_0024_0043_0043.jpg 1 45 24 43 43
0957_0011_0009_0068_0068.jpg 1 11 9 68 68
0958_0018_0054_0025_0025.jpg 1 18 54 25 25
0959_0018_0041_0036_0036.jpg 1 18 41 36 36
0960_0008_0020_0062_0062.jpg 1 8 20 62 62
0961_0049_0041_0030_0030.jpg 1 49 41 30 30
0962_0021_0014_0066_0066.jpg 1 21 14 66 66
0963_0034_0017_0044_0044.jpg 1 34 17 44 44
0964_0038_0025_0040_0040.jpg 1 38 25 40 40
0965_0045_0022_0025_0025.jpg 1 45 22 25 25
0966_0048_0032_0025_0025.jpg 1 48 32 25 25
0967_0020_0017_0049_0049.jpg 1 20 17 49 49
0968_0003_0013_0066_0066.jpg 1 3 13 66 66
0969_0058_0057_0025_0025.jpg 1 58 57 25 25
0970_0009_0013_0061_0061.jpg 1 9 13 61 61
0971_0033_0013_0054_0054.jpg 1 33 13 54 54
0972_0010_0031_0056_0056.jpg 1 10 31 56 56
0973_0007_0020_0062_0062.jpg 1 7 20 62 62
0974_0004_0017_0067_0067.jpg 1 4 17 67 67
0975_0021_0012_0046_0046.jpg 1 21 12 46 46
0976_0018_0022_0047_0047.jpg 1 18 22 47 47
0977_0027_0014_0060_0060.jpg 1 27 14 60 60
0978_0044_0056_0027_0027.jpg 1 44 56 27 27
0979_0015_0015_0052_0052.jpg 1 15 15 52 52
0980_0026_0052_0031_0031.jpg 1 26 52 31 31
0981_0025_0023_0052_0052.jpg 1 25 23 52 52
0982_0040_0013_0038_0038.jpg 1 40 13 38 38
0983_0027_0006_0053_0053.jpg 1 27 6 53 53
0984_0041_0022_0038_0038.jpg 1 41 22 38 38
0985_0028_0020_0046_0046.jpg 1 28 20 46 46
0986_0031_0031_0058_0058.jpg 1 31 31 58 58
0987_0018_0012_0028_0028.jpg 1 18 12 28 28
0988_0024_0024_0058_0058.jpg 1 24 24 58 58
0989_0013_0028_0043_0043.jpg 1 13 28 43 43
0990_0032_0026_0040_0040.jpg 1 32 26 40 40
0991_0011_0017_0049_0049.jpg 1 11 17 49 49
0992_0045_0047_0033_0033.jpg 1 45 47 33 33
0993_0035_0028_0028_0028.jpg 1 35 28 28 28
0994_0031_0012_0034_0034.jpg 1 31 12 34 34
0995_0018_0015_0048_0048.jpg 1 18 15 48 48
0996_0022_0033_0024_0024.jpg 1 22 33 24 24
0997_0021_0022_0066_0066.jpg 1 21 22 66 66
0998_0014_0017_0057_0057.jpg 1 14 17 57 57
0999_0029_0007_0058_0058.jpg 1 29 7 58 58
1000_0023_0019_0062_0062.jpg 1 23 19 62 62
1001_0014_0024_0047_0047.jpg 1 14 24 47 47
1002_0014_0031_0053_0053.jpg 1 14 31 53 53
1003_0009_0023_0050_0050.jpg 1 9 23 50 50
1004_0046_0051_0029_0029.jpg 1 46 51 29 29
1005_0029_0034_0044_0044.jpg 1 29 34 44 44
1006_0049_0026_0035_0035.jpg 1 49 26 35 35
1007_0004_0012_0058_0058.jpg 1 4 12 58 58
1008_0047_0043_0037_0037.jpg 1 47 43 37 37
1009_0010_0022_0035_0035.jpg 1 10 22 35 35
1010_0010_0033_0046_0046.jpg 1 10 33 46 46
1011_0041_0018_0038_0038.jpg 1 41 18 38 38
1012_0011_0023_0066_0066.jpg 1 11 23 66 66
1013_0010_0022_0028_0028.jpg 1 10 22 28 28
1014_0030_0042_0035_0035.jpg 1 30 42 35 35
1015_0013_0008_0058_0058.jpg 1 13 8 58 58
1016_0012_0052_0024_0024.jpg 1 12 52 24 24
1017_0035_0009_0053_0053.jpg 1 35 9 53 53
1018_0043_0010_0034_0034.jpg 1 43 10 34 34
1019_0030_0006_0042_0042.jpg 1 30 6 42 42
1020_0024_0021_0050_0050.jpg 1 24 21 50 50
1021_0011_0021_0047_0047.jpg 1 11 21 47 47
1022_0047_0018_0038_0038.jpg 1 47 18 38 38
1023_0032_0009_0058_0058.jpg 1 32 9 58 58
1024_0027_0030_0040_0040.jpg 1 27 30 40 40
1025_0031_0018_0059_0059.jpg 1 31 18 59 59
1026_0016_0038_0038_0038.jpg 1 16 38 38 38
1027_0017_0030_0050_0050.jpg 1 17 30 50 50
1028_0013_0027_0050_0050.jpg 1 13 27 50 50
1029_0012_0041_0033_0033.jpg 1 12 41 33 33
1030_0028_0023_0032_0032.jpg 1 28 23 32 32
1031_0012_0008_0049_0049.jpg 1 12 8 49 49
1032_0029_0026_0055_0055.jpg 1 29 26 55 55
1033_0004_0025_0061_0061.jpg 1 4 25 61 61
1034_0011_0033_0042_0042.jpg 1 11 33 42 42
1035_0025_0013_0038_0038.jpg 1 25 13 38 38
1036_0032_0017_0054_0054.jpg 1 32 17 54 54
1037_0007_0022_0067_0067.jpg 1 7 22 67 67
1038_0026_0017_0054_0054.jpg 1 26 17 54 54
1039_0023_0012_0041_0041.jpg 1 23 12 41 41
1040_0034_0022_0025_0025.jpg 1 34 22 25 25
1041_0024_0027_0042_0042.jpg 1 24 27 42 42
1042_0026_0023_0055_0055.jpg 1 26 23 55 55
1043_0047_0034_0039_0039.jpg 1 47 34 39 39
1044_0039_0042_0037_0037.jpg 1 39 42 37 37
1045_0017_0017_0057_0057.jpg 1 17 17 57 57
1046_0009_0019_0066_0066.jpg 1 9 19 66 66
1047_0035_0044_0029_0029.jpg 1 35 44 29 29
1048_0022_0004_0055_0055.jpg 1 22 4 55 55
1049_0013_0005_0066_0066.jpg 1 13 5 66 66
1050_0008_0023_0024_0024.jpg 1 8 23 24 24
1051_0035_0022_0033_0033.jpg 1 35 22 33 33
1052_0039_0014_0047_0047.jpg 1 39 14 47 47
1053_0005_0005_0059_0059.jpg 1 5 5 59 59
1054_0016_0028_0064_0064.jpg 1 16 28 64 64
1055_0014_0016_0058_0058.jpg 1 14 16 58 58
1056_0005_0015_0051_0051.jpg 1 5 15 51 51
1057_0004_0026_0066_0066.jpg 1 4 26 66 66
1058_0017_0017_0024_0024.jpg 1 17 17 24 24
1059_0035_0017_0024_0024.jpg 1 35 17 24 24
1060_0008_0025_0056_0056.jpg 1 8 25 56 56
1061_0041_0012_0040_0040.jpg 1 41 12 40 40
1062_0016_0017_0060_0060.jpg 1 16 17 60 60
1063_0022_0013_0028_0028.jpg 1 22 13 28 28
1064_0048_0042_0033_0033.jpg 1 48 42 33 33
1065_0015_0038_0032_0032.jpg 1 15 38 32 32
1066_0015_0011_0063_0063.jpg 1 15 11 63 63
1067_0030_0028_0029_0029.jpg 1 30 28 29 29
1068_0021_0019_0042_0042.jpg 1 21 19 42 42
1069_0018_0007_0053_0053.jpg 1 18 7 53 53
1070_0008_0006_0058_0058.jpg 1 8 6 58 58
1071_0010_0023_0068_0068.jpg 1 10 23 68 68
1072_0034_0017_0039_0039.jpg 1 34 17 39 39
1073_0020_0032_0057_0057.jpg 1 20 32 57 57
1074_0021_0012_0066_0066.jpg 1 21 12 66 66
1075_0014_0044_0044_0044.jpg 1 14 44 44 44
1076_0014_0012_0049_0049.jpg 1 14 12 49 49
1077_0015_0028_0041_0041.jpg 1 15 28 41 41
1078_0044_0013_0036_0036.jpg 1 44 13 36 36
1079_0013_0008_0032_0032.jpg 1 13 8 32 32
1080_0018_0006_0062_0062.jpg 1 18 6 62 62
1081_0025_0024_0066_0066.jpg 1 25 24 66 66
1082_0013_0013_0060_0060.jpg 1 13 13 60 60
1083_0006_0033_0058_0058.jpg 1 6 33 58 58
1084_0018_0007_0034_0034.jpg 1 18 7 34 34
1085_0017_0016_0028_0028.jpg 1 17 16 28 28
1086_0029_0006_0062_0062.jpg 1 29 6 62 62
1087_0026_0038_0050_0050.jpg 1 26 38 50 50
1088_0038_0045_0033_0033.jpg 1 38 45 33 33
1089_0010_0023_0056_0056.jpg 1 10 23 56 56
1090_0027_0023_0029_0029.jpg 1 27 23 29 29
1091_0045_0021_0026_0026.jpg 1 45 21 26 26
1092_0056_0007_0024_0024.jpg 1 56 7 24 24
1093_0015_0040_0024_0024.jpg 1 15 40 24 24
1094_0029_0023_0052_0052.jpg 1 29 23 52 52
1095_0033_0024_0044_0044.jpg 1 33 24 44 44
1096_0024_0004_0069_0069.jpg 1 24 4 69 69
1097_0025_0029_0055_0055.jpg 1 25 29 55 55
1098_0008_0022_0060_0060.jpg 1 8 22 60 60
1099_0034_0020_0046_0046.jpg 1 34 20 46 46
1100_0034_0031_0043_0043.jpg 1 34 31 43 43
1101_0021_0041_0044_0044.jpg 1 21 41 44 44
1102_0030_0005_0047_0047.jpg 1 30 5 47 47
1103_0030_0036_0050_0050.jpg 1 30 36 50 50
1104_0033_0031_0050_0050.jpg 1 33 31 50 50
1105_0029_0030_0050_0050.jpg 1 29 30 50 50
1106_0016_0035_0036_0036.jpg 1 16 35 36 36
1107_0055_0055_0030_0030.jpg 1 55 55 30 30
1108_0031_0012_0050_0050.jpg 1 31 12 50 50
1109_0003_0008_0066_0066.jpg 1 3 8 66 66
1110_0005_0034_0044_0044.jpg 1 5 34 44 44
1111_0030_0026_0061_0061.jpg 1 30 26 61 61
1112_0020_0045_0030_0030.jpg 1 20 45 30 30
1113_0025_0054_0025_0025.jpg 1 25 54 25 25
1114_0010_0017_0039_0039.jpg 1 10 17 39 39
1115_0032_0022_0044_0044.jpg 1 32 22 44 44
1116_0003_0020_0067_0067.jpg 1 3 20 67 67
1117_0038_0036_0044_0044.jpg 1 38 36 44 44
1118_0030_0012_0048_0048.jpg 1 30 12 48 48
1119_0012_0028_0040_0040.jpg 1 12 28 40 40
1120_0011_0037_0050_0050.jpg 1 11 37 50 50
1121_0023_0031_0045_0045.jpg 1 23 31 45 45
1122_0010_0021_0057_0057.jpg 1 10 21 57 57
1123_0020_0020_0068_0068.jpg 1 20 20 68 68
1124_0051_0048_0034_0034.jpg 1 51 48 34 34
1125_0015_0045_0040_0040.jpg 1 15 45 40 40
1126_0020_0016_0069_0069.jpg 1 20 16 69 69
1127_0017_0008_0066_0066.jpg 1 17 8 66 66
1128_0013_0011_0038_0038.jpg 1 13 11 38 38
1129_0017_0027_0049_0049.jpg 1 17 27 49 49
1130_0015_0026_0051_0051.jpg 1 15 26 51 51
1131_0049_0028_0032_0032.jpg 1 49 28 32 32
1132_0036_0010_0054_0054.jpg 1 36 10 54 54
1133_0048_0017_0033_0033.jpg 1 48 17 33 33
1134_0031_0005_0059_0059.jpg 1 31 5 59 59
1135_0029_0027_0025_0025.jpg 1 29 27 25 25
1136_0013_0023_0036_0036.jpg 1 13 23 36 36
1137_0009_0015_0063_0063.jpg 1 9 15 63 63
1138_0025_0007_0055_0055.jpg 1 25 7 55 55
1139_0009_0017_0069_0069.jpg 1 9 17 69 69
1140_0026_0023_0058_0058.jpg 1 26 23 58 58
1141_0013_0042_0025_0025.jpg 1 13 42 25 25
1142_0026_0008_0048_0048.jpg 1 26 8 48 48
1143_0026_0026_0066_0066.jpg 1 26 26 66 66
1144_0016_0020_0046_0046.jpg 1 16 20 46 46
1145_0024_0005_0052_0052.jpg 1 24 5 52 52
1146_0037_0059_0024_0024.jpg 1 37 59 24 24
1147_0003_0023_0068_0068.jpg 1 3 23 68 68
1148_0044_0018_0040_0040.jpg 1 44 18 40 40
1149_0021_0009_0035_0035.jpg 1 21 9 35 35
1150_0033_0022_0056_0056.jpg 1 33 22 56 56
1151_0033_0035_0054_0054.jpg 1 33 35 54 54
1152_0007_0039_0047_0047.jpg 1 7 39 47 47
1153_0017_0004_0067_0067.jpg 1 17 4 67 67
1154_0025_0039_0027_0027.jpg 1 25 39 27 27
1155_0040_0034_0036_0036.jpg 1 40 34 36 36
1156_0005_0025_0065_0065.jpg 1 5 25 65 65
1157_0029_0023_0043_0043.jpg 1 29 23 43 43
1158_0010_0008_0032_0032.jpg 1 10 8 32 32
1159_0034_0022_0055_0055.jpg 1 34 22 55 55
1160_0009_0022_0050_0050.jpg 1 9 22 50 50
1161_0012_0051_0030_0030.jpg 1 12 51 30 30
1162_0023_0039_0027_0027.jpg 1 23 39 27 27
1163_0012_0019_0050_0050.jpg 1 12 19 50 50
1164_0034_0010_0045_0045.jpg 1 34 10 45 45
1165_0014_0031_0025_0025.jpg 1 14 31 25 25
1166_0008_0033_0056_0056.jpg 1 8 33 56 56
1167_0034_0025_0042_0042.jpg 1 34 25 42 42
1168_0018_0016_0055_0055.jpg 1 18 16 55 55
1169_0012_0005_0062_0062.jpg 1 12 5 62 62
1170_0017_0052_0030_0030.jpg 1 17 52 30 30
1171_0011_0022_0062_0062.jpg 1 11 22 62 62
1172_0023_0034_0056_0056.jpg 1 23 34 56 56
1173_0012_0018_0033_0033.jpg 1 12 18 33 33
1174_0038_0056_0028_0028.jpg 1 38 56 28 28
1175_0010_0043_0038_0038.jpg 1 10 43 38 38
1176_0009_0013_0040_0040.jpg 1 9 13 40 40
1177_0009_0022_0050_0050.jpg 1 9 22 50 50
1178_0037_0014_0050_0050.jpg 1 37 14 50 50
1179_0004_0007_0059_0059.jpg 1 4 7 59 59
1180_0029_0014_0063_0063.jpg 1 29 14 63 63
1181_0032_0015_0055_0055.jpg 1 32 15 55 55
1182_0011_0013_0031_0031.jpg 1 11 13 31 31
1183_0044_0053_0025_0025.jpg 1 44 53 25 25
1184_0026_0013_0044_0044.jpg 1 26 13 44 44
1185_0045_0036_0040_0040.jpg 1 45 36 40 40
1186_0017_0019_0062_0062.jpg 1 17 19 62 62
1187_0008_0015_0046_0046.jpg 1 8 15 46 46
1188_0012_0037_0051_0051.jpg 1 12 37 51 51
1189_0018_0020_0060_0060.jpg 1 18 20 60 60
1190_0043_0049_0026_0026.jpg 1 43 49 26 26
1191_0010_0052_0027_0027.jpg 1 10 52 27 27
1192_0021_0008_0036_0036.jpg 1 21 8 36 36
1193_0022_0023_0031_0031.jpg 1 22 23 31 31
1194_0033_0008_0053_0053.jpg 1 33 8 53 53
1195_0026_0047_0039_0039.jpg 1 26 47 39 39
1196_0008_0030_0026_0026.jpg 1 8 30 26 26
1197_0006_0025_0058_0058.jpg 1 6 25 58 58
1198_0037_0031_0025_0025.jpg 1 37 31 25 25
1199_0019_0020_0026_0026.jpg 1 19 20 26 26
1200_0046_0017_0025_0025.jpg 1 46 17 25 25
1201_0013_0012_0068_0068.jpg 1 13 12 68 68
1202_0027_0031_0028_0028.jpg 1 27 31 28 28
1203_0014_0018_0054_0054.jpg 1 14 18 54 54
1204_0022_0011_0066_0066.jpg 1 22 11 66 66
1205_0044_0033_0024_0024.jpg 1 44 33 24 24
1206_0013_0005_0062_0062.jpg 1 13 5 62 62
1207_0017_0015_0066_0066.jpg 1 17 15 66 66
1208_0026_0016_0062_0062.jpg 1 26 16 62 62
1209_0011_0011_0059_0059.jpg 1 11 11 59 59
1210_0017_0013_0030_0030.jpg 1 17 13 30 30
1211_0040_0014_0024_0024.jpg 1 40 14 24 24
1212_0029_0029_0062_0062.jpg 1 29 29 62 62
1213_0016_0022_0065_0065.jpg 1 16 22 65 65
1214_0027_0010_0061_0061.jpg 1 27 10 61 61
1215_0034_0039_0031_0031.jpg 1 34 39 31 31
1216_0029_0032_0051_0051.jpg 1 29 32 51 51
1217_0042_0033_0042_0042.jpg 1 42 33 42 42
1218_0015_0022_0060_0060.jpg 1 15 22 60 60
1219_0020_0012_0052_0052.jpg 1 20 12 52 52
1220_0019_0017_0059_0059.jpg 1 19 17 59 59
1221_0027_0012_0058_0058.jpg 1 27 12 58 58
1222_0012_0025_0063_0063.jpg 1 12 25 63 63
1223_0013_0012_0064_0064.jpg 1 13 12 64 64
1224_0035_0012_0037_0037.jpg 1 35 12 37 37
1225_0009_0018_0062_0062.jpg 1 9 18 62 62
1226_0004_0017_0065_0065.jpg 1 4 17 65 65
1227_0008_0032_0048_0048.jpg 1 8 32 48 48
1228_0036_0027_0033_0033.jpg 1 36 27 33 33
1229_0019_0044_0035_0035.jpg 1 19 44 35 35
1230_0037_0010_0045_0045.jpg 1 37 10 45 45
1231_0006_0005_0057_0057.jpg 1 6 5 57 57
1232_0012_0011_0068_0068.jpg 1 12 11 68 68
1233_0006_0025_0068_0068.jpg 1 6 25 68 68
1234_0039_0037_0033_0033.jpg 1 39 37 33 33
1235_0041_0010_0025_0025.jpg 1 41 10 25 25
1236_0010_0017_0044_0044.jpg 1 10 17 44 44
1237_0009_0021_0040_0040.jpg 1 9 21 40 40
1238_0008_0056_0025_0025.jpg 1 8 56 25 25
1239_0039_0051_0035_0035.jpg 1 39 51 35 35
1240_0015_0019_0064_0064.jpg 1 15 19 64 64
1241_0055_0035_0027_0027.jpg 1 55 35 27 27
1242_0010_0020_0050_0050.jpg 1 10 20 50 50
1243_0025_0047_0038_0038.jpg 1 25 47 38 38
1244_0005_0023_0052_0052.jpg 1 5 23 52 52
1245_0034_0005_0049_0049.jpg 1 34 5 49 49
1246_0015_0019_0040_0040.jpg 1 15 19 40 40
1247_0007_0008_0066_0066.jpg 1 7 8 66 66
1248_0013_0008_0054_0054.jpg 1 13 8 54 54
1249_0007_0024_0045_0045.jpg 1 7 24 45 45
1250_0004_0013_0065_0065.jpg 1 4 13 65 65
1251_0036_0018_0037_0037.jpg 1 36 18 37 37
1252_0026_0010_0056_0056.jpg 1 26 10 56 56
1253_0005_0025_0059_0059.jpg 1 5 25 59 59
1254_0031_0009_0035_0035.jpg 1 31 9 35 35
1255_0009_0048_0039_0039.jpg 1 9 48 39 39
1256_0031_0010_0053_0053.jpg 1 31 10 53 53
1257_0012_0056_0026_0026.jpg 1 12 56 26 26
1258_0023_0010_0061_0061.jpg 1 23 10 61 61
1259_0018_0011_0028_0028.jpg 1 18 11 28 28
1260_0048_0037_0037_0037.jpg 1 48 37 37 37
1261_0008_0025_0055_0055.jpg 1 8 25 55 55
1262_0015_0004_0061_0061.jpg 1 15 4 61 61
1263_0019_0021_0060_0060.jpg 1 19 21 60 60
1264_0020_0013_0068_0068.jpg 1 20 13 68 68
1265_0043_0042_0024_0024.jpg 1 43 42 24 24
1266_0023_0028_0029_0029.jpg 1 23 28 29 29
1267_0014_0038_0039_0039.jpg 1 14 38 39 39
1268_0039_0047_0034_0034.jpg 1 39 47 34 34
1269_0010_0035_0044_0044.jpg 1 10 35 44 44
1270_0034_0052_0029_0029.jpg 1 34 52 29 29
1271_0011_0045_0024_0024.jpg 1 11 45 24 24
1272_0008_0022_0058_0058.jpg 1 8 22 58 58
1273_0026_0028_0057_0057.jpg 1 26 28 57 57
1274_0012_0045_0032_0032.jpg 1 12 45 32 32
1275_0034_0036_0047_0047.jpg 1 34 36 47 47
1276_0025_0014_0053_0053.jpg 1 25 14 53 53
1277_0025_0003_0064_0064.jpg 1 25 3 64 64
1278_0048_0045_0028_0028.jpg 1 48 45 28 28
1279_0053_0045_0033_0033.jpg 1 53 45 33 33
1280_0027_0008_0066_0066.jpg 1 27 8 66 66
1281_0006_0007_0067_0067.jpg 1 6 7 67 67
1282_0019_0021_0057_0057.jpg 1 19 21 57 57
1283_0039_0015_0037_0037.jpg 1 39 15 37 37
1284_0015_0023_0051_0051.jpg 1 15 23 51 51
1285_0009_0014_0057_0057.jpg 1 9 14 57 57
1286_0030_0018_0037_0037.jpg 1 30 18 37 37
1287_0013_0035_0049_0049.jpg 1 13 35 49 49
1288_0040_0015_0026_0026.jpg 1 40 15 26 26
1289_0041_0005_0048_0048.jpg 1 41 5 48 48
1290_0055_0030_0026_0026.jpg 1 55 30 26 26
1291_0007_0018_0062_0062.jpg 1 7 18 62 62
1292_0022_0020_0056_0056.jpg 1 22 20 56 56
1293_0020_0047_0037_0037.jpg 1 20 47 37 37
1294_0023_0031_0042_0042.jpg 1 23 31 42 42
1295_0026_0009_0050_0050.jpg 1 26 9 50 50
1296_0045_0031_0040_0040.jpg 1 45 31 40 40
1297_0016_0020_0052_0052.jpg 1 16 20 52 52
1298_0040_0013_0031_0031.jpg 1 40 13 31 31
1299_0018_0036_0047_0047.jpg 1 18 36 47 47
1300_0042_0011_0031_0031.jpg 1 42 11 31 31
1301_0015_0016_0046_0046.jpg 1 15 16 46 46
1302_0004_0027_0052_0052.jpg 1 4 27 52 52
1303_0026_0043_0043_0043.jpg 1 26 43 43 43
1304_0007_0027_0062_0062.jpg 1 7 27 62 62
1305_0035_0028_0052_0052.jpg 1 35 28 52 52
1306_0030_0008_0031_0031.jpg 1 30 8 31 31
1307_0031_0010_0048_0048.jpg 1 31 10 48 48
1308_0029_0032_0055_0055.jpg 1 29 32 55 55
1309_0015_0010_0048_0048.jpg 1 15 10 48 48
1310_0020_0024_0024_0024.jpg 1 20 24 24 24
1311_0023_0053_0032_0032.jpg 1 23 53 32 32
1312_0029_0011_0054_0054.jpg 1 29 11 54 54
1313_0007_0030_0050_0050.jpg 1 7 30 50 50
1314_0040_0039_0040_0040.jpg 1 40 39 40 40
1315_0032_0004_0053_0053.jpg 1 32 4 53 53
1316_0044_0034_0035_0035.jpg 1 44 34 35 35
1317_0033_0019_0052_0052.jpg 1 33 19 52 52
1318_0035_0006_0052_0052.jpg 1 35 6 52 52
1319_0038_0024_0050_0050.jpg 1 38 24 50 50
1320_0035_0045_0030_0030.jpg 1 35 45 30 30
1321_0024_0018_0065_0065.jpg 1 24 18 65 65
1322_0015_0023_0064_0064.jpg 1 15 23 64 64
1323_0034_0029_0047_0047.jpg 1 34 29 47 47
1324_0014_0034_0048_0048.jpg 1 14 34 48 48
1325_0041_0022_0041_0041.jpg 1 41 22 41 41
1326_0009_0025_0041_0041.jpg 1 9 25 41 41
1327_0051_0055_0026_0026.jpg 1 51 55 26 26
1328_0028_0021_0060_0060.jpg 1 28 21 60 60
1329_0053_0034_0031_0031.jpg 1 53 34 31 31
1330_0027_0018_0036_0036.jpg 1 27 18 36 36
1331_0026_0018_0055_0055.jpg 1 26 18 55 55
1332_0011_0023_0051_0051.jpg 1 11 23 51 51
1333_0019_0018_0055_0055.jpg 1 19 18 55 55
1334_0008_0034_0050_0050.jpg 1 8 34 50 50
1335_0020_0012_0060_0060.jpg 1 20 12 60 60
1336_0012_0022_0061_0061.jpg 1 12 22 61 61
1337_0024_0032_0059_0059.jpg 1 24 32 59 59
1338_0038_0018_0037_0037.jpg 1 38 18 37 37
1339_0023_0018_0060_0060.jpg 1 23 18 60 60
1340_0023_0008_0065_0065.jpg 1 23 8 65 65
1341_0005_0034_0049_0049.jpg 1 5 34 49 49
1342_0018_0021_0035_0035.jpg 1 18 21 35 35
1343_0022_0028_0047_0047.jpg 1 22 28 47 47
1344_0041_0042_0043_0043.jpg 1 41 42 43 43
1345_0011_0021_0043_0043.jpg 1 11 21 43 43
1346_0020_0040_0037_0037.jpg 1 20 40 37 37
1347_0050_0008_0030_0030.jpg 1 50 8 30 30
1348_0020_0013_0066_0066.jpg 1 20 13 66 66
1349_0016_0018_0047_0047.jpg 1 16 18 47 47
1350_0014_0011_0044_0044.jpg 1 14 11 44 44
1351_0031_0010_0036_0036.jpg 1 31 10 36 36
1352_0027_0014_0026_0026.jpg 1 27 14 26 26
1353_0025_0014_0068_0068.jpg 1 25 14 68 68
1354_0007_0027_0061_0061.jpg 1 7 27 61 61
1355_0030_0014_0029_0029.jpg 1 30 14 29 29
1356_0015_0009_0065_0065.jpg 1 15 9 65 65
1357_0018_0013_0064_0064.jpg 1 18 13 64 64
1358_0010_0024_0054_0054.jpg 1 10 24 54 54
1359_0010_0005_0064_0064.jpg 1 10 5 64 64
1360_0027_0019_0063_0063.jpg 1 27 19 63 63
1361_0017_0019_0036_0036.jpg 1 17 19 36 36
1362_0038_0034_0030_0030.jpg 1 38 34 30 30
1363_0006_0019_0046_0046.jpg 1 6 19 46 46
1364_0016_0007_0066_0066.jpg 1 16 7 66 66
1365_0033_0021_0042_0042.jpg 1 33 21 42 42
1366_0039_0035_0045_0045.jpg 1 39 35 45 45
1367_0042_0045_0033_0033.jpg 1 42 45 33 33
1368_0051_0042_0034_0034.jpg 1 51 42 34 34
1369_0024_0014_0031_0031.jpg 1 24 14 31 31
1370_0021_0012_0029_0029.jpg 1 21 12 29 29
1371_0016_0017_0035_0035.jpg 1 16 17 35 35
1372_0025_0016_0052_0052.jpg 1 25 16 52 52
1373_0011_0009_0042_0042.jpg 1 11 9 42 42
1374_0028_0027_0029_0029.jpg 1 28 27 29 29
1375_0037_0022_0051_0051.jpg 1 37 22 51 51
1376_0017_0006_0061_0061.jpg 1 17 6 61 61
1377_0037_0035_0041_0041.jpg 1 37 35 41 41
1378_0032_0007_0057_0057.jpg 1 32 7 57 57
1379_0024_0019_0044_0044.jpg 1 24 19 44 44
1380_0017_0022_0062_0062.jpg 1 17 22 62 62
1381_0016_0022_0068_0068.jpg 1 16 22 68 68
1382_0006_0025_0053_0053.jpg 1 6 25 53 53
1383_0021_0043_0034_0034.jpg 1 21 43 34 34
1384_0020_0022_0068_0068.jpg 1 20 22 68 68
1385_0035_0028_0029_0029.jpg 1 35 28 29 29
1386_0029_0047_0024_0024.jpg 1 29 47 24 24
1387_0007_0016_0057_0057.jpg 1 7 16 57 57
1388_0006_0011_0058_0058.jpg 1 6 11 58 58
1389_0025_0028_0042_0042.jpg 1 25 28 42 42
1390_0029_0048_0024_0024.jpg 1 29 48 24 24
1391_0013_0016_0061_0061.jpg 1 13 16 61 61
1392_0018_0026_0065_0065.jpg 1 18 26 65 65
1393_0027_0019_0057_0057.jpg 1 27 19 57 57
1394_0015_0020_0064_0064.jpg 1 15 20 64 64
1395_0020_0011_0067_0067.jpg 1 20 11 67 67
1396_0023_0023_0032_0032.jpg 1 23 23 32 32
1397_0014_0037_0029_0029.jpg 1 14 37 29 29
1398_0016_0012_0039_0039.jpg 1 16 12 39 39
1399_0008_0009_0032_0032.jpg 1 8 9 32 32
1400_0012_0015_0066_0066.jpg 1 12 15 66 66
1401_0019_0030_0058_0058.jpg 1 19 30 58 58
1402_0040_0018_0024_0024.jpg 1 40 18 24 24
1403_0024_0009_0060_0060.jpg 1 24 9 60 60
1404_0025_0005_0060_0060.jpg 1 25 5 60 60
1405_0017_0015_0057_0057.jpg 1 17 15 57 57
1406_0025_0016_0037_0037.jpg 1 25 16 37 37
1407_0024_0044_0039_0039.jpg 1 24 44 39 39
1408_0039_0038_0045_0045.jpg 1 39 38 45 45
1409_0033_0030_0044_0044.jpg 1 33 30 44 44
1410_0046_0021_0037_0037.jpg 1 46 21 37 37
1411_0038_0009_0037_0037.jpg 1 38 9 37 37
1412_0014_0017_0040_0040.jpg 1 14 17 40 40
1413_0021_0044_0044_0044.jpg 1 21 44 44 44
1414_0034_0031_0039_0039.jpg 1 34 31 39 39
1415_0033_0020_0045_0045.jpg 1 33 20 45 45
1416_0008_0023_0051_0051.jpg 1 8 23 51 51
1417_0029_0041_0048_0048.jpg 1 29 41 48 48
1418_0010_0015_0064_0064.jpg 1 10 15 64 64
1419_0005_0027_0064_0064.jpg 1 5 27 64 64
1420_0010_0044_0030_0030.jpg 1 10 44 30 30
1421_0012_0024_0039_0039.jpg 1 12 24 39 39
1422_0016_0021_0053_0053.jpg 1 16 21 53 53
1423_0019_0058_0027_0027.jpg 1 19 58 27 27
1424_0024_0004_0069_0069.jpg 1 24 4 69 69
1425_0033_0010_0040_0040.jpg 1 33 10 40 40
1426_0022_0024_0059_0059.jpg 1 22 24 59 59
1427_0047_0024_0037_0037.jpg 1 47 24 37 37
1428_0012_0026_0066_0066.jpg 1 12 26 66 66
1429_0008_0018_0062_0062.jpg 1 8 18 62 62
1430_0040_0055_0030_0030.jpg 1 40 55 30 30
1431_0049_0055_0029_0029.jpg 1 49 55 29 29
1432_0044_0052_0028_0028.jpg 1 44 52 28 28
1433_0020_0006_0043_0043.jpg 1 20 6 43 43
1434_0009_0021_0062_0062.jpg 1 9 21 62 62
1435_0027_0056_0028_0028.jpg 1 27 56 28 28
1436_0033_0019_0048_0048.jpg 1 33 19 48 48
1437_0012_0011_0044_0044.jpg 1 12 11 44 44
1438_0018_0014_0064_0064.jpg 1 18 14 64 64
1439_0008_0024_0061_0061.jpg 1 8 24 61 61
1440_0028_0008_0060_0060.jpg 1 28 8 60 60
1441_0004_0027_0062_0062.jpg 1 4 27 62 62
1442_0005_0034_0050_0050.jpg 1 5 34 50 50
1443_0026_0033_0040_0040.jpg 1 26 33 40 40
1444_0043_0039_0039_0039.jpg 1 43 39 39 39
1445_0029_0023_0049_0049.jpg 1 29 23 49 49
1446_0028_0033_0057_0057.jpg 1 28 33 57 57
1447_0009_0008_0059_0059.jpg 1 9 8 59 59
1448_0032_0047_0039_0039.jpg 1 32 47 39 39
1449_0029_0023_0060_0060.jpg 1 29 23 60 60
1450_0022_0009_0039_0039.jpg 1 22 9 39 39
1451_0050_0037_0030_0030.jpg 1 50 37 30 30
1452_0048_0043_0038_0038.jpg 1 48 43 38 38
1453_0011_0033_0025_0025.jpg 1 11 33 25 25
1454_0005_0028_0062_0062.jpg 1 5 28 62 62
1455_0028_0032_0057_0057.jpg 1 28 32 57 57
1456_0021_0025_0064_0064.jpg 1 21 25 64 64
1457_0005_0013_0049_0049.jpg 1 5 13 49 49
1458_0024_0011_0033_0033.jpg 1 24 11 33 33
1459_0026_0027_0046_0046.jpg 1 26 27 46 46
1460_0008_0033_0048_0048.jpg 1 8 33 48 48
1461_0026_0029_0027_0027.jpg 1 26 29 27 27
1462_0032_0010_0039_0039.jpg 1 32 10 39 39
1463_0055_0051_0026_0026.jpg 1 55 51 26 26
1464_0013_0011_0058_0058.jpg 1 13 11 58 58
1465_0014_0005_0067_0067.jpg 1 14 5 67 67
1466_0010_0028_0063_0063.jpg 1 10 28 63 63
1467_0005_0012_0060_0060.jpg 1 5 12 60 60
1468_0023_0021_0060_0060.jpg 1 23 21 60 60
1469_0016_0038_0024_0024.jpg 1 16 38 24 24
1470_0025_0035_0036_0036.jpg 1 25 35 36 36
1471_0027_0035_0028_0028.jpg 1 27 35 28 28
1472_0011_0017_0059_0059.jpg 1 11 17 59 59
1473_0005_0010_0047_0047.jpg 1 5 10 47 47
1474_0029_0007_0026_0026.jpg 1 29 7 26 26
1475_0023_0024_0062_0062.jpg 1 23 24 62 62
1476_0007_0010_0062_0062.jpg 1 7 10 62 62
1477_0024_0020_0067_0067.jpg 1 24 20 67 67
1478_0017_0013_0066_0066.jpg 1 17 13 66 66
1479_0006_0043_0041_0041.jpg 1 6 43 41 41
1480_0045_0042_0029_0029.jpg 1 45 42 29 29
1481_0011_0028_0039_0039.jpg 1 11 28 39 39
1482_0031_0030_0045_0045.jpg 1 31 30 45 45
1483_0016_0007_0055_0055.jpg 1 16 7 55 55
1484_0029_0047_0040_0040.jpg 1 29 47 40 40
1485_0039_0028_0028_0028.jpg 1 39 28 28 28
1486_0037_0035_0042_0042.jpg 1 37 35 42 42
1487_0011_0018_0057_0057.jpg 1 11 18 57 57
1488_0027_0027_0063_0063.jpg 1 27 27 63 63
1489_0011_0007_0068_0068.jpg 1 11 7 68 68
1490_0028_0018_0032_0032.jpg 1 28 18 32 32
1491_0055_0053_0025_0025.jpg 1 55 53 25 25
1492_0043_0035_0032_0032.jpg 1 43 35 32 32
1493_0038_0008_0029_0029.jpg 1 38 8 29 29
1494_0009_0005_0056_0056.jpg 1 9 5 56 56
1495_0042_0019_0043_0043.jpg 1 42 19 43 43
1496_0014_0011_0056_0056.jpg 1 14 11 56 56
1497_0016_0025_0048_0048.jpg 1 16 25 48 48
1498_0015_0032_0024_0024.jpg 1 15 32 24 24
1499_0025_0011_0045_0045.jpg 1 25 11 45 45
1500_0023_0014_0046_0046.jpg 1 23 14 46 46
