0001_0042_0043_0044_0044.jpg 1 42 43 44 44
0002_0048_0043_0032_0032.jpg 1 48 43 32 32
0003_0034_0005_0047_0047.jpg 1 34 5 47 47
0004_0004_0027_0068_0068.jpg 1 4 27 68 68
0005_0036_0062_0030_0030.jpg 1 36 62 30 30
0006_0022_0013_0054_0054.jpg 1 22 13 54 54
0007_0026_0006_0065_0065.jpg 1 26 6 65 65
0008_0063_0050_0029_0029.jpg 1 63 50 29 29
0009_0034_0031_0057_0057.jpg 1 34 31 57 57
0010_0005_0039_0043_0043.jpg 1 5 39 43 43
0011_0055_0019_0028_0028.jpg 1 55 19 28 28
0012_0044_0028_0048_0048.jpg 1 44 28 48 48
0013_0021_0022_0037_0037.jpg 1 21 22 37 37
0014_0031_0046_0030_0030.jpg 1 31 46 30 30
0015_0030_0053_0036_0036.jpg 1 30 53 36 36
0016_0014_0020_0045_0045.jpg 1 14 20 45 45
0017_0024_0034_0037_0037.jpg 1 24 34 37 37
0018_0055_0048_0035_0035.jpg 1 55 48 35 35
0019_0043_0012_0050_0050.jpg 1 43 12 50 50
0020_0018_0026_0063_0063.jpg 1 18 26 63 63
0021_0023_0027_0039_0039.jpg 1 23 27 39 39
0022_0030_0049_0035_0035.jpg 1 30 49 35 35
0023_0029_0021_0064_0064.jpg 1 29 21 64 64
0024_0017_0009_0061_0061.jpg 1 17 9 61 61
0025_0019_0026_0068_0068.jpg 1 19 26 68 68
0026_0058_0052_0032_0032.jpg 1 58 52 32 32
0027_0034_0024_0054_0054.jpg 1 34 24 54 54
0028_0034_0040_0038_0038.jpg 1 34 40 38 38
0029_0011_0032_0060_0060.jpg 1 11 32 60 60
0030_0045_0018_0029_0029.jpg 1 45 18 29 29
0031_0025_0015_0054_0054.jpg 1 25 15 54 54
0032_0040_0046_0048_0048.jpg 1 40 46 48 48
0033_0053_0050_0036_0036.jpg 1 53 50 36 36
0034_0014_0022_0061_0061.jpg 1 14 22 61 61
0035_0022_0031_0052_0052.jpg 1 22 31 52 52
0036_0041_0036_0031_0031.jpg 1 41 36 31 31
0037_0022_0044_0025_0025.jpg 1 22 44 25 25
0038_0027_0031_0058_0058.jpg 1 27 31 58 58
0039_0016_0028_0039_0039.jpg 1 16 28 39 39
0040_0036_0006_0047_0047.jpg 1 36 6 47 47
0041_0010_0017_0069_0069.jpg 1 10 17 69 69
0042_0011_0013_0045_0045.jpg 1 11 13 45 45
0043_0033_0040_0047_0047.jpg 1 33 40 47 47
0044_0018_0028_0063_0063.jpg 1 18 28 63 63
0045_0030_0023_0060_0060.jpg 1 30 23 60 60
0046_0005_0020_0051_0051.jpg 1 5 20 51 51
0047_0010_0008_0037_0037.jpg 1 10 8 37 37
0048_0018_0043_0026_0026.jpg 1 18 43 26 26
0049_0011_0022_0064_0064.jpg 1 11 22 64 64
0050_0006_0018_0053_0053.jpg 1 6 18 53 53
0051_0035_0020_0047_0047.jpg 1 35 20 47 47
0052_0016_0024_0051_0051.jpg 1 16 24 51 51
0053_0020_0040_0034_0034.jpg 1 20 40 34 34
0054_0011_0036_0059_0059.jpg 1 11 36 59 59
0055_0029_0022_0028_0028.jpg 1 29 22 28 28
0056_0053_0019_0039_0039.jpg 1 53 19 39 39
0057_0018_0024_0051_0051.jpg 1 18 24 51 51
0058_0053_0023_0032_0032.jpg 1 53 23 32 32
0059_0014_0017_0059_0059.jpg 1 14 17 59 59
0060_0005_0027_0059_0059.jpg 1 5 27 59 59
0061_0014_0038_0055_0055.jpg 1 14 38 55 55
0062_0031_0039_0029_0029.jpg 1 31 39 29 29
0063_0044_0006_0048_0048.jpg 1 44 6 48 48
0064_0045_0054_0033_0033.jpg 1 45 54 33 33
0065_0043_0006_0045_0045.jpg 1 43 6 45 45
0066_0011_0050_0038_0038.jpg 1 11 50 38 38
0067_0058_0034_0033_0033.jpg 1 58 34 33 33
0068_0053_0028_0030_0030.jpg 1 53 28 30 30
0069_0047_0042_0029_0029.jpg 1 47 42 29 29
0070_0030_0006_0056_0056.jpg 1 30 6 56 56
0071_0025_0013_0049_0049.jpg 1 25 13 49 49
0072_0045_0039_0038_0038.jpg 1 45 39 38 38
0073_0014_0035_0052_0052.jpg 1 14 35 52 52
0074_0008_0011_0025_0025.jpg 1 8 11 25 25
0075_0054_0014_0039_0039.jpg 1 54 14 39 39
0076_0022_0059_0028_0028.jpg 1 22 59 28 28
0077_0022_0030_0042_0042.jpg 1 22 30 42 42
0078_0016_0010_0068_0068.jpg 1 16 10 68 68
0079_0055_0025_0037_0037.jpg 1 55 25 37 37
0080_0031_0030_0058_0058.jpg 1 31 30 58 58
0081_0034_0063_0025_0025.jpg 1 34 63 25 25
0082_0009_0008_0044_0044.jpg 1 9 8 44 44
0083_0009_0031_0029_0029.jpg 1 9 31 29 29
0084_0033_0027_0062_0062.jpg 1 33 27 62 62
0085_0013_0045_0028_0028.jpg 1 13 45 28 28
0086_0035_0013_0045_0045.jpg 1 35 13 45 45
0087_0008_0032_0061_0061.jpg 1 8 32 61 61
0088_0055_0034_0031_0031.jpg 1 55 34 31 31
0089_0047_0043_0025_0025.jpg 1 47 43 25 25
0090_0030_0020_0053_0053.jpg 1 30 20 53 53
0091_0026_0045_0044_0044.jpg 1 26 45 44 44
0092_0034_0045_0043_0043.jpg 1 34 45 43 43
0093_0010_0031_0049_0049.jpg 1 10 31 49 49
0094_0018_0018_0028_0028.jpg 1 18 18 28 28
0095_0006_0010_0068_0068.jpg 1 6 10 68 68
0096_0012_0024_0064_0064.jpg 1 12 24 64 64
0097_0019_0016_0039_0039.jpg 1 19 16 39 39
0098_0009_0017_0067_0067.jpg 1 9 17 67 67
0099_0026_0011_0062_0062.jpg 1 26 11 62 62
0100_0005_0006_0066_0066.jpg 1 5 6 66 66
0101_0015_0024_0055_0055.jpg 1 15 24 55 55
0102_0046_0040_0041_0041.jpg 1 46 40 41 41
0103_0039_0020_0035_0035.jpg 1 39 20 35 35
0104_0036_0056_0037_0037.jpg 1 36 56 37 37
0105_0010_0024_0060_0060.jpg 1 10 24 60 60
0106_0004_0028_0064_0064.jpg 1 4 28 64 64
0107_0034_0043_0041_0041.jpg 1 34 43 41 41
0108_0029_0021_0026_0026.jpg 1 29 21 26 26
0109_0020_0021_0067_0067.jpg 1 20 21 67 67
0110_0047_0022_0024_0024.jpg 1 47 22 24 24
0111_0042_0032_0032_0032.jpg 1 42 32 32 32
0112_0023_0034_0050_0050.jpg 1 23 34 50 50
0113_0021_0043_0037_0037.jpg 1 21 43 37 37
0114_0017_0010_0063_0063.jpg 1 17 10 63 63
0115_0023_0007_0055_0055.jpg 1 23 7 55 55
0116_0014_0016_0068_0068.jpg 1 14 16 68 68
0117_0011_0026_0066_0066.jpg 1 11 26 66 66
0118_0009_0039_0024_0024.jpg 1 9 39 24 24
0119_0006_0041_0039_0039.jpg 1 6 41 39 39
0120_0021_0035_0041_0041.jpg 1 21 35 41 41
0121_0008_0017_0030_0030.jpg 1 8 17 30 30
0122_0022_0053_0038_0038.jpg 1 22 53 38 38
0123_0017_0027_0048_0048.jpg 1 17 27 48 48
0124_0019_0018_0050_0050.jpg 1 19 18 50 50
0125_0027_0021_0064_0064.jpg 1 27 21 64 64
0126_0011_0019_0029_0029.jpg 1 11 19 29 29
0127_0027_0027_0052_0052.jpg 1 27 27 52 52
0128_0060_0007_0032_0032.jpg 1 60 7 32 32
0129_0033_0038_0053_0053.jpg 1 33 38 53 53
0130_0058_0054_0029_0029.jpg 1 58 54 29 29
0131_0046_0022_0038_0038.jpg 1 46 22 38 38
0132_0017_0008_0064_0064.jpg 1 17 8 64 64
0133_0037_0015_0029_0029.jpg 1 37 15 29 29
0134_0030_0022_0061_0061.jpg 1 30 22 61 61
0135_0046_0013_0046_0046.jpg 1 46 13 46 46
0136_0006_0015_0069_0069.jpg 1 6 15 69 69
0137_0020_0030_0062_0062.jpg 1 20 30 62 62
0138_0034_0017_0056_0056.jpg 1 34 17 56 56
0139_0013_0012_0043_0043.jpg 1 13 12 43 43
0140_0050_0027_0032_0032.jpg 1 50 27 32 32
0141_0013_0005_0058_0058.jpg 1 13 5 58 58
0142_0046_0019_0031_0031.jpg 1 46 19 31 31
0143_0032_0010_0062_0062.jpg 1 32 10 62 62
0144_0031_0023_0060_0060.jpg 1 31 23 60 60
0145_0010_0038_0041_0041.jpg 1 10 38 41 41
0146_0035_0039_0037_0037.jpg 1 35 39 37 37
0147_0048_0009_0041_0041.jpg 1 48 9 41 41
0148_0021_0020_0038_0038.jpg 1 21 20 38 38
0149_0012_0022_0055_0055.jpg 1 12 22 55 55
0150_0023_0022_0067_0067.jpg 1 23 22 67 67
0151_0024_0005_0064_0064.jpg 1 24 5 64 64
0152_0028_0017_0042_0042.jpg 1 28 17 42 42
0153_0013_0030_0056_0056.jpg 1 13 30 56 56
0154_0051_0050_0024_0024.jpg 1 51 50 24 24
0155_0013_0028_0050_0050.jpg 1 13 28 50 50
0156_0011_0061_0024_0024.jpg 1 11 61 24 24
0157_0016_0020_0057_0057.jpg 1 16 20 57 57
0158_0040_0046_0041_0041.jpg 1 40 46 41 41
0159_0011_0034_0049_0049.jpg 1 11 34 49 49
0160_0043_0023_0024_0024.jpg 1 43 23 24 24
0161_0014_0023_0057_0057.jpg 1 14 23 57 57
0162_0056_0059_0032_0032.jpg 1 56 59 32 32
0163_0041_0045_0026_0026.jpg 1 41 45 26 26
0164_0013_0021_0054_0054.jpg 1 13 21 54 54
0165_0049_0022_0036_0036.jpg 1 49 22 36 36
0166_0049_0028_0035_0035.jpg 1 49 28 35 35
0167_0032_0031_0034_0034.jpg 1 32 31 34 34
0168_0032_0006_0058_0058.jpg 1 32 6 58 58
0169_0028_0015_0040_0040.jpg 1 28 15 40 40
0170_0030_0027_0066_0066.jpg 1 30 27 66 66
0171_0026_0035_0046_0046.jpg 1 26 35 46 46
0172_0031_0020_0046_0046.jpg 1 31 20 46 46
0173_0045_0033_0042_0042.jpg 1 45 33 42 42
0174_0020_0028_0035_0035.jpg 1 20 28 35 35
0175_0042_0024_0051_0051.jpg 1 42 24 51 51
0176_0005_0013_0050_0050.jpg 1 5 13 50 50
0177_0008_0015_0050_0050.jpg 1 8 15 50 50
0178_0026_0007_0039_0039.jpg 1 26 7 39 39
0179_0025_0031_0051_0051.jpg 1 25 31 51 51
0180_0007_0016_0030_0030.jpg 1 7 16 30 30
0181_0040_0013_0052_0052.jpg 1 40 13 52 52
0182_0013_0019_0067_0067.jpg 1 13 19 67 67
0183_0024_0013_0042_0042.jpg 1 24 13 42 42
0184_0019_0028_0067_0067.jpg 1 19 28 67 67
0185_0033_0029_0053_0053.jpg 1 33 29 53 53
0186_0017_0024_0049_0049.jpg 1 17 24 49 49
0187_0011_0027_0054_0054.jpg 1 11 27 54 54
0188_0021_0032_0048_0048.jpg 1 21 32 48 48
0189_0037_0011_0044_0044.jpg 1 37 11 44 44
0190_0024_0014_0053_0053.jpg 1 24 14 53 53
0191_0041_0053_0040_0040.jpg 1 41 53 40 40
0192_0031_0012_0042_0042.jpg 1 31 12 42 42
0193_0052_0032_0037_0037.jpg 1 52 32 37 37
0194_0038_0008_0048_0048.jpg 1 38 8 48 48
0195_0040_0008_0051_0051.jpg 1 40 8 51 51
0196_0047_0010_0038_0038.jpg 1 47 10 38 38
0197_0027_0032_0030_0030.jpg 1 27 32 30 30
0198_0027_0036_0038_0038.jpg 1 27 36 38 38
0199_0021_0006_0050_0050.jpg 1 21 6 50 50
0200_0017_0029_0047_0047.jpg 1 17 29 47 47
0201_0010_0014_0068_0068.jpg 1 10 14 68 68
0202_0009_0024_0062_0062.jpg 1 9 24 62 62
0203_0014_0013_0044_0044.jpg 1 14 13 44 44
0204_0027_0010_0050_0050.jpg 1 27 10 50 50
0205_0010_0052_0025_0025.jpg 1 10 52 25 25
0206_0021_0016_0049_0049.jpg 1 21 16 49 49
0207_0044_0007_0041_0041.jpg 1 44 7 41 41
0208_0011_0017_0062_0062.jpg 1 11 17 62 62
0209_0018_0005_0063_0063.jpg 1 18 5 63 63
0210_0036_0007_0028_0028.jpg 1 36 7 28 28
0211_0042_0057_0031_0031.jpg 1 42 57 31 31
0212_0019_0039_0050_0050.jpg 1 19 39 50 50
0213_0009_0048_0042_0042.jpg 1 9 48 42 42
0214_0031_0013_0062_0062.jpg 1 31 13 62 62
0215_0030_0025_0050_0050.jpg 1 30 25 50 50
0216_0025_0011_0069_0069.jpg 1 25 11 69 69
0217_0051_0032_0041_0041.jpg 1 51 32 41 41
0218_0014_0047_0026_0026.jpg 1 14 47 26 26
0219_0043_0051_0030_0030.jpg 1 43 51 30 30
0220_0015_0003_0069_0069.jpg 1 15 3 69 69
0221_0015_0014_0051_0051.jpg 1 15 14 51 51
0222_0063_0053_0029_0029.jpg 1 63 53 29 29
0223_0032_0011_0053_0053.jpg 1 32 11 53 53
0224_0006_0030_0049_0049.jpg 1 6 30 49 49
0225_0038_0008_0048_0048.jpg 1 38 8 48 48
0226_0008_0007_0064_0064.jpg 1 8 7 64 64
0227_0018_0040_0033_0033.jpg 1 18 40 33 33
0228_0010_0048_0038_0038.jpg 1 10 48 38 38
0229_0021_0042_0045_0045.jpg 1 21 42 45 45
0230_0020_0024_0060_0060.jpg 1 20 24 60 60
0231_0056_0007_0032_0032.jpg 1 56 7 32 32
0232_0019_0012_0060_0060.jpg 1 19 12 60 60
0233_0022_0024_0032_0032.jpg 1 22 24 32 32
0234_0035_0026_0038_0038.jpg 1 35 26 38 38
0235_0027_0021_0062_0062.jpg 1 27 21 62 62
0236_0044_0020_0036_0036.jpg 1 44 20 36 36
0237_0030_0052_0024_0024.jpg 1 30 52 24 24
0238_0038_0042_0051_0051.jpg 1 38 42 51 51
0239_0033_0041_0026_0026.jpg 1 33 41 26 26
0240_0036_0043_0044_0044.jpg 1 36 43 44 44
0241_0024_0040_0035_0035.jpg 1 24 40 35 35
0242_0031_0007_0061_0061.jpg 1 31 7 61 61
0243_0028_0015_0065_0065.jpg 1 28 15 65 65
0244_0006_0037_0054_0054.jpg 1 6 37 54 54
0245_0022_0007_0065_0065.jpg 1 22 7 65 65
0246_0010_0049_0029_0029.jpg 1 10 49 29 29
0247_0018_0032_0037_0037.jpg 1 18 32 37 37
0248_0007_0028_0055_0055.jpg 1 7 28 55 55
0249_0015_0039_0041_0041.jpg 1 15 39 41 41
0250_0012_0017_0067_0067.jpg 1 12 17 67 67
0251_0052_0026_0026_0026.jpg 1 52 26 26 26
0252_0045_0032_0047_0047.jpg 1 45 32 47 47
0253_0054_0026_0035_0035.jpg 1 54 26 35 35
0254_0047_0049_0033_0033.jpg 1 47 49 33 33
0255_0009_0026_0050_0050.jpg 1 9 26 50 50
0256_0040_0011_0041_0041.jpg 1 40 11 41 41
0257_0035_0027_0058_0058.jpg 1 35 27 58 58
0258_0027_0065_0027_0027.jpg 1 27 65 27 27
0259_0027_0031_0043_0043.jpg 1 27 31 43 43
0260_0011_0023_0050_0050.jpg 1 11 23 50 50
0261_0021_0020_0043_0043.jpg 1 21 20 43 43
0262_0006_0041_0041_0041.jpg 1 6 41 41 41
0263_0019_0012_0040_0040.jpg 1 19 12 40 40
0264_0028_0009_0067_0067.jpg 1 28 9 67 67
0265_0020_0039_0051_0051.jpg 1 20 39 51 51
0266_0039_0041_0050_0050.jpg 1 39 41 50 50
0267_0030_0043_0050_0050.jpg 1 30 43 50 50
0268_0022_0011_0061_0061.jpg 1 22 11 61 61
0269_0019_0018_0054_0054.jpg 1 19 18 54 54
0270_0027_0034_0031_0031.jpg 1 27 34 31 31
0271_0034_0035_0043_0043.jpg 1 34 35 43 43
0272_0041_0008_0044_0044.jpg 1 41 8 44 44
0273_0048_0023_0036_0036.jpg 1 48 23 36 36
0274_0030_0047_0040_0040.jpg 1 30 47 40 40
0275_0010_0020_0047_0047.jpg 1 10 20 47 47
0276_0027_0022_0067_0067.jpg 1 27 22 67 67
0277_0034_0028_0044_0044.jpg 1 34 28 44 44
0278_0044_0052_0038_0038.jpg 1 44 52 38 38
0279_0016_0026_0055_0055.jpg 1 16 26 55 55
0280_0030_0012_0027_0027.jpg 1 30 12 27 27
0281_0015_0028_0067_0067.jpg 1 15 28 67 67
0282_0037_0039_0036_0036.jpg 1 37 39 36 36
0283_0029_0016_0041_0041.jpg 1 29 16 41 41
0284_0035_0018_0056_0056.jpg 1 35 18 56 56
0285_0033_0018_0063_0063.jpg 1 33 18 63 63
0286_0028_0052_0034_0034.jpg 1 28 52 34 34
0287_0058_0036_0033_0033.jpg 1 58 36 33 33
0288_0019_0025_0063_0063.jpg 1 19 25 63 63
0289_0007_0025_0055_0055.jpg 1 7 25 55 55
0290_0018_0039_0039_0039.jpg 1 18 39 39 39
0291_0008_0008_0036_0036.jpg 1 8 8 36 36
0292_0046_0042_0038_0038.jpg 1 46 42 38 38
0293_0049_0037_0031_0031.jpg 1 49 37 31 31
0294_0017_0038_0048_0048.jpg 1 17 38 48 48
0295_0007_0014_0060_0060.jpg 1 7 14 60 60
0296_0043_0008_0047_0047.jpg 1 43 8 47 47
0297_0030_0008_0047_0047.jpg 1 30 8 47 47
0298_0020_0045_0041_0041.jpg 1 20 45 41 41
0299_0028_0027_0063_0063.jpg 1 28 27 63 63
0300_0008_0030_0034_0034.jpg 1 8 30 34 34
0301_0032_0021_0046_0046.jpg 1 32 21 46 46
0302_0025_0050_0028_0028.jpg 1 25 50 28 28
0303_0034_0038_0050_0050.jpg 1 34 38 50 50
0304_0063_0065_0027_0027.jpg 1 63 65 27 27
0305_0030_0028_0037_0037.jpg 1 30 28 37 37
0306_0013_0024_0059_0059.jpg 1 13 24 59 59
0307_0034_0030_0053_0053.jpg 1 34 30 53 53
0308_0033_0004_0058_0058.jpg 1 33 4 58 58
0309_0014_0031_0045_0045.jpg 1 14 31 45 45
0310_0038_0007_0028_0028.jpg 1 38 7 28 28
0311_0007_0010_0050_0050.jpg 1 7 10 50 50
0312_0007_0018_0066_0066.jpg 1 7 18 66 66
0313_0042_0006_0049_0049.jpg 1 42 6 49 49
0314_0032_0023_0049_0049.jpg 1 32 23 49 49
0315_0038_0018_0036_0036.jpg 1 38 18 36 36
0316_0042_0026_0048_0048.jpg 1 42 26 48 48
0317_0008_0007_0045_0045.jpg 1 8 7 45 45
0318_0015_0027_0047_0047.jpg 1 15 27 47 47
0319_0005_0033_0051_0051.jpg 1 5 33 51 51
0320_0042_0039_0036_0036.jpg 1 42 39 36 36
0321_0043_0010_0038_0038.jpg 1 43 10 38 38
0322_0013_0035_0044_0044.jpg 1 13 35 44 44
0323_0046_0041_0032_0032.jpg 1 46 41 32 32
0324_0023_0025_0068_0068.jpg 1 23 25 68 68
0325_0035_0042_0048_0048.jpg 1 35 42 48 48
0326_0013_0010_0068_0068.jpg 1 13 10 68 68
0327_0029_0021_0066_0066.jpg 1 29 21 66 66
0328_0055_0038_0026_0026.jpg 1 55 38 26 26
0329_0031_0019_0026_0026.jpg 1 31 19 26 26
0330_0040_0023_0055_0055.jpg 1 40 23 55 55
0331_0044_0031_0040_0040.jpg 1 44 31 40 40
0332_0047_0041_0042_0042.jpg 1 47 41 42 42
0333_0015_0009_0069_0069.jpg 1 15 9 69 69
0334_0026_0004_0056_0056.jpg 1 26 4 56 56
0335_0023_0032_0053_0053.jpg 1 23 32 53 53
0336_0017_0035_0059_0059.jpg 1 17 35 59 59
0337_0036_0046_0044_0044.jpg 1 36 46 44 44
0338_0005_0025_0054_0054.jpg 1 5 25 54 54
0339_0047_0010_0037_0037.jpg 1 47 10 37 37
0340_0027_0037_0048_0048.jpg 1 27 37 48 48
0341_0030_0036_0024_0024.jpg 1 30 36 24 24
0342_0036_0040_0050_0050.jpg 1 36 40 50 50
0343_0029_0038_0039_0039.jpg 1 29 38 39 39
0344_0014_0024_0066_0066.jpg 1 14 24 66 66
0345_0061_0014_0031_0031.jpg 1 61 14 31 31
0346_0049_0045_0037_0037.jpg 1 49 45 37 37
0347_0038_0032_0046_0046.jpg 1 38 32 46 46
0348_0052_0046_0024_0024.jpg 1 52 46 24 24
0349_0012_0053_0024_0024.jpg 1 12 53 24 24
0350_0020_0010_0033_0033.jpg 1 20 10 33 33
0351_0024_0036_0040_0040.jpg 1 24 36 40 40
0352_0044_0008_0048_0048.jpg 1 44 8 48 48
0353_0032_0020_0043_0043.jpg 1 32 20 43 43
0354_0008_0056_0037_0037.jpg 1 8 56 37 37
0355_0055_0026_0030_0030.jpg 1 55 26 30 30
0356_0052_0023_0037_0037.jpg 1 52 23 37 37
0357_0018_0008_0061_0061.jpg 1 18 8 61 61
0358_0007_0039_0036_0036.jpg 1 7 39 36 36
0359_0014_0038_0054_0054.jpg 1 14 38 54 54
0360_0033_0036_0048_0048.jpg 1 33 36 48 48
0361_0016_0019_0067_0067.jpg 1 16 19 67 67
0362_0025_0033_0029_0029.jpg 1 25 33 29 29
0363_0029_0011_0045_0045.jpg 1 29 11 45 45
0364_0049_0008_0026_0026.jpg 1 49 8 26 26
0365_0024_0059_0032_0032.jpg 1 24 59 32 32
0366_0023_0015_0029_0029.jpg 1 23 15 29 29
0367_0019_0023_0042_0042.jpg 1 19 23 42 42
0368_0023_0032_0030_0030.jpg 1 23 32 30 30
0369_0057_0030_0035_0035.jpg 1 57 30 35 35
0370_0030_0014_0065_0065.jpg 1 30 14 65 65
0371_0019_0023_0066_0066.jpg 1 19 23 66 66
0372_0049_0063_0024_0024.jpg 1 49 63 24 24
0373_0005_0015_0051_0051.jpg 1 5 15 51 51
0374_0018_0031_0059_0059.jpg 1 18 31 59 59
0375_0008_0034_0054_0054.jpg 1 8 34 54 54
0376_0025_0056_0036_0036.jpg 1 25 56 36 36
0377_0030_0005_0066_0066.jpg 1 30 5 66 66
0378_0051_0018_0029_0029.jpg 1 51 18 29 29
0379_0031_0012_0025_0025.jpg 1 31 12 25 25
0380_0037_0050_0036_0036.jpg 1 37 50 36 36
0381_0041_0028_0053_0053.jpg 1 41 28 53 53
0382_0049_0007_0038_0038.jpg 1 49 7 38 38
0383_0032_0004_0058_0058.jpg 1 32 4 58 58
0384_0034_0050_0039_0039.jpg 1 34 50 39 39
0385_0037_0016_0032_0032.jpg 1 37 16 32 32
0386_0027_0035_0041_0041.jpg 1 27 35 41 41
0387_0009_0041_0052_0052.jpg 1 9 41 52 52
0388_0027_0031_0055_0055.jpg 1 27 31 55 55
0389_0005_0007_0060_0060.jpg 1 5 7 60 60
0390_0023_0008_0026_0026.jpg 1 23 8 26 26
0391_0024_0015_0058_0058.jpg 1 24 15 58 58
0392_0016_0013_0043_0043.jpg 1 16 13 43 43
0393_0037_0049_0035_0035.jpg 1 37 49 35 35
0394_0031_0036_0048_0048.jpg 1 31 36 48 48
0395_0063_0024_0029_0029.jpg 1 63 24 29 29
0396_0030_0033_0037_0037.jpg 1 30 33 37 37
0397_0010_0008_0038_0038.jpg 1 10 8 38 38
0398_0007_0010_0067_0067.jpg 1 7 10 67 67
0399_0060_0035_0024_0024.jpg 1 60 35 24 24
0400_0033_0025_0028_0028.jpg 1 33 25 28 28
0401_0037_0028_0031_0031.jpg 1 37 28 31 31
0402_0015_0051_0039_0039.jpg 1 15 51 39 39
0403_0044_0044_0034_0034.jpg 1 44 44 34 34
0404_0005_0033_0047_0047.jpg 1 5 33 47 47
0405_0060_0041_0031_0031.jpg 1 60 41 31 31
0406_0037_0019_0053_0053.jpg 1 37 19 53 53
0407_0031_0008_0034_0034.jpg 1 31 8 34 34
0408_0042_0038_0039_0039.jpg 1 42 38 39 39
0409_0039_0021_0055_0055.jpg 1 39 21 55 55
0410_0017_0021_0062_0062.jpg 1 17 21 62 62
0411_0023_0053_0041_0041.jpg 1 23 53 41 41
0412_0010_0010_0052_0052.jpg 1 10 10 52 52
0413_0052_0014_0036_0036.jpg 1 52 14 36 36
0414_0011_0015_0064_0064.jpg 1 11 15 64 64
0415_0010_0023_0061_0061.jpg 1 10 23 61 61
0416_0014_0007_0067_0067.jpg 1 14 7 67 67
0417_0030_0011_0052_0052.jpg 1 30 11 52 52
0418_0008_0010_0047_0047.jpg 1 8 10 47 47
0419_0022_0012_0063_0063.jpg 1 22 12 63 63
0420_0017_0039_0045_0045.jpg 1 17 39 45 45
0421_0016_0028_0062_0062.jpg 1 16 28 62 62
0422_0053_0017_0030_0030.jpg 1 53 17 30 30
0423_0013_0025_0059_0059.jpg 1 13 25 59 59
0424_0041_0016_0038_0038.jpg 1 41 16 38 38
0425_0025_0051_0039_0039.jpg 1 25 51 39 39
0426_0019_0058_0032_0032.jpg 1 19 58 32 32
0427_0007_0005_0059_0059.jpg 1 7 5 59 59
0428_0033_0035_0037_0037.jpg 1 33 35 37 37
0429_0018_0023_0069_0069.jpg 1 18 23 69 69
0430_0049_0020_0027_0027.jpg 1 49 20 27 27
0431_0042_0006_0038_0038.jpg 1 42 6 38 38
0432_0029_0033_0049_0049.jpg 1 29 33 49 49
0433_0028_0034_0047_0047.jpg 1 28 34 47 47
0434_0030_0017_0054_0054.jpg 1 30 17 54 54
0435_0006_0005_0068_0068.jpg 1 6 5 68 68
0436_0023_0013_0030_0030.jpg 1 23 13 30 30
0437_0041_0016_0036_0036.jpg 1 41 16 36 36
0438_0018_0027_0032_0032.jpg 1 18 27 32 32
0439_0032_0020_0041_0041.jpg 1 32 20 41 41
0440_0024_0010_0064_0064.jpg 1 24 10 64 64
0441_0015_0026_0044_0044.jpg 1 15 26 44 44
0442_0012_0060_0025_0025.jpg 1 12 60 25 25
0443_0017_0034_0056_0056.jpg 1 17 34 56 56
0444_0035_0048_0035_0035.jpg 1 35 48 35 35
0445_0011_0018_0062_0062.jpg 1 11 18 62 62
0446_0039_0047_0026_0026.jpg 1 39 47 26 26
0447_0055_0010_0036_0036.jpg 1 55 10 36 36
0448_0041_0016_0040_0040.jpg 1 41 16 40 40
0449_0037_0031_0043_0043.jpg 1 37 31 43 43
0450_0009_0008_0060_0060.jpg 1 9 8 60 60
0451_0033_0022_0050_0050.jpg 1 33 22 50 50
0452_0054_0046_0032_0032.jpg 1 54 46 32 32
0453_0010_0018_0043_0043.jpg 1 10 18 43 43
0454_0023_0038_0057_0057.jpg 1 23 38 57 57
0455_0006_0041_0042_0042.jpg 1 6 41 42 42
0456_0025_0024_0064_0064.jpg 1 25 24 64 64
0457_0058_0033_0032_0032.jpg 1 58 33 32 32
0458_0052_0015_0041_0041.jpg 1 52 15 41 41
0459_0033_0022_0062_0062.jpg 1 33 22 62 62
0460_0036_0027_0048_0048.jpg 1 36 27 48 48
0461_0007_0036_0036_0036.jpg 1 7 36 36 36
0462_0037_0028_0026_0026.jpg 1 37 28 26 26
0463_0033_0022_0061_0061.jpg 1 33 22 61 61
0464_0024_0029_0066_0066.jpg 1 24 29 66 66
0465_0017_0044_0049_0049.jpg 1 17 44 49 49
0466_0009_0018_0053_0053.jpg 1 9 18 53 53
0467_0016_0042_0050_0050.jpg 1 16 42 50 50
0468_0019_0035_0030_0030.jpg 1 19 35 30 30
0469_0036_0028_0047_0047.jpg 1 36 28 47 47
0470_0009_0028_0034_0034.jpg 1 9 28 34 34
0471_0032_0030_0048_0048.jpg 1 32 30 48 48
0472_0024_0035_0041_0041.jpg 1 24 35 41 41
0473_0014_0048_0046_0046.jpg 1 14 48 46 46
0474_0013_0004_0062_0062.jpg 1 13 4 62 62
0475_0041_0016_0038_0038.jpg 1 41 16 38 38
0476_0055_0028_0028_0028.jpg 1 55 28 28 28
0477_0016_0028_0043_0043.jpg 1 16 28 43 43
0478_0035_0022_0059_0059.jpg 1 35 22 59 59
0479_0019_0022_0050_0050.jpg 1 19 22 50 50
0480_0033_0007_0061_0061.jpg 1 33 7 61 61
0481_0024_0041_0039_0039.jpg 1 24 41 39 39
0482_0018_0005_0060_0060.jpg 1 18 5 60 60
0483_0015_0003_0065_0065.jpg 1 15 3 65 65
0484_0008_0036_0049_0049.jpg 1 8 36 49 49
0485_0011_0022_0046_0046.jpg 1 11 22 46 46
0486_0009_0028_0031_0031.jpg 1 9 28 31 31
0487_0024_0016_0045_0045.jpg 1 24 16 45 45
0488_0041_0030_0027_0027.jpg 1 41 30 27 27
0489_0004_0032_0057_0057.jpg 1 4 32 57 57
0490_0019_0019_0064_0064.jpg 1 19 19 64 64
0491_0042_0038_0045_0045.jpg 1 42 38 45 45
0492_0030_0013_0056_0056.jpg 1 30 13 56 56
0493_0025_0058_0033_0033.jpg 1 25 58 33 33
0494_0037_0025_0047_0047.jpg 1 37 25 47 47
0495_0025_0020_0052_0052.jpg 1 25 20 52 52
0496_0013_0040_0052_0052.jpg 1 13 40 52 52
0497_0046_0015_0047_0047.jpg 1 46 15 47 47
0498_0058_0056_0030_0030.jpg 1 58 56 30 30
0499_0005_0011_0065_0065.jpg 1 5 11 65 65
0500_0015_0040_0030_0030.jpg 1 15 40 30 30
0501_0018_0028_0028_0028.jpg 1 18 28 28 28
0502_0048_0029_0046_0046.jpg 1 48 29 46 46
0503_0030_0044_0047_0047.jpg 1 30 44 47 47
0504_0023_0048_0029_0029.jpg 1 23 48 29 29
0505_0026_0028_0057_0057.jpg 1 26 28 57 57
0506_0024_0016_0069_0069.jpg 1 24 16 69 69
0507_0026_0043_0049_0049.jpg 1 26 43 49 49
0508_0009_0015_0037_0037.jpg 1 9 15 37 37
0509_0045_0022_0031_0031.jpg 1 45 22 31 31
0510_0018_0029_0041_0041.jpg 1 18 29 41 41
0511_0031_0036_0054_0054.jpg 1 31 36 54 54
0512_0011_0007_0064_0064.jpg 1 11 7 64 64
0513_0017_0048_0037_0037.jpg 1 17 48 37 37
0514_0013_0053_0038_0038.jpg 1 13 53 38 38
0515_0040_0009_0044_0044.jpg 1 40 9 44 44
0516_0011_0016_0038_0038.jpg 1 11 16 38 38
0517_0029_0016_0049_0049.jpg 1 29 16 49 49
0518_0010_0015_0032_0032.jpg 1 10 15 32 32
0519_0061_0066_0024_0024.jpg 1 61 66 24 24
0520_0045_0049_0036_0036.jpg 1 45 49 36 36
0521_0005_0032_0063_0063.jpg 1 5 32 63 63
0522_0022_0006_0064_0064.jpg 1 22 6 64 64
0523_0005_0016_0067_0067.jpg 1 5 16 67 67
0524_0042_0033_0049_0049.jpg 1 42 33 49 49
0525_0012_0024_0056_0056.jpg 1 12 24 56 56
0526_0006_0047_0043_0043.jpg 1 6 47 43 43
0527_0021_0040_0029_0029.jpg 1 21 40 29 29
0528_0009_0016_0032_0032.jpg 1 9 16 32 32
0529_0032_0025_0058_0058.jpg 1 32 25 58 58
0530_0035_0019_0040_0040.jpg 1 35 19 40 40
0531_0014_0024_0066_0066.jpg 1 14 24 66 66
0532_0038_0012_0036_0036.jpg 1 38 12 36 36
0533_0011_0020_0069_0069.jpg 1 11 20 69 69
0534_0030_0011_0042_0042.jpg 1 30 11 42 42
0535_0040_0012_0050_0050.jpg 1 40 12 50 50
0536_0020_0019_0041_0041.jpg 1 20 19 41 41
0537_0040_0023_0045_0045.jpg 1 40 23 45 45
0538_0035_0030_0055_0055.jpg 1 35 30 55 55
0539_0008_0025_0032_0032.jpg 1 8 25 32 32
0540_0034_0052_0027_0027.jpg 1 34 52 27 27
0541_0018_0031_0052_0052.jpg 1 18 31 52 52
0542_0005_0006_0069_0069.jpg 1 5 6 69 69
0543_0015_0014_0068_0068.jpg 1 15 14 68 68
0544_0029_0011_0048_0048.jpg 1 29 11 48 48
0545_0024_0007_0063_0063.jpg 1 24 7 63 63
0546_0007_0015_0066_0066.jpg 1 7 15 66 66
0547_0023_0030_0033_0033.jpg 1 23 30 33 33
0548_0032_0006_0037_0037.jpg 1 32 6 37 37
0549_0013_0025_0024_0024.jpg 1 13 25 24 24
0550_0033_0014_0045_0045.jpg 1 33 14 45 45
0551_0022_0015_0055_0055.jpg 1 22 15 55 55
0552_0014_0023_0061_0061.jpg 1 14 23 61 61
0553_0036_0036_0038_0038.jpg 1 36 36 38 38
0554_0010_0030_0066_0066.jpg 1 10 30 66 66
0555_0021_0028_0064_0064.jpg 1 21 28 64 64
0556_0020_0007_0068_0068.jpg 1 20 7 68 68
0557_0016_0009_0059_0059.jpg 1 16 9 59 59
0558_0018_0035_0056_0056.jpg 1 18 35 56 56
0559_0026_0044_0042_0042.jpg 1 26 44 42 42
0560_0039_0022_0040_0040.jpg 1 39 22 40 40
0561_0040_0047_0036_0036.jpg 1 40 47 36 36
0562_0011_0009_0044_0044.jpg 1 11 9 44 44
0563_0019_0051_0036_0036.jpg 1 19 51 36 36
0564_0056_0036_0034_0034.jpg 1 56 36 34 34
0565_0022_0033_0055_0055.jpg 1 22 33 55 55
0566_0021_0013_0060_0060.jpg 1 21 13 60 60
0567_0013_0028_0027_0027.jpg 1 13 28 27 27
0568_0024_0012_0050_0050.jpg 1 24 12 50 50
0569_0020_0008_0040_0040.jpg 1 20 8 40 40
0570_0032_0031_0055_0055.jpg 1 32 31 55 55
0571_0038_0045_0045_0045.jpg 1 38 45 45 45
0572_0008_0011_0037_0037.jpg 1 8 11 37 37
0573_0027_0016_0069_0069.jpg 1 27 16 69 69
0574_0023_0022_0051_0051.jpg 1 23 22 51 51
0575_0005_0019_0049_0049.jpg 1 5 19 49 49
0576_0047_0037_0031_0031.jpg 1 47 37 31 31
0577_0017_0013_0064_0064.jpg 1 17 13 64 64
0578_0017_0029_0042_0042.jpg 1 17 29 42 42
0579_0023_0006_0066_0066.jpg 1 23 6 66 66
0580_0037_0031_0028_0028.jpg 1 37 31 28 28
0581_0026_0043_0050_0050.jpg 1 26 43 50 50
0582_0022_0028_0066_0066.jpg 1 22 28 66 66
0583_0007_0013_0054_0054.jpg 1 7 13 54 54
0584_0030_0016_0038_0038.jpg 1 30 16 38 38
0585_0040_0040_0039_0039.jpg 1 40 40 39 39
0586_0052_0044_0035_0035.jpg 1 52 44 35 35
0587_0039_0046_0034_0034.jpg 1 39 46 34 34
0588_0011_0004_0065_0065.jpg 1 11 4 65 65
0589_0039_0046_0032_0032.jpg 1 39 46 32 32
0590_0025_0024_0050_0050.jpg 1 25 24 50 50
0591_0030_0030_0028_0028.jpg 1 30 30 28 28
0592_0031_0025_0054_0054.jpg 1 31 25 54 54
0593_0018_0025_0036_0036.jpg 1 18 25 36 36
0594_0011_0053_0029_0029.jpg 1 11 53 29 29
0595_0049_0014_0033_0033.jpg 1 49 14 33 33
0596_0046_0025_0028_0028.jpg 1 46 25 28 28
0597_0036_0021_0049_0049.jpg 1 36 21 49 49
0598_0036_0035_0059_0059.jpg 1 36 35 59 59
0599_0016_0026_0036_0036.jpg 1 16 26 36 36
0600_0029_0028_0066_0066.jpg 1 29 28 66 66
0601_0022_0024_0066_0066.jpg 1 22 24 66 66
0602_0053_0018_0039_0039.jpg 1 53 18 39 39
0603_0041_0033_0032_0032.jpg 1 41 33 32 32
0604_0045_0019_0048_0048.jpg 1 45 19 48 48
0605_0012_0021_0049_0049.jpg 1 12 21 49 49
0606_0060_0057_0032_0032.jpg 1 60 57 32 32
0607_0019_0055_0026_0026.jpg 1 19 55 26 26
0608_0038_0066_0024_0024.jpg 1 38 66 24 24
0609_0019_0011_0064_0064.jpg 1 19 11 64 64
0610_0019_0030_0047_0047.jpg 1 19 30 47 47
0611_0055_0033_0032_0032.jpg 1 55 33 32 32
0612_0020_0009_0065_0065.jpg 1 20 9 65 65
0613_0044_0008_0040_0040.jpg 1 44 8 40 40
0614_0036_0014_0053_0053.jpg 1 36 14 53 53
0615_0017_0060_0026_0026.jpg 1 17 60 26 26
0616_0046_0050_0027_0027.jpg 1 46 50 27 27
0617_0006_0011_0054_0054.jpg 1 6 11 54 54
0618_0018_0025_0064_0064.jpg 1 18 25 64 64
0619_0012_0029_0065_0065.jpg 1 12 29 65 65
0620_0033_0029_0047_0047.jpg 1 33 29 47 47
0621_0019_0048_0032_0032.jpg 1 19 48 32 32
0622_0010_0038_0051_0051.jpg 1 10 38 51 51
0623_0030_0004_0057_0057.jpg 1 30 4 57 57
0624_0025_0018_0056_0056.jpg 1 25 18 56 56
0625_0015_0008_0067_0067.jpg 1 15 8 67 67
0626_0042_0052_0034_0034.jpg 1 42 52 34 34
0627_0024_0017_0052_0052.jpg 1 24 17 52 52
0628_0010_0010_0034_0034.jpg 1 10 10 34 34
0629_0009_0046_0024_0024.jpg 1 9 46 24 24
0630_0060_0043_0033_0033.jpg 1 60 43 33 33
0631_0049_0027_0027_0027.jpg 1 49 27 27 27
0632_0027_0053_0039_0039.jpg 1 27 53 39 39
0633_0009_0016_0069_0069.jpg 1 9 16 69 69
0634_0010_0028_0041_0041.jpg 1 10 28 41 41
0635_0013_0011_0054_0054.jpg 1 13 11 54 54
0636_0051_0017_0042_0042.jpg 1 51 17 42 42
0637_0023_0007_0069_0069.jpg 1 23 7 69 69
0638_0040_0016_0034_0034.jpg 1 40 16 34 34
0639_0008_0025_0067_0067.jpg 1 8 25 67 67
0640_0038_0017_0055_0055.jpg 1 38 17 55 55
0641_0018_0023_0024_0024.jpg 1 18 23 24 24
0642_0031_0025_0059_0059.jpg 1 31 25 59 59
0643_0031_0027_0038_0038.jpg 1 31 27 38 38
0644_0015_0026_0067_0067.jpg 1 15 26 67 67
0645_0033_0008_0030_0030.jpg 1 33 8 30 30
0646_0035_0029_0059_0059.jpg 1 35 29 59 59
0647_0016_0005_0046_0046.jpg 1 16 5 46 46
0648_0042_0047_0032_0032.jpg 1 42 47 32 32
0649_0031_0038_0054_0054.jpg 1 31 38 54 54
0650_0065_0047_0027_0027.jpg 1 65 47 27 27
0651_0032_0047_0045_0045.jpg 1 32 47 45 45
0652_0015_0021_0068_0068.jpg 1 15 21 68 68
0653_0008_0041_0049_0049.jpg 1 8 41 49 49
0654_0022_0009_0057_0057.jpg 1 22 9 57 57
0655_0018_0045_0027_0027.jpg 1 18 45 27 27
0656_0013_0047_0038_0038.jpg 1 13 47 38 38
0657_0030_0036_0055_0055.jpg 1 30 36 55 55
0658_0025_0009_0047_0047.jpg 1 25 9 47 47
0659_0028_0062_0030_0030.jpg 1 28 62 30 30
0660_0036_0036_0059_0059.jpg 1 36 36 59 59
0661_0036_0030_0042_0042.jpg 1 36 30 42 42
0662_0035_0018_0057_0057.jpg 1 35 18 57 57
0663_0010_0019_0038_0038.jpg 1 10 19 38 38
0664_0011_0049_0033_0033.jpg 1 11 49 33 33
0665_0015_0013_0060_0060.jpg 1 15 13 60 60
0666_0047_0048_0041_0041.jpg 1 47 48 41 41
0667_0053_0040_0036_0036.jpg 1 53 40 36 36
0668_0039_0056_0024_0024.jpg 1 39 56 24 24
0669_0020_0029_0054_0054.jpg 1 20 29 54 54
0670_0010_0043_0051_0051.jpg 1 10 43 51 51
0671_0025_0011_0062_0062.jpg 1 25 11 62 62
0672_0007_0043_0048_0048.jpg 1 7 43 48 48
0673_0045_0013_0029_0029.jpg 1 45 13 29 29
0674_0017_0037_0052_0052.jpg 1 17 37 52 52
0675_0051_0027_0024_0024.jpg 1 51 27 24 24
0676_0023_0047_0040_0040.jpg 1 23 47 40 40
0677_0049_0030_0027_0027.jpg 1 49 30 27 27
0678_0042_0014_0042_0042.jpg 1 42 14 42 42
0679_0010_0025_0050_0050.jpg 1 10 25 50 50
0680_0062_0026_0024_0024.jpg 1 62 26 24 24
0681_0030_0044_0048_0048.jpg 1 30 44 48 48
0682_0003_0025_0065_0065.jpg 1 3 25 65 65
0683_0012_0029_0067_0067.jpg 1 12 29 67 67
0684_0032_0036_0033_0033.jpg 1 32 36 33 33
0685_0010_0022_0069_0069.jpg 1 10 22 69 69
0686_0028_0026_0057_0057.jpg 1 28 26 57 57
0687_0024_0030_0053_0053.jpg 1 24 30 53 53
0688_0022_0048_0038_0038.jpg 1 22 48 38 38
0689_0030_0019_0065_0065.jpg 1 30 19 65 65
0690_0053_0020_0032_0032.jpg 1 53 20 32 32
0691_0021_0011_0051_0051.jpg 1 21 11 51 51
0692_0022_0028_0057_0057.jpg 1 22 28 57 57
0693_0024_0058_0031_0031.jpg 1 24 58 31 31
0694_0031_0007_0062_0062.jpg 1 31 7 62 62
0695_0058_0051_0028_0028.jpg 1 58 51 28 28
0696_0006_0016_0054_0054.jpg 1 6 16 54 54
0697_0011_0031_0063_0063.jpg 1 11 31 63 63
0698_0008_0023_0045_0045.jpg 1 8 23 45 45
0699_0035_0019_0025_0025.jpg 1 35 19 25 25
0700_0012_0033_0034_0034.jpg 1 12 33 34 34
0701_0030_0064_0025_0025.jpg 1 30 64 25 25
0702_0007_0027_0066_0066.jpg 1 7 27 66 66
0703_0019_0059_0026_0026.jpg 1 19 59 26 26
0704_0030_0044_0025_0025.jpg 1 30 44 25 25
0705_0006_0037_0058_0058.jpg 1 6 37 58 58
0706_0003_0008_0065_0065.jpg 1 3 8 65 65
0707_0028_0005_0068_0068.jpg 1 28 5 68 68
0708_0024_0007_0059_0059.jpg 1 24 7 59 59
0709_0007_0043_0042_0042.jpg 1 7 43 42 42
0710_0011_0030_0049_0049.jpg 1 11 30 49 49
0711_0017_0007_0049_0049.jpg 1 17 7 49 49
0712_0046_0041_0040_0040.jpg 1 46 41 40 40
0713_0017_0007_0068_0068.jpg 1 17 7 68 68
0714_0018_0033_0055_0055.jpg 1 18 33 55 55
0715_0031_0029_0060_0060.jpg 1 31 29 60 60
0716_0009_0028_0064_0064.jpg 1 9 28 64 64
0717_0023_0022_0058_0058.jpg 1 23 22 58 58
0718_0004_0019_0065_0065.jpg 1 4 19 65 65
0719_0013_0048_0046_0046.jpg 1 13 48 46 46
0720_0006_0040_0044_0044.jpg 1 6 40 44 44
0721_0040_0048_0046_0046.jpg 1 40 48 46 46
0722_0040_0027_0027_0027.jpg 1 40 27 27 27
0723_0055_0050_0024_0024.jpg 1 55 50 24 24
0724_0010_0022_0064_0064.jpg 1 10 22 64 64
0725_0023_0023_0040_0040.jpg 1 23 23 40 40
0726_0011_0007_0068_0068.jpg 1 11 7 68 68
0727_0020_0036_0059_0059.jpg 1 20 36 59 59
0728_0056_0025_0027_0027.jpg 1 56 25 27 27
0729_0028_0030_0026_0026.jpg 1 28 30 26 26
0730_0029_0029_0059_0059.jpg 1 29 29 59 59
0731_0003_0022_0069_0069.jpg 1 3 22 69 69
0732_0018_0007_0033_0033.jpg 1 18 7 33 33
0733_0041_0027_0048_0048.jpg 1 41 27 48 48
0734_0017_0013_0062_0062.jpg 1 17 13 62 62
0735_0059_0045_0033_0033.jpg 1 59 45 33 33
0736_0010_0029_0060_0060.jpg 1 10 29 60 60
0737_0003_0026_0068_0068.jpg 1 3 26 68 68
0738_0025_0026_0033_0033.jpg 1 25 26 33 33
0739_0045_0019_0028_0028.jpg 1 45 19 28 28
0740_0033_0025_0046_0046.jpg 1 33 25 46 46
0741_0018_0025_0061_0061.jpg 1 18 25 61 61
0742_0024_0060_0024_0024.jpg 1 24 60 24 24
0743_0014_0030_0065_0065.jpg 1 14 30 65 65
0744_0033_0046_0038_0038.jpg 1 33 46 38 38
0745_0006_0012_0067_0067.jpg 1 6 12 67 67
0746_0015_0005_0063_0063.jpg 1 15 5 63 63
0747_0025_0015_0041_0041.jpg 1 25 15 41 41
0748_0031_0008_0054_0054.jpg 1 31 8 54 54
0749_0024_0040_0029_0029.jpg 1 24 40 29 29
0750_0038_0018_0054_0054.jpg 1 38 18 54 54
0751_0023_0061_0024_0024.jpg 1 23 61 24 24
0752_0028_0023_0064_0064.jpg 1 28 23 64 64
0753_0038_0054_0037_0037.jpg 1 38 54 37 37
0754_0043_0017_0040_0040.jpg 1 43 17 40 40
0755_0015_0015_0069_0069.jpg 1 15 15 69 69
0756_0054_0050_0036_0036.jpg 1 54 50 36 36
0757_0020_0045_0034_0034.jpg 1 20 45 34 34
0758_0016_0019_0052_0052.jpg 1 16 19 52 52
0759_0064_0009_0027_0027.jpg 1 64 9 27 27
0760_0008_0013_0066_0066.jpg 1 8 13 66 66
0761_0048_0043_0044_0044.jpg 1 48 43 44 44
0762_0034_0006_0036_0036.jpg 1 34 6 36 36
0763_0026_0054_0037_0037.jpg 1 26 54 37 37
0764_0030_0045_0042_0042.jpg 1 30 45 42 42
0765_0008_0006_0032_0032.jpg 1 8 6 32 32
0766_0026_0021_0050_0050.jpg 1 26 21 50 50
0767_0020_0039_0048_0048.jpg 1 20 39 48 48
0768_0004_0013_0065_0065.jpg 1 4 13 65 65
0769_0041_0059_0032_0032.jpg 1 41 59 32 32
0770_0054_0020_0030_0030.jpg 1 54 20 30 30
0771_0023_0029_0063_0063.jpg 1 23 29 63 63
0772_0031_0027_0046_0046.jpg 1 31 27 46 46
0773_0006_0056_0033_0033.jpg 1 6 56 33 33
0774_0047_0019_0042_0042.jpg 1 47 19 42 42
0775_0029_0024_0028_0028.jpg 1 29 24 28 28
0776_0063_0053_0029_0029.jpg 1 63 53 29 29
0777_0013_0039_0038_0038.jpg 1 13 39 38 38
0778_0029_0030_0047_0047.jpg 1 29 30 47 47
0779_0037_0039_0037_0037.jpg 1 37 39 37 37
0780_0038_0026_0055_0055.jpg 1 38 26 55 55
0781_0004_0010_0062_0062.jpg 1 4 10 62 62
0782_0030_0038_0030_0030.jpg 1 30 38 30 30
0783_0016_0013_0063_0063.jpg 1 16 13 63 63
0784_0040_0038_0052_0052.jpg 1 40 38 52 52
0785_0036_0009_0055_0055.jpg 1 36 9 55 55
0786_0038_0036_0032_0032.jpg 1 38 36 32 32
0787_0020_0028_0057_0057.jpg 1 20 28 57 57
0788_0024_0027_0057_0057.jpg 1 24 27 57 57
0789_0022_0035_0039_0039.jpg 1 22 35 39 39
0790_0020_0028_0056_0056.jpg 1 20 28 56 56
0791_0030_0060_0028_0028.jpg 1 30 60 28 28
0792_0016_0055_0033_0033.jpg 1 16 55 33 33
0793_0036_0017_0058_0058.jpg 1 36 17 58 58
0794_0045_0044_0036_0036.jpg 1 45 44 36 36
0795_0047_0028_0033_0033.jpg 1 47 28 33 33
0796_0029_0014_0063_0063.jpg 1 29 14 63 63
0797_0019_0030_0060_0060.jpg 1 19 30 60 60
0798_0039_0056_0028_0028.jpg 1 39 56 28 28
0799_0035_0046_0028_0028.jpg 1 35 46 28 28
0800_0007_0007_0062_0062.jpg 1 7 7 62 62
0801_0052_0050_0041_0041.jpg 1 52 50 41 41
0802_0020_0011_0044_0044.jpg 1 20 11 44 44
0803_0036_0034_0043_0043.jpg 1 36 34 43 43
0804_0044_0054_0038_0038.jpg 1 44 54 38 38
0805_0011_0006_0059_0059.jpg 1 11 6 59 59
0806_0040_0039_0053_0053.jpg 1 40 39 53 53
0807_0038_0041_0052_0052.jpg 1 38 41 52 52
0808_0018_0012_0048_0048.jpg 1 18 12 48 48
0809_0048_0008_0040_0040.jpg 1 48 8 40 40
0810_0052_0012_0034_0034.jpg 1 52 12 34 34
0811_0053_0021_0035_0035.jpg 1 53 21 35 35
0812_0015_0003_0067_0067.jpg 1 15 3 67 67
0813_0010_0038_0055_0055.jpg 1 10 38 55 55
0814_0024_0041_0025_0025.jpg 1 24 41 25 25
0815_0012_0018_0045_0045.jpg 1 12 18 45 45
0816_0049_0026_0028_0028.jpg 1 49 26 28 28
0817_0006_0005_0048_0048.jpg 1 6 5 48 48
0818_0027_0044_0033_0033.jpg 1 27 44 33 33
0819_0013_0022_0047_0047.jpg 1 13 22 47 47
0820_0032_0026_0036_0036.jpg 1 32 26 36 36
0821_0023_0009_0026_0026.jpg 1 23 9 26 26
0822_0015_0010_0055_0055.jpg 1 15 10 55 55
0823_0024_0017_0041_0041.jpg 1 24 17 41 41
0824_0025_0023_0052_0052.jpg 1 25 23 52 52
0825_0055_0017_0035_0035.jpg 1 55 17 35 35
0826_0015_0012_0069_0069.jpg 1 15 12 69 69
0827_0018_0017_0035_0035.jpg 1 18 17 35 35
0828_0040_0028_0036_0036.jpg 1 40 28 36 36
0829_0010_0010_0042_0042.jpg 1 10 10 42 42
0830_0049_0021_0026_0026.jpg 1 49 21 26 26
0831_0014_0029_0051_0051.jpg 1 14 29 51 51
0832_0004_0021_0058_0058.jpg 1 4 21 58 58
0833_0019_0028_0049_0049.jpg 1 19 28 49 49
0834_0027_0005_0053_0053.jpg 1 27 5 53 53
0835_0019_0016_0069_0069.jpg 1 19 16 69 69
0836_0028_0039_0039_0039.jpg 1 28 39 39 39
0837_0011_0034_0060_0060.jpg 1 11 34 60 60
0838_0013_0019_0039_0039.jpg 1 13 19 39 39
0839_0012_0025_0044_0044.jpg 1 12 25 44 44
0840_0021_0007_0066_0066.jpg 1 21 7 66 66
0841_0029_0030_0041_0041.jpg 1 29 30 41 41
0842_0016_0028_0058_0058.jpg 1 16 28 58 58
0843_0022_0032_0061_0061.jpg 1 22 32 61 61
0844_0025_0009_0054_0054.jpg 1 25 9 54 54
0845_0027_0016_0056_0056.jpg 1 27 16 56 56
0846_0019_0022_0057_0057.jpg 1 19 22 57 57
0847_0011_0024_0067_0067.jpg 1 11 24 67 67
0848_0045_0012_0048_0048.jpg 1 45 12 48 48
0849_0025_0025_0069_0069.jpg 1 25 25 69 69
0850_0010_0040_0052_0052.jpg 1 10 40 52 52
0851_0007_0011_0056_0056.jpg 1 7 11 56 56
0852_0016_0010_0068_0068.jpg 1 16 10 68 68
0853_0015_0017_0032_0032.jpg 1 15 17 32 32
0854_0011_0013_0067_0067.jpg 1 11 13 67 67
0855_0038_0035_0045_0045.jpg 1 38 35 45 45
0856_0007_0016_0064_0064.jpg 1 7 16 64 64
0857_0021_0031_0065_0065.jpg 1 21 31 65 65
0858_0016_0017_0051_0051.jpg 1 16 17 51 51
0859_0034_0009_0040_0040.jpg 1 34 9 40 40
0860_0007_0023_0047_0047.jpg 1 7 23 47 47
0861_0026_0004_0065_0065.jpg 1 26 4 65 65
0862_0012_0029_0050_0050.jpg 1 12 29 50 50
0863_0026_0049_0045_0045.jpg 1 26 49 45 45
0864_0059_0024_0025_0025.jpg 1 59 24 25 25
0865_0019_0016_0069_0069.jpg 1 19 16 69 69
0866_0011_0029_0067_0067.jpg 1 11 29 67 67
0867_0048_0040_0042_0042.jpg 1 48 40 42 42
0868_0044_0014_0043_0043.jpg 1 44 14 43 43
0869_0012_0022_0049_0049.jpg 1 12 22 49 49
0870_0029_0017_0030_0030.jpg 1 29 17 30 30
0871_0019_0019_0057_0057.jpg 1 19 19 57 57
0872_0020_0034_0051_0051.jpg 1 20 34 51 51
0873_0036_0051_0025_0025.jpg 1 36 51 25 25
0874_0048_0023_0029_0029.jpg 1 48 23 29 29
0875_0013_0043_0049_0049.jpg 1 13 43 49 49
0876_0046_0050_0042_0042.jpg 1 46 50 42 42
0877_0048_0008_0041_0041.jpg 1 48 8 41 41
0878_0031_0006_0055_0055.jpg 1 31 6 55 55
0879_0020_0025_0027_0027.jpg 1 20 25 27 27
0880_0005_0019_0062_0062.jpg 1 5 19 62 62
0881_0029_0009_0057_0057.jpg 1 29 9 57 57
0882_0063_0056_0025_0025.jpg 1 63 56 25 25
0883_0008_0044_0043_0043.jpg 1 8 44 43 43
0884_0007_0028_0065_0065.jpg 1 7 28 65 65
0885_0037_0052_0033_0033.jpg 1 37 52 33 33
0886_0023_0013_0067_0067.jpg 1 23 13 67 67
0887_0028_0030_0045_0045.jpg 1 28 30 45 45
0888_0061_0053_0025_0025.jpg 1 61 53 25 25
0889_0024_0012_0051_0051.jpg 1 24 12 51 51
0890_0024_0042_0051_0051.jpg 1 24 42 51 51
0891_0016_0029_0063_0063.jpg 1 16 29 63 63
0892_0039_0011_0035_0035.jpg 1 39 11 35 35
0893_0043_0033_0038_0038.jpg 1 43 33 38 38
0894_0025_0026_0024_0024.jpg 1 25 26 24 24
0895_0054_0061_0026_0026.jpg 1 54 61 26 26
0896_0019_0005_0058_0058.jpg 1 19 5 58 58
0897_0005_0006_0050_0050.jpg 1 5 6 50 50
0898_0030_0033_0047_0047.jpg 1 30 33 47 47
0899_0050_0008_0035_0035.jpg 1 50 8 35 35
0900_0044_0020_0043_0043.jpg 1 44 20 43 43
0901_0017_0031_0031_0031.jpg 1 17 31 31 31
0902_0034_0023_0061_0061.jpg 1 34 23 61 61
0903_0021_0007_0035_0035.jpg 1 21 7 35 35
0904_0046_0011_0048_0048.jpg 1 46 11 48 48
0905_0016_0014_0063_0063.jpg 1 16 14 63 63
0906_0008_0009_0059_0059.jpg 1 8 9 59 59
0907_0061_0052_0031_0031.jpg 1 61 52 31 31
0908_0007_0020_0042_0042.jpg 1 7 20 42 42
0909_0013_0034_0048_0048.jpg 1 13 34 48 48
0910_0024_0016_0033_0033.jpg 1 24 16 33 33
0911_0028_0032_0059_0059.jpg 1 28 32 59 59
0912_0037_0020_0044_0044.jpg 1 37 20 44 44
0913_0030_0004_0060_0060.jpg 1 30 4 60 60
0914_0022_0024_0068_0068.jpg 1 22 24 68 68
0915_0022_0012_0058_0058.jpg 1 22 12 58 58
0916_0023_0017_0037_0037.jpg 1 23 17 37 37
0917_0022_0030_0066_0066.jpg 1 22 30 66 66
0918_0011_0029_0028_0028.jpg 1 11 29 28 28
0919_0015_0020_0061_0061.jpg 1 15 20 61 61
0920_0020_0028_0044_0044.jpg 1 20 28 44 44
0921_0028_0009_0046_0046.jpg 1 28 9 46 46
0922_0014_0036_0058_0058.jpg 1 14 36 58 58
0923_0047_0033_0026_0026.jpg 1 47 33 26 26
0924_0016_0047_0042_0042.jpg 1 16 47 42 42
0925_0007_0009_0044_0044.jpg 1 7 9 44 44
0926_0048_0034_0032_0032.jpg 1 48 34 32 32
0927_0009_0045_0046_0046.jpg 1 9 45 46 46
0928_0028_0009_0052_0052.jpg 1 28 9 52 52
0929_0030_0018_0051_0051.jpg 1 30 18 51 51
0930_0032_0036_0049_0049.jpg 1 32 36 49 49
0931_0013_0007_0060_0060.jpg 1 13 7 60 60
0932_0039_0041_0050_0050.jpg 1 39 41 50 50
0933_0050_0038_0038_0038.jpg 1 50 38 38 38
0934_0028_0029_0047_0047.jpg 1 28 29 47 47
0935_0023_0058_0033_0033.jpg 1 23 58 33 33
0936_0017_0033_0058_0058.jpg 1 17 33 58 58
0937_0029_0040_0042_0042.jpg 1 29 40 42 42
0938_0006_0032_0057_0057.jpg 1 6 32 57 57
0939_0023_0028_0057_0057.jpg 1 23 28 57 57
0940_0030_0027_0061_0061.jpg 1 30 27 61 61
0941_0055_0021_0030_0030.jpg 1 55 21 30 30
0942_0033_0051_0040_0040.jpg 1 33 51 40 40
0943_0042_0012_0052_0052.jpg 1 42 12 52 52
0944_0008_0005_0066_0066.jpg 1 8 5 66 66
0945_0009_0043_0036_0036.jpg 1 9 43 36 36
0946_0042_0008_0043_0043.jpg 1 42 8 43 43
0947_0030_0033_0063_0063.jpg 1 30 33 63 63
0948_0035_0034_0045_0045.jpg 1 35 34 45 45
0949_0027_0006_0068_0068.jpg 1 27 6 68 68
0950_0050_0043_0030_0030.jpg 1 50 43 30 30
0951_0016_0022_0034_0034.jpg 1 16 22 34 34
0952_0034_0017_0043_0043.jpg 1 34 17 43 43
0953_0011_0058_0032_0032.jpg 1 11 58 32 32
0954_0033_0042_0043_0043.jpg 1 33 42 43 43
0955_0010_0048_0041_0041.jpg 1 10 48 41 41
0956_0013_0023_0064_0064.jpg 1 13 23 64 64
0957_0018_0036_0053_0053.jpg 1 18 36 53 53
0958_0006_0004_0069_0069.jpg 1 6 4 69 69
0959_0024_0014_0066_0066.jpg 1 24 14 66 66
0960_0013_0019_0066_0066.jpg 1 13 19 66 66
0961_0012_0023_0065_0065.jpg 1 12 23 65 65
0962_0014_0038_0046_0046.jpg 1 14 38 46 46
0963_0034_0007_0032_0032.jpg 1 34 7 32 32
0964_0030_0028_0051_0051.jpg 1 30 28 51 51
0965_0009_0022_0056_0056.jpg 1 9 22 56 56
0966_0055_0008_0036_0036.jpg 1 55 8 36 36
0967_0019_0042_0053_0053.jpg 1 19 42 53 53
0968_0039_0034_0040_0040.jpg 1 39 34 40 40
0969_0037_0038_0037_0037.jpg 1 37 38 37 37
0970_0049_0019_0042_0042.jpg 1 49 19 42 42
0971_0016_0021_0024_0024.jpg 1 16 21 24 24
0972_0033_0018_0040_0040.jpg 1 33 18 40 40
0973_0029_0020_0065_0065.jpg 1 29 20 65 65
0974_0024_0013_0045_0045.jpg 1 24 13 45 45
0975_0028_0050_0027_0027.jpg 1 28 50 27 27
0976_0050_0038_0039_0039.jpg 1 50 38 39 39
0977_0031_0026_0054_0054.jpg 1 31 26 54 54
0978_0032_0007_0036_0036.jpg 1 32 7 36 36
0979_0026_0046_0032_0032.jpg 1 26 46 32 32
0980_0026_0006_0065_0065.jpg 1 26 6 65 65
0981_0025_0016_0050_0050.jpg 1 25 16 50 50
0982_0014_0020_0054_0054.jpg 1 14 20 54 54
0983_0008_0022_0039_0039.jpg 1 8 22 39 39
0984_0054_0047_0037_0037.jpg 1 54 47 37 37
0985_0025_0023_0069_0069.jpg 1 25 23 69 69
0986_0014_0013_0069_0069.jpg 1 14 13 69 69
0987_0026_0019_0069_0069.jpg 1 26 19 69 69
0988_0017_0007_0061_0061.jpg 1 17 7 61 61
0989_0038_0045_0047_0047.jpg 1 38 45 47 47
0990_0041_0032_0050_0050.jpg 1 41 32 50 50
0991_0033_0061_0025_0025.jpg 1 33 61 25 25
0992_0026_0030_0046_0046.jpg 1 26 30 46 46
0993_0032_0031_0037_0037.jpg 1 32 31 37 37
0994_0060_0038_0030_0030.jpg 1 60 38 30 30
0995_0043_0065_0025_0025.jpg 1 43 65 25 25
0996_0028_0046_0026_0026.jpg 1 28 46 26 26
0997_0019_0031_0052_0052.jpg 1 19 31 52 52
0998_0009_0054_0039_0039.jpg 1 9 54 39 39
0999_0023_0055_0024_0024.jpg 1 23 55 24 24
1000_0028_0013_0063_0063.jpg 1 28 13 63 63
1001_0044_0019_0048_0048.jpg 1 44 19 48 48
1002_0005_0022_0065_0065.jpg 1 5 22 65 65
1003_0054_0036_0035_0035.jpg 1 54 36 35 35
1004_0033_0019_0044_0044.jpg 1 33 19 44 44
1005_0049_0051_0038_0038.jpg 1 49 51 38 38
1006_0053_0050_0027_0027.jpg 1 53 50 27 27
1007_0037_0024_0051_0051.jpg 1 37 24 51 51
1008_0018_0015_0029_0029.jpg 1 18 15 29 29
1009_0031_0035_0034_0034.jpg 1 31 35 34 34
1010_0017_0039_0052_0052.jpg 1 17 39 52 52
1011_0032_0036_0031_0031.jpg 1 32 36 31 31
1012_0043_0043_0034_0034.jpg 1 43 43 34 34
1013_0040_0009_0031_0031.jpg 1 40 9 31 31
1014_0031_0025_0047_0047.jpg 1 31 25 47 47
1015_0026_0026_0065_0065.jpg 1 26 26 65 65
1016_0025_0040_0052_0052.jpg 1 25 40 52 52
1017_0031_0020_0053_0053.jpg 1 31 20 53 53
1018_0026_0016_0059_0059.jpg 1 26 16 59 59
1019_0055_0012_0035_0035.jpg 1 55 12 35 35
1020_0009_0014_0068_0068.jpg 1 9 14 68 68
1021_0038_0046_0038_0038.jpg 1 38 46 38 38
1022_0004_0004_0069_0069.jpg 1 4 4 69 69
1023_0024_0007_0067_0067.jpg 1 24 7 67 67
1024_0039_0029_0025_0025.jpg 1 39 29 25 25
1025_0023_0018_0052_0052.jpg 1 23 18 52 52
1026_0017_0029_0055_0055.jpg 1 17 29 55 55
1027_0017_0016_0046_0046.jpg 1 17 16 46 46
1028_0033_0020_0035_0035.jpg 1 33 20 35 35
1029_0029_0024_0066_0066.jpg 1 29 24 66 66
1030_0017_0029_0048_0048.jpg 1 17 29 48 48
1031_0013_0055_0029_0029.jpg 1 13 55 29 29
1032_0010_0023_0064_0064.jpg 1 10 23 64 64
1033_0041_0028_0052_0052.jpg 1 41 28 52 52
1034_0035_0038_0039_0039.jpg 1 35 38 39 39
1035_0037_0032_0036_0036.jpg 1 37 32 36 36
1036_0018_0025_0057_0057.jpg 1 18 25 57 57
1037_0033_0018_0056_0056.jpg 1 33 18 56 56
1038_0042_0048_0027_0027.jpg 1 42 48 27 27
1039_0044_0042_0044_0044.jpg 1 44 42 44 44
1040_0030_0007_0065_0065.jpg 1 30 7 65 65
1041_0030_0010_0053_0053.jpg 1 30 10 53 53
1042_0011_0030_0052_0052.jpg 1 11 30 52 52
1043_0025_0015_0062_0062.jpg 1 25 15 62 62
1044_0037_0022_0039_0039.jpg 1 37 22 39 39
1045_0049_0020_0039_0039.jpg 1 49 20 39 39
1046_0012_0027_0036_0036.jpg 1 12 27 36 36
1047_0026_0029_0063_0063.jpg 1 26 29 63 63
1048_0012_0014_0037_0037.jpg 1 12 14 37 37
1049_0010_0019_0056_0056.jpg 1 10 19 56 56
1050_0017_0060_0029_0029.jpg 1 17 60 29 29
1051_0037_0050_0034_0034.jpg 1 37 50 34 34
1052_0031_0043_0027_0027.jpg 1 31 43 27 27
1053_0031_0027_0041_0041.jpg 1 31 27 41 41
1054_0037_0013_0033_0033.jpg 1 37 13 33 33
1055_0015_0030_0053_0053.jpg 1 15 30 53 53
1056_0028_0018_0046_0046.jpg 1 28 18 46 46
1057_0039_0035_0047_0047.jpg 1 39 35 47 47
1058_0034_0039_0052_0052.jpg 1 34 39 52 52
1059_0022_0025_0067_0067.jpg 1 22 25 67 67
1060_0014_0021_0054_0054.jpg 1 14 21 54 54
1061_0039_0047_0034_0034.jpg 1 39 47 34 34
1062_0032_0015_0049_0049.jpg 1 32 15 49 49
1063_0046_0053_0035_0035.jpg 1 46 53 35 35
1064_0039_0060_0026_0026.jpg 1 39 60 26 26
1065_0021_0016_0050_0050.jpg 1 21 16 50 50
1066_0018_0008_0067_0067.jpg 1 18 8 67 67
1067_0057_0016_0025_0025.jpg 1 57 16 25 25
1068_0013_0016_0057_0057.jpg 1 13 16 57 57
1069_0042_0040_0049_0049.jpg 1 42 40 49 49
1070_0054_0046_0034_0034.jpg 1 54 46 34 34
1071_0009_0058_0035_0035.jpg 1 9 58 35 35
1072_0017_0051_0026_0026.jpg 1 17 51 26 26
1073_0055_0053_0031_0031.jpg 1 55 53 31 31
1074_0012_0021_0030_0030.jpg 1 12 21 30 30
1075_0043_0020_0050_0050.jpg 1 43 20 50 50
1076_0017_0033_0032_0032.jpg 1 17 33 32 32
1077_0027_0017_0068_0068.jpg 1 27 17 68 68
1078_0012_0041_0051_0051.jpg 1 12 41 51 51
1079_0041_0015_0053_0053.jpg 1 41 15 53 53
1080_0039_0031_0036_0036.jpg 1 39 31 36 36
1081_0033_0032_0056_0056.jpg 1 33 32 56 56
1082_0052_0026_0034_0034.jpg 1 52 26 34 34
1083_0039_0049_0042_0042.jpg 1 39 49 42 42
1084_0018_0028_0025_0025.jpg 1 18 28 25 25
1085_0035_0017_0044_0044.jpg 1 35 17 44 44
1086_0033_0043_0046_0046.jpg 1 33 43 46 46
1087_0028_0038_0027_0027.jpg 1 28 38 27 27
1088_0023_0016_0061_0061.jpg 1 23 16 61 61
1089_0021_0013_0054_0054.jpg 1 21 13 54 54
1090_0015_0031_0042_0042.jpg 1 15 31 42 42
1091_0017_0039_0036_0036.jpg 1 17 39 36 36
1092_0034_0031_0058_0058.jpg 1 34 31 58 58
1093_0017_0038_0036_0036.jpg 1 17 38 36 36
1094_0016_0039_0041_0041.jpg 1 16 39 41 41
1095_0018_0010_0068_0068.jpg 1 18 10 68 68
1096_0009_0023_0062_0062.jpg 1 9 23 62 62
1097_0019_0010_0067_0067.jpg 1 19 10 67 67
1098_0055_0052_0032_0032.jpg 1 55 52 32 32
1099_0029_0019_0057_0057.jpg 1 29 19 57 57
1100_0025_0020_0030_0030.jpg 1 25 20 30 30
1101_0055_0012_0029_0029.jpg 1 55 12 29 29
1102_0005_0019_0067_0067.jpg 1 5 19 67 67
1103_0040_0038_0025_0025.jpg 1 40 38 25 25
1104_0027_0045_0032_0032.jpg 1 27 45 32 32
1105_0038_0032_0040_0040.jpg 1 38 32 40 40
1106_0005_0035_0059_0059.jpg 1 5 35 59 59
1107_0042_0025_0052_0052.jpg 1 42 25 52 52
1108_0009_0043_0030_0030.jpg 1 9 43 30 30
1109_0013_0034_0041_0041.jpg 1 13 34 41 41
1110_0008_0043_0035_0035.jpg 1 8 43 35 35
1111_0028_0030_0028_0028.jpg 1 28 30 28 28
1112_0009_0004_0063_0063.jpg 1 9 4 63 63
1113_0033_0017_0055_0055.jpg 1 33 17 55 55
1114_0031_0030_0036_0036.jpg 1 31 30 36 36
1115_0029_0030_0065_0065.jpg 1 29 30 65 65
1116_0017_0034_0048_0048.jpg 1 17 34 48 48
1117_0047_0009_0046_0046.jpg 1 47 9 46 46
1118_0032_0047_0035_0035.jpg 1 32 47 35 35
1119_0015_0019_0036_0036.jpg 1 15 19 36 36
1120_0023_0035_0055_0055.jpg 1 23 35 55 55
1121_0024_0028_0066_0066.jpg 1 24 28 66 66
1122_0019_0026_0064_0064.jpg 1 19 26 64 64
1123_0055_0053_0026_0026.jpg 1 55 53 26 26
1124_0007_0021_0033_0033.jpg 1 7 21 33 33
1125_0020_0046_0035_0035.jpg 1 20 46 35 35
1126_0039_0043_0044_0044.jpg 1 39 43 44 44
1127_0018_0020_0050_0050.jpg 1 18 20 50 50
1128_0021_0040_0049_0049.jpg 1 21 40 49 49
1129_0029_0050_0036_0036.jpg 1 29 50 36 36
1130_0015_0039_0050_0050.jpg 1 15 39 50 50
1131_0021_0017_0051_0051.jpg 1 21 17 51 51
1132_0021_0011_0050_0050.jpg 1 21 11 50 50
1133_0020_0042_0042_0042.jpg 1 20 42 42 42
1134_0012_0012_0037_0037.jpg 1 12 12 37 37
1135_0015_0014_0050_0050.jpg 1 15 14 50 50
1136_0036_0028_0059_0059.jpg 1 36 28 59 59
1137_0054_0053_0031_0031.jpg 1 54 53 31 31
1138_0016_0008_0046_0046.jpg 1 16 8 46 46
1139_0026_0008_0059_0059.jpg 1 26 8 59 59
1140_0016_0006_0042_0042.jpg 1 16 6 42 42
1141_0029_0049_0033_0033.jpg 1 29 49 33 33
1142_0029_0040_0030_0030.jpg 1 29 40 30 30
1143_0010_0011_0035_0035.jpg 1 10 11 35 35
1144_0012_0026_0047_0047.jpg 1 12 26 47 47
1145_0034_0030_0055_0055.jpg 1 34 30 55 55
1146_0027_0020_0061_0061.jpg 1 27 20 61 61
1147_0051_0015_0038_0038.jpg 1 51 15 38 38
1148_0024_0007_0068_0068.jpg 1 24 7 68 68
1149_0012_0017_0041_0041.jpg 1 12 17 41 41
1150_0009_0025_0061_0061.jpg 1 9 25 61 61
1151_0050_0048_0028_0028.jpg 1 50 48 28 28
1152_0009_0006_0049_0049.jpg 1 9 6 49 49
1153_0013_0026_0064_0064.jpg 1 13 26 64 64
1154_0036_0060_0029_0029.jpg 1 36 60 29 29
1155_0012_0018_0065_0065.jpg 1 12 18 65 65
1156_0035_0017_0054_0054.jpg 1 35 17 54 54
1157_0019_0016_0068_0068.jpg 1 19 16 68 68
1158_0031_0033_0024_0024.jpg 1 31 33 24 24
1159_0013_0020_0032_0032.jpg 1 13 20 32 32
1160_0025_0005_0059_0059.jpg 1 25 5 59 59
1161_0009_0036_0052_0052.jpg 1 9 36 52 52
1162_0054_0016_0031_0031.jpg 1 54 16 31 31
1163_0032_0031_0029_0029.jpg 1 32 31 29 29
1164_0017_0029_0064_0064.jpg 1 17 29 64 64
1165_0009_0035_0051_0051.jpg 1 9 35 51 51
1166_0060_0063_0029_0029.jpg 1 60 63 29 29
1167_0027_0028_0065_0065.jpg 1 27 28 65 65
1168_0016_0004_0066_0066.jpg 1 16 4 66 66
1169_0048_0027_0039_0039.jpg 1 48 27 39 39
1170_0011_0026_0068_0068.jpg 1 11 26 68 68
1171_0032_0005_0055_0055.jpg 1 32 5 55 55
1172_0031_0005_0062_0062.jpg 1 31 5 62 62
1173_0047_0045_0029_0029.jpg 1 47 45 29 29
1174_0042_0015_0051_0051.jpg 1 42 15 51 51
1175_0018_0017_0049_0049.jpg 1 18 17 49 49
1176_0050_0047_0027_0027.jpg 1 50 47 27 27
1177_0014_0015_0064_0064.jpg 1 14 15 64 64
1178_0019_0026_0060_0060.jpg 1 19 26 60 60
1179_0030_0047_0040_0040.jpg 1 30 47 40 40
1180_0012_0004_0064_0064.jpg 1 12 4 64 64
1181_0021_0019_0064_0064.jpg 1 21 19 64 64
1182_0019_0010_0050_0050.jpg 1 19 10 50 50
1183_0025_0006_0057_0057.jpg 1 25 6 57 57
1184_0024_0033_0040_0040.jpg 1 24 33 40 40
1185_0033_0022_0054_0054.jpg 1 33 22 54 54
1186_0017_0035_0028_0028.jpg 1 17 35 28 28
1187_0007_0035_0053_0053.jpg 1 7 35 53 53
1188_0040_0006_0052_0052.jpg 1 40 6 52 52
1189_0051_0067_0024_0024.jpg 1 51 67 24 24
1190_0018_0026_0049_0049.jpg 1 18 26 49 49
1191_0048_0009_0039_0039.jpg 1 48 9 39 39
1192_0026_0022_0062_0062.jpg 1 26 22 62 62
1193_0006_0044_0042_0042.jpg 1 6 44 42 42
1194_0014_0017_0053_0053.jpg 1 14 17 53 53
1195_0047_0050_0040_0040.jpg 1 47 50 40 40
1196_0022_0010_0063_0063.jpg 1 22 10 63 63
1197_0029_0017_0036_0036.jpg 1 29 17 36 36
1198_0021_0014_0028_0028.jpg 1 21 14 28 28
1199_0032_0007_0062_0062.jpg 1 32 7 62 62
1200_0022_0022_0061_0061.jpg 1 22 22 61 61
1201_0010_0031_0039_0039.jpg 1 10 31 39 39
1202_0015_0021_0061_0061.jpg 1 15 21 61 61
1203_0026_0032_0062_0062.jpg 1 26 32 62 62
1204_0035_0040_0046_0046.jpg 1 35 40 46 46
1205_0028_0012_0026_0026.jpg 1 28 12 26 26
1206_0031_0028_0059_0059.jpg 1 31 28 59 59
1207_0030_0039_0051_0051.jpg 1 30 39 51 51
1208_0010_0012_0042_0042.jpg 1 10 12 42 42
1209_0024_0015_0066_0066.jpg 1 24 15 66 66
1210_0003_0021_0065_0065.jpg 1 3 21 65 65
1211_0020_0034_0032_0032.jpg 1 20 34 32 32
1212_0010_0009_0069_0069.jpg 1 10 9 69 69
1213_0018_0027_0065_0065.jpg 1 18 27 65 65
1214_0033_0011_0061_0061.jpg 1 33 11 61 61
1215_0036_0005_0054_0054.jpg 1 36 5 54 54
1216_0021_0009_0030_0030.jpg 1 21 9 30 30
1217_0011_0023_0068_0068.jpg 1 11 23 68 68
1218_0040_0032_0033_0033.jpg 1 40 32 33 33
1219_0045_0006_0047_0047.jpg 1 45 6 47 47
1220_0019_0029_0025_0025.jpg 1 19 29 25 25
1221_0062_0008_0027_0027.jpg 1 62 8 27 27
1222_0006_0032_0063_0063.jpg 1 6 32 63 63
1223_0036_0013_0028_0028.jpg 1 36 13 28 28
1224_0011_0005_0064_0064.jpg 1 11 5 64 64
1225_0016_0042_0041_0041.jpg 1 16 42 41 41
1226_0022_0011_0065_0065.jpg 1 22 11 65 65
1227_0018_0020_0065_0065.jpg 1 18 20 65 65
1228_0019_0023_0038_0038.jpg 1 19 23 38 38
1229_0007_0017_0069_0069.jpg 1 7 17 69 69
1230_0046_0029_0029_0029.jpg 1 46 29 29 29
1231_0024_0038_0052_0052.jpg 1 24 38 52 52
1232_0024_0005_0053_0053.jpg 1 24 5 53 53
1233_0027_0013_0065_0065.jpg 1 27 13 65 65
1234_0035_0024_0044_0044.jpg 1 35 24 44 44
1235_0029_0042_0024_0024.jpg 1 29 42 24 24
1236_0010_0011_0044_0044.jpg 1 10 11 44 44
1237_0038_0046_0039_0039.jpg 1 38 46 39 39
1238_0031_0008_0065_0065.jpg 1 31 8 65 65
1239_0026_0029_0052_0052.jpg 1 26 29 52 52
1240_0041_0024_0039_0039.jpg 1 41 24 39 39
1241_0013_0009_0056_0056.jpg 1 13 9 56 56
1242_0015_0011_0058_0058.jpg 1 15 11 58 58
1243_0032_0038_0049_0049.jpg 1 32 38 49 49
1244_0045_0044_0034_0034.jpg 1 45 44 34 34
1245_0006_0027_0048_0048.jpg 1 6 27 48 48
1246_0038_0021_0044_0044.jpg 1 38 21 44 44
1247_0034_0009_0060_0060.jpg 1 34 9 60 60
1248_0023_0026_0068_0068.jpg 1 23 26 68 68
1249_0006_0025_0038_0038.jpg 1 6 25 38 38
1250_0042_0014_0048_0048.jpg 1 42 14 48 48
1251_0010_0009_0043_0043.jpg 1 10 9 43 43
1252_0017_0038_0053_0053.jpg 1 17 38 53 53
1253_0056_0045_0031_0031.jpg 1 56 45 31 31
1254_0037_0038_0050_0050.jpg 1 37 38 50 50
1255_0010_0034_0045_0045.jpg 1 10 34 45 45
1256_0013_0014_0068_0068.jpg 1 13 14 68 68
1257_0012_0008_0027_0027.jpg 1 12 8 27 27
1258_0028_0033_0039_0039.jpg 1 28 33 39 39
1259_0007_0029_0066_0066.jpg 1 7 29 66 66
1260_0054_0037_0027_0027.jpg 1 54 37 27 27
1261_0055_0057_0028_0028.jpg 1 55 57 28 28
1262_0038_0039_0047_0047.jpg 1 38 39 47 47
1263_0039_0043_0036_0036.jpg 1 39 43 36 36
1264_0038_0009_0047_0047.jpg 1 38 9 47 47
1265_0017_0034_0046_0046.jpg 1 17 34 46 46
1266_0028_0032_0063_0063.jpg 1 28 32 63 63
1267_0032_0046_0046_0046.jpg 1 32 46 46 46
1268_0023_0012_0059_0059.jpg 1 23 12 59 59
1269_0036_0007_0054_0054.jpg 1 36 7 54 54
1270_0028_0046_0040_0040.jpg 1 28 46 40 40
1271_0042_0016_0042_0042.jpg 1 42 16 42 42
1272_0037_0020_0037_0037.jpg 1 37 20 37 37
1273_0013_0020_0062_0062.jpg 1 13 20 62 62
1274_0010_0050_0025_0025.jpg 1 10 50 25 25
1275_0028_0019_0063_0063.jpg 1 28 19 63 63
1276_0022_0009_0053_0053.jpg 1 22 9 53 53
1277_0033_0027_0038_0038.jpg 1 33 27 38 38
1278_0023_0017_0063_0063.jpg 1 23 17 63 63
1279_0044_0027_0031_0031.jpg 1 44 27 31 31
1280_0006_0009_0045_0045.jpg 1 6 9 45 45
1281_0017_0019_0064_0064.jpg 1 17 19 64 64
1282_0011_0026_0024_0024.jpg 1 11 26 24 24
1283_0020_0011_0040_0040.jpg 1 20 11 40 40
1284_0013_0005_0058_0058.jpg 1 13 5 58 58
1285_0026_0033_0047_0047.jpg 1 26 33 47 47
1286_0032_0045_0032_0032.jpg 1 32 45 32 32
1287_0005_0022_0049_0049.jpg 1 5 22 49 49
1288_0017_0017_0068_0068.jpg 1 17 17 68 68
1289_0010_0037_0028_0028.jpg 1 10 37 28 28
1290_0012_0029_0028_0028.jpg 1 12 29 28 28
1291_0036_0010_0032_0032.jpg 1 36 10 32 32
1292_0030_0021_0040_0040.jpg 1 30 21 40 40
1293_0012_0019_0047_0047.jpg 1 12 19 47 47
1294_0015_0025_0024_0024.jpg 1 15 25 24 24
1295_0024_0039_0041_0041.jpg 1 24 39 41 41
1296_0028_0023_0060_0060.jpg 1 28 23 60 60
1297_0045_0029_0040_0040.jpg 1 45 29 40 40
1298_0051_0031_0037_0037.jpg 1 51 31 37 37
1299_0019_0005_0057_0057.jpg 1 19 5 57 57
1300_0033_0020_0042_0042.jpg 1 33 20 42 42
1301_0066_0019_0025_0025.jpg 1 66 19 25 25
1302_0023_0028_0051_0051.jpg 1 23 28 51 51
1303_0022_0011_0061_0061.jpg 1 22 11 61 61
1304_0010_0019_0053_0053.jpg 1 10 19 53 53
1305_0054_0053_0033_0033.jpg 1 54 53 33 33
1306_0027_0033_0055_0055.jpg 1 27 33 55 55
1307_0051_0042_0043_0043.jpg 1 51 42 43 43
1308_0029_0036_0055_0055.jpg 1 29 36 55 55
1309_0012_0049_0043_0043.jpg 1 12 49 43 43
1310_0037_0017_0050_0050.jpg 1 37 17 50 50
1311_0029_0031_0060_0060.jpg 1 29 31 60 60
1312_0023_0006_0047_0047.jpg 1 23 6 47 47
1313_0028_0018_0064_0064.jpg 1 28 18 64 64
1314_0029_0011_0035_0035.jpg 1 29 11 35 35
1315_0019_0030_0026_0026.jpg 1 19 30 26 26
1316_0007_0056_0030_0030.jpg 1 7 56 30 30
1317_0032_0035_0055_0055.jpg 1 32 35 55 55
1318_0040_0043_0028_0028.jpg 1 40 43 28 28
1319_0028_0018_0065_0065.jpg 1 28 18 65 65
1320_0005_0011_0052_0052.jpg 1 5 11 52 52
1321_0019_0009_0041_0041.jpg 1 19 9 41 41
1322_0046_0021_0036_0036.jpg 1 46 21 36 36
1323_0012_0013_0061_0061.jpg 1 12 13 61 61
1324_0014_0021_0060_0060.jpg 1 14 21 60 60
1325_0007_0022_0067_0067.jpg 1 7 22 67 67
1326_0050_0048_0044_0044.jpg 1 50 48 44 44
1327_0042_0038_0030_0030.jpg 1 42 38 30 30
1328_0020_0027_0056_0056.jpg 1 20 27 56 56
1329_0059_0026_0031_0031.jpg 1 59 26 31 31
1330_0031_0039_0045_0045.jpg 1 31 39 45 45
1331_0025_0019_0066_0066.jpg 1 25 19 66 66
1332_0007_0030_0046_0046.jpg 1 7 30 46 46
1333_0008_0035_0036_0036.jpg 1 8 35 36 36
1334_0018_0034_0050_0050.jpg 1 18 34 50 50
1335_0034_0042_0048_0048.jpg 1 34 42 48 48
1336_0024_0042_0033_0033.jpg 1 24 42 33 33
1337_0010_0029_0056_0056.jpg 1 10 29 56 56
1338_0014_0019_0066_0066.jpg 1 14 19 66 66
1339_0028_0006_0036_0036.jpg 1 28 6 36 36
1340_0005_0017_0067_0067.jpg 1 5 17 67 67
1341_0047_0025_0047_0047.jpg 1 47 25 47 47
1342_0014_0043_0050_0050.jpg 1 14 43 50 50
1343_0013_0034_0037_0037.jpg 1 13 34 37 37
1344_0027_0013_0053_0053.jpg 1 27 13 53 53
1345_0021_0037_0040_0040.jpg 1 21 37 40 40
1346_0031_0022_0030_0030.jpg 1 31 22 30 30
1347_0038_0047_0040_0040.jpg 1 38 47 40 40
1348_0004_0017_0055_0055.jpg 1 4 17 55 55
1349_0013_0031_0048_0048.jpg 1 13 31 48 48
1350_0007_0020_0058_0058.jpg 1 7 20 58 58
1351_0021_0059_0029_0029.jpg 1 21 59 29 29
1352_0036_0014_0059_0059.jpg 1 36 14 59 59
1353_0022_0020_0042_0042.jpg 1 22 20 42 42
1354_0051_0025_0030_0030.jpg 1 51 25 30 30
1355_0017_0013_0052_0052.jpg 1 17 13 52 52
1356_0017_0013_0058_0058.jpg 1 17 13 58 58
1357_0035_0018_0026_0026.jpg 1 35 18 26 26
1358_0011_0016_0065_0065.jpg 1 11 16 65 65
1359_0042_0049_0040_0040.jpg 1 42 49 40 40
1360_0053_0038_0026_0026.jpg 1 53 38 26 26
1361_0028_0042_0045_0045.jpg 1 28 42 45 45
1362_0022_0032_0036_0036.jpg 1 22 32 36 36
1363_0029_0031_0060_0060.jpg 1 29 31 60 60
1364_0008_0037_0031_0031.jpg 1 8 37 31 31
1365_0020_0006_0065_0065.jpg 1 20 6 65 65
1366_0037_0028_0055_0055.jpg 1 37 28 55 55
1367_0016_0026_0030_0030.jpg 1 16 26 30 30
1368_0048_0059_0029_0029.jpg 1 48 59 29 29
1369_0037_0010_0055_0055.jpg 1 37 10 55 55
1370_0032_0034_0053_0053.jpg 1 32 34 53 53
1371_0027_0012_0056_0056.jpg 1 27 12 56 56
1372_0014_0024_0062_0062.jpg 1 14 24 62 62
1373_0020_0006_0059_0059.jpg 1 20 6 59 59
1374_0043_0025_0045_0045.jpg 1 43 25 45 45
1375_0011_0047_0041_0041.jpg 1 11 47 41 41
1376_0045_0007_0043_0043.jpg 1 45 7 43 43
1377_0033_0051_0040_0040.jpg 1 33 51 40 40
1378_0043_0020_0044_0044.jpg 1 43 20 44 44
1379_0023_0022_0053_0053.jpg 1 23 22 53 53
1380_0043_0048_0037_0037.jpg 1 43 48 37 37
1381_0023_0011_0062_0062.jpg 1 23 11 62 62
1382_0018_0016_0045_0045.jpg 1 18 16 45 45
1383_0017_0014_0053_0053.jpg 1 17 14 53 53
1384_0009_0034_0047_0047.jpg 1 9 34 47 47
1385_0023_0035_0058_0058.jpg 1 23 35 58 58
1386_0039_0053_0034_0034.jpg 1 39 53 34 34
1387_0031_0005_0064_0064.jpg 1 31 5 64 64
1388_0011_0022_0027_0027.jpg 1 11 22 27 27
1389_0023_0046_0047_0047.jpg 1 23 46 47 47
1390_0022_0033_0030_0030.jpg 1 22 33 30 30
1391_0044_0032_0043_0043.jpg 1 44 32 43 43
1392_0020_0026_0055_0055.jpg 1 20 26 55 55
1393_0047_0029_0045_0045.jpg 1 47 29 45 45
1394_0042_0017_0047_0047.jpg 1 42 17 47 47
1395_0030_0024_0027_0027.jpg 1 30 24 27 27
1396_0034_0027_0054_0054.jpg 1 34 27 54 54
1397_0022_0052_0026_0026.jpg 1 22 52 26 26
1398_0034_0023_0025_0025.jpg 1 34 23 25 25
1399_0021_0013_0035_0035.jpg 1 21 13 35 35
1400_0055_0054_0032_0032.jpg 1 55 54 32 32
1401_0015_0015_0025_0025.jpg 1 15 15 25 25
1402_0032_0051_0037_0037.jpg 1 32 51 37 37
1403_0010_0010_0043_0043.jpg 1 10 10 43 43
1404_0010_0012_0063_0063.jpg 1 10 12 63 63
1405_0015_0039_0051_0051.jpg 1 15 39 51 51
1406_0016_0029_0039_0039.jpg 1 16 29 39 39
1407_0027_0008_0069_0069.jpg 1 27 8 69 69
1408_0042_0023_0042_0042.jpg 1 42 23 42 42
1409_0037_0040_0035_0035.jpg 1 37 40 35 35
1410_0025_0057_0028_0028.jpg 1 25 57 28 28
1411_0041_0035_0050_0050.jpg 1 41 35 50 50
1412_0009_0018_0057_0057.jpg 1 9 18 57 57
1413_0034_0007_0037_0037.jpg 1 34 7 37 37
1414_0044_0011_0045_0045.jpg 1 44 11 45 45
1415_0043_0030_0050_0050.jpg 1 43 30 50 50
1416_0039_0009_0038_0038.jpg 1 39 9 38 38
1417_0024_0059_0033_0033.jpg 1 24 59 33 33
1418_0008_0050_0032_0032.jpg 1 8 50 32 32
1419_0049_0027_0044_0044.jpg 1 49 27 44 44
1420_0053_0050_0037_0037.jpg 1 53 50 37 37
1421_0046_0055_0038_0038.jpg 1 46 55 38 38
1422_0015_0018_0057_0057.jpg 1 15 18 57 57
1423_0018_0045_0037_0037.jpg 1 18 45 37 37
1424_0048_0026_0042_0042.jpg 1 48 26 42 42
1425_0022_0012_0063_0063.jpg 1 22 12 63 63
1426_0009_0018_0043_0043.jpg 1 9 18 43 43
1427_0034_0044_0037_0037.jpg 1 34 44 37 37
1428_0049_0030_0039_0039.jpg 1 49 30 39 39
1429_0021_0040_0042_0042.jpg 1 21 40 42 42
1430_0009_0064_0025_0025.jpg 1 9 64 25 25
1431_0008_0012_0067_0067.jpg 1 8 12 67 67
1432_0020_0012_0049_0049.jpg 1 20 12 49 49
1433_0017_0022_0067_0067.jpg 1 17 22 67 67
1434_0009_0015_0067_0067.jpg 1 9 15 67 67
1435_0030_0035_0034_0034.jpg 1 30 35 34 34
1436_0032_0008_0037_0037.jpg 1 32 8 37 37
1437_0007_0049_0039_0039.jpg 1 7 49 39 39
1438_0011_0016_0068_0068.jpg 1 11 16 68 68
1439_0031_0032_0038_0038.jpg 1 31 32 38 38
1440_0022_0021_0064_0064.jpg 1 22 21 64 64
1441_0060_0021_0028_0028.jpg 1 60 21 28 28
1442_0037_0032_0046_0046.jpg 1 37 32 46 46
1443_0031_0010_0051_0051.jpg 1 31 10 51 51
1444_0015_0045_0049_0049.jpg 1 15 45 49 49
1445_0027_0022_0026_0026.jpg 1 27 22 26 26
1446_0006_0004_0060_0060.jpg 1 6 4 60 60
1447_0017_0029_0025_0025.jpg 1 17 29 25 25
1448_0023_0011_0039_0039.jpg 1 23 11 39 39
1449_0031_0013_0045_0045.jpg 1 31 13 45 45
1450_0031_0010_0028_0028.jpg 1 31 10 28 28
1451_0011_0057_0034_0034.jpg 1 11 57 34 34
1452_0026_0018_0028_0028.jpg 1 26 18 28 28
1453_0037_0053_0026_0026.jpg 1 37 53 26 26
1454_0046_0033_0038_0038.jpg 1 46 33 38 38
1455_0009_0009_0069_0069.jpg 1 9 9 69 69
1456_0028_0021_0045_0045.jpg 1 28 21 45 45
1457_0016_0034_0040_0040.jpg 1 16 34 40 40
1458_0044_0009_0041_0041.jpg 1 44 9 41 41
1459_0042_0030_0042_0042.jpg 1 42 30 42 42
1460_0012_0010_0056_0056.jpg 1 12 10 56 56
1461_0035_0015_0036_0036.jpg 1 35 15 36 36
1462_0009_0007_0059_0059.jpg 1 9 7 59 59
1463_0027_0006_0058_0058.jpg 1 27 6 58 58
1464_0019_0005_0066_0066.jpg 1 19 5 66 66
1465_0030_0017_0028_0028.jpg 1 30 17 28 28
1466_0044_0040_0033_0033.jpg 1 44 40 33 33
1467_0022_0022_0057_0057.jpg 1 22 22 57 57
1468_0039_0010_0054_0054.jpg 1 39 10 54 54
1469_0019_0023_0051_0051.jpg 1 19 23 51 51
1470_0035_0014_0033_0033.jpg 1 35 14 33 33
1471_0040_0016_0035_0035.jpg 1 40 16 35 35
1472_0047_0055_0030_0030.jpg 1 47 55 30 30
1473_0010_0027_0064_0064.jpg 1 10 27 64 64
1474_0030_0031_0053_0053.jpg 1 30 31 53 53
1475_0013_0034_0033_0033.jpg 1 13 34 33 33
1476_0029_0020_0062_0062.jpg 1 29 20 62 62
1477_0047_0020_0041_0041.jpg 1 47 20 41 41
1478_0008_0034_0025_0025.jpg 1 8 34 25 25
1479_0008_0038_0055_0055.jpg 1 8 38 55 55
1480_0010_0006_0065_0065.jpg 1 10 6 65 65
1481_0028_0037_0041_0041.jpg 1 28 37 41 41
1482_0044_0042_0047_0047.jpg 1 44 42 47 47
1483_0038_0018_0029_0029.jpg 1 38 18 29 29
1484_0004_0029_0061_0061.jpg 1 4 29 61 61
1485_0019_0043_0037_0037.jpg 1 19 43 37 37
1486_0043_0006_0048_0048.jpg 1 43 6 48 48
1487_0005_0031_0063_0063.jpg 1 5 31 63 63
1488_0050_0020_0024_0024.jpg 1 50 20 24 24
1489_0038_0018_0048_0048.jpg 1 38 18 48 48
1490_0010_0011_0041_0041.jpg 1 10 11 41 41
1491_0020_0016_0066_0066.jpg 1 20 16 66 66
1492_0019_0013_0047_0047.jpg 1 19 13 47 47
1493_0039_0050_0031_0031.jpg 1 39 50 31 31
1494_0035_0047_0042_0042.jpg 1 35 47 42 42
1495_0029_0019_0066_0066.jpg 1 29 19 66 66
1496_0058_0017_0024_0024.jpg 1 58 17 24 24
1497_0004_0009_0067_0067.jpg 1 4 9 67 67
1498_0040_0021_0030_0030.jpg 1 40 21 30 30
1499_0014_0036_0036_0036.jpg 1 14 36 36 36
1500_0030_0016_0045_0045.jpg 1 30 16 45 45
1501_0012_0035_0061_0061.jpg 1 12 35 61 61
1502_0029_0020_0040_0040.jpg 1 29 20 40 40
1503_0064_0016_0028_0028.jpg 1 64 16 28 28
1504_0019_0014_0068_0068.jpg 1 19 14 68 68
1505_0022_0009_0057_0057.jpg 1 22 9 57 57
1506_0011_0031_0045_0045.jpg 1 11 31 45 45
1507_0056_0010_0035_0035.jpg 1 56 10 35 35
1508_0017_0034_0036_0036.jpg 1 17 34 36 36
1509_0035_0047_0030_0030.jpg 1 35 47 30 30
1510_0033_0026_0058_0058.jpg 1 33 26 58 58
1511_0017_0037_0050_0050.jpg 1 17 37 50 50
1512_0017_0040_0035_0035.jpg 1 17 40 35 35
1513_0008_0054_0024_0024.jpg 1 8 54 24 24
1514_0027_0046_0048_0048.jpg 1 27 46 48 48
1515_0013_0024_0052_0052.jpg 1 13 24 52 52
1516_0027_0017_0046_0046.jpg 1 27 17 46 46
1517_0008_0024_0064_0064.jpg 1 8 24 64 64
1518_0021_0060_0031_0031.jpg 1 21 60 31 31
1519_0036_0021_0031_0031.jpg 1 36 21 31 31
1520_0036_0033_0030_0030.jpg 1 36 33 30 30
1521_0027_0029_0062_0062.jpg 1 27 29 62 62
1522_0017_0023_0040_0040.jpg 1 17 23 40 40
1523_0012_0030_0061_0061.jpg 1 12 30 61 61
1524_0031_0025_0036_0036.jpg 1 31 25 36 36
1525_0038_0025_0037_0037.jpg 1 38 25 37 37
1526_0031_0026_0059_0059.jpg 1 31 26 59 59
1527_0023_0037_0041_0041.jpg 1 23 37 41 41
1528_0050_0054_0036_0036.jpg 1 50 54 36 36
1529_0032_0032_0056_0056.jpg 1 32 32 56 56
1530_0033_0022_0054_0054.jpg 1 33 22 54 54
1531_0058_0034_0025_0025.jpg 1 58 34 25 25
1532_0009_0034_0036_0036.jpg 1 9 34 36 36
1533_0023_0016_0053_0053.jpg 1 23 16 53 53
1534_0044_0038_0050_0050.jpg 1 44 38 50 50
1535_0008_0044_0033_0033.jpg 1 8 44 33 33
1536_0029_0026_0044_0044.jpg 1 29 26 44 44
1537_0008_0048_0033_0033.jpg 1 8 48 33 33
1538_0025_0025_0040_0040.jpg 1 25 25 40 40
1539_0023_0024_0064_0064.jpg 1 23 24 64 64
1540_0023_0008_0059_0059.jpg 1 23 8 59 59
1541_0024_0029_0059_0059.jpg 1 24 29 59 59
1542_0015_0024_0048_0048.jpg 1 15 24 48 48
1543_0037_0041_0044_0044.jpg 1 37 41 44 44
1544_0035_0035_0035_0035.jpg 1 35 35 35 35
1545_0051_0050_0036_0036.jpg 1 51 50 36 36
1546_0041_0028_0039_0039.jpg 1 41 28 39 39
1547_0012_0036_0041_0041.jpg 1 12 36 41 41
1548_0008_0025_0059_0059.jpg 1 8 25 59 59
1549_0030_0018_0061_0061.jpg 1 30 18 61 61
1550_0029_0012_0054_0054.jpg 1 29 12 54 54
1551_0004_0015_0058_0058.jpg 1 4 15 58 58
1552_0016_0016_0047_0047.jpg 1 16 16 47 47
1553_0040_0038_0052_0052.jpg 1 40 38 52 52
1554_0021_0006_0044_0044.jpg 1 21 6 44 44
1555_0030_0015_0051_0051.jpg 1 30 15 51 51
1556_0037_0052_0036_0036.jpg 1 37 52 36 36
1557_0040_0016_0038_0038.jpg 1 40 16 38 38
1558_0004_0019_0059_0059.jpg 1 4 19 59 59
1559_0007_0042_0051_0051.jpg 1 7 42 51 51
1560_0017_0030_0055_0055.jpg 1 17 30 55 55
1561_0026_0032_0044_0044.jpg 1 26 32 44 44
1562_0044_0025_0044_0044.jpg 1 44 25 44 44
1563_0019_0012_0060_0060.jpg 1 19 12 60 60
1564_0026_0048_0031_0031.jpg 1 26 48 31 31
1565_0013_0041_0043_0043.jpg 1 13 41 43 43
1566_0029_0009_0025_0025.jpg 1 29 9 25 25
1567_0010_0036_0045_0045.jpg 1 10 36 45 45
1568_0014_0044_0049_0049.jpg 1 14 44 49 49
1569_0007_0009_0057_0057.jpg 1 7 9 57 57
1570_0015_0014_0028_0028.jpg 1 15 14 28 28
1571_0009_0018_0063_0063.jpg 1 9 18 63 63
1572_0015_0046_0047_0047.jpg 1 15 46 47 47
1573_0035_0050_0037_0037.jpg 1 35 50 37 37
1574_0059_0042_0029_0029.jpg 1 59 42 29 29
1575_0037_0046_0024_0024.jpg 1 37 46 24 24
1576_0052_0042_0027_0027.jpg 1 52 42 27 27
1577_0015_0020_0058_0058.jpg 1 15 20 58 58
1578_0041_0051_0041_0041.jpg 1 41 51 41 41
1579_0053_0022_0040_0040.jpg 1 53 22 40 40
1580_0045_0038_0042_0042.jpg 1 45 38 42 42
1581_0013_0036_0049_0049.jpg 1 13 36 49 49
1582_0008_0024_0048_0048.jpg 1 8 24 48 48
1583_0035_0040_0051_0051.jpg 1 35 40 51 51
1584_0055_0060_0028_0028.jpg 1 55 60 28 28
1585_0019_0019_0060_0060.jpg 1 19 19 60 60
1586_0020_0008_0051_0051.jpg 1 20 8 51 51
1587_0007_0021_0044_0044.jpg 1 7 21 44 44
1588_0035_0064_0025_0025.jpg 1 35 64 25 25
1589_0050_0032_0034_0034.jpg 1 50 32 34 34
1590_0021_0029_0061_0061.jpg 1 21 29 61 61
1591_0012_0013_0063_0063.jpg 1 12 13 63 63
1592_0007_0016_0058_0058.jpg 1 7 16 58 58
1593_0029_0027_0067_0067.jpg 1 29 27 67 67
1594_0005_0015_0055_0055.jpg 1 5 15 55 55
1595_0029_0041_0026_0026.jpg 1 29 41 26 26
1596_0009_0007_0069_0069.jpg 1 9 7 69 69
1597_0010_0006_0064_0064.jpg 1 10 6 64 64
1598_0044_0019_0036_0036.jpg 1 44 19 36 36
1599_0023_0014_0053_0053.jpg 1 23 14 53 53
1600_0025_0015_0027_0027.jpg 1 25 15 27 27
1601_0033_0044_0030_0030.jpg 1 33 44 30 30
1602_0020_0005_0066_0066.jpg 1 20 5 66 66
1603_0023_0031_0046_0046.jpg 1 23 31 46 46
1604_0021_0015_0065_0065.jpg 1 21 15 65 65
1605_0008_0021_0063_0063.jpg 1 8 21 63 63
1606_0030_0030_0055_0055.jpg 1 30 30 55 55
1607_0034_0015_0062_0062.jpg 1 34 15 62 62
1608_0058_0061_0028_0028.jpg 1 58 61 28 28
1609_0010_0016_0044_0044.jpg 1 10 16 44 44
1610_0043_0027_0050_0050.jpg 1 43 27 50 50
1611_0041_0018_0032_0032.jpg 1 41 18 32 32
1612_0052_0048_0038_0038.jpg 1 52 48 38 38
1613_0018_0040_0042_0042.jpg 1 18 40 42 42
1614_0034_0014_0044_0044.jpg 1 34 14 44 44
1615_0015_0034_0037_0037.jpg 1 15 34 37 37
1616_0023_0007_0062_0062.jpg 1 23 7 62 62
1617_0030_0036_0040_0040.jpg 1 30 36 40 40
1618_0007_0025_0045_0045.jpg 1 7 25 45 45
1619_0033_0026_0033_0033.jpg 1 33 26 33 33
1620_0006_0033_0053_0053.jpg 1 6 33 53 53
1621_0008_0027_0067_0067.jpg 1 8 27 67 67
1622_0012_0005_0060_0060.jpg 1 12 5 60 60
1623_0013_0022_0044_0044.jpg 1 13 22 44 44
1624_0037_0009_0037_0037.jpg 1 37 9 37 37
1625_0010_0049_0032_0032.jpg 1 10 49 32 32
1626_0048_0013_0025_0025.jpg 1 48 13 25 25
1627_0047_0010_0024_0024.jpg 1 47 10 24 24
1628_0050_0052_0032_0032.jpg 1 50 52 32 32
1629_0039_0062_0028_0028.jpg 1 39 62 28 28
1630_0009_0024_0042_0042.jpg 1 9 24 42 42
1631_0009_0060_0032_0032.jpg 1 9 60 32 32
1632_0024_0023_0066_0066.jpg 1 24 23 66 66
1633_0008_0005_0052_0052.jpg 1 8 5 52 52
1634_0019_0040_0041_0041.jpg 1 19 40 41 41
1635_0025_0010_0027_0027.jpg 1 25 10 27 27
1636_0022_0027_0035_0035.jpg 1 22 27 35 35
1637_0029_0016_0058_0058.jpg 1 29 16 58 58
1638_0028_0034_0043_0043.jpg 1 28 34 43 43
1639_0018_0014_0069_0069.jpg 1 18 14 69 69
1640_0037_0030_0057_0057.jpg 1 37 30 57 57
1641_0017_0033_0029_0029.jpg 1 17 33 29 29
1642_0037_0028_0046_0046.jpg 1 37 28 46 46
1643_0006_0011_0055_0055.jpg 1 6 11 55 55
1644_0019_0031_0045_0045.jpg 1 19 31 45 45
1645_0026_0012_0057_0057.jpg 1 26 12 57 57
1646_0029_0046_0029_0029.jpg 1 29 46 29 29
1647_0019_0037_0056_0056.jpg 1 19 37 56 56
1648_0054_0047_0038_0038.jpg 1 54 47 38 38
1649_0017_0004_0069_0069.jpg 1 17 4 69 69
1650_0009_0036_0036_0036.jpg 1 9 36 36 36
1651_0032_0015_0062_0062.jpg 1 32 15 62 62
1652_0010_0039_0036_0036.jpg 1 10 39 36 36
1653_0018_0012_0066_0066.jpg 1 18 12 66 66
1654_0016_0027_0028_0028.jpg 1 16 27 28 28
1655_0039_0045_0027_0027.jpg 1 39 45 27 27
1656_0004_0011_0069_0069.jpg 1 4 11 69 69
1657_0025_0010_0029_0029.jpg 1 25 10 29 29
1658_0056_0033_0030_0030.jpg 1 56 33 30 30
1659_0062_0029_0028_0028.jpg 1 62 29 28 28
1660_0038_0025_0042_0042.jpg 1 38 25 42 42
1661_0020_0026_0065_0065.jpg 1 20 26 65 65
1662_0043_0034_0047_0047.jpg 1 43 34 47 47
1663_0018_0011_0056_0056.jpg 1 18 11 56 56
1664_0048_0022_0043_0043.jpg 1 48 22 43 43
1665_0034_0016_0061_0061.jpg 1 34 16 61 61
1666_0062_0035_0028_0028.jpg 1 62 35 28 28
1667_0014_0013_0054_0054.jpg 1 14 13 54 54
1668_0024_0042_0049_0049.jpg 1 24 42 49 49
1669_0021_0052_0032_0032.jpg 1 21 52 32 32
1670_0014_0010_0055_0055.jpg 1 14 10 55 55
1671_0027_0043_0024_0024.jpg 1 27 43 24 24
1672_0016_0053_0041_0041.jpg 1 16 53 41 41
1673_0017_0018_0063_0063.jpg 1 17 18 63 63
1674_0053_0056_0036_0036.jpg 1 53 56 36 36
1675_0022_0025_0044_0044.jpg 1 22 25 44 44
1676_0010_0020_0044_0044.jpg 1 10 20 44 44
1677_0029_0033_0036_0036.jpg 1 29 33 36 36
1678_0017_0023_0033_0033.jpg 1 17 23 33 33
1679_0029_0057_0031_0031.jpg 1 29 57 31 31
1680_0037_0032_0033_0033.jpg 1 37 32 33 33
1681_0040_0050_0038_0038.jpg 1 40 50 38 38
1682_0048_0020_0042_0042.jpg 1 48 20 42 42
1683_0016_0047_0038_0038.jpg 1 16 47 38 38
1684_0037_0027_0041_0041.jpg 1 37 27 41 41
1685_0022_0012_0057_0057.jpg 1 22 12 57 57
1686_0014_0012_0066_0066.jpg 1 14 12 66 66
1687_0032_0033_0040_0040.jpg 1 32 33 40 40
1688_0026_0009_0068_0068.jpg 1 26 9 68 68
1689_0036_0037_0045_0045.jpg 1 36 37 45 45
1690_0017_0050_0043_0043.jpg 1 17 50 43 43
1691_0037_0034_0056_0056.jpg 1 37 34 56 56
1692_0037_0013_0058_0058.jpg 1 37 13 58 58
1693_0010_0011_0069_0069.jpg 1 10 11 69 69
1694_0007_0024_0064_0064.jpg 1 7 24 64 64
1695_0035_0014_0045_0045.jpg 1 35 14 45 45
1696_0026_0012_0029_0029.jpg 1 26 12 29 29
1697_0033_0014_0058_0058.jpg 1 33 14 58 58
1698_0018_0019_0067_0067.jpg 1 18 19 67 67
1699_0010_0018_0049_0049.jpg 1 10 18 49 49
1700_0009_0011_0044_0044.jpg 1 9 11 44 44
1701_0042_0018_0042_0042.jpg 1 42 18 42 42
1702_0023_0015_0053_0053.jpg 1 23 15 53 53
1703_0011_0035_0052_0052.jpg 1 11 35 52 52
1704_0009_0017_0049_0049.jpg 1 9 17 49 49
1705_0046_0021_0032_0032.jpg 1 46 21 32 32
1706_0017_0017_0048_0048.jpg 1 17 17 48 48
1707_0012_0014_0063_0063.jpg 1 12 14 63 63
1708_0034_0045_0047_0047.jpg 1 34 45 47 47
1709_0040_0024_0035_0035.jpg 1 40 24 35 35
1710_0017_0038_0027_0027.jpg 1 17 38 27 27
1711_0025_0006_0064_0064.jpg 1 25 6 64 64
1712_0008_0050_0029_0029.jpg 1 8 50 29 29
1713_0043_0049_0041_0041.jpg 1 43 49 41 41
1714_0013_0046_0029_0029.jpg 1 13 46 29 29
1715_0011_0046_0047_0047.jpg 1 11 46 47 47
1716_0047_0041_0041_0041.jpg 1 47 41 41 41
1717_0013_0025_0043_0043.jpg 1 13 25 43 43
1718_0020_0031_0060_0060.jpg 1 20 31 60 60
1719_0054_0042_0028_0028.jpg 1 54 42 28 28
1720_0033_0020_0062_0062.jpg 1 33 20 62 62
1721_0053_0034_0040_0040.jpg 1 53 34 40 40
1722_0020_0006_0064_0064.jpg 1 20 6 64 64
1723_0048_0035_0041_0041.jpg 1 48 35 41 41
1724_0018_0003_0069_0069.jpg 1 18 3 69 69
1725_0027_0011_0065_0065.jpg 1 27 11 65 65
1726_0045_0033_0045_0045.jpg 1 45 33 45 45
1727_0010_0003_0068_0068.jpg 1 10 3 68 68
1728_0011_0029_0027_0027.jpg 1 11 29 27 27
1729_0006_0027_0048_0048.jpg 1 6 27 48 48
1730_0045_0026_0038_0038.jpg 1 45 26 38 38
1731_0023_0038_0027_0027.jpg 1 23 38 27 27
1732_0024_0015_0038_0038.jpg 1 24 15 38 38
1733_0058_0021_0030_0030.jpg 1 58 21 30 30
1734_0032_0029_0044_0044.jpg 1 32 29 44 44
1735_0017_0020_0027_0027.jpg 1 17 20 27 27
1736_0018_0016_0067_0067.jpg 1 18 16 67 67
1737_0006_0036_0056_0056.jpg 1 6 36 56 56
1738_0034_0044_0043_0043.jpg 1 34 44 43 43
1739_0053_0036_0031_0031.jpg 1 53 36 31 31
1740_0007_0016_0061_0061.jpg 1 7 16 61 61
1741_0014_0028_0066_0066.jpg 1 14 28 66 66
1742_0045_0018_0028_0028.jpg 1 45 18 28 28
1743_0041_0020_0048_0048.jpg 1 41 20 48 48
1744_0012_0010_0065_0065.jpg 1 12 10 65 65
1745_0022_0048_0030_0030.jpg 1 22 48 30 30
1746_0034_0020_0051_0051.jpg 1 34 20 51 51
1747_0027_0034_0059_0059.jpg 1 27 34 59 59
1748_0054_0007_0029_0029.jpg 1 54 7 29 29
1749_0049_0011_0033_0033.jpg 1 49 11 33 33
1750_0009_0043_0050_0050.jpg 1 9 43 50 50
1751_0038_0018_0032_0032.jpg 1 38 18 32 32
1752_0038_0031_0029_0029.jpg 1 38 31 29 29
1753_0011_0027_0063_0063.jpg 1 11 27 63 63
1754_0019_0025_0034_0034.jpg 1 19 25 34 34
1755_0036_0005_0058_0058.jpg 1 36 5 58 58
1756_0011_0044_0048_0048.jpg 1 11 44 48 48
1757_0038_0041_0046_0046.jpg 1 38 41 46 46
1758_0031_0009_0049_0049.jpg 1 31 9 49 49
1759_0007_0009_0054_0054.jpg 1 7 9 54 54
1760_0009_0059_0029_0029.jpg 1 9 59 29 29
1761_0012_0016_0045_0045.jpg 1 12 16 45 45
1762_0022_0006_0056_0056.jpg 1 22 6 56 56
1763_0050_0050_0028_0028.jpg 1 50 50 28 28
1764_0007_0008_0062_0062.jpg 1 7 8 62 62
1765_0015_0018_0030_0030.jpg 1 15 18 30 30
1766_0041_0056_0024_0024.jpg 1 41 56 24 24
1767_0006_0005_0059_0059.jpg 1 6 5 59 59
1768_0008_0032_0054_0054.jpg 1 8 32 54 54
1769_0013_0024_0068_0068.jpg 1 13 24 68 68
1770_0028_0016_0051_0051.jpg 1 28 16 51 51
1771_0015_0027_0064_0064.jpg 1 15 27 64 64
1772_0032_0022_0061_0061.jpg 1 32 22 61 61
1773_0017_0035_0032_0032.jpg 1 17 35 32 32
1774_0020_0041_0048_0048.jpg 1 20 41 48 48
1775_0035_0029_0057_0057.jpg 1 35 29 57 57
1776_0010_0015_0034_0034.jpg 1 10 15 34 34
1777_0026_0009_0040_0040.jpg 1 26 9 40 40
1778_0006_0024_0052_0052.jpg 1 6 24 52 52
1779_0021_0035_0034_0034.jpg 1 21 35 34 34
1780_0034_0032_0037_0037.jpg 1 34 32 37 37
1781_0007_0027_0061_0061.jpg 1 7 27 61 61
1782_0019_0010_0057_0057.jpg 1 19 10 57 57
1783_0026_0039_0048_0048.jpg 1 26 39 48 48
1784_0039_0029_0030_0030.jpg 1 39 29 30 30
1785_0024_0045_0045_0045.jpg 1 24 45 45 45
1786_0031_0008_0043_0043.jpg 1 31 8 43 43
1787_0009_0039_0041_0041.jpg 1 9 39 41 41
1788_0016_0020_0036_0036.jpg 1 16 20 36 36
1789_0008_0048_0025_0025.jpg 1 8 48 25 25
1790_0034_0029_0055_0055.jpg 1 34 29 55 55
1791_0008_0045_0032_0032.jpg 1 8 45 32 32
1792_0041_0022_0044_0044.jpg 1 41 22 44 44
1793_0055_0062_0027_0027.jpg 1 55 62 27 27
1794_0046_0010_0033_0033.jpg 1 46 10 33 33
1795_0055_0031_0026_0026.jpg 1 55 31 26 26
1796_0020_0041_0053_0053.jpg 1 20 41 53 53
1797_0031_0025_0055_0055.jpg 1 31 25 55 55
1798_0020_0044_0048_0048.jpg 1 20 44 48 48
1799_0017_0031_0027_0027.jpg 1 17 31 27 27
1800_0016_0027_0067_0067.jpg 1 16 27 67 67
1801_0011_0033_0041_0041.jpg 1 11 33 41 41
1802_0027_0035_0058_0058.jpg 1 27 35 58 58
1803_0028_0034_0049_0049.jpg 1 28 34 49 49
1804_0064_0030_0028_0028.jpg 1 64 30 28 28
1805_0055_0051_0036_0036.jpg 1 55 51 36 36
1806_0018_0021_0067_0067.jpg 1 18 21 67 67
1807_0020_0009_0055_0055.jpg 1 20 9 55 55
1808_0027_0024_0025_0025.jpg 1 27 24 25 25
1809_0005_0016_0063_0063.jpg 1 5 16 63 63
1810_0051_0048_0024_0024.jpg 1 51 48 24 24
1811_0038_0005_0049_0049.jpg 1 38 5 49 49
1812_0008_0019_0063_0063.jpg 1 8 19 63 63
1813_0010_0012_0049_0049.jpg 1 10 12 49 49
1814_0024_0011_0027_0027.jpg 1 24 11 27 27
1815_0024_0024_0064_0064.jpg 1 24 24 64 64
1816_0029_0024_0036_0036.jpg 1 29 24 36 36
1817_0036_0011_0050_0050.jpg 1 36 11 50 50
1818_0032_0021_0046_0046.jpg 1 32 21 46 46
1819_0010_0003_0064_0064.jpg 1 10 3 64 64
1820_0010_0011_0029_0029.jpg 1 10 11 29 29
1821_0021_0025_0059_0059.jpg 1 21 25 59 59
1822_0038_0018_0057_0057.jpg 1 38 18 57 57
1823_0025_0029_0040_0040.jpg 1 25 29 40 40
1824_0007_0004_0064_0064.jpg 1 7 4 64 64
1825_0014_0045_0046_0046.jpg 1 14 45 46 46
1826_0022_0030_0026_0026.jpg 1 22 30 26 26
1827_0027_0030_0056_0056.jpg 1 27 30 56 56
1828_0036_0016_0037_0037.jpg 1 36 16 37 37
1829_0031_0047_0030_0030.jpg 1 31 47 30 30
1830_0049_0018_0036_0036.jpg 1 49 18 36 36
1831_0027_0009_0032_0032.jpg 1 27 9 32 32
1832_0025_0026_0060_0060.jpg 1 25 26 60 60
1833_0037_0041_0029_0029.jpg 1 37 41 29 29
1834_0038_0025_0025_0025.jpg 1 38 25 25 25
1835_0008_0028_0028_0028.jpg 1 8 28 28 28
1836_0028_0036_0055_0055.jpg 1 28 36 55 55
1837_0020_0021_0048_0048.jpg 1 20 21 48 48
1838_0025_0018_0067_0067.jpg 1 25 18 67 67
1839_0011_0004_0062_0062.jpg 1 11 4 62 62
1840_0009_0017_0028_0028.jpg 1 9 17 28 28
1841_0007_0025_0067_0067.jpg 1 7 25 67 67
1842_0063_0066_0025_0025.jpg 1 63 66 25 25
1843_0008_0022_0038_0038.jpg 1 8 22 38 38
1844_0026_0026_0034_0034.jpg 1 26 26 34 34
1845_0024_0051_0028_0028.jpg 1 24 51 28 28
1846_0023_0050_0033_0033.jpg 1 23 50 33 33
1847_0027_0009_0064_0064.jpg 1 27 9 64 64
1848_0012_0022_0059_0059.jpg 1 12 22 59 59
1849_0048_0045_0044_0044.jpg 1 48 45 44 44
1850_0028_0041_0045_0045.jpg 1 28 41 45 45
1851_0011_0045_0040_0040.jpg 1 11 45 40 40
1852_0040_0012_0054_0054.jpg 1 40 12 54 54
1853_0034_0026_0055_0055.jpg 1 34 26 55 55
1854_0040_0021_0049_0049.jpg 1 40 21 49 49
1855_0031_0023_0044_0044.jpg 1 31 23 44 44
1856_0041_0021_0039_0039.jpg 1 41 21 39 39
1857_0045_0047_0041_0041.jpg 1 45 47 41 41
1858_0040_0022_0053_0053.jpg 1 40 22 53 53
1859_0029_0016_0062_0062.jpg 1 29 16 62 62
1860_0011_0011_0047_0047.jpg 1 11 11 47 47
1861_0024_0022_0068_0068.jpg 1 24 22 68 68
1862_0013_0007_0056_0056.jpg 1 13 7 56 56
1863_0027_0017_0043_0043.jpg 1 27 17 43 43
1864_0035_0050_0044_0044.jpg 1 35 50 44 44
1865_0009_0029_0024_0024.jpg 1 9 29 24 24
1866_0010_0016_0047_0047.jpg 1 10 16 47 47
1867_0010_0038_0056_0056.jpg 1 10 38 56 56
1868_0016_0011_0064_0064.jpg 1 16 11 64 64
1869_0012_0018_0066_0066.jpg 1 12 18 66 66
1870_0031_0022_0031_0031.jpg 1 31 22 31 31
1871_0027_0010_0065_0065.jpg 1 27 10 65 65
1872_0045_0040_0044_0044.jpg 1 45 40 44 44
1873_0024_0041_0050_0050.jpg 1 24 41 50 50
1874_0013_0006_0064_0064.jpg 1 13 6 64 64
1875_0021_0018_0057_0057.jpg 1 21 18 57 57
1876_0018_0047_0044_0044.jpg 1 18 47 44 44
1877_0023_0025_0067_0067.jpg 1 23 25 67 67
1878_0029_0043_0036_0036.jpg 1 29 43 36 36
1879_0013_0056_0025_0025.jpg 1 13 56 25 25
1880_0034_0027_0055_0055.jpg 1 34 27 55 55
1881_0039_0033_0055_0055.jpg 1 39 33 55 55
1882_0037_0050_0029_0029.jpg 1 37 50 29 29
1883_0031_0014_0047_0047.jpg 1 31 14 47 47
1884_0016_0055_0030_0030.jpg 1 16 55 30 30
1885_0015_0035_0033_0033.jpg 1 15 35 33 33
1886_0005_0020_0067_0067.jpg 1 5 20 67 67
1887_0024_0018_0047_0047.jpg 1 24 18 47 47
1888_0012_0024_0060_0060.jpg 1 12 24 60 60
1889_0027_0036_0040_0040.jpg 1 27 36 40 40
1890_0019_0011_0025_0025.jpg 1 19 11 25 25
1891_0013_0034_0058_0058.jpg 1 13 34 58 58
1892_0038_0025_0034_0034.jpg 1 38 25 34 34
1893_0009_0025_0060_0060.jpg 1 9 25 60 60
1894_0053_0034_0029_0029.jpg 1 53 34 29 29
1895_0020_0020_0068_0068.jpg 1 20 20 68 68
1896_0040_0044_0026_0026.jpg 1 40 44 26 26
1897_0006_0029_0058_0058.jpg 1 6 29 58 58
1898_0045_0009_0031_0031.jpg 1 45 9 31 31
1899_0025_0026_0043_0043.jpg 1 25 26 43 43
1900_0014_0007_0049_0049.jpg 1 14 7 49 49
1901_0039_0050_0032_0032.jpg 1 39 50 32 32
1902_0056_0039_0026_0026.jpg 1 56 39 26 26
1903_0055_0056_0034_0034.jpg 1 55 56 34 34
1904_0032_0030_0057_0057.jpg 1 32 30 57 57
1905_0007_0024_0025_0025.jpg 1 7 24 25 25
1906_0013_0033_0062_0062.jpg 1 13 33 62 62
1907_0043_0066_0024_0024.jpg 1 43 66 24 24
1908_0063_0023_0029_0029.jpg 1 63 23 29 29
1909_0037_0039_0052_0052.jpg 1 37 39 52 52
1910_0009_0009_0038_0038.jpg 1 9 9 38 38
1911_0054_0045_0039_0039.jpg 1 54 45 39 39
1912_0059_0033_0031_0031.jpg 1 59 33 31 31
1913_0010_0026_0067_0067.jpg 1 10 26 67 67
1914_0005_0006_0054_0054.jpg 1 5 6 54 54
1915_0056_0028_0035_0035.jpg 1 56 28 35 35
1916_0030_0037_0053_0053.jpg 1 30 37 53 53
1917_0011_0023_0045_0045.jpg 1 11 23 45 45
1918_0020_0009_0058_0058.jpg 1 20 9 58 58
1919_0014_0011_0036_0036.jpg 1 14 11 36 36
1920_0024_0020_0053_0053.jpg 1 24 20 53 53
1921_0043_0015_0050_0050.jpg 1 43 15 50 50
1922_0016_0008_0067_0067.jpg 1 16 8 67 67
1923_0043_0042_0048_0048.jpg 1 43 42 48 48
1924_0038_0045_0029_0029.jpg 1 38 45 29 29
1925_0013_0036_0055_0055.jpg 1 13 36 55 55
1926_0034_0067_0024_0024.jpg 1 34 67 24 24
1927_0027_0023_0058_0058.jpg 1 27 23 58 58
1928_0023_0030_0049_0049.jpg 1 23 30 49 49
1929_0004_0009_0066_0066.jpg 1 4 9 66 66
1930_0052_0039_0032_0032.jpg 1 52 39 32 32
1931_0035_0015_0040_0040.jpg 1 35 15 40 40
1932_0031_0041_0034_0034.jpg 1 31 41 34 34
1933_0043_0032_0050_0050.jpg 1 43 32 50 50
1934_0024_0018_0069_0069.jpg 1 24 18 69 69
1935_0044_0021_0037_0037.jpg 1 44 21 37 37
1936_0017_0004_0064_0064.jpg 1 17 4 64 64
1937_0011_0013_0043_0043.jpg 1 11 13 43 43
1938_0018_0039_0037_0037.jpg 1 18 39 37 37
1939_0016_0020_0048_0048.jpg 1 16 20 48 48
1940_0043_0052_0040_0040.jpg 1 43 52 40 40
1941_0005_0021_0066_0066.jpg 1 5 21 66 66
1942_0014_0008_0065_0065.jpg 1 14 8 65 65
1943_0041_0055_0037_0037.jpg 1 41 55 37 37
1944_0023_0016_0050_0050.jpg 1 23 16 50 50
1945_0040_0021_0047_0047.jpg 1 40 21 47 47
1946_0023_0028_0066_0066.jpg 1 23 28 66 66
1947_0026_0027_0066_0066.jpg 1 26 27 66 66
1948_0023_0004_0055_0055.jpg 1 23 4 55 55
1949_0008_0020_0066_0066.jpg 1 8 20 66 66
1950_0005_0003_0069_0069.jpg 1 5 3 69 69
1951_0052_0020_0041_0041.jpg 1 52 20 41 41
1952_0016_0036_0024_0024.jpg 1 16 36 24 24
1953_0014_0006_0056_0056.jpg 1 14 6 56 56
1954_0010_0027_0066_0066.jpg 1 10 27 66 66
1955_0037_0010_0040_0040.jpg 1 37 10 40 40
1956_0016_0005_0045_0045.jpg 1 16 5 45 45
1957_0020_0019_0038_0038.jpg 1 20 19 38 38
1958_0032_0007_0061_0061.jpg 1 32 7 61 61
1959_0041_0037_0036_0036.jpg 1 41 37 36 36
1960_0021_0006_0057_0057.jpg 1 21 6 57 57
1961_0018_0042_0047_0047.jpg 1 18 42 47 47
1962_0017_0005_0061_0061.jpg 1 17 5 61 61
1963_0016_0040_0045_0045.jpg 1 16 40 45 45
1964_0011_0012_0068_0068.jpg 1 11 12 68 68
1965_0041_0023_0050_0050.jpg 1 41 23 50 50
1966_0012_0011_0043_0043.jpg 1 12 11 43 43
1967_0021_0036_0052_0052.jpg 1 21 36 52 52
1968_0009_0027_0069_0069.jpg 1 9 27 69 69
1969_0018_0012_0047_0047.jpg 1 18 12 47 47
1970_0022_0017_0043_0043.jpg 1 22 17 43 43
1971_0053_0057_0029_0029.jpg 1 53 57 29 29
1972_0014_0003_0065_0065.jpg 1 14 3 65 65
1973_0014_0008_0067_0067.jpg 1 14 8 67 67
1974_0035_0024_0050_0050.jpg 1 35 24 50 50
1975_0034_0044_0043_0043.jpg 1 34 44 43 43
1976_0020_0016_0069_0069.jpg 1 20 16 69 69
1977_0017_0019_0069_0069.jpg 1 17 19 69 69
1978_0018_0024_0039_0039.jpg 1 18 24 39 39
1979_0022_0031_0042_0042.jpg 1 22 31 42 42
1980_0026_0007_0063_0063.jpg 1 26 7 63 63
1981_0035_0032_0037_0037.jpg 1 35 32 37 37
1982_0013_0017_0040_0040.jpg 1 13 17 40 40
1983_0018_0034_0024_0024.jpg 1 18 34 24 24
1984_0013_0024_0057_0057.jpg 1 13 24 57 57
1985_0016_0005_0064_0064.jpg 1 16 5 64 64
1986_0031_0042_0030_0030.jpg 1 31 42 30 30
1987_0023_0021_0061_0061.jpg 1 23 21 61 61
1988_0011_0014_0038_0038.jpg 1 11 14 38 38
1989_0009_0012_0064_0064.jpg 1 9 12 64 64
1990_0033_0044_0047_0047.jpg 1 33 44 47 47
1991_0030_0023_0048_0048.jpg 1 30 23 48 48
1992_0047_0020_0045_0045.jpg 1 47 20 45 45
1993_0015_0012_0059_0059.jpg 1 15 12 59 59
1994_0014_0030_0050_0050.jpg 1 14 30 50 50
1995_0011_0031_0044_0044.jpg 1 11 31 44 44
1996_0008_0011_0064_0064.jpg 1 8 11 64 64
1997_0004_0008_0067_0067.jpg 1 4 8 67 67
1998_0041_0017_0029_0029.jpg 1 41 17 29 29
1999_0006_0038_0052_0052.jpg 1 6 38 52 52
2000_0043_0006_0048_0048.jpg 1 43 6 48 48
2001_0019_0023_0051_0051.jpg 1 19 23 51 51
2002_0020_0010_0044_0044.jpg 1 20 10 44 44
2003_0028_0008_0059_0059.jpg 1 28 8 59 59
2004_0021_0028_0041_0041.jpg 1 21 28 41 41
2005_0027_0043_0029_0029.jpg 1 27 43 29 29
2006_0050_0015_0038_0038.jpg 1 50 15 38 38
2007_0014_0020_0041_0041.jpg 1 14 20 41 41
2008_0032_0015_0058_0058.jpg 1 32 15 58 58
2009_0010_0045_0038_0038.jpg 1 10 45 38 38
2010_0003_0030_0063_0063.jpg 1 3 30 63 63
2011_0013_0015_0053_0053.jpg 1 13 15 53 53
2012_0008_0050_0040_0040.jpg 1 8 50 40 40
2013_0042_0029_0028_0028.jpg 1 42 29 28 28
2014_0007_0013_0050_0050.jpg 1 7 13 50 50
2015_0012_0023_0050_0050.jpg 1 12 23 50 50
2016_0012_0042_0045_0045.jpg 1 12 42 45 45
2017_0011_0042_0035_0035.jpg 1 11 42 35 35
2018_0026_0010_0051_0051.jpg 1 26 10 51 51
2019_0029_0041_0040_0040.jpg 1 29 41 40 40
2020_0059_0046_0032_0032.jpg 1 59 46 32 32
2021_0044_0055_0026_0026.jpg 1 44 55 26 26
2022_0010_0022_0069_0069.jpg 1 10 22 69 69
2023_0036_0054_0029_0029.jpg 1 36 54 29 29
2024_0016_0024_0060_0060.jpg 1 16 24 60 60
2025_0014_0039_0050_0050.jpg 1 14 39 50 50
2026_0010_0029_0057_0057.jpg 1 10 29 57 57
2027_0051_0023_0031_0031.jpg 1 51 23 31 31
2028_0009_0024_0061_0061.jpg 1 9 24 61 61
2029_0010_0053_0027_0027.jpg 1 10 53 27 27
2030_0034_0033_0058_0058.jpg 1 34 33 58 58
2031_0045_0051_0024_0024.jpg 1 45 51 24 24
2032_0040_0022_0053_0053.jpg 1 40 22 53 53
2033_0048_0034_0046_0046.jpg 1 48 34 46 46
2034_0012_0021_0055_0055.jpg 1 12 21 55 55
2035_0013_0016_0057_0057.jpg 1 13 16 57 57
2036_0017_0018_0030_0030.jpg 1 17 18 30 30
2037_0012_0014_0061_0061.jpg 1 12 14 61 61
2038_0021_0050_0038_0038.jpg 1 21 50 38 38
2039_0036_0005_0057_0057.jpg 1 36 5 57 57
2040_0020_0031_0058_0058.jpg 1 20 31 58 58
2041_0035_0031_0027_0027.jpg 1 35 31 27 27
2042_0041_0022_0053_0053.jpg 1 41 22 53 53
2043_0039_0025_0052_0052.jpg 1 39 25 52 52
2044_0024_0032_0053_0053.jpg 1 24 32 53 53
2045_0023_0019_0035_0035.jpg 1 23 19 35 35
2046_0055_0008_0035_0035.jpg 1 55 8 35 35
2047_0043_0012_0038_0038.jpg 1 43 12 38 38
2048_0051_0025_0027_0027.jpg 1 51 25 27 27
2049_0025_0028_0068_0068.jpg 1 25 28 68 68
2050_0044_0015_0044_0044.jpg 1 44 15 44 44
2051_0027_0017_0052_0052.jpg 1 27 17 52 52
2052_0023_0026_0053_0053.jpg 1 23 26 53 53
2053_0040_0040_0038_0038.jpg 1 40 40 38 38
2054_0013_0019_0067_0067.jpg 1 13 19 67 67
2055_0029_0024_0066_0066.jpg 1 29 24 66 66
2056_0066_0028_0024_0024.jpg 1 66 28 24 24
2057_0018_0011_0069_0069.jpg 1 18 11 69 69
2058_0057_0054_0027_0027.jpg 1 57 54 27 27
2059_0017_0042_0028_0028.jpg 1 17 42 28 28
2060_0048_0011_0045_0045.jpg 1 48 11 45 45
2061_0037_0031_0047_0047.jpg 1 37 31 47 47
2062_0007_0011_0068_0068.jpg 1 7 11 68 68
2063_0035_0011_0049_0049.jpg 1 35 11 49 49
2064_0011_0027_0065_0065.jpg 1 11 27 65 65
2065_0054_0029_0031_0031.jpg 1 54 29 31 31
2066_0038_0044_0033_0033.jpg 1 38 44 33 33
2067_0014_0004_0064_0064.jpg 1 14 4 64 64
2068_0048_0023_0039_0039.jpg 1 48 23 39 39
2069_0008_0012_0029_0029.jpg 1 8 12 29 29
2070_0041_0016_0043_0043.jpg 1 41 16 43 43
2071_0065_0022_0026_0026.jpg 1 65 22 26 26
2072_0008_0026_0060_0060.jpg 1 8 26 60 60
2073_0015_0047_0046_0046.jpg 1 15 47 46 46
2074_0015_0057_0031_0031.jpg 1 15 57 31 31
2075_0015_0033_0027_0027.jpg 1 15 33 27 27
2076_0049_0012_0038_0038.jpg 1 49 12 38 38
2077_0010_0029_0063_0063.jpg 1 10 29 63 63
2078_0010_0043_0025_0025.jpg 1 10 43 25 25
2079_0017_0008_0057_0057.jpg 1 17 8 57 57
2080_0052_0025_0041_0041.jpg 1 52 25 41 41
2081_0039_0034_0048_0048.jpg 1 39 34 48 48
2082_0038_0017_0051_0051.jpg 1 38 17 51 51
2083_0028_0004_0066_0066.jpg 1 28 4 66 66
2084_0021_0038_0047_0047.jpg 1 21 38 47 47
2085_0025_0008_0025_0025.jpg 1 25 8 25 25
2086_0015_0020_0048_0048.jpg 1 15 20 48 48
2087_0031_0051_0026_0026.jpg 1 31 51 26 26
2088_0039_0035_0035_0035.jpg 1 39 35 35 35
2089_0014_0019_0065_0065.jpg 1 14 19 65 65
2090_0024_0010_0053_0053.jpg 1 24 10 53 53
2091_0051_0026_0041_0041.jpg 1 51 26 41 41
2092_0038_0044_0049_0049.jpg 1 38 44 49 49
2093_0012_0023_0052_0052.jpg 1 12 23 52 52
2094_0026_0025_0065_0065.jpg 1 26 25 65 65
2095_0034_0041_0049_0049.jpg 1 34 41 49 49
2096_0014_0025_0035_0035.jpg 1 14 25 35 35
2097_0029_0040_0038_0038.jpg 1 29 40 38 38
2098_0027_0012_0061_0061.jpg 1 27 12 61 61
2099_0015_0037_0037_0037.jpg 1 15 37 37 37
2100_0032_0009_0061_0061.jpg 1 32 9 61 61
