0001_0043_0039_0046_0046.jpg 1 43 39 46 46
0002_0026_0015_0035_0035.jpg 1 26 15 35 35
0003_0019_0029_0045_0045.jpg 1 19 29 45 45
0004_0055_0031_0026_0026.jpg 1 55 31 26 26
0005_0029_0012_0054_0054.jpg 1 29 12 54 54
0006_0033_0046_0040_0040.jpg 1 33 46 40 40
0007_0011_0011_0055_0055.jpg 1 11 11 55 55
0008_0040_0053_0040_0040.jpg 1 40 53 40 40
0009_0009_0026_0066_0066.jpg 1 9 26 66 66
0010_0042_0018_0051_0051.jpg 1 42 18 51 51
0011_0030_0031_0045_0045.jpg 1 30 31 45 45
0012_0033_0029_0037_0037.jpg 1 33 29 37 37
0013_0025_0013_0069_0069.jpg 1 25 13 69 69
0014_0004_0019_0064_0064.jpg 1 4 19 64 64
0015_0026_0006_0049_0049.jpg 1 26 6 49 49
0016_0018_0006_0038_0038.jpg 1 18 6 38 38
0017_0005_0008_0065_0065.jpg 1 5 8 65 65
0018_0038_0023_0050_0050.jpg 1 38 23 50 50
0019_0059_0034_0032_0032.jpg 1 59 34 32 32
0020_0033_0016_0048_0048.jpg 1 33 16 48 48
0021_0025_0037_0055_0055.jpg 1 25 37 55 55
0022_0012_0021_0048_0048.jpg 1 12 21 48 48
0023_0035_0014_0054_0054.jpg 1 35 14 54 54
0024_0020_0005_0062_0062.jpg 1 20 5 62 62
0025_0034_0038_0043_0043.jpg 1 34 38 43 43
0026_0013_0017_0024_0024.jpg 1 13 17 24 24
0027_0006_0021_0043_0043.jpg 1 6 21 43 43
0028_0012_0031_0039_0039.jpg 1 12 31 39 39
0029_0054_0018_0037_0037.jpg 1 54 18 37 37
0030_0007_0006_0041_0041.jpg 1 7 6 41 41
0031_0033_0015_0050_0050.jpg 1 33 15 50 50
0032_0036_0043_0041_0041.jpg 1 36 43 41 41
0033_0016_0010_0068_0068.jpg 1 16 10 68 68
0034_0045_0046_0026_0026.jpg 1 45 46 26 26
0035_0049_0047_0033_0033.jpg 1 49 47 33 33
0036_0030_0027_0046_0046.jpg 1 30 27 46 46
0037_0043_0018_0044_0044.jpg 1 43 18 44 44
0038_0021_0016_0060_0060.jpg 1 21 16 60 60
0039_0030_0006_0053_0053.jpg 1 30 6 53 53
0040_0036_0029_0033_0033.jpg 1 36 29 33 33
0041_0042_0039_0042_0042.jpg 1 42 39 42 42
0042_0015_0016_0039_0039.jpg 1 15 16 39 39
0043_0020_0029_0053_0053.jpg 1 20 29 53 53
0044_0032_0034_0054_0054.jpg 1 32 34 54 54
0045_0049_0013_0040_0040.jpg 1 49 13 40 40
0046_0047_0048_0038_0038.jpg 1 47 48 38 38
0047_0028_0032_0060_0060.jpg 1 28 32 60 60
0048_0032_0014_0059_0059.jpg 1 32 14 59 59
0049_0017_0013_0056_0056.jpg 1 17 13 56 56
0050_0051_0024_0029_0029.jpg 1 51 24 29 29
0051_0015_0039_0053_0053.jpg 1 15 39 53 53
0052_0031_0024_0060_0060.jpg 1 31 24 60 60
0053_0051_0045_0026_0026.jpg 1 51 45 26 26
0054_0014_0006_0052_0052.jpg 1 14 6 52 52
0055_0021_0010_0051_0051.jpg 1 21 10 51 51
0056_0022_0032_0064_0064.jpg 1 22 32 64 64
0057_0010_0005_0068_0068.jpg 1 10 5 68 68
0058_0065_0033_0025_0025.jpg 1 65 33 25 25
0059_0038_0045_0034_0034.jpg 1 38 45 34 34
0060_0048_0008_0046_0046.jpg 1 48 8 46 46
0061_0036_0015_0037_0037.jpg 1 36 15 37 37
0062_0026_0019_0049_0049.jpg 1 26 19 49 49
0063_0019_0015_0053_0053.jpg 1 19 15 53 53
0064_0009_0035_0040_0040.jpg 1 9 35 40 40
0065_0044_0024_0030_0030.jpg 1 44 24 30 30
0066_0027_0037_0058_0058.jpg 1 27 37 58 58
0067_0029_0030_0037_0037.jpg 1 29 30 37 37
0068_0018_0039_0034_0034.jpg 1 18 39 34 34
0069_0043_0021_0028_0028.jpg 1 43 21 28 28
0070_0009_0004_0068_0068.jpg 1 9 4 68 68
0071_0027_0030_0047_0047.jpg 1 27 30 47 47
0072_0054_0015_0034_0034.jpg 1 54 15 34 34
0073_0015_0014_0037_0037.jpg 1 15 14 37 37
0074_0029_0022_0056_0056.jpg 1 29 22 56 56
0075_0013_0008_0047_0047.jpg 1 13 8 47 47
0076_0029_0011_0058_0058.jpg 1 29 11 58 58
0077_0035_0011_0040_0040.jpg 1 35 11 40 40
0078_0037_0041_0026_0026.jpg 1 37 41 26 26
0079_0024_0029_0063_0063.jpg 1 24 29 63 63
0080_0005_0011_0062_0062.jpg 1 5 11 62 62
0081_0032_0037_0029_0029.jpg 1 32 37 29 29
0082_0031_0012_0039_0039.jpg 1 31 12 39 39
0083_0059_0009_0026_0026.jpg 1 59 9 26 26
0084_0009_0009_0048_0048.jpg 1 9 9 48 48
0085_0054_0062_0030_0030.jpg 1 54 62 30 30
0086_0022_0015_0065_0065.jpg 1 22 15 65 65
0087_0015_0056_0036_0036.jpg 1 15 56 36 36
0088_0009_0010_0047_0047.jpg 1 9 10 47 47
0089_0026_0026_0055_0055.jpg 1 26 26 55 55
0090_0017_0048_0043_0043.jpg 1 17 48 43 43
0091_0026_0036_0047_0047.jpg 1 26 36 47 47
0092_0018_0005_0057_0057.jpg 1 18 5 57 57
0093_0021_0047_0039_0039.jpg 1 21 47 39 39
0094_0011_0023_0027_0027.jpg 1 11 23 27 27
0095_0014_0009_0040_0040.jpg 1 14 9 40 40
0096_0025_0034_0056_0056.jpg 1 25 34 56 56
0097_0033_0024_0058_0058.jpg 1 33 24 58 58
0098_0035_0021_0034_0034.jpg 1 35 21 34 34
0099_0034_0030_0049_0049.jpg 1 34 30 49 49
0100_0054_0053_0036_0036.jpg 1 54 53 36 36
0101_0019_0045_0038_0038.jpg 1 19 45 38 38
0102_0048_0041_0027_0027.jpg 1 48 41 27 27
0103_0015_0015_0042_0042.jpg 1 15 15 42 42
0104_0014_0054_0033_0033.jpg 1 14 54 33 33
0105_0025_0035_0056_0056.jpg 1 25 35 56 56
0106_0040_0011_0044_0044.jpg 1 40 11 44 44
0107_0017_0021_0050_0050.jpg 1 17 21 50 50
0108_0027_0027_0038_0038.jpg 1 27 27 38 38
0109_0023_0023_0069_0069.jpg 1 23 23 69 69
0110_0008_0010_0041_0041.jpg 1 8 10 41 41
0111_0016_0050_0027_0027.jpg 1 16 50 27 27
0112_0043_0012_0024_0024.jpg 1 43 12 24 24
0113_0020_0019_0031_0031.jpg 1 20 19 31 31
0114_0032_0010_0032_0032.jpg 1 32 10 32 32
0115_0029_0055_0034_0034.jpg 1 29 55 34 34
0116_0007_0038_0042_0042.jpg 1 7 38 42 42
0117_0017_0031_0035_0035.jpg 1 17 31 35 35
0118_0027_0010_0056_0056.jpg 1 27 10 56 56
0119_0057_0046_0025_0025.jpg 1 57 46 25 25
0120_0042_0045_0032_0032.jpg 1 42 45 32 32
0121_0021_0045_0047_0047.jpg 1 21 45 47 47
0122_0013_0018_0062_0062.jpg 1 13 18 62 62
0123_0006_0008_0061_0061.jpg 1 6 8 61 61
0124_0025_0015_0066_0066.jpg 1 25 15 66 66
0125_0006_0021_0039_0039.jpg 1 6 21 39 39
0126_0011_0017_0042_0042.jpg 1 11 17 42 42
0127_0032_0027_0061_0061.jpg 1 32 27 61 61
0128_0038_0028_0041_0041.jpg 1 38 28 41 41
0129_0010_0025_0066_0066.jpg 1 10 25 66 66
0130_0039_0010_0024_0024.jpg 1 39 10 24 24
0131_0018_0020_0063_0063.jpg 1 18 20 63 63
0132_0006_0014_0057_0057.jpg 1 6 14 57 57
0133_0064_0061_0024_0024.jpg 1 64 61 24 24
0134_0009_0013_0025_0025.jpg 1 9 13 25 25
0135_0023_0036_0051_0051.jpg 1 23 36 51 51
0136_0049_0015_0034_0034.jpg 1 49 15 34 34
0137_0009_0008_0037_0037.jpg 1 9 8 37 37
0138_0008_0022_0037_0037.jpg 1 8 22 37 37
0139_0016_0025_0035_0035.jpg 1 16 25 35 35
0140_0036_0036_0044_0044.jpg 1 36 36 44 44
0141_0039_0028_0045_0045.jpg 1 39 28 45 45
0142_0051_0057_0024_0024.jpg 1 51 57 24 24
0143_0015_0011_0030_0030.jpg 1 15 11 30 30
0144_0035_0061_0031_0031.jpg 1 35 61 31 31
0145_0062_0041_0028_0028.jpg 1 62 41 28 28
0146_0024_0058_0030_0030.jpg 1 24 58 30 30
0147_0017_0036_0052_0052.jpg 1 17 36 52 52
0148_0031_0023_0058_0058.jpg 1 31 23 58 58
0149_0009_0043_0051_0051.jpg 1 9 43 51 51
0150_0038_0025_0043_0043.jpg 1 38 25 43 43
0151_0021_0021_0056_0056.jpg 1 21 21 56 56
0152_0065_0045_0026_0026.jpg 1 65 45 26 26
0153_0021_0025_0045_0045.jpg 1 21 25 45 45
0154_0059_0017_0025_0025.jpg 1 59 17 25 25
0155_0032_0021_0044_0044.jpg 1 32 21 44 44
0156_0029_0030_0062_0062.jpg 1 29 30 62 62
0157_0022_0018_0058_0058.jpg 1 22 18 58 58
0158_0024_0019_0048_0048.jpg 1 24 19 48 48
0159_0012_0047_0028_0028.jpg 1 12 47 28 28
0160_0053_0015_0038_0038.jpg 1 53 15 38 38
0161_0019_0022_0059_0059.jpg 1 19 22 59 59
0162_0037_0033_0047_0047.jpg 1 37 33 47 47
0163_0021_0012_0063_0063.jpg 1 21 12 63 63
0164_0033_0026_0054_0054.jpg 1 33 26 54 54
0165_0041_0049_0042_0042.jpg 1 41 49 42 42
0166_0033_0005_0059_0059.jpg 1 33 5 59 59
0167_0021_0006_0069_0069.jpg 1 21 6 69 69
0168_0010_0018_0046_0046.jpg 1 10 18 46 46
0169_0010_0053_0030_0030.jpg 1 10 53 30 30
0170_0005_0010_0067_0067.jpg 1 5 10 67 67
0171_0019_0015_0059_0059.jpg 1 19 15 59 59
0172_0033_0062_0024_0024.jpg 1 33 62 24 24
0173_0019_0036_0056_0056.jpg 1 19 36 56 56
0174_0006_0017_0047_0047.jpg 1 6 17 47 47
0175_0010_0006_0048_0048.jpg 1 10 6 48 48
0176_0019_0034_0036_0036.jpg 1 19 34 36 36
0177_0045_0040_0038_0038.jpg 1 45 40 38 38
0178_0038_0034_0048_0048.jpg 1 38 34 48 48
0179_0013_0039_0046_0046.jpg 1 13 39 46 46
0180_0006_0017_0043_0043.jpg 1 6 17 43 43
0181_0049_0058_0030_0030.jpg 1 49 58 30 30
0182_0023_0030_0052_0052.jpg 1 23 30 52 52
0183_0022_0051_0026_0026.jpg 1 22 51 26 26
0184_0014_0011_0029_0029.jpg 1 14 11 29 29
0185_0059_0008_0026_0026.jpg 1 59 8 26 26
0186_0006_0038_0053_0053.jpg 1 6 38 53 53
0187_0045_0052_0032_0032.jpg 1 45 52 32 32
0188_0007_0010_0030_0030.jpg 1 7 10 30 30
0189_0025_0019_0045_0045.jpg 1 25 19 45 45
0190_0022_0021_0067_0067.jpg 1 22 21 67 67
0191_0013_0056_0034_0034.jpg 1 13 56 34 34
0192_0009_0045_0046_0046.jpg 1 9 45 46 46
0193_0007_0015_0048_0048.jpg 1 7 15 48 48
0194_0007_0050_0031_0031.jpg 1 7 50 31 31
0195_0034_0025_0025_0025.jpg 1 34 25 25 25
0196_0041_0009_0036_0036.jpg 1 41 9 36 36
0197_0013_0020_0061_0061.jpg 1 13 20 61 61
0198_0023_0021_0055_0055.jpg 1 23 21 55 55
0199_0009_0051_0035_0035.jpg 1 9 51 35 35
0200_0031_0025_0060_0060.jpg 1 31 25 60 60
0201_0018_0042_0051_0051.jpg 1 18 42 51 51
0202_0026_0011_0055_0055.jpg 1 26 11 55 55
0203_0037_0011_0058_0058.jpg 1 37 11 58 58
0204_0053_0031_0024_0024.jpg 1 53 31 24 24
0205_0022_0015_0044_0044.jpg 1 22 15 44 44
0206_0032_0013_0054_0054.jpg 1 32 13 54 54
0207_0019_0046_0047_0047.jpg 1 19 46 47 47
0208_0046_0045_0036_0036.jpg 1 46 45 36 36
0209_0037_0019_0045_0045.jpg 1 37 19 45 45
0210_0020_0055_0038_0038.jpg 1 20 55 38 38
0211_0040_0031_0031_0031.jpg 1 40 31 31 31
0212_0007_0020_0038_0038.jpg 1 7 20 38 38
0213_0025_0017_0067_0067.jpg 1 25 17 67 67
0214_0030_0018_0063_0063.jpg 1 30 18 63 63
0215_0028_0009_0052_0052.jpg 1 28 9 52 52
0216_0008_0035_0050_0050.jpg 1 8 35 50 50
0217_0036_0018_0032_0032.jpg 1 36 18 32 32
0218_0010_0007_0050_0050.jpg 1 10 7 50 50
0219_0064_0065_0025_0025.jpg 1 64 65 25 25
0220_0030_0030_0041_0041.jpg 1 30 30 41 41
0221_0015_0007_0067_0067.jpg 1 15 7 67 67
0222_0012_0029_0041_0041.jpg 1 12 29 41 41
0223_0016_0013_0065_0065.jpg 1 16 13 65 65
0224_0023_0008_0048_0048.jpg 1 23 8 48 48
0225_0022_0018_0028_0028.jpg 1 22 18 28 28
0226_0038_0032_0050_0050.jpg 1 38 32 50 50
0227_0042_0041_0049_0049.jpg 1 42 41 49 49
0228_0030_0008_0036_0036.jpg 1 30 8 36 36
0229_0038_0053_0037_0037.jpg 1 38 53 37 37
0230_0020_0013_0055_0055.jpg 1 20 13 55 55
0231_0020_0014_0040_0040.jpg 1 20 14 40 40
0232_0028_0028_0035_0035.jpg 1 28 28 35 35
0233_0031_0029_0063_0063.jpg 1 31 29 63 63
0234_0050_0020_0038_0038.jpg 1 50 20 38 38
0235_0017_0018_0038_0038.jpg 1 17 18 38 38
0236_0038_0043_0030_0030.jpg 1 38 43 30 30
0237_0008_0015_0059_0059.jpg 1 8 15 59 59
0238_0008_0013_0061_0061.jpg 1 8 13 61 61
0239_0034_0038_0026_0026.jpg 1 34 38 26 26
0240_0021_0009_0069_0069.jpg 1 21 9 69 69
0241_0009_0024_0040_0040.jpg 1 9 24 40 40
0242_0025_0007_0066_0066.jpg 1 25 7 66 66
0243_0033_0062_0030_0030.jpg 1 33 62 30 30
0244_0046_0032_0038_0038.jpg 1 46 32 38 38
0245_0035_0012_0054_0054.jpg 1 35 12 54 54
0246_0006_0027_0048_0048.jpg 1 6 27 48 48
0247_0021_0019_0060_0060.jpg 1 21 19 60 60
0248_0045_0042_0028_0028.jpg 1 45 42 28 28
0249_0028_0014_0066_0066.jpg 1 28 14 66 66
0250_0035_0034_0050_0050.jpg 1 35 34 50 50
0251_0015_0018_0047_0047.jpg 1 15 18 47 47
0252_0026_0016_0062_0062.jpg 1 26 16 62 62
0253_0019_0039_0032_0032.jpg 1 19 39 32 32
0254_0022_0016_0048_0048.jpg 1 22 16 48 48
0255_0040_0031_0050_0050.jpg 1 40 31 50 50
0256_0039_0016_0043_0043.jpg 1 39 16 43 43
0257_0026_0006_0068_0068.jpg 1 26 6 68 68
0258_0009_0042_0044_0044.jpg 1 9 42 44 44
0259_0008_0019_0065_0065.jpg 1 8 19 65 65
0260_0019_0010_0066_0066.jpg 1 19 10 66 66
0261_0031_0036_0058_0058.jpg 1 31 36 58 58
0262_0014_0046_0032_0032.jpg 1 14 46 32 32
0263_0037_0030_0049_0049.jpg 1 37 30 49 49
0264_0019_0025_0067_0067.jpg 1 19 25 67 67
0265_0032_0033_0054_0054.jpg 1 32 33 54 54
0266_0052_0023_0040_0040.jpg 1 52 23 40 40
0267_0015_0032_0059_0059.jpg 1 15 32 59 59
0268_0044_0034_0045_0045.jpg 1 44 34 45 45
0269_0048_0047_0042_0042.jpg 1 48 47 42 42
0270_0020_0033_0056_0056.jpg 1 20 33 56 56
0271_0023_0035_0057_0057.jpg 1 23 35 57 57
0272_0017_0018_0034_0034.jpg 1 17 18 34 34
0273_0037_0009_0056_0056.jpg 1 37 9 56 56
0274_0017_0011_0069_0069.jpg 1 17 11 69 69
0275_0024_0015_0066_0066.jpg 1 24 15 66 66
0276_0017_0011_0038_0038.jpg 1 17 11 38 38
0277_0010_0033_0059_0059.jpg 1 10 33 59 59
0278_0042_0027_0043_0043.jpg 1 42 27 43 43
0279_0010_0043_0028_0028.jpg 1 10 43 28 28
0280_0011_0061_0025_0025.jpg 1 11 61 25 25
0281_0010_0012_0029_0029.jpg 1 10 12 29 29
0282_0038_0040_0025_0025.jpg 1 38 40 25 25
0283_0032_0023_0056_0056.jpg 1 32 23 56 56
0284_0035_0031_0060_0060.jpg 1 35 31 60 60
0285_0036_0019_0048_0048.jpg 1 36 19 48 48
0286_0057_0055_0035_0035.jpg 1 57 55 35 35
0287_0015_0039_0049_0049.jpg 1 15 39 49 49
0288_0048_0050_0033_0033.jpg 1 48 50 33 33
0289_0035_0009_0030_0030.jpg 1 35 9 30 30
0290_0024_0017_0067_0067.jpg 1 24 17 67 67
0291_0014_0059_0027_0027.jpg 1 14 59 27 27
0292_0018_0006_0066_0066.jpg 1 18 6 66 66
0293_0062_0027_0024_0024.jpg 1 62 27 24 24
0294_0038_0055_0024_0024.jpg 1 38 55 24 24
0295_0037_0038_0031_0031.jpg 1 37 38 31 31
0296_0007_0034_0045_0045.jpg 1 7 34 45 45
0297_0025_0006_0066_0066.jpg 1 25 6 66 66
0298_0041_0031_0039_0039.jpg 1 41 31 39 39
0299_0008_0013_0043_0043.jpg 1 8 13 43 43
0300_0018_0008_0058_0058.jpg 1 18 8 58 58
0301_0014_0029_0058_0058.jpg 1 14 29 58 58
0302_0011_0020_0034_0034.jpg 1 11 20 34 34
0303_0009_0019_0065_0065.jpg 1 9 19 65 65
0304_0049_0036_0036_0036.jpg 1 49 36 36 36
0305_0025_0026_0069_0069.jpg 1 25 26 69 69
0306_0035_0038_0054_0054.jpg 1 35 38 54 54
0307_0044_0012_0040_0040.jpg 1 44 12 40 40
0308_0013_0013_0067_0067.jpg 1 13 13 67 67
0309_0036_0045_0048_0048.jpg 1 36 45 48 48
0310_0013_0052_0027_0027.jpg 1 13 52 27 27
0311_0018_0016_0046_0046.jpg 1 18 16 46 46
0312_0015_0047_0041_0041.jpg 1 15 47 41 41
0313_0040_0024_0033_0033.jpg 1 40 24 33 33
0314_0041_0009_0032_0032.jpg 1 41 9 32 32
0315_0006_0029_0056_0056.jpg 1 6 29 56 56
0316_0006_0036_0054_0054.jpg 1 6 36 54 54
0317_0021_0025_0046_0046.jpg 1 21 25 46 46
0318_0033_0063_0026_0026.jpg 1 33 63 26 26
0319_0023_0048_0040_0040.jpg 1 23 48 40 40
0320_0027_0058_0027_0027.jpg 1 27 58 27 27
0321_0038_0039_0047_0047.jpg 1 38 39 47 47
0322_0009_0033_0029_0029.jpg 1 9 33 29 29
0323_0059_0043_0026_0026.jpg 1 59 43 26 26
0324_0016_0019_0065_0065.jpg 1 16 19 65 65
0325_0037_0016_0056_0056.jpg 1 37 16 56 56
0326_0014_0056_0026_0026.jpg 1 14 56 26 26
0327_0062_0042_0024_0024.jpg 1 62 42 24 24
0328_0009_0048_0036_0036.jpg 1 9 48 36 36
0329_0015_0014_0064_0064.jpg 1 15 14 64 64
0330_0051_0027_0033_0033.jpg 1 51 27 33 33
0331_0018_0035_0044_0044.jpg 1 18 35 44 44
0332_0008_0029_0065_0065.jpg 1 8 29 65 65
0333_0062_0039_0026_0026.jpg 1 62 39 26 26
0334_0023_0047_0043_0043.jpg 1 23 47 43 43
0335_0047_0039_0044_0044.jpg 1 47 39 44 44
0336_0017_0049_0033_0033.jpg 1 17 49 33 33
0337_0065_0009_0024_0024.jpg 1 65 9 24 24
0338_0027_0021_0057_0057.jpg 1 27 21 57 57
0339_0019_0012_0048_0048.jpg 1 19 12 48 48
0340_0007_0018_0050_0050.jpg 1 7 18 50 50
0341_0023_0027_0065_0065.jpg 1 23 27 65 65
0342_0011_0032_0061_0061.jpg 1 11 32 61 61
0343_0029_0041_0053_0053.jpg 1 29 41 53 53
0344_0006_0017_0067_0067.jpg 1 6 17 67 67
0345_0013_0020_0066_0066.jpg 1 13 20 66 66
0346_0032_0042_0048_0048.jpg 1 32 42 48 48
0347_0026_0016_0032_0032.jpg 1 26 16 32 32
0348_0037_0054_0030_0030.jpg 1 37 54 30 30
0349_0011_0029_0060_0060.jpg 1 11 29 60 60
0350_0035_0019_0060_0060.jpg 1 35 19 60 60
0351_0032_0032_0034_0034.jpg 1 32 32 34 34
0352_0030_0007_0062_0062.jpg 1 30 7 62 62
0353_0010_0018_0058_0058.jpg 1 10 18 58 58
0354_0030_0014_0063_0063.jpg 1 30 14 63 63
0355_0022_0047_0044_0044.jpg 1 22 47 44 44
0356_0016_0014_0031_0031.jpg 1 16 14 31 31
0357_0010_0028_0054_0054.jpg 1 10 28 54 54
0358_0032_0023_0051_0051.jpg 1 32 23 51 51
0359_0030_0005_0046_0046.jpg 1 30 5 46 46
0360_0020_0017_0064_0064.jpg 1 20 17 64 64
0361_0021_0041_0027_0027.jpg 1 21 41 27 27
0362_0025_0016_0039_0039.jpg 1 25 16 39 39
0363_0022_0012_0046_0046.jpg 1 22 12 46 46
0364_0017_0039_0025_0025.jpg 1 17 39 25 25
0365_0022_0010_0044_0044.jpg 1 22 10 44 44
0366_0035_0033_0048_0048.jpg 1 35 33 48 48
0367_0007_0011_0032_0032.jpg 1 7 11 32 32
0368_0023_0009_0057_0057.jpg 1 23 9 57 57
0369_0039_0022_0052_0052.jpg 1 39 22 52 52
0370_0026_0026_0069_0069.jpg 1 26 26 69 69
0371_0051_0038_0039_0039.jpg 1 51 38 39 39
0372_0032_0010_0025_0025.jpg 1 32 10 25 25
0373_0015_0038_0048_0048.jpg 1 15 38 48 48
0374_0031_0042_0048_0048.jpg 1 31 42 48 48
0375_0025_0015_0040_0040.jpg 1 25 15 40 40
0376_0025_0021_0034_0034.jpg 1 25 21 34 34
0377_0014_0026_0045_0045.jpg 1 14 26 45 45
0378_0026_0018_0026_0026.jpg 1 26 18 26 26
0379_0024_0012_0061_0061.jpg 1 24 12 61 61
0380_0029_0064_0027_0027.jpg 1 29 64 27 27
0381_0012_0018_0037_0037.jpg 1 12 18 37 37
0382_0025_0035_0054_0054.jpg 1 25 35 54 54
0383_0039_0052_0028_0028.jpg 1 39 52 28 28
0384_0006_0034_0059_0059.jpg 1 6 34 59 59
0385_0009_0021_0063_0063.jpg 1 9 21 63 63
0386_0017_0057_0030_0030.jpg 1 17 57 30 30
0387_0047_0038_0039_0039.jpg 1 47 38 39 39
0388_0026_0025_0051_0051.jpg 1 26 25 51 51
0389_0028_0058_0026_0026.jpg 1 28 58 26 26
0390_0008_0019_0061_0061.jpg 1 8 19 61 61
0391_0061_0014_0029_0029.jpg 1 61 14 29 29
0392_0016_0004_0062_0062.jpg 1 16 4 62 62
0393_0014_0022_0058_0058.jpg 1 14 22 58 58
0394_0028_0025_0062_0062.jpg 1 28 25 62 62
0395_0010_0038_0046_0046.jpg 1 10 38 46 46
0396_0026_0024_0035_0035.jpg 1 26 24 35 35
0397_0044_0014_0035_0035.jpg 1 44 14 35 35
0398_0034_0013_0061_0061.jpg 1 34 13 61 61
0399_0015_0022_0051_0051.jpg 1 15 22 51 51
0400_0026_0017_0057_0057.jpg 1 26 17 57 57
0401_0021_0015_0055_0055.jpg 1 21 15 55 55
0402_0011_0020_0067_0067.jpg 1 11 20 67 67
0403_0055_0053_0028_0028.jpg 1 55 53 28 28
0404_0006_0005_0066_0066.jpg 1 6 5 66 66
0405_0028_0026_0057_0057.jpg 1 28 26 57 57
0406_0023_0018_0060_0060.jpg 1 23 18 60 60
0407_0040_0035_0034_0034.jpg 1 40 35 34 34
0408_0012_0010_0061_0061.jpg 1 12 10 61 61
0409_0010_0034_0050_0050.jpg 1 10 34 50 50
0410_0006_0021_0042_0042.jpg 1 6 21 42 42
0411_0027_0026_0058_0058.jpg 1 27 26 58 58
0412_0006_0018_0066_0066.jpg 1 6 18 66 66
0413_0024_0034_0042_0042.jpg 1 24 34 42 42
0414_0005_0010_0065_0065.jpg 1 5 10 65 65
0415_0045_0047_0034_0034.jpg 1 45 47 34 34
0416_0026_0036_0057_0057.jpg 1 26 36 57 57
0417_0026_0024_0045_0045.jpg 1 26 24 45 45
0418_0011_0020_0068_0068.jpg 1 11 20 68 68
0419_0035_0046_0046_0046.jpg 1 35 46 46 46
0420_0048_0018_0024_0024.jpg 1 48 18 24 24
0421_0024_0040_0034_0034.jpg 1 24 40 34 34
0422_0028_0048_0043_0043.jpg 1 28 48 43 43
0423_0032_0020_0062_0062.jpg 1 32 20 62 62
0424_0014_0024_0059_0059.jpg 1 14 24 59 59
0425_0024_0015_0044_0044.jpg 1 24 15 44 44
0426_0036_0025_0027_0027.jpg 1 36 25 27 27
0427_0036_0041_0053_0053.jpg 1 36 41 53 53
0428_0024_0006_0068_0068.jpg 1 24 6 68 68
0429_0062_0033_0027_0027.jpg 1 62 33 27 27
0430_0037_0030_0038_0038.jpg 1 37 30 38 38
0431_0026_0006_0057_0057.jpg 1 26 6 57 57
0432_0031_0020_0036_0036.jpg 1 31 20 36 36
0433_0005_0016_0063_0063.jpg 1 5 16 63 63
0434_0042_0056_0031_0031.jpg 1 42 56 31 31
0435_0027_0030_0028_0028.jpg 1 27 30 28 28
0436_0029_0064_0026_0026.jpg 1 29 64 26 26
0437_0006_0035_0038_0038.jpg 1 6 35 38 38
0438_0021_0025_0068_0068.jpg 1 21 25 68 68
0439_0029_0011_0059_0059.jpg 1 29 11 59 59
0440_0037_0012_0026_0026.jpg 1 37 12 26 26
0441_0018_0017_0067_0067.jpg 1 18 17 67 67
0442_0011_0007_0031_0031.jpg 1 11 7 31 31
0443_0005_0006_0064_0064.jpg 1 5 6 64 64
0444_0008_0011_0060_0060.jpg 1 8 11 60 60
0445_0020_0017_0051_0051.jpg 1 20 17 51 51
0446_0028_0021_0067_0067.jpg 1 28 21 67 67
0447_0035_0052_0026_0026.jpg 1 35 52 26 26
0448_0057_0016_0035_0035.jpg 1 57 16 35 35
0449_0026_0011_0033_0033.jpg 1 26 11 33 33
0450_0023_0035_0060_0060.jpg 1 23 35 60 60
0451_0003_0012_0061_0061.jpg 1 3 12 61 61
0452_0020_0015_0051_0051.jpg 1 20 15 51 51
0453_0040_0030_0050_0050.jpg 1 40 30 50 50
0454_0035_0049_0035_0035.jpg 1 35 49 35 35
0455_0046_0028_0024_0024.jpg 1 46 28 24 24
0456_0030_0036_0050_0050.jpg 1 30 36 50 50
0457_0038_0010_0042_0042.jpg 1 38 10 42 42
0458_0021_0009_0024_0024.jpg 1 21 9 24 24
0459_0044_0034_0048_0048.jpg 1 44 34 48 48
0460_0026_0035_0059_0059.jpg 1 26 35 59 59
0461_0014_0024_0057_0057.jpg 1 14 24 57 57
0462_0018_0030_0031_0031.jpg 1 18 30 31 31
0463_0022_0040_0054_0054.jpg 1 22 40 54 54
0464_0014_0039_0052_0052.jpg 1 14 39 52 52
0465_0028_0017_0062_0062.jpg 1 28 17 62 62
0466_0018_0018_0064_0064.jpg 1 18 18 64 64
0467_0031_0006_0054_0054.jpg 1 31 6 54 54
0468_0008_0011_0067_0067.jpg 1 8 11 67 67
0469_0028_0035_0041_0041.jpg 1 28 35 41 41
0470_0016_0020_0069_0069.jpg 1 16 20 69 69
0471_0045_0032_0045_0045.jpg 1 45 32 45 45
0472_0042_0025_0040_0040.jpg 1 42 25 40 40
0473_0014_0015_0056_0056.jpg 1 14 15 56 56
0474_0061_0030_0029_0029.jpg 1 61 30 29 29
0475_0009_0004_0058_0058.jpg 1 9 4 58 58
0476_0018_0010_0040_0040.jpg 1 18 10 40 40
0477_0027_0024_0030_0030.jpg 1 27 24 30 30
0478_0028_0014_0068_0068.jpg 1 28 14 68 68
0479_0048_0032_0044_0044.jpg 1 48 32 44 44
0480_0024_0036_0053_0053.jpg 1 24 36 53 53
0481_0032_0024_0057_0057.jpg 1 32 24 57 57
0482_0011_0011_0069_0069.jpg 1 11 11 69 69
0483_0024_0024_0067_0067.jpg 1 24 24 67 67
0484_0059_0050_0030_0030.jpg 1 59 50 30 30
0485_0023_0034_0037_0037.jpg 1 23 34 37 37
0486_0012_0037_0050_0050.jpg 1 12 37 50 50
0487_0004_0016_0065_0065.jpg 1 4 16 65 65
0488_0029_0027_0053_0053.jpg 1 29 27 53 53
0489_0021_0029_0058_0058.jpg 1 21 29 58 58
0490_0042_0026_0032_0032.jpg 1 42 26 32 32
0491_0009_0015_0066_0066.jpg 1 9 15 66 66
0492_0020_0010_0057_0057.jpg 1 20 10 57 57
0493_0043_0032_0047_0047.jpg 1 43 32 47 47
0494_0036_0050_0034_0034.jpg 1 36 50 34 34
0495_0006_0024_0067_0067.jpg 1 6 24 67 67
0496_0021_0009_0053_0053.jpg 1 21 9 53 53
0497_0043_0020_0032_0032.jpg 1 43 20 32 32
0498_0011_0018_0050_0050.jpg 1 11 18 50 50
0499_0014_0012_0065_0065.jpg 1 14 12 65 65
0500_0007_0027_0038_0038.jpg 1 7 27 38 38
0501_0024_0006_0046_0046.jpg 1 24 6 46 46
0502_0022_0018_0067_0067.jpg 1 22 18 67 67
0503_0025_0035_0031_0031.jpg 1 25 35 31 31
0504_0029_0009_0065_0065.jpg 1 29 9 65 65
0505_0037_0053_0037_0037.jpg 1 37 53 37 37
0506_0040_0047_0046_0046.jpg 1 40 47 46 46
0507_0038_0006_0038_0038.jpg 1 38 6 38 38
0508_0021_0039_0038_0038.jpg 1 21 39 38 38
0509_0014_0014_0065_0065.jpg 1 14 14 65 65
0510_0029_0008_0054_0054.jpg 1 29 8 54 54
0511_0026_0027_0057_0057.jpg 1 26 27 57 57
0512_0026_0014_0039_0039.jpg 1 26 14 39 39
0513_0007_0021_0065_0065.jpg 1 7 21 65 65
0514_0023_0021_0069_0069.jpg 1 23 21 69 69
0515_0023_0012_0060_0060.jpg 1 23 12 60 60
0516_0067_0066_0025_0025.jpg 1 67 66 25 25
0517_0037_0045_0048_0048.jpg 1 37 45 48 48
0518_0032_0032_0047_0047.jpg 1 32 32 47 47
0519_0015_0022_0041_0041.jpg 1 15 22 41 41
0520_0012_0045_0048_0048.jpg 1 12 45 48 48
0521_0011_0038_0037_0037.jpg 1 11 38 37 37
0522_0009_0011_0064_0064.jpg 1 9 11 64 64
0523_0023_0027_0068_0068.jpg 1 23 27 68 68
0524_0023_0043_0051_0051.jpg 1 23 43 51 51
0525_0006_0020_0049_0049.jpg 1 6 20 49 49
0526_0015_0017_0068_0068.jpg 1 15 17 68 68
0527_0024_0057_0028_0028.jpg 1 24 57 28 28
0528_0031_0014_0026_0026.jpg 1 31 14 26 26
0529_0016_0031_0063_0063.jpg 1 16 31 63 63
0530_0039_0046_0048_0048.jpg 1 39 46 48 48
0531_0053_0048_0027_0027.jpg 1 53 48 27 27
0532_0026_0021_0063_0063.jpg 1 26 21 63 63
0533_0026_0024_0058_0058.jpg 1 26 24 58 58
0534_0053_0049_0034_0034.jpg 1 53 49 34 34
0535_0015_0007_0065_0065.jpg 1 15 7 65 65
0536_0024_0020_0052_0052.jpg 1 24 20 52 52
0537_0018_0009_0062_0062.jpg 1 18 9 62 62
0538_0019_0009_0068_0068.jpg 1 19 9 68 68
0539_0029_0017_0054_0054.jpg 1 29 17 54 54
0540_0015_0010_0045_0045.jpg 1 15 10 45 45
0541_0012_0010_0061_0061.jpg 1 12 10 61 61
0542_0027_0038_0044_0044.jpg 1 27 38 44 44
0543_0031_0011_0046_0046.jpg 1 31 11 46 46
0544_0028_0012_0055_0055.jpg 1 28 12 55 55
0545_0039_0022_0042_0042.jpg 1 39 22 42 42
0546_0025_0010_0066_0066.jpg 1 25 10 66 66
0547_0036_0014_0029_0029.jpg 1 36 14 29 29
0548_0026_0005_0064_0064.jpg 1 26 5 64 64
0549_0020_0016_0052_0052.jpg 1 20 16 52 52
0550_0008_0018_0043_0043.jpg 1 8 18 43 43
0551_0050_0035_0035_0035.jpg 1 50 35 35 35
0552_0005_0010_0061_0061.jpg 1 5 10 61 61
0553_0021_0049_0039_0039.jpg 1 21 49 39 39
0554_0033_0059_0032_0032.jpg 1 33 59 32 32
0555_0015_0027_0049_0049.jpg 1 15 27 49 49
0556_0011_0016_0065_0065.jpg 1 11 16 65 65
0557_0007_0017_0067_0067.jpg 1 7 17 67 67
0558_0028_0013_0059_0059.jpg 1 28 13 59 59
0559_0059_0062_0028_0028.jpg 1 59 62 28 28
0560_0017_0025_0054_0054.jpg 1 17 25 54 54
0561_0025_0062_0029_0029.jpg 1 25 62 29 29
0562_0015_0009_0052_0052.jpg 1 15 9 52 52
0563_0005_0004_0058_0058.jpg 1 5 4 58 58
0564_0008_0024_0062_0062.jpg 1 8 24 62 62
0565_0038_0031_0052_0052.jpg 1 38 31 52 52
0566_0021_0039_0054_0054.jpg 1 21 39 54 54
0567_0016_0018_0066_0066.jpg 1 16 18 66 66
0568_0012_0020_0066_0066.jpg 1 12 20 66 66
0569_0006_0031_0060_0060.jpg 1 6 31 60 60
0570_0012_0018_0037_0037.jpg 1 12 18 37 37
0571_0008_0029_0061_0061.jpg 1 8 29 61 61
0572_0037_0046_0038_0038.jpg 1 37 46 38 38
0573_0011_0041_0027_0027.jpg 1 11 41 27 27
0574_0025_0006_0061_0061.jpg 1 25 6 61 61
0575_0004_0037_0058_0058.jpg 1 4 37 58 58
0576_0008_0005_0057_0057.jpg 1 8 5 57 57
0577_0043_0037_0034_0034.jpg 1 43 37 34 34
0578_0034_0006_0048_0048.jpg 1 34 6 48 48
0579_0017_0022_0060_0060.jpg 1 17 22 60 60
0580_0037_0030_0057_0057.jpg 1 37 30 57 57
0581_0014_0008_0064_0064.jpg 1 14 8 64 64
0582_0038_0028_0052_0052.jpg 1 38 28 52 52
0583_0016_0010_0051_0051.jpg 1 16 10 51 51
0584_0061_0021_0025_0025.jpg 1 61 21 25 25
0585_0031_0011_0032_0032.jpg 1 31 11 32 32
0586_0020_0017_0066_0066.jpg 1 20 17 66 66
0587_0022_0042_0035_0035.jpg 1 22 42 35 35
0588_0043_0033_0043_0043.jpg 1 43 33 43 43
0589_0012_0005_0069_0069.jpg 1 12 5 69 69
0590_0018_0062_0027_0027.jpg 1 18 62 27 27
0591_0030_0025_0053_0053.jpg 1 30 25 53 53
0592_0030_0006_0060_0060.jpg 1 30 6 60 60
0593_0039_0029_0054_0054.jpg 1 39 29 54 54
0594_0027_0012_0067_0067.jpg 1 27 12 67 67
0595_0018_0012_0065_0065.jpg 1 18 12 65 65
0596_0021_0035_0025_0025.jpg 1 21 35 25 25
0597_0010_0025_0058_0058.jpg 1 10 25 58 58
0598_0061_0025_0031_0031.jpg 1 61 25 31 31
0599_0021_0015_0031_0031.jpg 1 21 15 31 31
0600_0022_0045_0036_0036.jpg 1 22 45 36 36
0601_0030_0006_0037_0037.jpg 1 30 6 37 37
0602_0017_0044_0050_0050.jpg 1 17 44 50 50
0603_0032_0005_0061_0061.jpg 1 32 5 61 61
0604_0027_0028_0064_0064.jpg 1 27 28 64 64
0605_0049_0006_0043_0043.jpg 1 49 6 43 43
0606_0031_0057_0030_0030.jpg 1 31 57 30 30
0607_0014_0025_0069_0069.jpg 1 14 25 69 69
0608_0027_0020_0032_0032.jpg 1 27 20 32 32
0609_0028_0037_0056_0056.jpg 1 28 37 56 56
0610_0025_0019_0047_0047.jpg 1 25 19 47 47
0611_0040_0024_0044_0044.jpg 1 40 24 44 44
0612_0042_0020_0036_0036.jpg 1 42 20 36 36
0613_0051_0059_0025_0025.jpg 1 51 59 25 25
0614_0030_0020_0045_0045.jpg 1 30 20 45 45
0615_0008_0019_0058_0058.jpg 1 8 19 58 58
0616_0032_0030_0062_0062.jpg 1 32 30 62 62
0617_0011_0014_0063_0063.jpg 1 11 14 63 63
0618_0017_0054_0026_0026.jpg 1 17 54 26 26
0619_0040_0012_0051_0051.jpg 1 40 12 51 51
0620_0009_0031_0052_0052.jpg 1 9 31 52 52
0621_0026_0013_0030_0030.jpg 1 26 13 30 30
0622_0026_0023_0065_0065.jpg 1 26 23 65 65
0623_0022_0007_0068_0068.jpg 1 22 7 68 68
0624_0030_0016_0048_0048.jpg 1 30 16 48 48
0625_0009_0004_0057_0057.jpg 1 9 4 57 57
0626_0008_0034_0052_0052.jpg 1 8 34 52 52
0627_0035_0047_0046_0046.jpg 1 35 47 46 46
0628_0022_0033_0034_0034.jpg 1 22 33 34 34
0629_0033_0025_0052_0052.jpg 1 33 25 52 52
0630_0025_0034_0043_0043.jpg 1 25 34 43 43
0631_0044_0008_0043_0043.jpg 1 44 8 43 43
0632_0010_0011_0063_0063.jpg 1 10 11 63 63
0633_0045_0039_0039_0039.jpg 1 45 39 39 39
0634_0019_0012_0050_0050.jpg 1 19 12 50 50
0635_0021_0014_0069_0069.jpg 1 21 14 69 69
0636_0043_0016_0051_0051.jpg 1 43 16 51 51
0637_0035_0035_0058_0058.jpg 1 35 35 58 58
0638_0020_0016_0067_0067.jpg 1 20 16 67 67
0639_0027_0016_0025_0025.jpg 1 27 16 25 25
0640_0015_0047_0039_0039.jpg 1 15 47 39 39
0641_0010_0035_0047_0047.jpg 1 10 35 47 47
0642_0023_0014_0042_0042.jpg 1 23 14 42 42
0643_0037_0018_0034_0034.jpg 1 37 18 34 34
0644_0043_0036_0035_0035.jpg 1 43 36 35 35
0645_0006_0010_0053_0053.jpg 1 6 10 53 53
0646_0051_0029_0041_0041.jpg 1 51 29 41 41
0647_0034_0041_0031_0031.jpg 1 34 41 31 31
0648_0022_0032_0063_0063.jpg 1 22 32 63 63
0649_0023_0012_0037_0037.jpg 1 23 12 37 37
0650_0033_0032_0044_0044.jpg 1 33 32 44 44
0651_0068_0012_0024_0024.jpg 1 68 12 24 24
0652_0051_0018_0038_0038.jpg 1 51 18 38 38
0653_0041_0015_0052_0052.jpg 1 41 15 52 52
0654_0006_0045_0036_0036.jpg 1 6 45 36 36
0655_0024_0037_0024_0024.jpg 1 24 37 24 24
0656_0036_0035_0058_0058.jpg 1 36 35 58 58
0657_0018_0023_0055_0055.jpg 1 18 23 55 55
0658_0026_0017_0043_0043.jpg 1 26 17 43 43
0659_0017_0041_0042_0042.jpg 1 17 41 42 42
0660_0013_0005_0067_0067.jpg 1 13 5 67 67
0661_0010_0036_0042_0042.jpg 1 10 36 42 42
0662_0045_0032_0036_0036.jpg 1 45 32 36 36
0663_0003_0017_0066_0066.jpg 1 3 17 66 66
0664_0047_0043_0038_0038.jpg 1 47 43 38 38
0665_0036_0016_0043_0043.jpg 1 36 16 43 43
0666_0016_0024_0035_0035.jpg 1 16 24 35 35
0667_0042_0014_0025_0025.jpg 1 42 14 25 25
0668_0033_0024_0059_0059.jpg 1 33 24 59 59
0669_0056_0023_0037_0037.jpg 1 56 23 37 37
0670_0017_0016_0050_0050.jpg 1 17 16 50 50
0671_0004_0028_0062_0062.jpg 1 4 28 62 62
0672_0008_0026_0048_0048.jpg 1 8 26 48 48
0673_0015_0026_0036_0036.jpg 1 15 26 36 36
0674_0016_0039_0048_0048.jpg 1 16 39 48 48
0675_0045_0017_0047_0047.jpg 1 45 17 47 47
0676_0049_0044_0034_0034.jpg 1 49 44 34 34
0677_0008_0026_0044_0044.jpg 1 8 26 44 44
0678_0043_0033_0038_0038.jpg 1 43 33 38 38
0679_0016_0005_0068_0068.jpg 1 16 5 68 68
0680_0017_0035_0028_0028.jpg 1 17 35 28 28
0681_0006_0023_0039_0039.jpg 1 6 23 39 39
0682_0035_0022_0057_0057.jpg 1 35 22 57 57
0683_0023_0013_0067_0067.jpg 1 23 13 67 67
0684_0037_0029_0042_0042.jpg 1 37 29 42 42
0685_0006_0045_0044_0044.jpg 1 6 45 44 44
0686_0040_0043_0048_0048.jpg 1 40 43 48 48
0687_0006_0033_0052_0052.jpg 1 6 33 52 52
0688_0029_0025_0066_0066.jpg 1 29 25 66 66
0689_0029_0019_0064_0064.jpg 1 29 19 64 64
0690_0028_0031_0050_0050.jpg 1 28 31 50 50
0691_0022_0011_0059_0059.jpg 1 22 11 59 59
0692_0007_0044_0044_0044.jpg 1 7 44 44 44
0693_0017_0038_0053_0053.jpg 1 17 38 53 53
0694_0013_0015_0056_0056.jpg 1 13 15 56 56
0695_0027_0042_0032_0032.jpg 1 27 42 32 32
0696_0038_0035_0056_0056.jpg 1 38 35 56 56
0697_0047_0014_0035_0035.jpg 1 47 14 35 35
0698_0031_0019_0057_0057.jpg 1 31 19 57 57
0699_0020_0015_0031_0031.jpg 1 20 15 31 31
0700_0023_0006_0061_0061.jpg 1 23 6 61 61
0701_0009_0043_0026_0026.jpg 1 9 43 26 26
0702_0032_0013_0047_0047.jpg 1 32 13 47 47
0703_0034_0029_0024_0024.jpg 1 34 29 24 24
0704_0023_0011_0068_0068.jpg 1 23 11 68 68
0705_0052_0053_0040_0040.jpg 1 52 53 40 40
0706_0004_0024_0058_0058.jpg 1 4 24 58 58
0707_0005_0022_0069_0069.jpg 1 5 22 69 69
0708_0031_0031_0053_0053.jpg 1 31 31 53 53
0709_0039_0019_0029_0029.jpg 1 39 19 29 29
0710_0013_0013_0064_0064.jpg 1 13 13 64 64
0711_0004_0023_0059_0059.jpg 1 4 23 59 59
0712_0022_0012_0036_0036.jpg 1 22 12 36 36
0713_0018_0010_0065_0065.jpg 1 18 10 65 65
0714_0021_0004_0061_0061.jpg 1 21 4 61 61
0715_0061_0063_0024_0024.jpg 1 61 63 24 24
0716_0065_0055_0024_0024.jpg 1 65 55 24 24
0717_0037_0028_0030_0030.jpg 1 37 28 30 30
0718_0048_0058_0032_0032.jpg 1 48 58 32 32
0719_0046_0028_0034_0034.jpg 1 46 28 34 34
0720_0049_0030_0037_0037.jpg 1 49 30 37 37
0721_0030_0038_0052_0052.jpg 1 30 38 52 52
0722_0065_0007_0026_0026.jpg 1 65 7 26 26
0723_0015_0056_0026_0026.jpg 1 15 56 26 26
0724_0010_0005_0062_0062.jpg 1 10 5 62 62
0725_0006_0007_0066_0066.jpg 1 6 7 66 66
0726_0023_0036_0038_0038.jpg 1 23 36 38 38
0727_0008_0037_0040_0040.jpg 1 8 37 40 40
0728_0017_0011_0060_0060.jpg 1 17 11 60 60
0729_0021_0023_0048_0048.jpg 1 21 23 48 48
0730_0016_0008_0035_0035.jpg 1 16 8 35 35
0731_0005_0016_0064_0064.jpg 1 5 16 64 64
0732_0056_0059_0029_0029.jpg 1 56 59 29 29
0733_0034_0048_0030_0030.jpg 1 34 48 30 30
0734_0033_0030_0058_0058.jpg 1 33 30 58 58
0735_0064_0032_0025_0025.jpg 1 64 32 25 25
0736_0018_0006_0032_0032.jpg 1 18 6 32 32
0737_0033_0024_0055_0055.jpg 1 33 24 55 55
0738_0029_0014_0043_0043.jpg 1 29 14 43 43
0739_0065_0030_0026_0026.jpg 1 65 30 26 26
0740_0044_0009_0044_0044.jpg 1 44 9 44 44
0741_0022_0024_0044_0044.jpg 1 22 24 44 44
0742_0032_0050_0042_0042.jpg 1 32 50 42 42
0743_0016_0026_0057_0057.jpg 1 16 26 57 57
0744_0045_0064_0028_0028.jpg 1 45 64 28 28
0745_0024_0008_0025_0025.jpg 1 24 8 25 25
0746_0026_0032_0057_0057.jpg 1 26 32 57 57
0747_0009_0021_0050_0050.jpg 1 9 21 50 50
0748_0034_0036_0059_0059.jpg 1 34 36 59 59
0749_0022_0010_0064_0064.jpg 1 22 10 64 64
0750_0023_0023_0069_0069.jpg 1 23 23 69 69
0751_0034_0015_0054_0054.jpg 1 34 15 54 54
0752_0043_0046_0027_0027.jpg 1 43 46 27 27
0753_0026_0027_0054_0054.jpg 1 26 27 54 54
0754_0033_0028_0059_0059.jpg 1 33 28 59 59
0755_0008_0021_0058_0058.jpg 1 8 21 58 58
0756_0050_0021_0028_0028.jpg 1 50 21 28 28
0757_0012_0044_0050_0050.jpg 1 12 44 50 50
0758_0019_0020_0068_0068.jpg 1 19 20 68 68
0759_0020_0022_0068_0068.jpg 1 20 22 68 68
0760_0007_0039_0056_0056.jpg 1 7 39 56 56
0761_0036_0015_0052_0052.jpg 1 36 15 52 52
0762_0011_0006_0048_0048.jpg 1 11 6 48 48
0763_0033_0028_0043_0043.jpg 1 33 28 43 43
0764_0032_0036_0033_0033.jpg 1 32 36 33 33
0765_0031_0025_0031_0031.jpg 1 31 25 31 31
0766_0011_0036_0057_0057.jpg 1 11 36 57 57
0767_0024_0011_0055_0055.jpg 1 24 11 55 55
0768_0022_0042_0026_0026.jpg 1 22 42 26 26
0769_0017_0008_0037_0037.jpg 1 17 8 37 37
0770_0018_0024_0056_0056.jpg 1 18 24 56 56
0771_0017_0020_0056_0056.jpg 1 17 20 56 56
0772_0023_0006_0066_0066.jpg 1 23 6 66 66
0773_0035_0031_0025_0025.jpg 1 35 31 25 25
0774_0016_0025_0026_0026.jpg 1 16 25 26 26
0775_0017_0021_0040_0040.jpg 1 17 21 40 40
0776_0017_0012_0062_0062.jpg 1 17 12 62 62
0777_0030_0014_0050_0050.jpg 1 30 14 50 50
0778_0029_0008_0066_0066.jpg 1 29 8 66 66
0779_0008_0035_0054_0054.jpg 1 8 35 54 54
0780_0025_0030_0054_0054.jpg 1 25 30 54 54
0781_0013_0009_0030_0030.jpg 1 13 9 30 30
0782_0067_0062_0024_0024.jpg 1 67 62 24 24
0783_0016_0030_0055_0055.jpg 1 16 30 55 55
0784_0039_0040_0039_0039.jpg 1 39 40 39 39
0785_0032_0028_0039_0039.jpg 1 32 28 39 39
0786_0046_0025_0047_0047.jpg 1 46 25 47 47
0787_0011_0026_0030_0030.jpg 1 11 26 30 30
0788_0061_0053_0027_0027.jpg 1 61 53 27 27
0789_0005_0019_0064_0064.jpg 1 5 19 64 64
0790_0021_0040_0055_0055.jpg 1 21 40 55 55
0791_0029_0034_0059_0059.jpg 1 29 34 59 59
0792_0048_0015_0029_0029.jpg 1 48 15 29 29
0793_0057_0061_0032_0032.jpg 1 57 61 32 32
0794_0007_0024_0055_0055.jpg 1 7 24 55 55
0795_0005_0020_0059_0059.jpg 1 5 20 59 59
0796_0025_0008_0066_0066.jpg 1 25 8 66 66
0797_0038_0028_0055_0055.jpg 1 38 28 55 55
0798_0032_0031_0044_0044.jpg 1 32 31 44 44
0799_0020_0021_0064_0064.jpg 1 20 21 64 64
0800_0034_0028_0034_0034.jpg 1 34 28 34 34
0801_0006_0019_0067_0067.jpg 1 6 19 67 67
0802_0008_0012_0067_0067.jpg 1 8 12 67 67
0803_0011_0007_0047_0047.jpg 1 11 7 47 47
0804_0020_0003_0065_0065.jpg 1 20 3 65 65
0805_0022_0043_0039_0039.jpg 1 22 43 39 39
0806_0003_0021_0067_0067.jpg 1 3 21 67 67
0807_0036_0012_0038_0038.jpg 1 36 12 38 38
0808_0017_0049_0029_0029.jpg 1 17 49 29 29
0809_0018_0017_0067_0067.jpg 1 18 17 67 67
0810_0015_0011_0064_0064.jpg 1 15 11 64 64
0811_0039_0010_0035_0035.jpg 1 39 10 35 35
0812_0019_0017_0043_0043.jpg 1 19 17 43 43
0813_0030_0016_0040_0040.jpg 1 30 16 40 40
0814_0023_0055_0027_0027.jpg 1 23 55 27 27
0815_0025_0013_0068_0068.jpg 1 25 13 68 68
0816_0025_0014_0069_0069.jpg 1 25 14 69 69
0817_0029_0010_0036_0036.jpg 1 29 10 36 36
0818_0025_0010_0040_0040.jpg 1 25 10 40 40
0819_0032_0043_0041_0041.jpg 1 32 43 41 41
0820_0006_0035_0051_0051.jpg 1 6 35 51 51
0821_0025_0016_0067_0067.jpg 1 25 16 67 67
0822_0031_0018_0038_0038.jpg 1 31 18 38 38
0823_0024_0024_0068_0068.jpg 1 24 24 68 68
0824_0038_0042_0032_0032.jpg 1 38 42 32 32
0825_0032_0036_0045_0045.jpg 1 32 36 45 45
0826_0011_0040_0045_0045.jpg 1 11 40 45 45
0827_0036_0006_0031_0031.jpg 1 36 6 31 31
0828_0011_0035_0043_0043.jpg 1 11 35 43 43
0829_0044_0026_0048_0048.jpg 1 44 26 48 48
0830_0028_0033_0059_0059.jpg 1 28 33 59 59
0831_0016_0041_0034_0034.jpg 1 16 41 34 34
0832_0010_0018_0059_0059.jpg 1 10 18 59 59
0833_0013_0013_0033_0033.jpg 1 13 13 33 33
0834_0014_0013_0066_0066.jpg 1 14 13 66 66
0835_0028_0029_0060_0060.jpg 1 28 29 60 60
0836_0041_0045_0041_0041.jpg 1 41 45 41 41
0837_0034_0051_0030_0030.jpg 1 34 51 30 30
0838_0030_0011_0064_0064.jpg 1 30 11 64 64
0839_0018_0040_0044_0044.jpg 1 18 40 44 44
0840_0008_0029_0029_0029.jpg 1 8 29 29 29
0841_0021_0004_0066_0066.jpg 1 21 4 66 66
0842_0027_0008_0054_0054.jpg 1 27 8 54 54
0843_0031_0039_0046_0046.jpg 1 31 39 46 46
0844_0054_0029_0025_0025.jpg 1 54 29 25 25
0845_0026_0054_0025_0025.jpg 1 26 54 25 25
0846_0024_0032_0044_0044.jpg 1 24 32 44 44
0847_0037_0031_0043_0043.jpg 1 37 31 43 43
0848_0060_0018_0028_0028.jpg 1 60 18 28 28
0849_0014_0036_0045_0045.jpg 1 14 36 45 45
0850_0061_0045_0028_0028.jpg 1 61 45 28 28
0851_0056_0031_0035_0035.jpg 1 56 31 35 35
0852_0052_0044_0037_0037.jpg 1 52 44 37 37
0853_0031_0007_0052_0052.jpg 1 31 7 52 52
0854_0059_0046_0032_0032.jpg 1 59 46 32 32
0855_0030_0014_0066_0066.jpg 1 30 14 66 66
0856_0009_0060_0029_0029.jpg 1 9 60 29 29
0857_0011_0039_0034_0034.jpg 1 11 39 34 34
0858_0045_0048_0045_0045.jpg 1 45 48 45 45
0859_0039_0028_0049_0049.jpg 1 39 28 49 49
0860_0025_0029_0055_0055.jpg 1 25 29 55 55
0861_0017_0023_0062_0062.jpg 1 17 23 62 62
0862_0060_0026_0030_0030.jpg 1 60 26 30 30
0863_0012_0006_0042_0042.jpg 1 12 6 42 42
0864_0030_0004_0061_0061.jpg 1 30 4 61 61
0865_0027_0027_0053_0053.jpg 1 27 27 53 53
0866_0059_0010_0033_0033.jpg 1 59 10 33 33
0867_0030_0039_0055_0055.jpg 1 30 39 55 55
0868_0038_0025_0043_0043.jpg 1 38 25 43 43
0869_0012_0021_0069_0069.jpg 1 12 21 69 69
0870_0039_0030_0027_0027.jpg 1 39 30 27 27
0871_0016_0007_0029_0029.jpg 1 16 7 29 29
0872_0054_0056_0024_0024.jpg 1 54 56 24 24
0873_0007_0025_0067_0067.jpg 1 7 25 67 67
0874_0034_0036_0051_0051.jpg 1 34 36 51 51
0875_0015_0023_0064_0064.jpg 1 15 23 64 64
0876_0043_0047_0039_0039.jpg 1 43 47 39 39
0877_0049_0038_0037_0037.jpg 1 49 38 37 37
0878_0021_0004_0067_0067.jpg 1 21 4 67 67
0879_0034_0036_0033_0033.jpg 1 34 36 33 33
0880_0006_0013_0067_0067.jpg 1 6 13 67 67
0881_0009_0028_0063_0063.jpg 1 9 28 63 63
0882_0052_0038_0027_0027.jpg 1 52 38 27 27
0883_0054_0021_0032_0032.jpg 1 54 21 32 32
0884_0018_0061_0029_0029.jpg 1 18 61 29 29
0885_0025_0018_0060_0060.jpg 1 25 18 60 60
0886_0017_0024_0064_0064.jpg 1 17 24 64 64
0887_0038_0031_0054_0054.jpg 1 38 31 54 54
0888_0023_0028_0062_0062.jpg 1 23 28 62 62
0889_0043_0019_0026_0026.jpg 1 43 19 26 26
0890_0010_0012_0066_0066.jpg 1 10 12 66 66
0891_0052_0030_0040_0040.jpg 1 52 30 40 40
0892_0025_0032_0048_0048.jpg 1 25 32 48 48
0893_0029_0013_0057_0057.jpg 1 29 13 57 57
0894_0008_0008_0032_0032.jpg 1 8 8 32 32
0895_0008_0022_0057_0057.jpg 1 8 22 57 57
0896_0043_0020_0026_0026.jpg 1 43 20 26 26
0897_0048_0009_0035_0035.jpg 1 48 9 35 35
0898_0012_0035_0037_0037.jpg 1 12 35 37 37
0899_0006_0036_0057_0057.jpg 1 6 36 57 57
0900_0030_0018_0046_0046.jpg 1 30 18 46 46
0901_0016_0021_0030_0030.jpg 1 16 21 30 30
0902_0009_0024_0063_0063.jpg 1 9 24 63 63
0903_0049_0043_0036_0036.jpg 1 49 43 36 36
0904_0009_0023_0055_0055.jpg 1 9 23 55 55
0905_0046_0038_0045_0045.jpg 1 46 38 45 45
0906_0035_0023_0054_0054.jpg 1 35 23 54 54
0907_0032_0044_0051_0051.jpg 1 32 44 51 51
0908_0045_0008_0034_0034.jpg 1 45 8 34 34
0909_0006_0026_0045_0045.jpg 1 6 26 45 45
0910_0049_0051_0041_0041.jpg 1 49 51 41 41
0911_0030_0006_0065_0065.jpg 1 30 6 65 65
0912_0022_0006_0040_0040.jpg 1 22 6 40 40
0913_0023_0022_0043_0043.jpg 1 23 22 43 43
0914_0015_0013_0061_0061.jpg 1 15 13 61 61
0915_0044_0044_0049_0049.jpg 1 44 44 49 49
0916_0045_0029_0036_0036.jpg 1 45 29 36 36
0917_0022_0021_0069_0069.jpg 1 22 21 69 69
0918_0014_0026_0064_0064.jpg 1 14 26 64 64
0919_0007_0024_0056_0056.jpg 1 7 24 56 56
0920_0051_0043_0036_0036.jpg 1 51 43 36 36
0921_0043_0024_0038_0038.jpg 1 43 24 38 38
0922_0046_0013_0041_0041.jpg 1 46 13 41 41
0923_0018_0040_0052_0052.jpg 1 18 40 52 52
0924_0012_0027_0036_0036.jpg 1 12 27 36 36
0925_0044_0015_0045_0045.jpg 1 44 15 45 45
0926_0029_0022_0041_0041.jpg 1 29 22 41 41
0927_0010_0017_0053_0053.jpg 1 10 17 53 53
0928_0009_0053_0024_0024.jpg 1 9 53 24 24
0929_0033_0016_0029_0029.jpg 1 33 16 29 29
0930_0011_0015_0054_0054.jpg 1 11 15 54 54
0931_0053_0022_0036_0036.jpg 1 53 22 36 36
0932_0027_0017_0026_0026.jpg 1 27 17 26 26
0933_0040_0017_0046_0046.jpg 1 40 17 46 46
0934_0036_0014_0028_0028.jpg 1 36 14 28 28
0935_0018_0037_0046_0046.jpg 1 18 37 46 46
0936_0030_0031_0029_0029.jpg 1 30 31 29 29
0937_0005_0006_0068_0068.jpg 1 5 6 68 68
0938_0050_0066_0024_0024.jpg 1 50 66 24 24
0939_0014_0036_0057_0057.jpg 1 14 36 57 57
0940_0024_0005_0069_0069.jpg 1 24 5 69 69
0941_0023_0034_0041_0041.jpg 1 23 34 41 41
0942_0056_0024_0035_0035.jpg 1 56 24 35 35
0943_0028_0019_0064_0064.jpg 1 28 19 64 64
0944_0042_0025_0029_0029.jpg 1 42 25 29 29
0945_0014_0012_0067_0067.jpg 1 14 12 67 67
0946_0046_0054_0026_0026.jpg 1 46 54 26 26
0947_0008_0032_0042_0042.jpg 1 8 32 42 42
0948_0008_0025_0027_0027.jpg 1 8 25 27 27
0949_0013_0013_0051_0051.jpg 1 13 13 51 51
0950_0021_0031_0056_0056.jpg 1 21 31 56 56
0951_0008_0016_0048_0048.jpg 1 8 16 48 48
0952_0017_0027_0068_0068.jpg 1 17 27 68 68
0953_0015_0033_0050_0050.jpg 1 15 33 50 50
0954_0034_0037_0047_0047.jpg 1 34 37 47 47
0955_0062_0061_0029_0029.jpg 1 62 61 29 29
0956_0010_0015_0053_0053.jpg 1 10 15 53 53
0957_0028_0024_0060_0060.jpg 1 28 24 60 60
0958_0014_0039_0054_0054.jpg 1 14 39 54 54
0959_0012_0011_0030_0030.jpg 1 12 11 30 30
0960_0044_0010_0029_0029.jpg 1 44 10 29 29
0961_0052_0052_0038_0038.jpg 1 52 52 38 38
0962_0009_0014_0066_0066.jpg 1 9 14 66 66
0963_0012_0011_0061_0061.jpg 1 12 11 61 61
0964_0013_0035_0049_0049.jpg 1 13 35 49 49
0965_0033_0013_0056_0056.jpg 1 33 13 56 56
0966_0046_0017_0046_0046.jpg 1 46 17 46 46
0967_0033_0049_0044_0044.jpg 1 33 49 44 44
0968_0024_0015_0053_0053.jpg 1 24 15 53 53
0969_0032_0034_0058_0058.jpg 1 32 34 58 58
0970_0057_0048_0034_0034.jpg 1 57 48 34 34
0971_0052_0007_0040_0040.jpg 1 52 7 40 40
0972_0034_0013_0059_0059.jpg 1 34 13 59 59
0973_0043_0052_0034_0034.jpg 1 43 52 34 34
0974_0041_0036_0052_0052.jpg 1 41 36 52 52
0975_0008_0013_0060_0060.jpg 1 8 13 60 60
0976_0031_0010_0062_0062.jpg 1 31 10 62 62
0977_0014_0026_0065_0065.jpg 1 14 26 65 65
0978_0028_0017_0055_0055.jpg 1 28 17 55 55
0979_0003_0012_0068_0068.jpg 1 3 12 68 68
0980_0018_0010_0043_0043.jpg 1 18 10 43 43
0981_0044_0018_0039_0039.jpg 1 44 18 39 39
0982_0028_0036_0044_0044.jpg 1 28 36 44 44
0983_0011_0031_0051_0051.jpg 1 11 31 51 51
0984_0012_0007_0057_0057.jpg 1 12 7 57 57
0985_0039_0011_0033_0033.jpg 1 39 11 33 33
0986_0005_0006_0069_0069.jpg 1 5 6 69 69
0987_0023_0021_0051_0051.jpg 1 23 21 51 51
0988_0050_0020_0042_0042.jpg 1 50 20 42 42
0989_0015_0005_0069_0069.jpg 1 15 5 69 69
0990_0010_0036_0049_0049.jpg 1 10 36 49 49
0991_0007_0028_0052_0052.jpg 1 7 28 52 52
0992_0048_0011_0045_0045.jpg 1 48 11 45 45
0993_0014_0030_0043_0043.jpg 1 14 30 43 43
0994_0009_0020_0065_0065.jpg 1 9 20 65 65
0995_0041_0048_0025_0025.jpg 1 41 48 25 25
0996_0044_0039_0037_0037.jpg 1 44 39 37 37
0997_0034_0009_0058_0058.jpg 1 34 9 58 58
0998_0051_0055_0032_0032.jpg 1 51 55 32 32
0999_0007_0006_0041_0041.jpg 1 7 6 41 41
1000_0051_0057_0031_0031.jpg 1 51 57 31 31
1001_0030_0022_0033_0033.jpg 1 30 22 33 33
1002_0029_0033_0047_0047.jpg 1 29 33 47 47
1003_0016_0007_0034_0034.jpg 1 16 7 34 34
1004_0010_0023_0041_0041.jpg 1 10 23 41 41
1005_0056_0058_0025_0025.jpg 1 56 58 25 25
1006_0027_0021_0027_0027.jpg 1 27 21 27 27
1007_0005_0028_0053_0053.jpg 1 5 28 53 53
1008_0015_0010_0064_0064.jpg 1 15 10 64 64
1009_0009_0019_0068_0068.jpg 1 9 19 68 68
1010_0023_0034_0035_0035.jpg 1 23 34 35 35
1011_0003_0023_0069_0069.jpg 1 3 23 69 69
1012_0030_0026_0036_0036.jpg 1 30 26 36 36
1013_0010_0030_0060_0060.jpg 1 10 30 60 60
1014_0006_0021_0037_0037.jpg 1 6 21 37 37
1015_0045_0014_0027_0027.jpg 1 45 14 27 27
1016_0041_0025_0051_0051.jpg 1 41 25 51 51
1017_0031_0031_0044_0044.jpg 1 31 31 44 44
1018_0031_0030_0061_0061.jpg 1 31 30 61 61
1019_0023_0004_0052_0052.jpg 1 23 4 52 52
1020_0029_0023_0062_0062.jpg 1 29 23 62 62
1021_0036_0019_0028_0028.jpg 1 36 19 28 28
1022_0011_0004_0062_0062.jpg 1 11 4 62 62
1023_0013_0004_0069_0069.jpg 1 13 4 69 69
1024_0015_0026_0065_0065.jpg 1 15 26 65 65
1025_0008_0030_0052_0052.jpg 1 8 30 52 52
1026_0049_0013_0026_0026.jpg 1 49 13 26 26
1027_0016_0028_0036_0036.jpg 1 16 28 36 36
1028_0018_0027_0055_0055.jpg 1 18 27 55 55
1029_0010_0022_0062_0062.jpg 1 10 22 62 62
1030_0010_0016_0059_0059.jpg 1 10 16 59 59
1031_0035_0029_0041_0041.jpg 1 35 29 41 41
1032_0031_0019_0064_0064.jpg 1 31 19 64 64
1033_0027_0018_0047_0047.jpg 1 27 18 47 47
1034_0009_0031_0058_0058.jpg 1 9 31 58 58
1035_0024_0023_0067_0067.jpg 1 24 23 67 67
1036_0030_0043_0031_0031.jpg 1 30 43 31 31
1037_0027_0013_0034_0034.jpg 1 27 13 34 34
1038_0017_0022_0053_0053.jpg 1 17 22 53 53
1039_0038_0047_0025_0025.jpg 1 38 47 25 25
1040_0056_0052_0034_0034.jpg 1 56 52 34 34
1041_0028_0035_0056_0056.jpg 1 28 35 56 56
1042_0034_0031_0059_0059.jpg 1 34 31 59 59
1043_0030_0030_0040_0040.jpg 1 30 30 40 40
1044_0034_0049_0041_0041.jpg 1 34 49 41 41
1045_0029_0012_0040_0040.jpg 1 29 12 40 40
1046_0010_0055_0031_0031.jpg 1 10 55 31 31
1047_0009_0033_0060_0060.jpg 1 9 33 60 60
1048_0060_0017_0029_0029.jpg 1 60 17 29 29
1049_0014_0048_0029_0029.jpg 1 14 48 29 29
1050_0054_0059_0030_0030.jpg 1 54 59 30 30
1051_0007_0035_0043_0043.jpg 1 7 35 43 43
1052_0003_0022_0068_0068.jpg 1 3 22 68 68
1053_0009_0038_0056_0056.jpg 1 9 38 56 56
1054_0018_0021_0045_0045.jpg 1 18 21 45 45
1055_0007_0029_0036_0036.jpg 1 7 29 36 36
1056_0012_0050_0043_0043.jpg 1 12 50 43 43
1057_0003_0014_0066_0066.jpg 1 3 14 66 66
1058_0021_0034_0050_0050.jpg 1 21 34 50 50
1059_0039_0010_0053_0053.jpg 1 39 10 53 53
1060_0027_0025_0032_0032.jpg 1 27 25 32 32
1061_0013_0006_0069_0069.jpg 1 13 6 69 69
1062_0023_0024_0060_0060.jpg 1 23 24 60 60
1063_0019_0011_0068_0068.jpg 1 19 11 68 68
1064_0016_0023_0068_0068.jpg 1 16 23 68 68
1065_0038_0024_0025_0025.jpg 1 38 24 25 25
1066_0025_0025_0064_0064.jpg 1 25 25 64 64
1067_0028_0033_0051_0051.jpg 1 28 33 51 51
1068_0010_0007_0047_0047.jpg 1 10 7 47 47
1069_0020_0010_0065_0065.jpg 1 20 10 65 65
1070_0028_0005_0058_0058.jpg 1 28 5 58 58
1071_0029_0011_0043_0043.jpg 1 29 11 43 43
1072_0010_0012_0049_0049.jpg 1 10 12 49 49
1073_0016_0028_0064_0064.jpg 1 16 28 64 64
1074_0006_0006_0041_0041.jpg 1 6 6 41 41
1075_0043_0013_0048_0048.jpg 1 43 13 48 48
1076_0024_0006_0059_0059.jpg 1 24 6 59 59
1077_0016_0018_0069_0069.jpg 1 16 18 69 69
1078_0006_0049_0041_0041.jpg 1 6 49 41 41
1079_0010_0057_0033_0033.jpg 1 10 57 33 33
1080_0015_0008_0050_0050.jpg 1 15 8 50 50
1081_0028_0044_0037_0037.jpg 1 28 44 37 37
1082_0009_0014_0056_0056.jpg 1 9 14 56 56
1083_0033_0013_0038_0038.jpg 1 33 13 38 38
1084_0021_0035_0050_0050.jpg 1 21 35 50 50
1085_0011_0008_0069_0069.jpg 1 11 8 69 69
1086_0036_0024_0029_0029.jpg 1 36 24 29 29
1087_0023_0039_0053_0053.jpg 1 23 39 53 53
1088_0032_0005_0051_0051.jpg 1 32 5 51 51
1089_0028_0022_0049_0049.jpg 1 28 22 49 49
1090_0006_0013_0052_0052.jpg 1 6 13 52 52
1091_0024_0030_0034_0034.jpg 1 24 30 34 34
1092_0010_0045_0049_0049.jpg 1 10 45 49 49
1093_0015_0037_0034_0034.jpg 1 15 37 34 34
1094_0028_0004_0061_0061.jpg 1 28 4 61 61
1095_0003_0023_0066_0066.jpg 1 3 23 66 66
1096_0040_0031_0046_0046.jpg 1 40 31 46 46
1097_0015_0035_0029_0029.jpg 1 15 35 29 29
1098_0033_0014_0059_0059.jpg 1 33 14 59 59
1099_0016_0025_0063_0063.jpg 1 16 25 63 63
1100_0027_0017_0066_0066.jpg 1 27 17 66 66
1101_0042_0043_0034_0034.jpg 1 42 43 34 34
1102_0054_0019_0038_0038.jpg 1 54 19 38 38
1103_0056_0011_0034_0034.jpg 1 56 11 34 34
1104_0023_0012_0047_0047.jpg 1 23 12 47 47
1105_0025_0033_0061_0061.jpg 1 25 33 61 61
1106_0043_0046_0032_0032.jpg 1 43 46 32 32
1107_0006_0015_0043_0043.jpg 1 6 15 43 43
1108_0031_0018_0063_0063.jpg 1 31 18 63 63
1109_0014_0028_0046_0046.jpg 1 14 28 46 46
1110_0025_0014_0058_0058.jpg 1 25 14 58 58
1111_0045_0006_0038_0038.jpg 1 45 6 38 38
1112_0019_0026_0058_0058.jpg 1 19 26 58 58
1113_0017_0011_0059_0059.jpg 1 17 11 59 59
1114_0005_0036_0057_0057.jpg 1 5 36 57 57
1115_0009_0033_0054_0054.jpg 1 9 33 54 54
1116_0040_0034_0052_0052.jpg 1 40 34 52 52
1117_0012_0030_0055_0055.jpg 1 12 30 55 55
1118_0048_0027_0037_0037.jpg 1 48 27 37 37
1119_0018_0014_0069_0069.jpg 1 18 14 69 69
1120_0016_0008_0067_0067.jpg 1 16 8 67 67
1121_0012_0024_0056_0056.jpg 1 12 24 56 56
1122_0016_0028_0063_0063.jpg 1 16 28 63 63
1123_0027_0004_0064_0064.jpg 1 27 4 64 64
1124_0033_0054_0037_0037.jpg 1 33 54 37 37
1125_0058_0018_0032_0032.jpg 1 58 18 32 32
1126_0007_0025_0056_0056.jpg 1 7 25 56 56
1127_0047_0011_0044_0044.jpg 1 47 11 44 44
1128_0032_0031_0058_0058.jpg 1 32 31 58 58
1129_0031_0020_0040_0040.jpg 1 31 20 40 40
1130_0014_0014_0053_0053.jpg 1 14 14 53 53
1131_0040_0019_0035_0035.jpg 1 40 19 35 35
1132_0020_0007_0043_0043.jpg 1 20 7 43 43
1133_0018_0013_0058_0058.jpg 1 18 13 58 58
1134_0029_0040_0042_0042.jpg 1 29 40 42 42
1135_0043_0005_0050_0050.jpg 1 43 5 50 50
1136_0047_0050_0031_0031.jpg 1 47 50 31 31
1137_0047_0014_0029_0029.jpg 1 47 14 29 29
1138_0042_0023_0049_0049.jpg 1 42 23 49 49
1139_0028_0008_0028_0028.jpg 1 28 8 28 28
1140_0025_0039_0040_0040.jpg 1 25 39 40 40
1141_0039_0022_0043_0043.jpg 1 39 22 43 43
1142_0057_0050_0030_0030.jpg 1 57 50 30 30
1143_0019_0016_0053_0053.jpg 1 19 16 53 53
1144_0005_0014_0047_0047.jpg 1 5 14 47 47
1145_0045_0052_0029_0029.jpg 1 45 52 29 29
1146_0016_0012_0044_0044.jpg 1 16 12 44 44
1147_0038_0051_0041_0041.jpg 1 38 51 41 41
1148_0032_0013_0055_0055.jpg 1 32 13 55 55
1149_0010_0008_0066_0066.jpg 1 10 8 66 66
1150_0018_0009_0058_0058.jpg 1 18 9 58 58
1151_0008_0045_0033_0033.jpg 1 8 45 33 33
1152_0036_0061_0028_0028.jpg 1 36 61 28 28
1153_0019_0005_0067_0067.jpg 1 19 5 67 67
1154_0005_0033_0048_0048.jpg 1 5 33 48 48
1155_0011_0010_0039_0039.jpg 1 11 10 39 39
1156_0025_0012_0069_0069.jpg 1 25 12 69 69
1157_0047_0024_0044_0044.jpg 1 47 24 44 44
1158_0024_0022_0035_0035.jpg 1 24 22 35 35
1159_0024_0009_0057_0057.jpg 1 24 9 57 57
1160_0005_0009_0066_0066.jpg 1 5 9 66 66
1161_0038_0030_0055_0055.jpg 1 38 30 55 55
1162_0015_0011_0047_0047.jpg 1 15 11 47 47
1163_0035_0041_0025_0025.jpg 1 35 41 25 25
1164_0024_0012_0069_0069.jpg 1 24 12 69 69
1165_0027_0012_0048_0048.jpg 1 27 12 48 48
1166_0016_0040_0037_0037.jpg 1 16 40 37 37
1167_0017_0014_0066_0066.jpg 1 17 14 66 66
1168_0041_0016_0051_0051.jpg 1 41 16 51 51
1169_0055_0050_0025_0025.jpg 1 55 50 25 25
1170_0042_0022_0050_0050.jpg 1 42 22 50 50
1171_0019_0016_0051_0051.jpg 1 19 16 51 51
1172_0030_0012_0060_0060.jpg 1 30 12 60 60
1173_0014_0008_0039_0039.jpg 1 14 8 39 39
1174_0051_0017_0028_0028.jpg 1 51 17 28 28
1175_0049_0020_0040_0040.jpg 1 49 20 40 40
1176_0020_0009_0063_0063.jpg 1 20 9 63 63
1177_0048_0015_0026_0026.jpg 1 48 15 26 26
1178_0024_0017_0028_0028.jpg 1 24 17 28 28
1179_0037_0046_0038_0038.jpg 1 37 46 38 38
1180_0006_0024_0052_0052.jpg 1 6 24 52 52
1181_0013_0013_0058_0058.jpg 1 13 13 58 58
1182_0027_0025_0056_0056.jpg 1 27 25 56 56
1183_0036_0032_0059_0059.jpg 1 36 32 59 59
1184_0014_0020_0053_0053.jpg 1 14 20 53 53
1185_0015_0046_0025_0025.jpg 1 15 46 25 25
1186_0026_0018_0048_0048.jpg 1 26 18 48 48
1187_0011_0008_0066_0066.jpg 1 11 8 66 66
1188_0044_0033_0036_0036.jpg 1 44 33 36 36
1189_0032_0028_0052_0052.jpg 1 32 28 52 52
1190_0035_0019_0048_0048.jpg 1 35 19 48 48
1191_0023_0029_0063_0063.jpg 1 23 29 63 63
1192_0045_0033_0040_0040.jpg 1 45 33 40 40
1193_0026_0024_0057_0057.jpg 1 26 24 57 57
1194_0050_0047_0027_0027.jpg 1 50 47 27 27
1195_0052_0065_0025_0025.jpg 1 52 65 25 25
1196_0021_0024_0050_0050.jpg 1 21 24 50 50
1197_0008_0009_0046_0046.jpg 1 8 9 46 46
1198_0031_0008_0054_0054.jpg 1 31 8 54 54
1199_0013_0009_0067_0067.jpg 1 13 9 67 67
1200_0038_0023_0050_0050.jpg 1 38 23 50 50
1201_0046_0060_0030_0030.jpg 1 46 60 30 30
1202_0030_0034_0040_0040.jpg 1 30 34 40 40
1203_0011_0023_0064_0064.jpg 1 11 23 64 64
1204_0038_0043_0030_0030.jpg 1 38 43 30 30
1205_0055_0047_0029_0029.jpg 1 55 47 29 29
1206_0030_0027_0026_0026.jpg 1 30 27 26 26
1207_0019_0035_0059_0059.jpg 1 19 35 59 59
1208_0026_0009_0067_0067.jpg 1 26 9 67 67
1209_0056_0056_0036_0036.jpg 1 56 56 36 36
1210_0026_0034_0031_0031.jpg 1 26 34 31 31
1211_0052_0039_0041_0041.jpg 1 52 39 41 41
1212_0034_0034_0058_0058.jpg 1 34 34 58 58
1213_0056_0018_0027_0027.jpg 1 56 18 27 27
1214_0060_0042_0031_0031.jpg 1 60 42 31 31
1215_0007_0037_0050_0050.jpg 1 7 37 50 50
1216_0015_0043_0033_0033.jpg 1 15 43 33 33
1217_0041_0059_0026_0026.jpg 1 41 59 26 26
1218_0008_0044_0027_0027.jpg 1 8 44 27 27
1219_0007_0053_0033_0033.jpg 1 7 53 33 33
1220_0023_0033_0034_0034.jpg 1 23 33 34 34
1221_0025_0017_0067_0067.jpg 1 25 17 67 67
1222_0018_0023_0032_0032.jpg 1 18 23 32 32
1223_0026_0025_0047_0047.jpg 1 26 25 47 47
1224_0022_0060_0029_0029.jpg 1 22 60 29 29
1225_0020_0040_0031_0031.jpg 1 20 40 31 31
1226_0018_0024_0033_0033.jpg 1 18 24 33 33
1227_0004_0006_0066_0066.jpg 1 4 6 66 66
1228_0042_0027_0036_0036.jpg 1 42 27 36 36
1229_0043_0049_0038_0038.jpg 1 43 49 38 38
1230_0054_0026_0024_0024.jpg 1 54 26 24 24
1231_0011_0011_0055_0055.jpg 1 11 11 55 55
1232_0022_0018_0069_0069.jpg 1 22 18 69 69
1233_0013_0016_0034_0034.jpg 1 13 16 34 34
1234_0007_0008_0049_0049.jpg 1 7 8 49 49
1235_0058_0057_0024_0024.jpg 1 58 57 24 24
1236_0023_0060_0027_0027.jpg 1 23 60 27 27
1237_0049_0037_0031_0031.jpg 1 49 37 31 31
1238_0011_0026_0052_0052.jpg 1 11 26 52 52
1239_0015_0033_0044_0044.jpg 1 15 33 44 44
1240_0013_0028_0067_0067.jpg 1 13 28 67 67
1241_0040_0047_0033_0033.jpg 1 40 47 33 33
1242_0028_0021_0061_0061.jpg 1 28 21 61 61
1243_0011_0012_0062_0062.jpg 1 11 12 62 62
1244_0055_0019_0038_0038.jpg 1 55 19 38 38
1245_0020_0010_0066_0066.jpg 1 20 10 66 66
1246_0020_0017_0059_0059.jpg 1 20 17 59 59
1247_0004_0015_0054_0054.jpg 1 4 15 54 54
1248_0003_0026_0068_0068.jpg 1 3 26 68 68
1249_0006_0045_0044_0044.jpg 1 6 45 44 44
1250_0031_0016_0056_0056.jpg 1 31 16 56 56
1251_0034_0041_0024_0024.jpg 1 34 41 24 24
1252_0039_0054_0037_0037.jpg 1 39 54 37 37
1253_0026_0034_0031_0031.jpg 1 26 34 31 31
1254_0040_0051_0042_0042.jpg 1 40 51 42 42
1255_0044_0039_0049_0049.jpg 1 44 39 49 49
1256_0041_0047_0046_0046.jpg 1 41 47 46 46
1257_0053_0053_0034_0034.jpg 1 53 53 34 34
1258_0026_0027_0068_0068.jpg 1 26 27 68 68
1259_0026_0016_0032_0032.jpg 1 26 16 32 32
1260_0034_0008_0039_0039.jpg 1 34 8 39 39
1261_0015_0042_0041_0041.jpg 1 15 42 41 41
1262_0031_0060_0028_0028.jpg 1 31 60 28 28
1263_0021_0041_0043_0043.jpg 1 21 41 43 43
1264_0006_0011_0038_0038.jpg 1 6 11 38 38
1265_0014_0034_0053_0053.jpg 1 14 34 53 53
1266_0017_0017_0061_0061.jpg 1 17 17 61 61
1267_0030_0024_0060_0060.jpg 1 30 24 60 60
1268_0050_0021_0028_0028.jpg 1 50 21 28 28
1269_0022_0032_0053_0053.jpg 1 22 32 53 53
1270_0023_0029_0047_0047.jpg 1 23 29 47 47
1271_0037_0031_0026_0026.jpg 1 37 31 26 26
1272_0020_0017_0056_0056.jpg 1 20 17 56 56
1273_0018_0039_0052_0052.jpg 1 18 39 52 52
1274_0029_0054_0031_0031.jpg 1 29 54 31 31
1275_0025_0027_0044_0044.jpg 1 25 27 44 44
1276_0003_0021_0062_0062.jpg 1 3 21 62 62
1277_0026_0053_0037_0037.jpg 1 26 53 37 37
1278_0015_0041_0028_0028.jpg 1 15 41 28 28
1279_0024_0034_0032_0032.jpg 1 24 34 32 32
1280_0015_0021_0067_0067.jpg 1 15 21 67 67
1281_0011_0033_0057_0057.jpg 1 11 33 57 57
1282_0050_0019_0041_0041.jpg 1 50 19 41 41
1283_0023_0006_0064_0064.jpg 1 23 6 64 64
1284_0013_0018_0056_0056.jpg 1 13 18 56 56
1285_0006_0023_0064_0064.jpg 1 6 23 64 64
1286_0026_0030_0061_0061.jpg 1 26 30 61 61
1287_0038_0029_0053_0053.jpg 1 38 29 53 53
1288_0016_0021_0066_0066.jpg 1 16 21 66 66
1289_0038_0043_0047_0047.jpg 1 38 43 47 47
1290_0035_0025_0059_0059.jpg 1 35 25 59 59
1291_0025_0011_0032_0032.jpg 1 25 11 32 32
1292_0049_0020_0032_0032.jpg 1 49 20 32 32
1293_0013_0043_0041_0041.jpg 1 13 43 41 41
1294_0044_0022_0027_0027.jpg 1 44 22 27 27
1295_0014_0016_0024_0024.jpg 1 14 16 24 24
1296_0021_0014_0058_0058.jpg 1 21 14 58 58
1297_0019_0042_0053_0053.jpg 1 19 42 53 53
1298_0008_0013_0047_0047.jpg 1 8 13 47 47
1299_0036_0018_0041_0041.jpg 1 36 18 41 41
1300_0014_0010_0065_0065.jpg 1 14 10 65 65
1301_0028_0035_0035_0035.jpg 1 28 35 35 35
1302_0006_0017_0051_0051.jpg 1 6 17 51 51
1303_0052_0039_0040_0040.jpg 1 52 39 40 40
1304_0054_0050_0024_0024.jpg 1 54 50 24 24
1305_0024_0028_0050_0050.jpg 1 24 28 50 50
1306_0036_0013_0056_0056.jpg 1 36 13 56 56
1307_0011_0005_0060_0060.jpg 1 11 5 60 60
1308_0029_0017_0050_0050.jpg 1 29 17 50 50
1309_0021_0021_0046_0046.jpg 1 21 21 46 46
1310_0015_0008_0055_0055.jpg 1 15 8 55 55
1311_0048_0051_0033_0033.jpg 1 48 51 33 33
1312_0018_0022_0069_0069.jpg 1 18 22 69 69
1313_0010_0024_0031_0031.jpg 1 10 24 31 31
1314_0012_0009_0056_0056.jpg 1 12 9 56 56
1315_0007_0060_0032_0032.jpg 1 7 60 32 32
1316_0062_0065_0027_0027.jpg 1 62 65 27 27
1317_0015_0017_0042_0042.jpg 1 15 17 42 42
1318_0029_0019_0039_0039.jpg 1 29 19 39 39
1319_0027_0016_0049_0049.jpg 1 27 16 49 49
1320_0038_0039_0036_0036.jpg 1 38 39 36 36
1321_0049_0048_0025_0025.jpg 1 49 48 25 25
1322_0054_0043_0035_0035.jpg 1 54 43 35 35
1323_0014_0047_0033_0033.jpg 1 14 47 33 33
1324_0023_0008_0052_0052.jpg 1 23 8 52 52
1325_0016_0039_0052_0052.jpg 1 16 39 52 52
1326_0018_0033_0031_0031.jpg 1 18 33 31 31
1327_0016_0019_0065_0065.jpg 1 16 19 65 65
1328_0054_0017_0032_0032.jpg 1 54 17 32 32
1329_0010_0028_0061_0061.jpg 1 10 28 61 61
1330_0016_0016_0063_0063.jpg 1 16 16 63 63
1331_0049_0038_0034_0034.jpg 1 49 38 34 34
1332_0004_0024_0058_0058.jpg 1 4 24 58 58
1333_0022_0054_0037_0037.jpg 1 22 54 37 37
1334_0031_0026_0056_0056.jpg 1 31 26 56 56
1335_0031_0029_0063_0063.jpg 1 31 29 63 63
1336_0012_0012_0051_0051.jpg 1 12 12 51 51
1337_0020_0014_0042_0042.jpg 1 20 14 42 42
1338_0035_0027_0055_0055.jpg 1 35 27 55 55
1339_0046_0042_0042_0042.jpg 1 46 42 42 42
1340_0007_0034_0059_0059.jpg 1 7 34 59 59
1341_0010_0014_0066_0066.jpg 1 10 14 66 66
1342_0013_0047_0044_0044.jpg 1 13 47 44 44
1343_0019_0039_0047_0047.jpg 1 19 39 47 47
1344_0038_0032_0037_0037.jpg 1 38 32 37 37
1345_0029_0016_0052_0052.jpg 1 29 16 52 52
1346_0005_0021_0067_0067.jpg 1 5 21 67 67
1347_0023_0029_0053_0053.jpg 1 23 29 53 53
1348_0012_0028_0067_0067.jpg 1 12 28 67 67
1349_0034_0020_0051_0051.jpg 1 34 20 51 51
1350_0047_0034_0034_0034.jpg 1 47 34 34 34
1351_0048_0019_0037_0037.jpg 1 48 19 37 37
1352_0038_0013_0054_0054.jpg 1 38 13 54 54
1353_0022_0030_0057_0057.jpg 1 22 30 57 57
1354_0032_0007_0039_0039.jpg 1 32 7 39 39
1355_0021_0056_0031_0031.jpg 1 21 56 31 31
1356_0012_0033_0040_0040.jpg 1 12 33 40 40
1357_0043_0017_0034_0034.jpg 1 43 17 34 34
1358_0025_0009_0068_0068.jpg 1 25 9 68 68
1359_0026_0004_0059_0059.jpg 1 26 4 59 59
1360_0016_0016_0044_0044.jpg 1 16 16 44 44
1361_0031_0020_0057_0057.jpg 1 31 20 57 57
1362_0025_0017_0057_0057.jpg 1 25 17 57 57
1363_0044_0010_0028_0028.jpg 1 44 10 28 28
1364_0038_0014_0046_0046.jpg 1 38 14 46 46
1365_0023_0038_0026_0026.jpg 1 23 38 26 26
1366_0008_0028_0060_0060.jpg 1 8 28 60 60
1367_0018_0023_0041_0041.jpg 1 18 23 41 41
1368_0040_0039_0039_0039.jpg 1 40 39 39 39
1369_0009_0016_0065_0065.jpg 1 9 16 65 65
1370_0005_0014_0062_0062.jpg 1 5 14 62 62
1371_0013_0011_0038_0038.jpg 1 13 11 38 38
1372_0009_0006_0042_0042.jpg 1 9 6 42 42
1373_0020_0038_0046_0046.jpg 1 20 38 46 46
1374_0021_0009_0064_0064.jpg 1 21 9 64 64
1375_0006_0018_0068_0068.jpg 1 6 18 68 68
1376_0014_0020_0024_0024.jpg 1 14 20 24 24
1377_0037_0011_0056_0056.jpg 1 37 11 56 56
1378_0032_0009_0046_0046.jpg 1 32 9 46 46
1379_0025_0022_0046_0046.jpg 1 25 22 46 46
1380_0008_0007_0061_0061.jpg 1 8 7 61 61
1381_0022_0031_0060_0060.jpg 1 22 31 60 60
1382_0004_0024_0051_0051.jpg 1 4 24 51 51
1383_0052_0018_0035_0035.jpg 1 52 18 35 35
1384_0017_0013_0031_0031.jpg 1 17 13 31 31
1385_0006_0036_0044_0044.jpg 1 6 36 44 44
1386_0039_0019_0056_0056.jpg 1 39 19 56 56
1387_0032_0021_0052_0052.jpg 1 32 21 52 52
1388_0021_0008_0057_0057.jpg 1 21 8 57 57
1389_0044_0032_0046_0046.jpg 1 44 32 46 46
1390_0024_0033_0053_0053.jpg 1 24 33 53 53
1391_0052_0017_0034_0034.jpg 1 52 17 34 34
1392_0014_0014_0065_0065.jpg 1 14 14 65 65
1393_0054_0026_0037_0037.jpg 1 54 26 37 37
1394_0013_0019_0063_0063.jpg 1 13 19 63 63
1395_0014_0017_0061_0061.jpg 1 14 17 61 61
1396_0039_0018_0054_0054.jpg 1 39 18 54 54
1397_0030_0024_0051_0051.jpg 1 30 24 51 51
1398_0047_0015_0043_0043.jpg 1 47 15 43 43
1399_0022_0016_0068_0068.jpg 1 22 16 68 68
1400_0016_0067_0025_0025.jpg 1 16 67 25 25
1401_0062_0028_0027_0027.jpg 1 62 28 27 27
1402_0021_0005_0054_0054.jpg 1 21 5 54 54
1403_0028_0008_0060_0060.jpg 1 28 8 60 60
1404_0007_0008_0069_0069.jpg 1 7 8 69 69
1405_0066_0026_0024_0024.jpg 1 66 26 24 24
1406_0030_0035_0055_0055.jpg 1 30 35 55 55
1407_0032_0031_0030_0030.jpg 1 32 31 30 30
1408_0031_0012_0051_0051.jpg 1 31 12 51 51
1409_0017_0025_0027_0027.jpg 1 17 25 27 27
1410_0011_0011_0050_0050.jpg 1 11 11 50 50
1411_0009_0034_0057_0057.jpg 1 9 34 57 57
1412_0021_0029_0055_0055.jpg 1 21 29 55 55
1413_0017_0032_0048_0048.jpg 1 17 32 48 48
1414_0032_0022_0057_0057.jpg 1 32 22 57 57
1415_0042_0033_0049_0049.jpg 1 42 33 49 49
1416_0016_0007_0068_0068.jpg 1 16 7 68 68
1417_0007_0028_0029_0029.jpg 1 7 28 29 29
1418_0034_0022_0051_0051.jpg 1 34 22 51 51
1419_0025_0023_0030_0030.jpg 1 25 23 30 30
1420_0012_0022_0039_0039.jpg 1 12 22 39 39
1421_0047_0036_0038_0038.jpg 1 47 36 38 38
1422_0013_0020_0063_0063.jpg 1 13 20 63 63
1423_0021_0009_0049_0049.jpg 1 21 9 49 49
1424_0010_0019_0059_0059.jpg 1 10 19 59 59
1425_0026_0005_0065_0065.jpg 1 26 5 65 65
1426_0032_0006_0064_0064.jpg 1 32 6 64 64
1427_0013_0026_0061_0061.jpg 1 13 26 61 61
1428_0020_0014_0062_0062.jpg 1 20 14 62 62
1429_0046_0010_0037_0037.jpg 1 46 10 37 37
1430_0005_0040_0052_0052.jpg 1 5 40 52 52
1431_0015_0032_0045_0045.jpg 1 15 32 45 45
1432_0026_0015_0062_0062.jpg 1 26 15 62 62
1433_0049_0050_0040_0040.jpg 1 49 50 40 40
1434_0014_0021_0062_0062.jpg 1 14 21 62 62
1435_0040_0066_0024_0024.jpg 1 40 66 24 24
1436_0045_0023_0035_0035.jpg 1 45 23 35 35
1437_0038_0036_0049_0049.jpg 1 38 36 49 49
1438_0027_0036_0027_0027.jpg 1 27 36 27 27
1439_0023_0017_0042_0042.jpg 1 23 17 42 42
1440_0026_0043_0050_0050.jpg 1 26 43 50 50
1441_0010_0043_0048_0048.jpg 1 10 43 48 48
1442_0019_0010_0066_0066.jpg 1 19 10 66 66
1443_0010_0007_0064_0064.jpg 1 10 7 64 64
1444_0056_0013_0033_0033.jpg 1 56 13 33 33
1445_0019_0015_0065_0065.jpg 1 19 15 65 65
1446_0035_0022_0039_0039.jpg 1 35 22 39 39
1447_0015_0055_0027_0027.jpg 1 15 55 27 27
1448_0004_0017_0058_0058.jpg 1 4 17 58 58
1449_0014_0007_0069_0069.jpg 1 14 7 69 69
1450_0004_0018_0066_0066.jpg 1 4 18 66 66
1451_0004_0031_0061_0061.jpg 1 4 31 61 61
1452_0031_0026_0035_0035.jpg 1 31 26 35 35
1453_0004_0007_0067_0067.jpg 1 4 7 67 67
1454_0022_0029_0036_0036.jpg 1 22 29 36 36
1455_0014_0029_0047_0047.jpg 1 14 29 47 47
1456_0026_0024_0064_0064.jpg 1 26 24 64 64
1457_0044_0015_0027_0027.jpg 1 44 15 27 27
1458_0020_0024_0040_0040.jpg 1 20 24 40 40
1459_0064_0029_0028_0028.jpg 1 64 29 28 28
1460_0021_0056_0024_0024.jpg 1 21 56 24 24
1461_0014_0019_0044_0044.jpg 1 14 19 44 44
1462_0038_0022_0034_0034.jpg 1 38 22 34 34
1463_0019_0011_0062_0062.jpg 1 19 11 62 62
1464_0007_0020_0050_0050.jpg 1 7 20 50 50
1465_0015_0032_0064_0064.jpg 1 15 32 64 64
1466_0014_0039_0050_0050.jpg 1 14 39 50 50
1467_0026_0024_0048_0048.jpg 1 26 24 48 48
1468_0008_0027_0051_0051.jpg 1 8 27 51 51
1469_0056_0044_0036_0036.jpg 1 56 44 36 36
1470_0041_0038_0050_0050.jpg 1 41 38 50 50
1471_0007_0038_0056_0056.jpg 1 7 38 56 56
1472_0011_0007_0062_0062.jpg 1 11 7 62 62
1473_0032_0009_0054_0054.jpg 1 32 9 54 54
1474_0032_0027_0034_0034.jpg 1 32 27 34 34
1475_0007_0010_0064_0064.jpg 1 7 10 64 64
1476_0027_0023_0047_0047.jpg 1 27 23 47 47
1477_0017_0006_0069_0069.jpg 1 17 6 69 69
1478_0019_0042_0030_0030.jpg 1 19 42 30 30
1479_0008_0012_0050_0050.jpg 1 8 12 50 50
1480_0042_0015_0026_0026.jpg 1 42 15 26 26
1481_0018_0035_0056_0056.jpg 1 18 35 56 56
1482_0033_0011_0061_0061.jpg 1 33 11 61 61
1483_0027_0031_0036_0036.jpg 1 27 31 36 36
1484_0020_0013_0042_0042.jpg 1 20 13 42 42
1485_0011_0026_0052_0052.jpg 1 11 26 52 52
1486_0004_0016_0061_0061.jpg 1 4 16 61 61
1487_0007_0009_0053_0053.jpg 1 7 9 53 53
1488_0017_0007_0068_0068.jpg 1 17 7 68 68
1489_0009_0013_0046_0046.jpg 1 9 13 46 46
1490_0033_0025_0043_0043.jpg 1 33 25 43 43
1491_0031_0033_0041_0041.jpg 1 31 33 41 41
1492_0011_0029_0052_0052.jpg 1 11 29 52 52
1493_0026_0044_0036_0036.jpg 1 26 44 36 36
1494_0037_0060_0026_0026.jpg 1 37 60 26 26
1495_0018_0007_0049_0049.jpg 1 18 7 49 49
1496_0014_0013_0034_0034.jpg 1 14 13 34 34
1497_0038_0010_0042_0042.jpg 1 38 10 42 42
1498_0055_0034_0026_0026.jpg 1 55 34 26 26
1499_0021_0042_0038_0038.jpg 1 21 42 38 38
1500_0004_0019_0069_0069.jpg 1 4 19 69 69
1501_0011_0035_0026_0026.jpg 1 11 35 26 26
1502_0031_0009_0060_0060.jpg 1 31 9 60 60
1503_0031_0045_0043_0043.jpg 1 31 45 43 43
1504_0030_0011_0057_0057.jpg 1 30 11 57 57
1505_0028_0007_0067_0067.jpg 1 28 7 67 67
1506_0034_0038_0050_0050.jpg 1 34 38 50 50
1507_0015_0058_0035_0035.jpg 1 15 58 35 35
1508_0023_0042_0031_0031.jpg 1 23 42 31 31
1509_0014_0003_0067_0067.jpg 1 14 3 67 67
1510_0051_0062_0027_0027.jpg 1 51 62 27 27
1511_0014_0030_0052_0052.jpg 1 14 30 52 52
1512_0009_0020_0055_0055.jpg 1 9 20 55 55
1513_0021_0023_0063_0063.jpg 1 21 23 63 63
1514_0036_0043_0037_0037.jpg 1 36 43 37 37
1515_0032_0028_0052_0052.jpg 1 32 28 52 52
1516_0015_0011_0065_0065.jpg 1 15 11 65 65
1517_0029_0046_0036_0036.jpg 1 29 46 36 36
1518_0030_0013_0058_0058.jpg 1 30 13 58 58
1519_0043_0036_0034_0034.jpg 1 43 36 34 34
1520_0030_0019_0062_0062.jpg 1 30 19 62 62
1521_0016_0042_0031_0031.jpg 1 16 42 31 31
1522_0037_0009_0053_0053.jpg 1 37 9 53 53
1523_0008_0029_0063_0063.jpg 1 8 29 63 63
1524_0028_0027_0062_0062.jpg 1 28 27 62 62
1525_0050_0012_0041_0041.jpg 1 50 12 41 41
1526_0012_0037_0025_0025.jpg 1 12 37 25 25
1527_0033_0015_0049_0049.jpg 1 33 15 49 49
1528_0018_0044_0034_0034.jpg 1 18 44 34 34
1529_0006_0044_0049_0049.jpg 1 6 44 49 49
1530_0029_0053_0032_0032.jpg 1 29 53 32 32
1531_0023_0005_0066_0066.jpg 1 23 5 66 66
1532_0023_0028_0065_0065.jpg 1 23 28 65 65
1533_0020_0045_0047_0047.jpg 1 20 45 47 47
1534_0048_0047_0042_0042.jpg 1 48 47 42 42
1535_0025_0055_0037_0037.jpg 1 25 55 37 37
1536_0040_0040_0052_0052.jpg 1 40 40 52 52
1537_0012_0012_0033_0033.jpg 1 12 12 33 33
1538_0043_0045_0049_0049.jpg 1 43 45 49 49
1539_0022_0003_0066_0066.jpg 1 22 3 66 66
1540_0030_0033_0033_0033.jpg 1 30 33 33 33
1541_0019_0016_0038_0038.jpg 1 19 16 38 38
1542_0034_0012_0044_0044.jpg 1 34 12 44 44
1543_0041_0041_0043_0043.jpg 1 41 41 43 43
1544_0045_0028_0045_0045.jpg 1 45 28 45 45
1545_0019_0012_0041_0041.jpg 1 19 12 41 41
1546_0005_0039_0044_0044.jpg 1 5 39 44 44
1547_0010_0010_0046_0046.jpg 1 10 10 46 46
1548_0013_0044_0028_0028.jpg 1 13 44 28 28
1549_0014_0009_0040_0040.jpg 1 14 9 40 40
1550_0021_0012_0056_0056.jpg 1 21 12 56 56
1551_0031_0008_0055_0055.jpg 1 31 8 55 55
1552_0030_0029_0063_0063.jpg 1 30 29 63 63
1553_0010_0015_0063_0063.jpg 1 10 15 63 63
1554_0059_0032_0031_0031.jpg 1 59 32 31 31
1555_0023_0011_0041_0041.jpg 1 23 11 41 41
1556_0010_0003_0064_0064.jpg 1 10 3 64 64
1557_0013_0022_0055_0055.jpg 1 13 22 55 55
1558_0020_0005_0051_0051.jpg 1 20 5 51 51
1559_0055_0041_0028_0028.jpg 1 55 41 28 28
1560_0024_0003_0069_0069.jpg 1 24 3 69 69
1561_0034_0041_0046_0046.jpg 1 34 41 46 46
1562_0012_0035_0056_0056.jpg 1 12 35 56 56
1563_0044_0011_0048_0048.jpg 1 44 11 48 48
1564_0009_0020_0069_0069.jpg 1 9 20 69 69
1565_0009_0027_0066_0066.jpg 1 9 27 66 66
1566_0046_0036_0032_0032.jpg 1 46 36 32 32
1567_0048_0009_0040_0040.jpg 1 48 9 40 40
1568_0032_0014_0039_0039.jpg 1 32 14 39 39
1569_0055_0021_0028_0028.jpg 1 55 21 28 28
1570_0017_0054_0031_0031.jpg 1 17 54 31 31
1571_0029_0030_0044_0044.jpg 1 29 30 44 44
1572_0016_0024_0063_0063.jpg 1 16 24 63 63
1573_0005_0027_0052_0052.jpg 1 5 27 52 52
1574_0058_0024_0029_0029.jpg 1 58 24 29 29
1575_0033_0034_0051_0051.jpg 1 33 34 51 51
1576_0025_0034_0025_0025.jpg 1 25 34 25 25
1577_0025_0011_0057_0057.jpg 1 25 11 57 57
1578_0011_0025_0064_0064.jpg 1 11 25 64 64
1579_0036_0019_0057_0057.jpg 1 36 19 57 57
1580_0045_0050_0039_0039.jpg 1 45 50 39 39
1581_0012_0042_0046_0046.jpg 1 12 42 46 46
1582_0047_0056_0037_0037.jpg 1 47 56 37 37
1583_0028_0052_0030_0030.jpg 1 28 52 30 30
1584_0005_0031_0059_0059.jpg 1 5 31 59 59
1585_0009_0013_0069_0069.jpg 1 9 13 69 69
1586_0010_0039_0049_0049.jpg 1 10 39 49 49
1587_0035_0006_0053_0053.jpg 1 35 6 53 53
1588_0008_0043_0045_0045.jpg 1 8 43 45 45
1589_0048_0009_0025_0025.jpg 1 48 9 25 25
1590_0036_0048_0026_0026.jpg 1 36 48 26 26
1591_0027_0037_0040_0040.jpg 1 27 37 40 40
1592_0005_0015_0064_0064.jpg 1 5 15 64 64
1593_0012_0036_0048_0048.jpg 1 12 36 48 48
1594_0026_0018_0063_0063.jpg 1 26 18 63 63
1595_0025_0015_0066_0066.jpg 1 25 15 66 66
1596_0010_0048_0040_0040.jpg 1 10 48 40 40
1597_0049_0023_0042_0042.jpg 1 49 23 42 42
1598_0030_0008_0058_0058.jpg 1 30 8 58 58
1599_0005_0010_0064_0064.jpg 1 5 10 64 64
1600_0044_0029_0031_0031.jpg 1 44 29 31 31
1601_0031_0034_0061_0061.jpg 1 31 34 61 61
1602_0027_0027_0041_0041.jpg 1 27 27 41 41
1603_0044_0015_0040_0040.jpg 1 44 15 40 40
1604_0046_0010_0044_0044.jpg 1 46 10 44 44
1605_0015_0035_0059_0059.jpg 1 15 35 59 59
1606_0018_0013_0058_0058.jpg 1 18 13 58 58
1607_0023_0026_0032_0032.jpg 1 23 26 32 32
1608_0026_0016_0048_0048.jpg 1 26 16 48 48
1609_0020_0030_0041_0041.jpg 1 20 30 41 41
1610_0009_0032_0062_0062.jpg 1 9 32 62 62
1611_0009_0027_0025_0025.jpg 1 9 27 25 25
1612_0020_0040_0034_0034.jpg 1 20 40 34 34
1613_0014_0021_0067_0067.jpg 1 14 21 67 67
1614_0016_0014_0054_0054.jpg 1 16 14 54 54
1615_0007_0003_0065_0065.jpg 1 7 3 65 65
1616_0054_0039_0030_0030.jpg 1 54 39 30 30
1617_0029_0037_0029_0029.jpg 1 29 37 29 29
1618_0031_0041_0034_0034.jpg 1 31 41 34 34
1619_0025_0036_0045_0045.jpg 1 25 36 45 45
1620_0008_0028_0061_0061.jpg 1 8 28 61 61
1621_0034_0022_0046_0046.jpg 1 34 22 46 46
1622_0039_0020_0047_0047.jpg 1 39 20 47 47
1623_0009_0025_0029_0029.jpg 1 9 25 29 29
1624_0023_0058_0035_0035.jpg 1 23 58 35 35
1625_0019_0020_0061_0061.jpg 1 19 20 61 61
1626_0051_0015_0031_0031.jpg 1 51 15 31 31
1627_0005_0015_0059_0059.jpg 1 5 15 59 59
1628_0045_0018_0043_0043.jpg 1 45 18 43 43
1629_0025_0009_0039_0039.jpg 1 25 9 39 39
1630_0017_0025_0065_0065.jpg 1 17 25 65 65
1631_0028_0019_0045_0045.jpg 1 28 19 45 45
1632_0053_0007_0029_0029.jpg 1 53 7 29 29
1633_0044_0034_0024_0024.jpg 1 44 34 24 24
1634_0033_0035_0055_0055.jpg 1 33 35 55 55
1635_0049_0037_0044_0044.jpg 1 49 37 44 44
1636_0055_0050_0031_0031.jpg 1 55 50 31 31
1637_0014_0012_0055_0055.jpg 1 14 12 55 55
1638_0032_0030_0038_0038.jpg 1 32 30 38 38
1639_0021_0013_0063_0063.jpg 1 21 13 63 63
1640_0026_0050_0033_0033.jpg 1 26 50 33 33
1641_0024_0027_0040_0040.jpg 1 24 27 40 40
1642_0010_0013_0069_0069.jpg 1 10 13 69 69
1643_0016_0019_0062_0062.jpg 1 16 19 62 62
1644_0019_0041_0051_0051.jpg 1 19 41 51 51
1645_0031_0014_0055_0055.jpg 1 31 14 55 55
1646_0063_0052_0029_0029.jpg 1 63 52 29 29
1647_0023_0025_0068_0068.jpg 1 23 25 68 68
1648_0024_0026_0042_0042.jpg 1 24 26 42 42
1649_0016_0006_0066_0066.jpg 1 16 6 66 66
1650_0044_0017_0027_0027.jpg 1 44 17 27 27
1651_0007_0006_0067_0067.jpg 1 7 6 67 67
1652_0036_0013_0058_0058.jpg 1 36 13 58 58
1653_0010_0033_0051_0051.jpg 1 10 33 51 51
1654_0008_0035_0054_0054.jpg 1 8 35 54 54
1655_0017_0015_0030_0030.jpg 1 17 15 30 30
1656_0024_0030_0061_0061.jpg 1 24 30 61 61
1657_0006_0014_0064_0064.jpg 1 6 14 64 64
1658_0014_0009_0057_0057.jpg 1 14 9 57 57
1659_0034_0005_0056_0056.jpg 1 34 5 56 56
1660_0029_0029_0067_0067.jpg 1 29 29 67 67
1661_0017_0030_0049_0049.jpg 1 17 30 49 49
1662_0032_0034_0034_0034.jpg 1 32 34 34 34
1663_0030_0008_0030_0030.jpg 1 30 8 30 30
1664_0044_0034_0041_0041.jpg 1 44 34 41 41
1665_0036_0020_0039_0039.jpg 1 36 20 39 39
1666_0033_0042_0038_0038.jpg 1 33 42 38 38
1667_0022_0019_0045_0045.jpg 1 22 19 45 45
1668_0016_0038_0055_0055.jpg 1 16 38 55 55
1669_0012_0031_0065_0065.jpg 1 12 31 65 65
1670_0033_0030_0055_0055.jpg 1 33 30 55 55
1671_0039_0017_0053_0053.jpg 1 39 17 53 53
1672_0054_0010_0034_0034.jpg 1 54 10 34 34
1673_0038_0007_0055_0055.jpg 1 38 7 55 55
1674_0012_0052_0029_0029.jpg 1 12 52 29 29
1675_0005_0012_0053_0053.jpg 1 5 12 53 53
1676_0008_0027_0068_0068.jpg 1 8 27 68 68
1677_0009_0011_0064_0064.jpg 1 9 11 64 64
1678_0017_0011_0064_0064.jpg 1 17 11 64 64
1679_0006_0026_0067_0067.jpg 1 6 26 67 67
1680_0032_0043_0040_0040.jpg 1 32 43 40 40
1681_0029_0015_0061_0061.jpg 1 29 15 61 61
1682_0019_0008_0056_0056.jpg 1 19 8 56 56
1683_0015_0019_0063_0063.jpg 1 15 19 63 63
1684_0010_0019_0044_0044.jpg 1 10 19 44 44
1685_0035_0025_0051_0051.jpg 1 35 25 51 51
1686_0020_0030_0029_0029.jpg 1 20 30 29 29
1687_0013_0013_0066_0066.jpg 1 13 13 66 66
1688_0023_0011_0063_0063.jpg 1 23 11 63 63
1689_0025_0048_0035_0035.jpg 1 25 48 35 35
1690_0032_0032_0059_0059.jpg 1 32 32 59 59
1691_0013_0035_0037_0037.jpg 1 13 35 37 37
1692_0035_0013_0036_0036.jpg 1 35 13 36 36
1693_0026_0031_0055_0055.jpg 1 26 31 55 55
1694_0041_0043_0039_0039.jpg 1 41 43 39 39
1695_0006_0005_0067_0067.jpg 1 6 5 67 67
1696_0019_0023_0027_0027.jpg 1 19 23 27 27
1697_0020_0005_0067_0067.jpg 1 20 5 67 67
1698_0006_0006_0069_0069.jpg 1 6 6 69 69
1699_0031_0029_0061_0061.jpg 1 31 29 61 61
1700_0016_0026_0064_0064.jpg 1 16 26 64 64
1701_0031_0034_0042_0042.jpg 1 31 34 42 42
1702_0036_0007_0031_0031.jpg 1 36 7 31 31
1703_0039_0013_0029_0029.jpg 1 39 13 29 29
1704_0065_0020_0024_0024.jpg 1 65 20 24 24
1705_0021_0016_0039_0039.jpg 1 21 16 39 39
1706_0006_0017_0060_0060.jpg 1 6 17 60 60
1707_0006_0005_0054_0054.jpg 1 6 5 54 54
1708_0007_0008_0057_0057.jpg 1 7 8 57 57
1709_0023_0006_0056_0056.jpg 1 23 6 56 56
1710_0008_0037_0042_0042.jpg 1 8 37 42 42
1711_0029_0025_0053_0053.jpg 1 29 25 53 53
1712_0031_0012_0062_0062.jpg 1 31 12 62 62
1713_0008_0044_0029_0029.jpg 1 8 44 29 29
1714_0035_0035_0048_0048.jpg 1 35 35 48 48
1715_0025_0006_0049_0049.jpg 1 25 6 49 49
1716_0018_0025_0057_0057.jpg 1 18 25 57 57
1717_0037_0018_0028_0028.jpg 1 37 18 28 28
1718_0042_0046_0044_0044.jpg 1 42 46 44 44
1719_0032_0033_0043_0043.jpg 1 32 33 43 43
1720_0041_0040_0043_0043.jpg 1 41 40 43 43
1721_0014_0033_0049_0049.jpg 1 14 33 49 49
1722_0056_0033_0036_0036.jpg 1 56 33 36 36
1723_0034_0016_0032_0032.jpg 1 34 16 32 32
1724_0004_0028_0066_0066.jpg 1 4 28 66 66
1725_0024_0013_0066_0066.jpg 1 24 13 66 66
1726_0008_0028_0047_0047.jpg 1 8 28 47 47
1727_0022_0030_0054_0054.jpg 1 22 30 54 54
1728_0009_0006_0034_0034.jpg 1 9 6 34 34
1729_0028_0035_0036_0036.jpg 1 28 35 36 36
1730_0011_0029_0047_0047.jpg 1 11 29 47 47
1731_0050_0037_0042_0042.jpg 1 50 37 42 42
1732_0033_0030_0035_0035.jpg 1 33 30 35 35
1733_0006_0036_0050_0050.jpg 1 6 36 50 50
1734_0053_0034_0040_0040.jpg 1 53 34 40 40
1735_0034_0018_0044_0044.jpg 1 34 18 44 44
1736_0028_0008_0050_0050.jpg 1 28 8 50 50
1737_0010_0006_0063_0063.jpg 1 10 6 63 63
1738_0033_0054_0024_0024.jpg 1 33 54 24 24
1739_0007_0061_0029_0029.jpg 1 7 61 29 29
1740_0032_0019_0054_0054.jpg 1 32 19 54 54
1741_0028_0057_0032_0032.jpg 1 28 57 32 32
1742_0061_0058_0029_0029.jpg 1 61 58 29 29
1743_0022_0006_0069_0069.jpg 1 22 6 69 69
1744_0012_0043_0024_0024.jpg 1 12 43 24 24
1745_0008_0024_0052_0052.jpg 1 8 24 52 52
1746_0016_0018_0069_0069.jpg 1 16 18 69 69
1747_0013_0008_0055_0055.jpg 1 13 8 55 55
1748_0047_0048_0030_0030.jpg 1 47 48 30 30
1749_0030_0028_0061_0061.jpg 1 30 28 61 61
1750_0032_0059_0027_0027.jpg 1 32 59 27 27
1751_0014_0034_0058_0058.jpg 1 14 34 58 58
1752_0005_0027_0068_0068.jpg 1 5 27 68 68
1753_0011_0019_0054_0054.jpg 1 11 19 54 54
1754_0047_0028_0033_0033.jpg 1 47 28 33 33
1755_0032_0012_0062_0062.jpg 1 32 12 62 62
1756_0054_0055_0038_0038.jpg 1 54 55 38 38
1757_0029_0024_0040_0040.jpg 1 29 24 40 40
1758_0018_0033_0046_0046.jpg 1 18 33 46 46
1759_0011_0027_0065_0065.jpg 1 11 27 65 65
1760_0050_0038_0039_0039.jpg 1 50 38 39 39
1761_0025_0037_0052_0052.jpg 1 25 37 52 52
1762_0033_0040_0049_0049.jpg 1 33 40 49 49
1763_0021_0006_0041_0041.jpg 1 21 6 41 41
1764_0041_0008_0027_0027.jpg 1 41 8 27 27
1765_0026_0038_0028_0028.jpg 1 26 38 28 28
1766_0024_0018_0057_0057.jpg 1 24 18 57 57
1767_0008_0022_0047_0047.jpg 1 8 22 47 47
1768_0023_0010_0043_0043.jpg 1 23 10 43 43
1769_0039_0007_0028_0028.jpg 1 39 7 28 28
1770_0018_0005_0063_0063.jpg 1 18 5 63 63
1771_0015_0031_0042_0042.jpg 1 15 31 42 42
1772_0018_0031_0058_0058.jpg 1 18 31 58 58
1773_0037_0006_0043_0043.jpg 1 37 6 43 43
1774_0010_0038_0051_0051.jpg 1 10 38 51 51
1775_0026_0027_0048_0048.jpg 1 26 27 48 48
1776_0026_0018_0052_0052.jpg 1 26 18 52 52
1777_0005_0015_0059_0059.jpg 1 5 15 59 59
1778_0044_0065_0026_0026.jpg 1 44 65 26 26
1779_0028_0019_0052_0052.jpg 1 28 19 52 52
1780_0007_0038_0052_0052.jpg 1 7 38 52 52
1781_0026_0034_0026_0026.jpg 1 26 34 26 26
1782_0030_0017_0058_0058.jpg 1 30 17 58 58
1783_0009_0029_0042_0042.jpg 1 9 29 42 42
1784_0046_0029_0040_0040.jpg 1 46 29 40 40
1785_0036_0022_0044_0044.jpg 1 36 22 44 44
1786_0018_0036_0043_0043.jpg 1 18 36 43 43
1787_0016_0034_0040_0040.jpg 1 16 34 40 40
1788_0011_0009_0026_0026.jpg 1 11 9 26 26
1789_0037_0013_0046_0046.jpg 1 37 13 46 46
1790_0028_0025_0056_0056.jpg 1 28 25 56 56
1791_0019_0044_0037_0037.jpg 1 19 44 37 37
1792_0034_0006_0059_0059.jpg 1 34 6 59 59
1793_0032_0047_0033_0033.jpg 1 32 47 33 33
1794_0004_0027_0069_0069.jpg 1 4 27 69 69
1795_0053_0053_0039_0039.jpg 1 53 53 39 39
1796_0020_0041_0054_0054.jpg 1 20 41 54 54
1797_0039_0043_0041_0041.jpg 1 39 43 41 41
1798_0019_0015_0067_0067.jpg 1 19 15 67 67
1799_0045_0030_0036_0036.jpg 1 45 30 36 36
1800_0006_0022_0044_0044.jpg 1 6 22 44 44
1801_0005_0015_0053_0053.jpg 1 5 15 53 53
1802_0010_0023_0056_0056.jpg 1 10 23 56 56
1803_0022_0026_0061_0061.jpg 1 22 26 61 61
1804_0025_0030_0056_0056.jpg 1 25 30 56 56
1805_0011_0051_0029_0029.jpg 1 11 51 29 29
1806_0015_0028_0063_0063.jpg 1 15 28 63 63
1807_0035_0041_0028_0028.jpg 1 35 41 28 28
1808_0062_0014_0026_0026.jpg 1 62 14 26 26
1809_0013_0011_0054_0054.jpg 1 13 11 54 54
1810_0025_0022_0061_0061.jpg 1 25 22 61 61
1811_0027_0036_0045_0045.jpg 1 27 36 45 45
1812_0021_0054_0039_0039.jpg 1 21 54 39 39
1813_0043_0021_0049_0049.jpg 1 43 21 49 49
1814_0035_0053_0024_0024.jpg 1 35 53 24 24
1815_0028_0017_0041_0041.jpg 1 28 17 41 41
1816_0006_0026_0066_0066.jpg 1 6 26 66 66
1817_0007_0007_0053_0053.jpg 1 7 7 53 53
1818_0030_0013_0046_0046.jpg 1 30 13 46 46
1819_0055_0012_0032_0032.jpg 1 55 12 32 32
1820_0013_0020_0057_0057.jpg 1 13 20 57 57
1821_0018_0007_0057_0057.jpg 1 18 7 57 57
1822_0006_0028_0064_0064.jpg 1 6 28 64 64
1823_0007_0006_0051_0051.jpg 1 7 6 51 51
1824_0041_0025_0032_0032.jpg 1 41 25 32 32
1825_0011_0014_0045_0045.jpg 1 11 14 45 45
1826_0035_0043_0043_0043.jpg 1 35 43 43 43
1827_0024_0026_0062_0062.jpg 1 24 26 62 62
1828_0005_0031_0049_0049.jpg 1 5 31 49 49
1829_0028_0050_0030_0030.jpg 1 28 50 30 30
1830_0018_0012_0055_0055.jpg 1 18 12 55 55
1831_0014_0026_0045_0045.jpg 1 14 26 45 45
1832_0006_0012_0054_0054.jpg 1 6 12 54 54
1833_0038_0007_0053_0053.jpg 1 38 7 53 53
1834_0057_0051_0032_0032.jpg 1 57 51 32 32
1835_0031_0008_0030_0030.jpg 1 31 8 30 30
1836_0043_0005_0047_0047.jpg 1 43 5 47 47
1837_0033_0055_0037_0037.jpg 1 33 55 37 37
1838_0031_0033_0046_0046.jpg 1 31 33 46 46
1839_0020_0025_0069_0069.jpg 1 20 25 69 69
1840_0055_0029_0024_0024.jpg 1 55 29 24 24
1841_0017_0042_0033_0033.jpg 1 17 42 33 33
1842_0030_0038_0048_0048.jpg 1 30 38 48 48
1843_0027_0030_0051_0051.jpg 1 27 30 51 51
1844_0004_0022_0058_0058.jpg 1 4 22 58 58
1845_0042_0025_0034_0034.jpg 1 42 25 34 34
1846_0015_0049_0028_0028.jpg 1 15 49 28 28
1847_0009_0007_0050_0050.jpg 1 9 7 50 50
1848_0009_0019_0066_0066.jpg 1 9 19 66 66
1849_0009_0025_0036_0036.jpg 1 9 25 36 36
1850_0037_0043_0027_0027.jpg 1 37 43 27 27
1851_0026_0026_0053_0053.jpg 1 26 26 53 53
1852_0008_0025_0067_0067.jpg 1 8 25 67 67
1853_0019_0025_0062_0062.jpg 1 19 25 62 62
1854_0043_0033_0030_0030.jpg 1 43 33 30 30
1855_0020_0011_0065_0065.jpg 1 20 11 65 65
1856_0026_0022_0057_0057.jpg 1 26 22 57 57
1857_0048_0047_0045_0045.jpg 1 48 47 45 45
1858_0036_0028_0041_0041.jpg 1 36 28 41 41
1859_0033_0037_0037_0037.jpg 1 33 37 37 37
1860_0043_0006_0043_0043.jpg 1 43 6 43 43
1861_0013_0015_0039_0039.jpg 1 13 15 39 39
1862_0040_0054_0033_0033.jpg 1 40 54 33 33
1863_0022_0036_0053_0053.jpg 1 22 36 53 53
1864_0061_0039_0025_0025.jpg 1 61 39 25 25
1865_0044_0017_0044_0044.jpg 1 44 17 44 44
1866_0042_0035_0030_0030.jpg 1 42 35 30 30
1867_0047_0025_0034_0034.jpg 1 47 25 34 34
1868_0044_0042_0047_0047.jpg 1 44 42 47 47
1869_0063_0007_0027_0027.jpg 1 63 7 27 27
1870_0035_0040_0051_0051.jpg 1 35 40 51 51
1871_0039_0024_0045_0045.jpg 1 39 24 45 45
1872_0016_0006_0053_0053.jpg 1 16 6 53 53
1873_0014_0028_0057_0057.jpg 1 14 28 57 57
1874_0038_0043_0042_0042.jpg 1 38 43 42 42
1875_0020_0038_0049_0049.jpg 1 20 38 49 49
1876_0026_0025_0049_0049.jpg 1 26 25 49 49
1877_0029_0016_0060_0060.jpg 1 29 16 60 60
1878_0028_0018_0051_0051.jpg 1 28 18 51 51
1879_0015_0032_0052_0052.jpg 1 15 32 52 52
1880_0066_0051_0024_0024.jpg 1 66 51 24 24
1881_0015_0018_0059_0059.jpg 1 15 18 59 59
1882_0035_0016_0048_0048.jpg 1 35 16 48 48
1883_0034_0017_0050_0050.jpg 1 34 17 50 50
1884_0007_0035_0033_0033.jpg 1 7 35 33 33
1885_0016_0006_0048_0048.jpg 1 16 6 48 48
1886_0051_0008_0041_0041.jpg 1 51 8 41 41
1887_0030_0017_0063_0063.jpg 1 30 17 63 63
1888_0017_0030_0037_0037.jpg 1 17 30 37 37
1889_0032_0039_0043_0043.jpg 1 32 39 43 43
1890_0060_0031_0031_0031.jpg 1 60 31 31 31
1891_0014_0005_0063_0063.jpg 1 14 5 63 63
1892_0035_0019_0027_0027.jpg 1 35 19 27 27
1893_0023_0024_0055_0055.jpg 1 23 24 55 55
1894_0052_0020_0027_0027.jpg 1 52 20 27 27
1895_0018_0014_0028_0028.jpg 1 18 14 28 28
1896_0022_0013_0068_0068.jpg 1 22 13 68 68
1897_0027_0046_0033_0033.jpg 1 27 46 33 33
1898_0055_0029_0034_0034.jpg 1 55 29 34 34
1899_0021_0055_0033_0033.jpg 1 21 55 33 33
1900_0012_0047_0037_0037.jpg 1 12 47 37 37
1901_0039_0050_0037_0037.jpg 1 39 50 37 37
1902_0007_0046_0030_0030.jpg 1 7 46 30 30
1903_0005_0021_0052_0052.jpg 1 5 21 52 52
1904_0031_0030_0028_0028.jpg 1 31 30 28 28
1905_0041_0015_0029_0029.jpg 1 41 15 29 29
1906_0022_0015_0059_0059.jpg 1 22 15 59 59
1907_0015_0024_0065_0065.jpg 1 15 24 65 65
1908_0015_0023_0068_0068.jpg 1 15 23 68 68
1909_0030_0009_0038_0038.jpg 1 30 9 38 38
1910_0021_0018_0069_0069.jpg 1 21 18 69 69
1911_0018_0023_0067_0067.jpg 1 18 23 67 67
1912_0016_0027_0037_0037.jpg 1 16 27 37 37
1913_0053_0014_0027_0027.jpg 1 53 14 27 27
1914_0013_0019_0050_0050.jpg 1 13 19 50 50
1915_0014_0028_0066_0066.jpg 1 14 28 66 66
1916_0025_0019_0063_0063.jpg 1 25 19 63 63
1917_0057_0059_0025_0025.jpg 1 57 59 25 25
1918_0011_0025_0065_0065.jpg 1 11 25 65 65
1919_0033_0018_0054_0054.jpg 1 33 18 54 54
1920_0028_0026_0027_0027.jpg 1 28 26 27 27
1921_0020_0034_0038_0038.jpg 1 20 34 38 38
1922_0021_0046_0040_0040.jpg 1 21 46 40 40
1923_0023_0014_0058_0058.jpg 1 23 14 58 58
1924_0042_0030_0050_0050.jpg 1 42 30 50 50
1925_0034_0029_0045_0045.jpg 1 34 29 45 45
1926_0020_0026_0028_0028.jpg 1 20 26 28 28
1927_0013_0026_0069_0069.jpg 1 13 26 69 69
1928_0024_0024_0067_0067.jpg 1 24 24 67 67
1929_0045_0035_0024_0024.jpg 1 45 35 24 24
1930_0027_0029_0064_0064.jpg 1 27 29 64 64
1931_0022_0026_0042_0042.jpg 1 22 26 42 42
1932_0027_0026_0043_0043.jpg 1 27 26 43 43
1933_0021_0039_0047_0047.jpg 1 21 39 47 47
1934_0036_0057_0035_0035.jpg 1 36 57 35 35
1935_0036_0036_0049_0049.jpg 1 36 36 49 49
1936_0011_0050_0034_0034.jpg 1 11 50 34 34
1937_0014_0017_0031_0031.jpg 1 14 17 31 31
1938_0044_0011_0050_0050.jpg 1 44 11 50 50
1939_0036_0028_0054_0054.jpg 1 36 28 54 54
1940_0010_0021_0047_0047.jpg 1 10 21 47 47
1941_0020_0025_0049_0049.jpg 1 20 25 49 49
1942_0038_0043_0049_0049.jpg 1 38 43 49 49
1943_0011_0030_0058_0058.jpg 1 11 30 58 58
1944_0024_0024_0066_0066.jpg 1 24 24 66 66
1945_0063_0058_0027_0027.jpg 1 63 58 27 27
1946_0008_0026_0059_0059.jpg 1 8 26 59 59
1947_0015_0028_0042_0042.jpg 1 15 28 42 42
1948_0034_0019_0033_0033.jpg 1 34 19 33 33
1949_0013_0037_0041_0041.jpg 1 13 37 41 41
1950_0039_0058_0027_0027.jpg 1 39 58 27 27
1951_0021_0016_0053_0053.jpg 1 21 16 53 53
1952_0037_0037_0052_0052.jpg 1 37 37 52 52
1953_0003_0013_0065_0065.jpg 1 3 13 65 65
1954_0017_0027_0068_0068.jpg 1 17 27 68 68
1955_0018_0062_0028_0028.jpg 1 18 62 28 28
1956_0037_0010_0033_0033.jpg 1 37 10 33 33
1957_0054_0047_0028_0028.jpg 1 54 47 28 28
1958_0044_0042_0037_0037.jpg 1 44 42 37 37
1959_0024_0024_0062_0062.jpg 1 24 24 62 62
1960_0006_0003_0068_0068.jpg 1 6 3 68 68
1961_0030_0008_0049_0049.jpg 1 30 8 49 49
1962_0019_0017_0069_0069.jpg 1 19 17 69 69
1963_0017_0023_0061_0061.jpg 1 17 23 61 61
1964_0019_0021_0068_0068.jpg 1 19 21 68 68
1965_0025_0031_0052_0052.jpg 1 25 31 52 52
1966_0036_0011_0042_0042.jpg 1 36 11 42 42
1967_0044_0009_0043_0043.jpg 1 44 9 43 43
1968_0060_0018_0028_0028.jpg 1 60 18 28 28
1969_0007_0038_0054_0054.jpg 1 7 38 54 54
1970_0049_0040_0043_0043.jpg 1 49 40 43 43
1971_0029_0017_0038_0038.jpg 1 29 17 38 38
1972_0052_0044_0036_0036.jpg 1 52 44 36 36
1973_0035_0037_0057_0057.jpg 1 35 37 57 57
1974_0031_0025_0052_0052.jpg 1 31 25 52 52
1975_0037_0029_0046_0046.jpg 1 37 29 46 46
1976_0020_0010_0031_0031.jpg 1 20 10 31 31
1977_0015_0014_0024_0024.jpg 1 15 14 24 24
1978_0006_0030_0055_0055.jpg 1 6 30 55 55
1979_0026_0006_0067_0067.jpg 1 26 6 67 67
1980_0023_0020_0063_0063.jpg 1 23 20 63 63
1981_0046_0025_0045_0045.jpg 1 46 25 45 45
1982_0040_0047_0041_0041.jpg 1 40 47 41 41
1983_0013_0011_0058_0058.jpg 1 13 11 58 58
1984_0036_0017_0050_0050.jpg 1 36 17 50 50
1985_0016_0039_0032_0032.jpg 1 16 39 32 32
1986_0004_0021_0068_0068.jpg 1 4 21 68 68
1987_0011_0017_0064_0064.jpg 1 11 17 64 64
1988_0026_0013_0037_0037.jpg 1 26 13 37 37
1989_0004_0022_0055_0055.jpg 1 4 22 55 55
1990_0026_0016_0040_0040.jpg 1 26 16 40 40
1991_0048_0010_0042_0042.jpg 1 48 10 42 42
1992_0011_0023_0048_0048.jpg 1 11 23 48 48
1993_0010_0045_0029_0029.jpg 1 10 45 29 29
1994_0018_0052_0035_0035.jpg 1 18 52 35 35
1995_0021_0011_0038_0038.jpg 1 21 11 38 38
1996_0029_0024_0063_0063.jpg 1 29 24 63 63
1997_0025_0004_0061_0061.jpg 1 25 4 61 61
1998_0009_0009_0024_0024.jpg 1 9 9 24 24
1999_0030_0033_0059_0059.jpg 1 30 33 59 59
2000_0052_0063_0027_0027.jpg 1 52 63 27 27
2001_0032_0011_0061_0061.jpg 1 32 11 61 61
2002_0032_0026_0027_0027.jpg 1 32 26 27 27
2003_0021_0004_0063_0063.jpg 1 21 4 63 63
2004_0023_0034_0056_0056.jpg 1 23 34 56 56
2005_0010_0019_0066_0066.jpg 1 10 19 66 66
2006_0037_0040_0028_0028.jpg 1 37 40 28 28
2007_0020_0012_0046_0046.jpg 1 20 12 46 46
2008_0007_0038_0046_0046.jpg 1 7 38 46 46
2009_0038_0046_0031_0031.jpg 1 38 46 31 31
2010_0059_0044_0025_0025.jpg 1 59 44 25 25
2011_0009_0016_0031_0031.jpg 1 9 16 31 31
2012_0014_0004_0058_0058.jpg 1 14 4 58 58
2013_0022_0026_0049_0049.jpg 1 22 26 49 49
2014_0015_0010_0049_0049.jpg 1 15 10 49 49
2015_0011_0033_0060_0060.jpg 1 11 33 60 60
2016_0050_0010_0041_0041.jpg 1 50 10 41 41
2017_0024_0011_0045_0045.jpg 1 24 11 45 45
2018_0006_0016_0052_0052.jpg 1 6 16 52 52
2019_0026_0056_0032_0032.jpg 1 26 56 32 32
2020_0012_0032_0051_0051.jpg 1 12 32 51 51
2021_0005_0022_0064_0064.jpg 1 5 22 64 64
2022_0023_0053_0039_0039.jpg 1 23 53 39 39
2023_0048_0027_0028_0028.jpg 1 48 27 28 28
2024_0037_0032_0040_0040.jpg 1 37 32 40 40
2025_0013_0023_0042_0042.jpg 1 13 23 42 42
2026_0024_0057_0036_0036.jpg 1 24 57 36 36
2027_0010_0010_0060_0060.jpg 1 10 10 60 60
2028_0035_0020_0046_0046.jpg 1 35 20 46 46
2029_0029_0021_0027_0027.jpg 1 29 21 27 27
2030_0025_0044_0043_0043.jpg 1 25 44 43 43
2031_0024_0035_0045_0045.jpg 1 24 35 45 45
2032_0009_0027_0068_0068.jpg 1 9 27 68 68
2033_0048_0017_0042_0042.jpg 1 48 17 42 42
2034_0015_0031_0059_0059.jpg 1 15 31 59 59
2035_0021_0021_0059_0059.jpg 1 21 21 59 59
2036_0023_0044_0025_0025.jpg 1 23 44 25 25
2037_0026_0008_0061_0061.jpg 1 26 8 61 61
2038_0019_0018_0055_0055.jpg 1 19 18 55 55
2039_0044_0029_0036_0036.jpg 1 44 29 36 36
2040_0022_0039_0048_0048.jpg 1 22 39 48 48
2041_0038_0046_0045_0045.jpg 1 38 46 45 45
2042_0038_0015_0036_0036.jpg 1 38 15 36 36
2043_0060_0034_0032_0032.jpg 1 60 34 32 32
2044_0009_0032_0024_0024.jpg 1 9 32 24 24
2045_0035_0030_0040_0040.jpg 1 35 30 40 40
2046_0035_0004_0054_0054.jpg 1 35 4 54 54
2047_0015_0042_0038_0038.jpg 1 15 42 38 38
2048_0047_0006_0045_0045.jpg 1 47 6 45 45
2049_0022_0032_0034_0034.jpg 1 22 32 34 34
2050_0031_0026_0047_0047.jpg 1 31 26 47 47
2051_0032_0019_0044_0044.jpg 1 32 19 44 44
2052_0024_0010_0068_0068.jpg 1 24 10 68 68
2053_0050_0058_0031_0031.jpg 1 50 58 31 31
2054_0019_0014_0044_0044.jpg 1 19 14 44 44
2055_0029_0030_0063_0063.jpg 1 29 30 63 63
2056_0034_0027_0033_0033.jpg 1 34 27 33 33
2057_0034_0051_0037_0037.jpg 1 34 51 37 37
2058_0005_0006_0062_0062.jpg 1 5 6 62 62
2059_0038_0021_0049_0049.jpg 1 38 21 49 49
2060_0038_0031_0030_0030.jpg 1 38 31 30 30
2061_0025_0005_0062_0062.jpg 1 25 5 62 62
2062_0025_0022_0058_0058.jpg 1 25 22 58 58
2063_0012_0019_0063_0063.jpg 1 12 19 63 63
2064_0011_0036_0027_0027.jpg 1 11 36 27 27
2065_0011_0044_0050_0050.jpg 1 11 44 50 50
2066_0029_0030_0038_0038.jpg 1 29 30 38 38
2067_0031_0013_0029_0029.jpg 1 31 13 29 29
2068_0012_0047_0033_0033.jpg 1 12 47 33 33
2069_0012_0021_0056_0056.jpg 1 12 21 56 56
2070_0018_0030_0062_0062.jpg 1 18 30 62 62
2071_0043_0008_0041_0041.jpg 1 43 8 41 41
2072_0048_0041_0029_0029.jpg 1 48 41 29 29
2073_0024_0006_0041_0041.jpg 1 24 6 41 41
2074_0028_0014_0056_0056.jpg 1 28 14 56 56
2075_0020_0044_0047_0047.jpg 1 20 44 47 47
2076_0025_0025_0041_0041.jpg 1 25 25 41 41
2077_0055_0060_0026_0026.jpg 1 55 60 26 26
2078_0028_0014_0063_0063.jpg 1 28 14 63 63
2079_0021_0043_0033_0033.jpg 1 21 43 33 33
2080_0040_0036_0047_0047.jpg 1 40 36 47 47
2081_0012_0024_0046_0046.jpg 1 12 24 46 46
2082_0031_0030_0054_0054.jpg 1 31 30 54 54
2083_0022_0011_0069_0069.jpg 1 22 11 69 69
2084_0014_0025_0041_0041.jpg 1 14 25 41 41
2085_0046_0057_0027_0027.jpg 1 46 57 27 27
2086_0013_0026_0038_0038.jpg 1 13 26 38 38
2087_0008_0047_0029_0029.jpg 1 8 47 29 29
2088_0005_0024_0051_0051.jpg 1 5 24 51 51
2089_0026_0004_0069_0069.jpg 1 26 4 69 69
2090_0018_0014_0038_0038.jpg 1 18 14 38 38
2091_0019_0007_0052_0052.jpg 1 19 7 52 52
2092_0017_0021_0061_0061.jpg 1 17 21 61 61
2093_0011_0009_0057_0057.jpg 1 11 9 57 57
2094_0016_0036_0059_0059.jpg 1 16 36 59 59
2095_0011_0026_0040_0040.jpg 1 11 26 40 40
2096_0039_0006_0047_0047.jpg 1 39 6 47 47
2097_0020_0039_0029_0029.jpg 1 20 39 29 29
2098_0060_0027_0029_0029.jpg 1 60 27 29 29
2099_0021_0040_0053_0053.jpg 1 21 40 53 53
2100_0028_0031_0042_0042.jpg 1 28 31 42 42
