0001_0011_0057_0031_0031.jpg 1 11 57 31 31
0002_0022_0027_0055_0055.jpg 1 22 27 55 55
0003_0030_0009_0031_0031.jpg 1 30 9 31 31
0004_0051_0038_0029_0029.jpg 1 51 38 29 29
0005_0036_0051_0029_0029.jpg 1 36 51 29 29
0006_0027_0011_0065_0065.jpg 1 27 11 65 65
0007_0015_0024_0054_0054.jpg 1 15 24 54 54
0008_0013_0010_0054_0054.jpg 1 13 10 54 54
0009_0022_0018_0069_0069.jpg 1 22 18 69 69
0010_0015_0042_0036_0036.jpg 1 15 42 36 36
0011_0033_0020_0060_0060.jpg 1 33 20 60 60
0012_0021_0015_0037_0037.jpg 1 21 15 37 37
0013_0012_0005_0064_0064.jpg 1 12 5 64 64
0014_0031_0023_0061_0061.jpg 1 31 23 61 61
0015_0011_0050_0032_0032.jpg 1 11 50 32 32
0016_0049_0056_0026_0026.jpg 1 49 56 26 26
0017_0025_0015_0050_0050.jpg 1 25 15 50 50
0018_0033_0048_0045_0045.jpg 1 33 48 45 45
0019_0027_0027_0039_0039.jpg 1 27 27 39 39
0020_0037_0033_0041_0041.jpg 1 37 33 41 41
0021_0015_0020_0069_0069.jpg 1 15 20 69 69
0022_0019_0059_0028_0028.jpg 1 19 59 28 28
0023_0027_0040_0051_0051.jpg 1 27 40 51 51
0024_0020_0004_0059_0059.jpg 1 20 4 59 59
0025_0025_0029_0047_0047.jpg 1 25 29 47 47
0026_0028_0041_0048_0048.jpg 1 28 41 48 48
0027_0015_0006_0069_0069.jpg 1 15 6 69 69
0028_0008_0057_0032_0032.jpg 1 8 57 32 32
0029_0050_0007_0024_0024.jpg 1 50 7 24 24
0030_0032_0045_0024_0024.jpg 1 32 45 24 24
0031_0021_0018_0062_0062.jpg 1 21 18 62 62
0032_0020_0027_0064_0064.jpg 1 20 27 64 64
0033_0015_0026_0031_0031.jpg 1 15 26 31 31
0034_0048_0029_0037_0037.jpg 1 48 29 37 37
0035_0011_0020_0057_0057.jpg 1 11 20 57 57
0036_0036_0035_0057_0057.jpg 1 36 35 57 57
0037_0045_0044_0033_0033.jpg 1 45 44 33 33
0038_0032_0010_0056_0056.jpg 1 32 10 56 56
0039_0041_0023_0039_0039.jpg 1 41 23 39 39
0040_0041_0055_0030_0030.jpg 1 41 55 30 30
0041_0015_0008_0029_0029.jpg 1 15 8 29 29
0042_0032_0011_0055_0055.jpg 1 32 11 55 55
0043_0020_0035_0058_0058.jpg 1 20 35 58 58
0044_0009_0027_0069_0069.jpg 1 9 27 69 69
0045_0043_0023_0036_0036.jpg 1 43 23 36 36
0046_0015_0050_0033_0033.jpg 1 15 50 33 33
0047_0044_0036_0042_0042.jpg 1 44 36 42 42
0048_0043_0045_0035_0035.jpg 1 43 45 35 35
0049_0027_0025_0067_0067.jpg 1 27 25 67 67
0050_0009_0051_0029_0029.jpg 1 9 51 29 29
0051_0038_0014_0047_0047.jpg 1 38 14 47 47
0052_0043_0048_0025_0025.jpg 1 43 48 25 25
0053_0027_0028_0066_0066.jpg 1 27 28 66 66
0054_0007_0011_0043_0043.jpg 1 7 11 43 43
0055_0012_0041_0035_0035.jpg 1 12 41 35 35
0056_0013_0029_0033_0033.jpg 1 13 29 33 33
0057_0020_0043_0043_0043.jpg 1 20 43 43 43
0058_0011_0041_0048_0048.jpg 1 11 41 48 48
0059_0052_0045_0035_0035.jpg 1 52 45 35 35
0060_0018_0036_0040_0040.jpg 1 18 36 40 40
0061_0027_0018_0050_0050.jpg 1 27 18 50 50
0062_0008_0044_0043_0043.jpg 1 8 44 43 43
0063_0023_0015_0052_0052.jpg 1 23 15 52 52
0064_0033_0017_0059_0059.jpg 1 33 17 59 59
0065_0053_0028_0026_0026.jpg 1 53 28 26 26
0066_0019_0041_0045_0045.jpg 1 19 41 45 45
0067_0010_0044_0050_0050.jpg 1 10 44 50 50
0068_0027_0012_0058_0058.jpg 1 27 12 58 58
0069_0007_0029_0044_0044.jpg 1 7 29 44 44
0070_0039_0031_0037_0037.jpg 1 39 31 37 37
0071_0032_0019_0060_0060.jpg 1 32 19 60 60
0072_0052_0032_0037_0037.jpg 1 52 32 37 37
0073_0006_0016_0061_0061.jpg 1 6 16 61 61
0074_0040_0040_0025_0025.jpg 1 40 40 25 25
0075_0054_0021_0030_0030.jpg 1 54 21 30 30
0076_0029_0026_0033_0033.jpg 1 29 26 33 33
0077_0058_0047_0025_0025.jpg 1 58 47 25 25
0078_0026_0006_0069_0069.jpg 1 26 6 69 69
0079_0021_0023_0031_0031.jpg 1 21 23 31 31
0080_0016_0011_0041_0041.jpg 1 16 11 41 41
0081_0043_0047_0044_0044.jpg 1 43 47 44 44
0082_0027_0058_0029_0029.jpg 1 27 58 29 29
0083_0030_0016_0043_0043.jpg 1 30 16 43 43
0084_0022_0014_0028_0028.jpg 1 22 14 28 28
0085_0045_0051_0028_0028.jpg 1 45 51 28 28
0086_0043_0055_0029_0029.jpg 1 43 55 29 29
0087_0011_0022_0058_0058.jpg 1 11 22 58 58
0088_0007_0006_0065_0065.jpg 1 7 6 65 65
0089_0061_0032_0029_0029.jpg 1 61 32 29 29
0090_0043_0023_0025_0025.jpg 1 43 23 25 25
0091_0046_0041_0044_0044.jpg 1 46 41 44 44
0092_0010_0021_0030_0030.jpg 1 10 21 30 30
0093_0015_0011_0040_0040.jpg 1 15 11 40 40
0094_0015_0037_0041_0041.jpg 1 15 37 41 41
0095_0049_0031_0040_0040.jpg 1 49 31 40 40
0096_0025_0016_0055_0055.jpg 1 25 16 55 55
0097_0062_0016_0028_0028.jpg 1 62 16 28 28
0098_0015_0032_0053_0053.jpg 1 15 32 53 53
0099_0032_0035_0035_0035.jpg 1 32 35 35 35
0100_0033_0029_0044_0044.jpg 1 33 29 44 44
0101_0015_0023_0030_0030.jpg 1 15 23 30 30
0102_0016_0035_0058_0058.jpg 1 16 35 58 58
0103_0012_0045_0043_0043.jpg 1 12 45 43 43
0104_0012_0046_0038_0038.jpg 1 12 46 38 38
0105_0007_0017_0047_0047.jpg 1 7 17 47 47
0106_0006_0005_0058_0058.jpg 1 6 5 58 58
0107_0011_0013_0064_0064.jpg 1 11 13 64 64
0108_0040_0040_0039_0039.jpg 1 40 40 39 39
0109_0023_0027_0029_0029.jpg 1 23 27 29 29
0110_0022_0034_0046_0046.jpg 1 22 34 46 46
0111_0027_0016_0037_0037.jpg 1 27 16 37 37
0112_0028_0009_0028_0028.jpg 1 28 9 28 28
0113_0015_0044_0030_0030.jpg 1 15 44 30 30
0114_0007_0031_0028_0028.jpg 1 7 31 28 28
0115_0030_0018_0065_0065.jpg 1 30 18 65 65
0116_0051_0014_0024_0024.jpg 1 51 14 24 24
0117_0047_0045_0041_0041.jpg 1 47 45 41 41
0118_0007_0017_0068_0068.jpg 1 7 17 68 68
0119_0014_0026_0049_0049.jpg 1 14 26 49 49
0120_0036_0033_0046_0046.jpg 1 36 33 46 46
0121_0048_0038_0046_0046.jpg 1 48 38 46 46
0122_0056_0038_0030_0030.jpg 1 56 38 30 30
0123_0032_0026_0044_0044.jpg 1 32 26 44 44
0124_0032_0029_0035_0035.jpg 1 32 29 35 35
0125_0038_0019_0054_0054.jpg 1 38 19 54 54
0126_0022_0028_0052_0052.jpg 1 22 28 52 52
0127_0010_0020_0065_0065.jpg 1 10 20 65 65
0128_0026_0005_0067_0067.jpg 1 26 5 67 67
0129_0004_0023_0069_0069.jpg 1 4 23 69 69
0130_0025_0024_0047_0047.jpg 1 25 24 47 47
0131_0049_0028_0040_0040.jpg 1 49 28 40 40
0132_0038_0034_0054_0054.jpg 1 38 34 54 54
0133_0016_0022_0034_0034.jpg 1 16 22 34 34
0134_0013_0009_0056_0056.jpg 1 13 9 56 56
0135_0053_0011_0036_0036.jpg 1 53 11 36 36
0136_0032_0011_0040_0040.jpg 1 32 11 40 40
0137_0027_0004_0059_0059.jpg 1 27 4 59 59
0138_0046_0014_0038_0038.jpg 1 46 14 38 38
0139_0037_0007_0053_0053.jpg 1 37 7 53 53
0140_0025_0023_0068_0068.jpg 1 25 23 68 68
0141_0036_0045_0042_0042.jpg 1 36 45 42 42
0142_0011_0021_0058_0058.jpg 1 11 21 58 58
0143_0023_0008_0062_0062.jpg 1 23 8 62 62
0144_0018_0021_0046_0046.jpg 1 18 21 46 46
0145_0020_0025_0060_0060.jpg 1 20 25 60 60
0146_0033_0023_0058_0058.jpg 1 33 23 58 58
0147_0045_0032_0040_0040.jpg 1 45 32 40 40
0148_0036_0025_0031_0031.jpg 1 36 25 31 31
0149_0011_0005_0061_0061.jpg 1 11 5 61 61
0150_0011_0023_0069_0069.jpg 1 11 23 69 69
0151_0027_0019_0060_0060.jpg 1 27 19 60 60
0152_0012_0026_0025_0025.jpg 1 12 26 25 25
0153_0024_0028_0066_0066.jpg 1 24 28 66 66
0154_0042_0009_0039_0039.jpg 1 42 9 39 39
0155_0053_0012_0033_0033.jpg 1 53 12 33 33
0156_0007_0036_0056_0056.jpg 1 7 36 56 56
0157_0030_0048_0029_0029.jpg 1 30 48 29 29
0158_0042_0054_0039_0039.jpg 1 42 54 39 39
0159_0012_0032_0040_0040.jpg 1 12 32 40 40
0160_0014_0012_0040_0040.jpg 1 14 12 40 40
0161_0018_0003_0066_0066.jpg 1 18 3 66 66
0162_0036_0025_0037_0037.jpg 1 36 25 37 37
0163_0021_0017_0043_0043.jpg 1 21 17 43 43
0164_0006_0010_0051_0051.jpg 1 6 10 51 51
0165_0010_0037_0032_0032.jpg 1 10 37 32 32
0166_0004_0021_0065_0065.jpg 1 4 21 65 65
0167_0049_0011_0032_0032.jpg 1 49 11 32 32
0168_0039_0033_0053_0053.jpg 1 39 33 53 53
0169_0043_0034_0031_0031.jpg 1 43 34 31 31
0170_0023_0013_0067_0067.jpg 1 23 13 67 67
0171_0036_0049_0042_0042.jpg 1 36 49 42 42
0172_0043_0038_0027_0027.jpg 1 43 38 27 27
0173_0014_0015_0060_0060.jpg 1 14 15 60 60
0174_0045_0012_0029_0029.jpg 1 45 12 29 29
0175_0009_0007_0062_0062.jpg 1 9 7 62 62
0176_0040_0018_0028_0028.jpg 1 40 18 28 28
0177_0030_0010_0046_0046.jpg 1 30 10 46 46
0178_0018_0054_0030_0030.jpg 1 18 54 30 30
0179_0010_0009_0066_0066.jpg 1 10 9 66 66
0180_0051_0035_0024_0024.jpg 1 51 35 24 24
0181_0029_0032_0031_0031.jpg 1 29 32 31 31
0182_0041_0012_0054_0054.jpg 1 41 12 54 54
0183_0013_0046_0042_0042.jpg 1 13 46 42 42
0184_0043_0040_0044_0044.jpg 1 43 40 44 44
0185_0007_0012_0039_0039.jpg 1 7 12 39 39
0186_0047_0037_0036_0036.jpg 1 47 37 36 36
0187_0038_0027_0057_0057.jpg 1 38 27 57 57
0188_0031_0028_0058_0058.jpg 1 31 28 58 58
0189_0023_0045_0033_0033.jpg 1 23 45 33 33
0190_0022_0004_0069_0069.jpg 1 22 4 69 69
0191_0056_0023_0035_0035.jpg 1 56 23 35 35
0192_0026_0012_0056_0056.jpg 1 26 12 56 56
0193_0005_0034_0049_0049.jpg 1 5 34 49 49
0194_0029_0048_0030_0030.jpg 1 29 48 30 30
0195_0010_0027_0064_0064.jpg 1 10 27 64 64
0196_0006_0031_0063_0063.jpg 1 6 31 63 63
0197_0023_0019_0065_0065.jpg 1 23 19 65 65
0198_0022_0049_0038_0038.jpg 1 22 49 38 38
0199_0032_0021_0060_0060.jpg 1 32 21 60 60
0200_0016_0040_0035_0035.jpg 1 16 40 35 35
0201_0030_0029_0039_0039.jpg 1 30 29 39 39
0202_0042_0025_0046_0046.jpg 1 42 25 46 46
0203_0022_0007_0068_0068.jpg 1 22 7 68 68
0204_0025_0016_0038_0038.jpg 1 25 16 38 38
0205_0007_0030_0052_0052.jpg 1 7 30 52 52
0206_0027_0024_0060_0060.jpg 1 27 24 60 60
0207_0006_0012_0064_0064.jpg 1 6 12 64 64
0208_0019_0015_0060_0060.jpg 1 19 15 60 60
0209_0016_0004_0069_0069.jpg 1 16 4 69 69
0210_0036_0025_0043_0043.jpg 1 36 25 43 43
0211_0032_0042_0046_0046.jpg 1 32 42 46 46
0212_0014_0023_0051_0051.jpg 1 14 23 51 51
0213_0011_0059_0026_0026.jpg 1 11 59 26 26
0214_0019_0034_0035_0035.jpg 1 19 34 35 35
0215_0011_0035_0054_0054.jpg 1 11 35 54 54
0216_0007_0042_0046_0046.jpg 1 7 42 46 46
0217_0008_0029_0037_0037.jpg 1 8 29 37 37
0218_0020_0007_0067_0067.jpg 1 20 7 67 67
0219_0031_0019_0064_0064.jpg 1 31 19 64 64
0220_0053_0010_0025_0025.jpg 1 53 10 25 25
0221_0028_0042_0045_0045.jpg 1 28 42 45 45
0222_0027_0023_0034_0034.jpg 1 27 23 34 34
0223_0055_0046_0032_0032.jpg 1 55 46 32 32
0224_0005_0011_0063_0063.jpg 1 5 11 63 63
0225_0013_0036_0047_0047.jpg 1 13 36 47 47
0226_0046_0022_0037_0037.jpg 1 46 22 37 37
0227_0013_0041_0037_0037.jpg 1 13 41 37 37
0228_0036_0013_0040_0040.jpg 1 36 13 40 40
0229_0028_0024_0030_0030.jpg 1 28 24 30 30
0230_0056_0052_0031_0031.jpg 1 56 52 31 31
0231_0004_0012_0065_0065.jpg 1 4 12 65 65
0232_0023_0040_0053_0053.jpg 1 23 40 53 53
0233_0018_0027_0054_0054.jpg 1 18 27 54 54
0234_0021_0027_0056_0056.jpg 1 21 27 56 56
0235_0009_0010_0054_0054.jpg 1 9 10 54 54
0236_0038_0009_0050_0050.jpg 1 38 9 50 50
0237_0015_0003_0066_0066.jpg 1 15 3 66 66
0238_0056_0037_0024_0024.jpg 1 56 37 24 24
0239_0036_0016_0037_0037.jpg 1 36 16 37 37
0240_0024_0036_0037_0037.jpg 1 24 36 37 37
0241_0063_0013_0026_0026.jpg 1 63 13 26 26
0242_0007_0051_0034_0034.jpg 1 7 51 34 34
0243_0024_0015_0030_0030.jpg 1 24 15 30 30
0244_0050_0043_0032_0032.jpg 1 50 43 32 32
0245_0026_0032_0052_0052.jpg 1 26 32 52 52
0246_0010_0011_0064_0064.jpg 1 10 11 64 64
0247_0025_0031_0047_0047.jpg 1 25 31 47 47
0248_0022_0033_0057_0057.jpg 1 22 33 57 57
0249_0004_0025_0057_0057.jpg 1 4 25 57 57
0250_0052_0056_0028_0028.jpg 1 52 56 28 28
0251_0012_0005_0050_0050.jpg 1 12 5 50 50
0252_0009_0029_0057_0057.jpg 1 9 29 57 57
0253_0010_0019_0047_0047.jpg 1 10 19 47 47
0254_0012_0016_0043_0043.jpg 1 12 16 43 43
0255_0050_0013_0037_0037.jpg 1 50 13 37 37
0256_0018_0060_0030_0030.jpg 1 18 60 30 30
0257_0026_0021_0060_0060.jpg 1 26 21 60 60
0258_0017_0013_0069_0069.jpg 1 17 13 69 69
0259_0017_0042_0049_0049.jpg 1 17 42 49 49
0260_0025_0037_0049_0049.jpg 1 25 37 49 49
0261_0010_0008_0053_0053.jpg 1 10 8 53 53
0262_0031_0035_0048_0048.jpg 1 31 35 48 48
0263_0008_0038_0040_0040.jpg 1 8 38 40 40
0264_0028_0022_0039_0039.jpg 1 28 22 39 39
0265_0012_0015_0048_0048.jpg 1 12 15 48 48
0266_0024_0024_0064_0064.jpg 1 24 24 64 64
0267_0027_0018_0024_0024.jpg 1 27 18 24 24
0268_0021_0017_0043_0043.jpg 1 21 17 43 43
0269_0032_0038_0039_0039.jpg 1 32 38 39 39
0270_0031_0009_0062_0062.jpg 1 31 9 62 62
0271_0029_0025_0065_0065.jpg 1 29 25 65 65
0272_0006_0005_0056_0056.jpg 1 6 5 56 56
0273_0012_0013_0065_0065.jpg 1 12 13 65 65
0274_0041_0009_0025_0025.jpg 1 41 9 25 25
0275_0033_0015_0050_0050.jpg 1 33 15 50 50
0276_0006_0040_0044_0044.jpg 1 6 40 44 44
0277_0028_0014_0042_0042.jpg 1 28 14 42 42
0278_0007_0008_0066_0066.jpg 1 7 8 66 66
0279_0048_0044_0036_0036.jpg 1 48 44 36 36
0280_0014_0013_0069_0069.jpg 1 14 13 69 69
0281_0023_0047_0047_0047.jpg 1 23 47 47 47
0282_0018_0012_0063_0063.jpg 1 18 12 63 63
0283_0013_0024_0069_0069.jpg 1 13 24 69 69
0284_0018_0010_0066_0066.jpg 1 18 10 66 66
0285_0029_0028_0030_0030.jpg 1 29 28 30 30
0286_0018_0010_0033_0033.jpg 1 18 10 33 33
0287_0018_0012_0042_0042.jpg 1 18 12 42 42
0288_0003_0011_0069_0069.jpg 1 3 11 69 69
0289_0005_0026_0064_0064.jpg 1 5 26 64 64
0290_0032_0007_0056_0056.jpg 1 32 7 56 56
0291_0004_0035_0060_0060.jpg 1 4 35 60 60
0292_0054_0019_0038_0038.jpg 1 54 19 38 38
0293_0009_0014_0043_0043.jpg 1 9 14 43 43
0294_0024_0038_0057_0057.jpg 1 24 38 57 57
0295_0038_0031_0054_0054.jpg 1 38 31 54 54
0296_0062_0014_0027_0027.jpg 1 62 14 27 27
0297_0021_0012_0063_0063.jpg 1 21 12 63 63
0298_0058_0047_0027_0027.jpg 1 58 47 27 27
0299_0034_0037_0053_0053.jpg 1 34 37 53 53
0300_0030_0049_0030_0030.jpg 1 30 49 30 30
0301_0015_0009_0065_0065.jpg 1 15 9 65 65
0302_0043_0056_0033_0033.jpg 1 43 56 33 33
0303_0017_0013_0055_0055.jpg 1 17 13 55 55
0304_0013_0021_0058_0058.jpg 1 13 21 58 58
0305_0016_0032_0052_0052.jpg 1 16 32 52 52
0306_0026_0039_0045_0045.jpg 1 26 39 45 45
0307_0048_0009_0044_0044.jpg 1 48 9 44 44
0308_0015_0010_0067_0067.jpg 1 15 10 67 67
0309_0046_0040_0031_0031.jpg 1 46 40 31 31
0310_0013_0019_0042_0042.jpg 1 13 19 42 42
0311_0033_0015_0062_0062.jpg 1 33 15 62 62
0312_0025_0014_0045_0045.jpg 1 25 14 45 45
0313_0037_0029_0057_0057.jpg 1 37 29 57 57
0314_0028_0036_0056_0056.jpg 1 28 36 56 56
0315_0052_0008_0037_0037.jpg 1 52 8 37 37
0316_0013_0019_0053_0053.jpg 1 13 19 53 53
0317_0014_0021_0055_0055.jpg 1 14 21 55 55
0318_0014_0027_0034_0034.jpg 1 14 27 34 34
0319_0016_0032_0032_0032.jpg 1 16 32 32 32
0320_0057_0029_0032_0032.jpg 1 57 29 32 32
0321_0006_0046_0046_0046.jpg 1 6 46 46 46
0322_0032_0024_0033_0033.jpg 1 32 24 33 33
0323_0008_0023_0056_0056.jpg 1 8 23 56 56
0324_0057_0010_0033_0033.jpg 1 57 10 33 33
0325_0025_0027_0034_0034.jpg 1 25 27 34 34
0326_0061_0026_0024_0024.jpg 1 61 26 24 24
0327_0026_0022_0050_0050.jpg 1 26 22 50 50
0328_0032_0056_0033_0033.jpg 1 32 56 33 33
0329_0039_0047_0039_0039.jpg 1 39 47 39 39
0330_0014_0027_0057_0057.jpg 1 14 27 57 57
0331_0034_0005_0059_0059.jpg 1 34 5 59 59
0332_0057_0039_0033_0033.jpg 1 57 39 33 33
0333_0037_0014_0048_0048.jpg 1 37 14 48 48
0334_0052_0053_0028_0028.jpg 1 52 53 28 28
0335_0041_0014_0051_0051.jpg 1 41 14 51 51
0336_0021_0012_0059_0059.jpg 1 21 12 59 59
0337_0036_0005_0058_0058.jpg 1 36 5 58 58
0338_0019_0037_0046_0046.jpg 1 19 37 46 46
0339_0058_0037_0024_0024.jpg 1 58 37 24 24
0340_0029_0036_0043_0043.jpg 1 29 36 43 43
0341_0019_0029_0042_0042.jpg 1 19 29 42 42
0342_0027_0026_0047_0047.jpg 1 27 26 47 47
0343_0022_0004_0063_0063.jpg 1 22 4 63 63
0344_0025_0018_0042_0042.jpg 1 25 18 42 42
0345_0027_0026_0033_0033.jpg 1 27 26 33 33
0346_0010_0035_0045_0045.jpg 1 10 35 45 45
0347_0020_0049_0040_0040.jpg 1 20 49 40 40
0348_0007_0009_0055_0055.jpg 1 7 9 55 55
0349_0033_0049_0034_0034.jpg 1 33 49 34 34
0350_0012_0013_0065_0065.jpg 1 12 13 65 65
0351_0026_0045_0046_0046.jpg 1 26 45 46 46
0352_0025_0023_0061_0061.jpg 1 25 23 61 61
0353_0034_0027_0047_0047.jpg 1 34 27 47 47
0354_0012_0020_0060_0060.jpg 1 12 20 60 60
0355_0022_0016_0030_0030.jpg 1 22 16 30 30
0356_0007_0037_0033_0033.jpg 1 7 37 33 33
0357_0033_0010_0045_0045.jpg 1 33 10 45 45
0358_0019_0025_0064_0064.jpg 1 19 25 64 64
0359_0035_0037_0035_0035.jpg 1 35 37 35 35
0360_0019_0014_0058_0058.jpg 1 19 14 58 58
0361_0023_0033_0062_0062.jpg 1 23 33 62 62
0362_0014_0033_0038_0038.jpg 1 14 33 38 38
0363_0012_0019_0048_0048.jpg 1 12 19 48 48
0364_0029_0007_0065_0065.jpg 1 29 7 65 65
0365_0010_0027_0025_0025.jpg 1 10 27 25 25
0366_0034_0051_0033_0033.jpg 1 34 51 33 33
0367_0006_0014_0056_0056.jpg 1 6 14 56 56
0368_0015_0010_0060_0060.jpg 1 15 10 60 60
0369_0013_0013_0069_0069.jpg 1 13 13 69 69
0370_0009_0006_0056_0056.jpg 1 9 6 56 56
0371_0011_0007_0066_0066.jpg 1 11 7 66 66
0372_0050_0039_0036_0036.jpg 1 50 39 36 36
0373_0019_0010_0044_0044.jpg 1 19 10 44 44
0374_0010_0018_0064_0064.jpg 1 10 18 64 64
0375_0034_0036_0053_0053.jpg 1 34 36 53 53
0376_0026_0037_0046_0046.jpg 1 26 37 46 46
0377_0012_0024_0048_0048.jpg 1 12 24 48 48
0378_0052_0059_0031_0031.jpg 1 52 59 31 31
0379_0043_0008_0047_0047.jpg 1 43 8 47 47
0380_0053_0027_0024_0024.jpg 1 53 27 24 24
0381_0037_0035_0058_0058.jpg 1 37 35 58 58
0382_0053_0031_0026_0026.jpg 1 53 31 26 26
0383_0026_0020_0069_0069.jpg 1 26 20 69 69
0384_0005_0007_0055_0055.jpg 1 5 7 55 55
0385_0028_0012_0039_0039.jpg 1 28 12 39 39
0386_0034_0055_0036_0036.jpg 1 34 55 36 36
0387_0022_0021_0065_0065.jpg 1 22 21 65 65
0388_0042_0016_0038_0038.jpg 1 42 16 38 38
0389_0023_0012_0055_0055.jpg 1 23 12 55 55
0390_0030_0017_0030_0030.jpg 1 30 17 30 30
0391_0019_0009_0050_0050.jpg 1 19 9 50 50
0392_0006_0019_0038_0038.jpg 1 6 19 38 38
0393_0052_0059_0029_0029.jpg 1 52 59 29 29
0394_0027_0008_0040_0040.jpg 1 27 8 40 40
0395_0014_0004_0066_0066.jpg 1 14 4 66 66
0396_0008_0011_0042_0042.jpg 1 8 11 42 42
0397_0006_0008_0049_0049.jpg 1 6 8 49 49
0398_0018_0024_0059_0059.jpg 1 18 24 59 59
0399_0005_0044_0048_0048.jpg 1 5 44 48 48
0400_0031_0060_0031_0031.jpg 1 31 60 31 31
0401_0053_0017_0026_0026.jpg 1 53 17 26 26
0402_0029_0034_0055_0055.jpg 1 29 34 55 55
0403_0030_0012_0063_0063.jpg 1 30 12 63 63
0404_0009_0013_0068_0068.jpg 1 9 13 68 68
0405_0007_0016_0058_0058.jpg 1 7 16 58 58
0406_0047_0038_0030_0030.jpg 1 47 38 30 30
0407_0008_0022_0032_0032.jpg 1 8 22 32 32
0408_0023_0007_0066_0066.jpg 1 23 7 66 66
0409_0023_0040_0054_0054.jpg 1 23 40 54 54
0410_0014_0033_0061_0061.jpg 1 14 33 61 61
0411_0025_0030_0046_0046.jpg 1 25 30 46 46
0412_0030_0011_0048_0048.jpg 1 30 11 48 48
0413_0010_0029_0061_0061.jpg 1 10 29 61 61
0414_0013_0035_0059_0059.jpg 1 13 35 59 59
0415_0009_0035_0037_0037.jpg 1 9 35 37 37
0416_0036_0014_0058_0058.jpg 1 36 14 58 58
0417_0008_0040_0048_0048.jpg 1 8 40 48 48
0418_0027_0009_0028_0028.jpg 1 27 9 28 28
0419_0054_0031_0039_0039.jpg 1 54 31 39 39
0420_0065_0046_0027_0027.jpg 1 65 46 27 27
0421_0048_0034_0037_0037.jpg 1 48 34 37 37
0422_0018_0027_0065_0065.jpg 1 18 27 65 65
0423_0027_0031_0062_0062.jpg 1 27 31 62 62
0424_0022_0019_0066_0066.jpg 1 22 19 66 66
0425_0020_0027_0068_0068.jpg 1 20 27 68 68
0426_0012_0016_0056_0056.jpg 1 12 16 56 56
0427_0006_0007_0068_0068.jpg 1 6 7 68 68
0428_0014_0010_0066_0066.jpg 1 14 10 66 66
0429_0012_0064_0026_0026.jpg 1 12 64 26 26
0430_0037_0012_0048_0048.jpg 1 37 12 48 48
0431_0005_0027_0061_0061.jpg 1 5 27 61 61
0432_0039_0053_0037_0037.jpg 1 39 53 37 37
0433_0023_0006_0065_0065.jpg 1 23 6 65 65
0434_0032_0033_0055_0055.jpg 1 32 33 55 55
0435_0012_0004_0065_0065.jpg 1 12 4 65 65
0436_0010_0004_0067_0067.jpg 1 10 4 67 67
0437_0040_0029_0054_0054.jpg 1 40 29 54 54
0438_0058_0057_0025_0025.jpg 1 58 57 25 25
0439_0035_0040_0055_0055.jpg 1 35 40 55 55
0440_0031_0013_0039_0039.jpg 1 31 13 39 39
0441_0037_0014_0029_0029.jpg 1 37 14 29 29
0442_0027_0005_0050_0050.jpg 1 27 5 50 50
0443_0040_0012_0051_0051.jpg 1 40 12 51 51
0444_0021_0011_0067_0067.jpg 1 21 11 67 67
0445_0011_0018_0062_0062.jpg 1 11 18 62 62
0446_0050_0053_0034_0034.jpg 1 50 53 34 34
0447_0056_0028_0027_0027.jpg 1 56 28 27 27
0448_0015_0006_0065_0065.jpg 1 15 6 65 65
0449_0033_0027_0050_0050.jpg 1 33 27 50 50
0450_0021_0007_0060_0060.jpg 1 21 7 60 60
0451_0027_0054_0032_0032.jpg 1 27 54 32 32
0452_0026_0027_0045_0045.jpg 1 26 27 45 45
0453_0011_0025_0053_0053.jpg 1 11 25 53 53
0454_0012_0020_0068_0068.jpg 1 12 20 68 68
0455_0006_0023_0068_0068.jpg 1 6 23 68 68
0456_0008_0050_0041_0041.jpg 1 8 50 41 41
0457_0012_0047_0034_0034.jpg 1 12 47 34 34
0458_0040_0037_0041_0041.jpg 1 40 37 41 41
0459_0021_0016_0039_0039.jpg 1 21 16 39 39
0460_0007_0004_0068_0068.jpg 1 7 4 68 68
0461_0019_0029_0049_0049.jpg 1 19 29 49 49
0462_0026_0025_0050_0050.jpg 1 26 25 50 50
0463_0020_0050_0036_0036.jpg 1 20 50 36 36
0464_0018_0014_0063_0063.jpg 1 18 14 63 63
0465_0031_0028_0061_0061.jpg 1 31 28 61 61
0466_0055_0041_0025_0025.jpg 1 55 41 25 25
0467_0063_0012_0027_0027.jpg 1 63 12 27 27
0468_0020_0030_0050_0050.jpg 1 20 30 50 50
0469_0022_0016_0053_0053.jpg 1 22 16 53 53
0470_0032_0015_0048_0048.jpg 1 32 15 48 48
0471_0014_0024_0041_0041.jpg 1 14 24 41 41
0472_0043_0044_0032_0032.jpg 1 43 44 32 32
0473_0029_0032_0064_0064.jpg 1 29 32 64 64
0474_0054_0009_0024_0024.jpg 1 54 9 24 24
0475_0010_0026_0047_0047.jpg 1 10 26 47 47
0476_0032_0029_0037_0037.jpg 1 32 29 37 37
0477_0061_0021_0024_0024.jpg 1 61 21 24 24
0478_0028_0035_0058_0058.jpg 1 28 35 58 58
0479_0014_0014_0024_0024.jpg 1 14 14 24 24
0480_0014_0015_0066_0066.jpg 1 14 15 66 66
0481_0041_0017_0042_0042.jpg 1 41 17 42 42
0482_0050_0014_0025_0025.jpg 1 50 14 25 25
0483_0049_0006_0045_0045.jpg 1 49 6 45 45
0484_0024_0013_0055_0055.jpg 1 24 13 55 55
0485_0005_0031_0051_0051.jpg 1 5 31 51 51
0486_0029_0020_0040_0040.jpg 1 29 20 40 40
0487_0011_0031_0048_0048.jpg 1 11 31 48 48
0488_0007_0024_0052_0052.jpg 1 7 24 52 52
0489_0017_0004_0061_0061.jpg 1 17 4 61 61
0490_0028_0053_0037_0037.jpg 1 28 53 37 37
0491_0026_0014_0061_0061.jpg 1 26 14 61 61
0492_0008_0019_0066_0066.jpg 1 8 19 66 66
0493_0038_0047_0046_0046.jpg 1 38 47 46 46
0494_0042_0038_0049_0049.jpg 1 42 38 49 49
0495_0016_0044_0029_0029.jpg 1 16 44 29 29
0496_0026_0010_0057_0057.jpg 1 26 10 57 57
0497_0040_0007_0050_0050.jpg 1 40 7 50 50
0498_0008_0016_0060_0060.jpg 1 8 16 60 60
0499_0010_0008_0063_0063.jpg 1 10 8 63 63
0500_0024_0010_0052_0052.jpg 1 24 10 52 52
0501_0019_0038_0053_0053.jpg 1 19 38 53 53
0502_0036_0024_0029_0029.jpg 1 36 24 29 29
0503_0042_0047_0035_0035.jpg 1 42 47 35 35
0504_0017_0018_0051_0051.jpg 1 17 18 51 51
0505_0061_0056_0024_0024.jpg 1 61 56 24 24
0506_0022_0011_0055_0055.jpg 1 22 11 55 55
0507_0047_0059_0034_0034.jpg 1 47 59 34 34
0508_0054_0030_0027_0027.jpg 1 54 30 27 27
0509_0062_0042_0026_0026.jpg 1 62 42 26 26
0510_0006_0023_0057_0057.jpg 1 6 23 57 57
0511_0020_0027_0051_0051.jpg 1 20 27 51 51
0512_0006_0031_0061_0061.jpg 1 6 31 61 61
0513_0015_0040_0040_0040.jpg 1 15 40 40 40
0514_0037_0014_0036_0036.jpg 1 37 14 36 36
0515_0031_0017_0055_0055.jpg 1 31 17 55 55
0516_0038_0040_0026_0026.jpg 1 38 40 26 26
0517_0007_0008_0046_0046.jpg 1 7 8 46 46
0518_0025_0017_0066_0066.jpg 1 25 17 66 66
0519_0028_0038_0054_0054.jpg 1 28 38 54 54
0520_0015_0027_0035_0035.jpg 1 15 27 35 35
0521_0013_0033_0050_0050.jpg 1 13 33 50 50
0522_0008_0027_0028_0028.jpg 1 8 27 28 28
0523_0024_0041_0037_0037.jpg 1 24 41 37 37
0524_0044_0029_0024_0024.jpg 1 44 29 24 24
0525_0018_0009_0042_0042.jpg 1 18 9 42 42
0526_0007_0003_0064_0064.jpg 1 7 3 64 64
0527_0021_0021_0040_0040.jpg 1 21 21 40 40
0528_0005_0033_0055_0055.jpg 1 5 33 55 55
0529_0022_0004_0067_0067.jpg 1 22 4 67 67
0530_0039_0047_0047_0047.jpg 1 39 47 47 47
0531_0035_0043_0032_0032.jpg 1 35 43 32 32
0532_0025_0017_0069_0069.jpg 1 25 17 69 69
0533_0022_0039_0035_0035.jpg 1 22 39 35 35
0534_0006_0004_0066_0066.jpg 1 6 4 66 66
0535_0047_0035_0044_0044.jpg 1 47 35 44 44
0536_0027_0023_0031_0031.jpg 1 27 23 31 31
0537_0016_0031_0061_0061.jpg 1 16 31 61 61
0538_0012_0017_0060_0060.jpg 1 12 17 60 60
0539_0007_0043_0046_0046.jpg 1 7 43 46 46
0540_0008_0023_0059_0059.jpg 1 8 23 59 59
0541_0044_0047_0033_0033.jpg 1 44 47 33 33
0542_0042_0030_0047_0047.jpg 1 42 30 47 47
0543_0052_0008_0029_0029.jpg 1 52 8 29 29
0544_0037_0046_0039_0039.jpg 1 37 46 39 39
0545_0030_0015_0066_0066.jpg 1 30 15 66 66
0546_0010_0021_0049_0049.jpg 1 10 21 49 49
0547_0027_0010_0048_0048.jpg 1 27 10 48 48
0548_0006_0026_0064_0064.jpg 1 6 26 64 64
0549_0012_0045_0029_0029.jpg 1 12 45 29 29
0550_0033_0021_0026_0026.jpg 1 33 21 26 26
0551_0017_0036_0056_0056.jpg 1 17 36 56 56
0552_0024_0008_0055_0055.jpg 1 24 8 55 55
0553_0011_0020_0060_0060.jpg 1 11 20 60 60
0554_0038_0030_0041_0041.jpg 1 38 30 41 41
0555_0010_0013_0057_0057.jpg 1 10 13 57 57
0556_0030_0005_0054_0054.jpg 1 30 5 54 54
0557_0026_0030_0066_0066.jpg 1 26 30 66 66
0558_0021_0059_0024_0024.jpg 1 21 59 24 24
0559_0010_0042_0049_0049.jpg 1 10 42 49 49
0560_0011_0009_0058_0058.jpg 1 11 9 58 58
0561_0030_0034_0037_0037.jpg 1 30 34 37 37
0562_0024_0036_0030_0030.jpg 1 24 36 30 30
0563_0043_0045_0033_0033.jpg 1 43 45 33 33
0564_0041_0021_0031_0031.jpg 1 41 21 31 31
0565_0019_0038_0043_0043.jpg 1 19 38 43 43
0566_0042_0032_0026_0026.jpg 1 42 32 26 26
0567_0012_0019_0039_0039.jpg 1 12 19 39 39
0568_0052_0033_0026_0026.jpg 1 52 33 26 26
0569_0014_0016_0067_0067.jpg 1 14 16 67 67
0570_0019_0014_0067_0067.jpg 1 19 14 67 67
0571_0012_0008_0060_0060.jpg 1 12 8 60 60
0572_0010_0019_0068_0068.jpg 1 10 19 68 68
0573_0009_0017_0060_0060.jpg 1 9 17 60 60
0574_0029_0007_0061_0061.jpg 1 29 7 61 61
0575_0011_0013_0046_0046.jpg 1 11 13 46 46
0576_0015_0011_0063_0063.jpg 1 15 11 63 63
0577_0031_0015_0052_0052.jpg 1 31 15 52 52
0578_0014_0030_0058_0058.jpg 1 14 30 58 58
0579_0046_0031_0036_0036.jpg 1 46 31 36 36
0580_0052_0034_0031_0031.jpg 1 52 34 31 31
0581_0043_0007_0044_0044.jpg 1 43 7 44 44
0582_0019_0038_0034_0034.jpg 1 19 38 34 34
0583_0022_0005_0050_0050.jpg 1 22 5 50 50
0584_0016_0050_0034_0034.jpg 1 16 50 34 34
0585_0015_0011_0060_0060.jpg 1 15 11 60 60
0586_0019_0027_0053_0053.jpg 1 19 27 53 53
0587_0023_0023_0055_0055.jpg 1 23 23 55 55
0588_0011_0027_0040_0040.jpg 1 11 27 40 40
0589_0022_0016_0050_0050.jpg 1 22 16 50 50
0590_0030_0006_0058_0058.jpg 1 30 6 58 58
0591_0024_0027_0052_0052.jpg 1 24 27 52 52
0592_0018_0008_0068_0068.jpg 1 18 8 68 68
0593_0018_0010_0066_0066.jpg 1 18 10 66 66
0594_0024_0020_0037_0037.jpg 1 24 20 37 37
0595_0054_0040_0030_0030.jpg 1 54 40 30 30
0596_0041_0030_0051_0051.jpg 1 41 30 51 51
0597_0021_0018_0027_0027.jpg 1 21 18 27 27
0598_0017_0042_0038_0038.jpg 1 17 42 38 38
0599_0032_0013_0047_0047.jpg 1 32 13 47 47
0600_0019_0035_0049_0049.jpg 1 19 35 49 49
0601_0017_0032_0042_0042.jpg 1 17 32 42 42
0602_0027_0039_0052_0052.jpg 1 27 39 52 52
0603_0018_0036_0046_0046.jpg 1 18 36 46 46
0604_0024_0052_0041_0041.jpg 1 24 52 41 41
0605_0059_0041_0032_0032.jpg 1 59 41 32 32
0606_0015_0034_0059_0059.jpg 1 15 34 59 59
0607_0005_0015_0067_0067.jpg 1 5 15 67 67
0608_0036_0056_0024_0024.jpg 1 36 56 24 24
0609_0035_0019_0054_0054.jpg 1 35 19 54 54
0610_0055_0047_0030_0030.jpg 1 55 47 30 30
0611_0029_0018_0043_0043.jpg 1 29 18 43 43
0612_0031_0018_0051_0051.jpg 1 31 18 51 51
0613_0016_0043_0037_0037.jpg 1 16 43 37 37
0614_0015_0022_0068_0068.jpg 1 15 22 68 68
0615_0008_0009_0064_0064.jpg 1 8 9 64 64
0616_0035_0014_0054_0054.jpg 1 35 14 54 54
0617_0018_0009_0061_0061.jpg 1 18 9 61 61
0618_0030_0014_0064_0064.jpg 1 30 14 64 64
0619_0045_0037_0040_0040.jpg 1 45 37 40 40
0620_0016_0005_0057_0057.jpg 1 16 5 57 57
0621_0018_0059_0029_0029.jpg 1 18 59 29 29
0622_0023_0029_0066_0066.jpg 1 23 29 66 66
0623_0061_0010_0025_0025.jpg 1 61 10 25 25
0624_0007_0026_0061_0061.jpg 1 7 26 61 61
0625_0030_0054_0025_0025.jpg 1 30 54 25 25
0626_0034_0008_0061_0061.jpg 1 34 8 61 61
0627_0024_0049_0042_0042.jpg 1 24 49 42 42
0628_0022_0031_0042_0042.jpg 1 22 31 42 42
0629_0015_0033_0044_0044.jpg 1 15 33 44 44
0630_0055_0025_0034_0034.jpg 1 55 25 34 34
0631_0010_0016_0046_0046.jpg 1 10 16 46 46
0632_0036_0014_0037_0037.jpg 1 36 14 37 37
0633_0018_0017_0069_0069.jpg 1 18 17 69 69
0634_0036_0040_0051_0051.jpg 1 36 40 51 51
0635_0035_0027_0033_0033.jpg 1 35 27 33 33
0636_0049_0023_0041_0041.jpg 1 49 23 41 41
0637_0026_0038_0055_0055.jpg 1 26 38 55 55
0638_0013_0010_0062_0062.jpg 1 13 10 62 62
0639_0060_0008_0024_0024.jpg 1 60 8 24 24
0640_0040_0032_0052_0052.jpg 1 40 32 52 52
0641_0017_0041_0042_0042.jpg 1 17 41 42 42
0642_0035_0045_0048_0048.jpg 1 35 45 48 48
0643_0014_0029_0055_0055.jpg 1 14 29 55 55
0644_0006_0040_0040_0040.jpg 1 6 40 40 40
0645_0021_0045_0039_0039.jpg 1 21 45 39 39
0646_0054_0050_0034_0034.jpg 1 54 50 34 34
0647_0033_0005_0051_0051.jpg 1 33 5 51 51
0648_0018_0018_0060_0060.jpg 1 18 18 60 60
0649_0017_0008_0065_0065.jpg 1 17 8 65 65
0650_0010_0017_0036_0036.jpg 1 10 17 36 36
0651_0040_0035_0028_0028.jpg 1 40 35 28 28
0652_0020_0036_0036_0036.jpg 1 20 36 36 36
0653_0047_0020_0041_0041.jpg 1 47 20 41 41
0654_0014_0053_0040_0040.jpg 1 14 53 40 40
0655_0005_0019_0056_0056.jpg 1 5 19 56 56
0656_0035_0029_0039_0039.jpg 1 35 29 39 39
0657_0048_0058_0026_0026.jpg 1 48 58 26 26
0658_0034_0010_0058_0058.jpg 1 34 10 58 58
0659_0021_0062_0025_0025.jpg 1 21 62 25 25
0660_0014_0008_0039_0039.jpg 1 14 8 39 39
0661_0023_0038_0031_0031.jpg 1 23 38 31 31
0662_0034_0024_0029_0029.jpg 1 34 24 29 29
0663_0034_0007_0047_0047.jpg 1 34 7 47 47
0664_0059_0022_0024_0024.jpg 1 59 22 24 24
0665_0016_0006_0062_0062.jpg 1 16 6 62 62
0666_0015_0025_0052_0052.jpg 1 15 25 52 52
0667_0008_0036_0058_0058.jpg 1 8 36 58 58
0668_0006_0052_0035_0035.jpg 1 6 52 35 35
0669_0032_0023_0059_0059.jpg 1 32 23 59 59
0670_0008_0005_0060_0060.jpg 1 8 5 60 60
0671_0037_0008_0028_0028.jpg 1 37 8 28 28
0672_0040_0031_0031_0031.jpg 1 40 31 31 31
0673_0040_0042_0050_0050.jpg 1 40 42 50 50
0674_0032_0029_0060_0060.jpg 1 32 29 60 60
0675_0015_0056_0034_0034.jpg 1 15 56 34 34
0676_0018_0028_0060_0060.jpg 1 18 28 60 60
0677_0029_0009_0033_0033.jpg 1 29 9 33 33
0678_0034_0011_0036_0036.jpg 1 34 11 36 36
0679_0013_0012_0066_0066.jpg 1 13 12 66 66
0680_0025_0039_0051_0051.jpg 1 25 39 51 51
0681_0018_0009_0027_0027.jpg 1 18 9 27 27
0682_0048_0019_0038_0038.jpg 1 48 19 38 38
0683_0027_0019_0061_0061.jpg 1 27 19 61 61
0684_0024_0035_0045_0045.jpg 1 24 35 45 45
0685_0032_0038_0045_0045.jpg 1 32 38 45 45
0686_0017_0005_0065_0065.jpg 1 17 5 65 65
0687_0023_0025_0062_0062.jpg 1 23 25 62 62
0688_0011_0020_0063_0063.jpg 1 11 20 63 63
0689_0023_0007_0065_0065.jpg 1 23 7 65 65
0690_0026_0005_0058_0058.jpg 1 26 5 58 58
0691_0027_0047_0028_0028.jpg 1 27 47 28 28
0692_0043_0022_0049_0049.jpg 1 43 22 49 49
0693_0010_0040_0054_0054.jpg 1 10 40 54 54
0694_0048_0040_0042_0042.jpg 1 48 40 42 42
0695_0017_0013_0046_0046.jpg 1 17 13 46 46
0696_0018_0018_0059_0059.jpg 1 18 18 59 59
0697_0058_0060_0029_0029.jpg 1 58 60 29 29
0698_0031_0031_0059_0059.jpg 1 31 31 59 59
0699_0045_0025_0025_0025.jpg 1 45 25 25 25
0700_0018_0025_0063_0063.jpg 1 18 25 63 63
0701_0014_0035_0040_0040.jpg 1 14 35 40 40
0702_0061_0061_0025_0025.jpg 1 61 61 25 25
0703_0044_0036_0046_0046.jpg 1 44 36 46 46
0704_0016_0016_0067_0067.jpg 1 16 16 67 67
0705_0024_0025_0053_0053.jpg 1 24 25 53 53
0706_0011_0029_0026_0026.jpg 1 11 29 26 26
0707_0019_0007_0060_0060.jpg 1 19 7 60 60
0708_0034_0013_0038_0038.jpg 1 34 13 38 38
0709_0020_0028_0063_0063.jpg 1 20 28 63 63
0710_0024_0015_0030_0030.jpg 1 24 15 30 30
0711_0033_0022_0058_0058.jpg 1 33 22 58 58
0712_0013_0008_0069_0069.jpg 1 13 8 69 69
0713_0054_0025_0039_0039.jpg 1 54 25 39 39
0714_0007_0008_0053_0053.jpg 1 7 8 53 53
0715_0024_0022_0058_0058.jpg 1 24 22 58 58
0716_0027_0009_0063_0063.jpg 1 27 9 63 63
0717_0024_0030_0064_0064.jpg 1 24 30 64 64
0718_0014_0014_0035_0035.jpg 1 14 14 35 35
0719_0016_0036_0047_0047.jpg 1 16 36 47 47
0720_0007_0011_0063_0063.jpg 1 7 11 63 63
0721_0034_0025_0043_0043.jpg 1 34 25 43 43
0722_0033_0016_0046_0046.jpg 1 33 16 46 46
0723_0047_0056_0030_0030.jpg 1 47 56 30 30
0724_0031_0008_0044_0044.jpg 1 31 8 44 44
0725_0006_0026_0065_0065.jpg 1 6 26 65 65
0726_0039_0026_0039_0039.jpg 1 39 26 39 39
0727_0012_0012_0069_0069.jpg 1 12 12 69 69
0728_0048_0040_0043_0043.jpg 1 48 40 43 43
0729_0010_0033_0053_0053.jpg 1 10 33 53 53
0730_0027_0032_0060_0060.jpg 1 27 32 60 60
0731_0047_0031_0030_0030.jpg 1 47 31 30 30
0732_0030_0046_0040_0040.jpg 1 30 46 40 40
0733_0063_0060_0024_0024.jpg 1 63 60 24 24
0734_0041_0021_0025_0025.jpg 1 41 21 25 25
0735_0006_0009_0055_0055.jpg 1 6 9 55 55
0736_0032_0024_0048_0048.jpg 1 32 24 48 48
0737_0013_0014_0025_0025.jpg 1 13 14 25 25
0738_0047_0012_0045_0045.jpg 1 47 12 45 45
0739_0040_0025_0032_0032.jpg 1 40 25 32 32
0740_0026_0019_0042_0042.jpg 1 26 19 42 42
0741_0062_0033_0029_0029.jpg 1 62 33 29 29
0742_0019_0051_0031_0031.jpg 1 19 51 31 31
0743_0014_0026_0049_0049.jpg 1 14 26 49 49
0744_0058_0053_0024_0024.jpg 1 58 53 24 24
0745_0017_0017_0062_0062.jpg 1 17 17 62 62
0746_0041_0032_0046_0046.jpg 1 41 32 46 46
0747_0028_0024_0037_0037.jpg 1 28 24 37 37
0748_0009_0023_0037_0037.jpg 1 9 23 37 37
0749_0017_0029_0038_0038.jpg 1 17 29 38 38
0750_0013_0028_0055_0055.jpg 1 13 28 55 55
0751_0012_0008_0054_0054.jpg 1 12 8 54 54
0752_0022_0024_0053_0053.jpg 1 22 24 53 53
0753_0047_0037_0042_0042.jpg 1 47 37 42 42
0754_0042_0038_0051_0051.jpg 1 42 38 51 51
0755_0007_0038_0040_0040.jpg 1 7 38 40 40
0756_0006_0017_0069_0069.jpg 1 6 17 69 69
0757_0008_0009_0063_0063.jpg 1 8 9 63 63
0758_0047_0044_0030_0030.jpg 1 47 44 30 30
0759_0009_0054_0035_0035.jpg 1 9 54 35 35
0760_0063_0057_0029_0029.jpg 1 63 57 29 29
0761_0044_0024_0034_0034.jpg 1 44 24 34 34
0762_0040_0020_0048_0048.jpg 1 40 20 48 48
0763_0026_0020_0067_0067.jpg 1 26 20 67 67
0764_0015_0022_0039_0039.jpg 1 15 22 39 39
0765_0022_0020_0065_0065.jpg 1 22 20 65 65
0766_0007_0022_0027_0027.jpg 1 7 22 27 27
0767_0011_0054_0039_0039.jpg 1 11 54 39 39
0768_0015_0008_0047_0047.jpg 1 15 8 47 47
0769_0026_0051_0038_0038.jpg 1 26 51 38 38
0770_0023_0009_0034_0034.jpg 1 23 9 34 34
0771_0052_0051_0030_0030.jpg 1 52 51 30 30
0772_0011_0023_0063_0063.jpg 1 11 23 63 63
0773_0018_0034_0048_0048.jpg 1 18 34 48 48
0774_0026_0032_0060_0060.jpg 1 26 32 60 60
0775_0062_0025_0029_0029.jpg 1 62 25 29 29
0776_0035_0029_0054_0054.jpg 1 35 29 54 54
0777_0006_0003_0069_0069.jpg 1 6 3 69 69
0778_0013_0009_0066_0066.jpg 1 13 9 66 66
0779_0021_0040_0053_0053.jpg 1 21 40 53 53
0780_0013_0016_0062_0062.jpg 1 13 16 62 62
0781_0045_0028_0047_0047.jpg 1 45 28 47 47
0782_0050_0022_0042_0042.jpg 1 50 22 42 42
0783_0028_0033_0058_0058.jpg 1 28 33 58 58
0784_0031_0010_0062_0062.jpg 1 31 10 62 62
0785_0025_0026_0031_0031.jpg 1 25 26 31 31
0786_0030_0026_0036_0036.jpg 1 30 26 36 36
0787_0009_0010_0068_0068.jpg 1 9 10 68 68
0788_0006_0011_0069_0069.jpg 1 6 11 69 69
0789_0059_0049_0026_0026.jpg 1 59 49 26 26
0790_0033_0022_0040_0040.jpg 1 33 22 40 40
0791_0025_0009_0048_0048.jpg 1 25 9 48 48
0792_0013_0051_0042_0042.jpg 1 13 51 42 42
0793_0030_0046_0038_0038.jpg 1 30 46 38 38
0794_0008_0033_0056_0056.jpg 1 8 33 56 56
0795_0014_0055_0037_0037.jpg 1 14 55 37 37
0796_0041_0008_0046_0046.jpg 1 41 8 46 46
0797_0013_0027_0068_0068.jpg 1 13 27 68 68
0798_0021_0013_0054_0054.jpg 1 21 13 54 54
0799_0015_0010_0032_0032.jpg 1 15 10 32 32
0800_0019_0023_0052_0052.jpg 1 19 23 52 52
0801_0013_0004_0067_0067.jpg 1 13 4 67 67
0802_0016_0062_0030_0030.jpg 1 16 62 30 30
0803_0022_0015_0046_0046.jpg 1 22 15 46 46
0804_0019_0030_0043_0043.jpg 1 19 30 43 43
0805_0038_0040_0049_0049.jpg 1 38 40 49 49
0806_0032_0009_0049_0049.jpg 1 32 9 49 49
0807_0021_0034_0053_0053.jpg 1 21 34 53 53
0808_0040_0014_0041_0041.jpg 1 40 14 41 41
0809_0016_0015_0046_0046.jpg 1 16 15 46 46
0810_0028_0033_0062_0062.jpg 1 28 33 62 62
0811_0030_0012_0043_0043.jpg 1 30 12 43 43
0812_0016_0016_0060_0060.jpg 1 16 16 60 60
0813_0005_0011_0053_0053.jpg 1 5 11 53 53
0814_0015_0014_0042_0042.jpg 1 15 14 42 42
0815_0018_0020_0034_0034.jpg 1 18 20 34 34
0816_0015_0031_0032_0032.jpg 1 15 31 32 32
0817_0025_0028_0060_0060.jpg 1 25 28 60 60
0818_0044_0032_0024_0024.jpg 1 44 32 24 24
0819_0045_0008_0040_0040.jpg 1 45 8 40 40
0820_0014_0027_0064_0064.jpg 1 14 27 64 64
0821_0025_0009_0069_0069.jpg 1 25 9 69 69
0822_0031_0050_0032_0032.jpg 1 31 50 32 32
0823_0024_0024_0058_0058.jpg 1 24 24 58 58
0824_0017_0050_0041_0041.jpg 1 17 50 41 41
0825_0029_0030_0034_0034.jpg 1 29 30 34 34
0826_0018_0034_0060_0060.jpg 1 18 34 60 60
0827_0023_0035_0050_0050.jpg 1 23 35 50 50
0828_0034_0042_0043_0043.jpg 1 34 42 43 43
0829_0032_0045_0028_0028.jpg 1 32 45 28 28
0830_0028_0014_0063_0063.jpg 1 28 14 63 63
0831_0011_0009_0038_0038.jpg 1 11 9 38 38
0832_0038_0057_0024_0024.jpg 1 38 57 24 24
0833_0040_0033_0053_0053.jpg 1 40 33 53 53
0834_0043_0042_0027_0027.jpg 1 43 42 27 27
0835_0035_0058_0029_0029.jpg 1 35 58 29 29
0836_0009_0010_0044_0044.jpg 1 9 10 44 44
0837_0020_0008_0064_0064.jpg 1 20 8 64 64
0838_0003_0031_0065_0065.jpg 1 3 31 65 65
0839_0024_0028_0045_0045.jpg 1 24 28 45 45
0840_0010_0020_0052_0052.jpg 1 10 20 52 52
0841_0034_0031_0046_0046.jpg 1 34 31 46 46
0842_0037_0021_0055_0055.jpg 1 37 21 55 55
0843_0048_0024_0030_0030.jpg 1 48 24 30 30
0844_0018_0041_0029_0029.jpg 1 18 41 29 29
0845_0019_0020_0052_0052.jpg 1 19 20 52 52
0846_0027_0025_0024_0024.jpg 1 27 25 24 24
0847_0019_0048_0031_0031.jpg 1 19 48 31 31
0848_0056_0056_0026_0026.jpg 1 56 56 26 26
0849_0023_0026_0069_0069.jpg 1 23 26 69 69
0850_0012_0024_0047_0047.jpg 1 12 24 47 47
0851_0014_0007_0038_0038.jpg 1 14 7 38 38
0852_0023_0037_0055_0055.jpg 1 23 37 55 55
0853_0024_0032_0028_0028.jpg 1 24 32 28 28
0854_0016_0040_0046_0046.jpg 1 16 40 46 46
0855_0037_0018_0027_0027.jpg 1 37 18 27 27
0856_0035_0017_0033_0033.jpg 1 35 17 33 33
0857_0055_0034_0029_0029.jpg 1 55 34 29 29
0858_0018_0020_0064_0064.jpg 1 18 20 64 64
0859_0020_0008_0059_0059.jpg 1 20 8 59 59
0860_0030_0030_0031_0031.jpg 1 30 30 31 31
0861_0008_0025_0069_0069.jpg 1 8 25 69 69
0862_0031_0055_0028_0028.jpg 1 31 55 28 28
0863_0027_0035_0052_0052.jpg 1 27 35 52 52
0864_0011_0031_0042_0042.jpg 1 11 31 42 42
0865_0038_0006_0046_0046.jpg 1 38 6 46 46
0866_0024_0037_0044_0044.jpg 1 24 37 44 44
0867_0032_0032_0037_0037.jpg 1 32 32 37 37
0868_0033_0022_0059_0059.jpg 1 33 22 59 59
0869_0033_0029_0056_0056.jpg 1 33 29 56 56
0870_0030_0028_0028_0028.jpg 1 30 28 28 28
0871_0033_0029_0032_0032.jpg 1 33 29 32 32
0872_0026_0025_0051_0051.jpg 1 26 25 51 51
0873_0033_0020_0036_0036.jpg 1 33 20 36 36
0874_0042_0039_0024_0024.jpg 1 42 39 24 24
0875_0057_0042_0035_0035.jpg 1 57 42 35 35
0876_0015_0005_0066_0066.jpg 1 15 5 66 66
0877_0024_0027_0035_0035.jpg 1 24 27 35 35
0878_0022_0017_0059_0059.jpg 1 22 17 59 59
0879_0023_0047_0031_0031.jpg 1 23 47 31 31
0880_0020_0029_0046_0046.jpg 1 20 29 46 46
0881_0020_0012_0068_0068.jpg 1 20 12 68 68
0882_0032_0023_0038_0038.jpg 1 32 23 38 38
0883_0022_0028_0051_0051.jpg 1 22 28 51 51
0884_0022_0011_0041_0041.jpg 1 22 11 41 41
0885_0019_0010_0069_0069.jpg 1 19 10 69 69
0886_0032_0017_0058_0058.jpg 1 32 17 58 58
0887_0031_0010_0063_0063.jpg 1 31 10 63 63
0888_0021_0019_0065_0065.jpg 1 21 19 65 65
0889_0029_0047_0037_0037.jpg 1 29 47 37 37
0890_0053_0008_0029_0029.jpg 1 53 8 29 29
0891_0032_0040_0052_0052.jpg 1 32 40 52 52
0892_0005_0041_0041_0041.jpg 1 5 41 41 41
0893_0020_0033_0058_0058.jpg 1 20 33 58 58
0894_0028_0026_0054_0054.jpg 1 28 26 54 54
0895_0016_0018_0027_0027.jpg 1 16 18 27 27
0896_0019_0019_0044_0044.jpg 1 19 19 44 44
0897_0034_0021_0054_0054.jpg 1 34 21 54 54
0898_0031_0018_0047_0047.jpg 1 31 18 47 47
0899_0016_0026_0035_0035.jpg 1 16 26 35 35
0900_0021_0022_0032_0032.jpg 1 21 22 32 32
0901_0044_0043_0035_0035.jpg 1 44 43 35 35
0902_0029_0036_0054_0054.jpg 1 29 36 54 54
0903_0038_0035_0056_0056.jpg 1 38 35 56 56
0904_0009_0011_0054_0054.jpg 1 9 11 54 54
0905_0017_0039_0029_0029.jpg 1 17 39 29 29
0906_0028_0049_0038_0038.jpg 1 28 49 38 38
0907_0053_0056_0033_0033.jpg 1 53 56 33 33
0908_0039_0014_0047_0047.jpg 1 39 14 47 47
0909_0016_0046_0025_0025.jpg 1 16 46 25 25
0910_0023_0013_0046_0046.jpg 1 23 13 46 46
0911_0012_0033_0055_0055.jpg 1 12 33 55 55
0912_0010_0033_0047_0047.jpg 1 10 33 47 47
0913_0009_0039_0054_0054.jpg 1 9 39 54 54
0914_0011_0031_0061_0061.jpg 1 11 31 61 61
0915_0022_0022_0049_0049.jpg 1 22 22 49 49
0916_0047_0027_0041_0041.jpg 1 47 27 41 41
0917_0019_0049_0031_0031.jpg 1 19 49 31 31
0918_0042_0017_0044_0044.jpg 1 42 17 44 44
0919_0011_0044_0045_0045.jpg 1 11 44 45 45
0920_0020_0017_0062_0062.jpg 1 20 17 62 62
0921_0036_0024_0055_0055.jpg 1 36 24 55 55
0922_0006_0027_0069_0069.jpg 1 6 27 69 69
0923_0003_0009_0069_0069.jpg 1 3 9 69 69
0924_0028_0006_0056_0056.jpg 1 28 6 56 56
0925_0043_0046_0029_0029.jpg 1 43 46 29 29
0926_0025_0024_0068_0068.jpg 1 25 24 68 68
0927_0036_0011_0028_0028.jpg 1 36 11 28 28
0928_0040_0018_0050_0050.jpg 1 40 18 50 50
0929_0007_0003_0068_0068.jpg 1 7 3 68 68
0930_0046_0035_0031_0031.jpg 1 46 35 31 31
0931_0047_0007_0037_0037.jpg 1 47 7 37 37
0932_0028_0023_0046_0046.jpg 1 28 23 46 46
0933_0056_0026_0027_0027.jpg 1 56 26 27 27
0934_0060_0041_0030_0030.jpg 1 60 41 30 30
0935_0036_0019_0028_0028.jpg 1 36 19 28 28
0936_0059_0046_0033_0033.jpg 1 59 46 33 33
0937_0019_0032_0026_0026.jpg 1 19 32 26 26
0938_0010_0008_0066_0066.jpg 1 10 8 66 66
0939_0007_0025_0060_0060.jpg 1 7 25 60 60
0940_0035_0007_0042_0042.jpg 1 35 7 42 42
0941_0004_0039_0055_0055.jpg 1 4 39 55 55
0942_0044_0012_0048_0048.jpg 1 44 12 48 48
0943_0015_0030_0065_0065.jpg 1 15 30 65 65
0944_0013_0062_0028_0028.jpg 1 13 62 28 28
0945_0017_0020_0068_0068.jpg 1 17 20 68 68
0946_0062_0015_0030_0030.jpg 1 62 15 30 30
0947_0017_0011_0039_0039.jpg 1 17 11 39 39
0948_0025_0033_0062_0062.jpg 1 25 33 62 62
0949_0014_0025_0048_0048.jpg 1 14 25 48 48
0950_0044_0027_0051_0051.jpg 1 44 27 51 51
0951_0037_0025_0044_0044.jpg 1 37 25 44 44
0952_0051_0044_0037_0037.jpg 1 51 44 37 37
0953_0011_0029_0058_0058.jpg 1 11 29 58 58
0954_0022_0012_0050_0050.jpg 1 22 12 50 50
0955_0026_0008_0034_0034.jpg 1 26 8 34 34
0956_0056_0020_0028_0028.jpg 1 56 20 28 28
0957_0021_0012_0042_0042.jpg 1 21 12 42 42
0958_0043_0025_0031_0031.jpg 1 43 25 31 31
0959_0020_0045_0035_0035.jpg 1 20 45 35 35
0960_0017_0024_0040_0040.jpg 1 17 24 40 40
0961_0015_0022_0034_0034.jpg 1 15 22 34 34
0962_0045_0040_0043_0043.jpg 1 45 40 43 43
0963_0023_0034_0055_0055.jpg 1 23 34 55 55
0964_0015_0029_0034_0034.jpg 1 15 29 34 34
0965_0027_0007_0054_0054.jpg 1 27 7 54 54
0966_0022_0024_0029_0029.jpg 1 22 24 29 29
0967_0005_0005_0060_0060.jpg 1 5 5 60 60
0968_0055_0060_0027_0027.jpg 1 55 60 27 27
0969_0038_0033_0054_0054.jpg 1 38 33 54 54
0970_0034_0038_0056_0056.jpg 1 34 38 56 56
0971_0026_0024_0054_0054.jpg 1 26 24 54 54
0972_0042_0032_0025_0025.jpg 1 42 32 25 25
0973_0023_0019_0069_0069.jpg 1 23 19 69 69
0974_0015_0013_0056_0056.jpg 1 15 13 56 56
0975_0018_0018_0033_0033.jpg 1 18 18 33 33
0976_0018_0025_0052_0052.jpg 1 18 25 52 52
0977_0027_0028_0048_0048.jpg 1 27 28 48 48
0978_0019_0006_0068_0068.jpg 1 19 6 68 68
0979_0026_0043_0029_0029.jpg 1 26 43 29 29
0980_0024_0003_0062_0062.jpg 1 24 3 62 62
0981_0020_0012_0050_0050.jpg 1 20 12 50 50
0982_0019_0040_0046_0046.jpg 1 19 40 46 46
0983_0015_0009_0055_0055.jpg 1 15 9 55 55
0984_0017_0048_0039_0039.jpg 1 17 48 39 39
0985_0044_0020_0048_0048.jpg 1 44 20 48 48
0986_0030_0039_0038_0038.jpg 1 30 39 38 38
0987_0010_0009_0065_0065.jpg 1 10 9 65 65
0988_0015_0022_0037_0037.jpg 1 15 22 37 37
0989_0042_0056_0030_0030.jpg 1 42 56 30 30
0990_0016_0037_0027_0027.jpg 1 16 37 27 27
0991_0029_0019_0057_0057.jpg 1 29 19 57 57
0992_0030_0028_0060_0060.jpg 1 30 28 60 60
0993_0017_0031_0063_0063.jpg 1 17 31 63 63
0994_0015_0029_0057_0057.jpg 1 15 29 57 57
0995_0011_0037_0057_0057.jpg 1 11 37 57 57
0996_0021_0046_0029_0029.jpg 1 21 46 29 29
0997_0026_0029_0056_0056.jpg 1 26 29 56 56
0998_0026_0020_0068_0068.jpg 1 26 20 68 68
0999_0036_0027_0054_0054.jpg 1 36 27 54 54
1000_0031_0034_0058_0058.jpg 1 31 34 58 58
1001_0015_0018_0055_0055.jpg 1 15 18 55 55
1002_0005_0034_0057_0057.jpg 1 5 34 57 57
1003_0025_0005_0069_0069.jpg 1 25 5 69 69
1004_0048_0039_0025_0025.jpg 1 48 39 25 25
1005_0035_0014_0049_0049.jpg 1 35 14 49 49
1006_0032_0012_0060_0060.jpg 1 32 12 60 60
1007_0028_0016_0063_0063.jpg 1 28 16 63 63
1008_0039_0027_0037_0037.jpg 1 39 27 37 37
1009_0031_0008_0038_0038.jpg 1 31 8 38 38
1010_0017_0021_0064_0064.jpg 1 17 21 64 64
1011_0036_0031_0051_0051.jpg 1 36 31 51 51
1012_0028_0025_0065_0065.jpg 1 28 25 65 65
1013_0021_0036_0049_0049.jpg 1 21 36 49 49
1014_0008_0018_0049_0049.jpg 1 8 18 49 49
1015_0034_0013_0046_0046.jpg 1 34 13 46 46
1016_0061_0033_0024_0024.jpg 1 61 33 24 24
1017_0050_0043_0040_0040.jpg 1 50 43 40 40
1018_0009_0025_0029_0029.jpg 1 9 25 29 29
1019_0009_0023_0061_0061.jpg 1 9 23 61 61
1020_0034_0014_0043_0043.jpg 1 34 14 43 43
1021_0014_0010_0052_0052.jpg 1 14 10 52 52
1022_0033_0009_0062_0062.jpg 1 33 9 62 62
1023_0029_0022_0063_0063.jpg 1 29 22 63 63
1024_0011_0016_0035_0035.jpg 1 11 16 35 35
1025_0017_0023_0025_0025.jpg 1 17 23 25 25
1026_0027_0029_0065_0065.jpg 1 27 29 65 65
1027_0024_0056_0032_0032.jpg 1 24 56 32 32
1028_0015_0024_0046_0046.jpg 1 15 24 46 46
1029_0017_0036_0031_0031.jpg 1 17 36 31 31
1030_0056_0053_0024_0024.jpg 1 56 53 24 24
1031_0026_0005_0064_0064.jpg 1 26 5 64 64
1032_0010_0034_0028_0028.jpg 1 10 34 28 28
1033_0033_0053_0024_0024.jpg 1 33 53 24 24
1034_0013_0032_0044_0044.jpg 1 13 32 44 44
1035_0019_0021_0045_0045.jpg 1 19 21 45 45
1036_0042_0008_0036_0036.jpg 1 42 8 36 36
1037_0007_0011_0048_0048.jpg 1 7 11 48 48
1038_0055_0029_0034_0034.jpg 1 55 29 34 34
1039_0028_0006_0041_0041.jpg 1 28 6 41 41
1040_0016_0015_0062_0062.jpg 1 16 15 62 62
1041_0044_0029_0046_0046.jpg 1 44 29 46 46
1042_0057_0015_0032_0032.jpg 1 57 15 32 32
1043_0046_0007_0035_0035.jpg 1 46 7 35 35
1044_0043_0025_0042_0042.jpg 1 43 25 42 42
1045_0044_0067_0024_0024.jpg 1 44 67 24 24
1046_0009_0035_0025_0025.jpg 1 9 35 25 25
1047_0019_0046_0038_0038.jpg 1 19 46 38 38
1048_0017_0033_0025_0025.jpg 1 17 33 25 25
1049_0027_0053_0030_0030.jpg 1 27 53 30 30
1050_0034_0042_0040_0040.jpg 1 34 42 40 40
1051_0041_0052_0040_0040.jpg 1 41 52 40 40
1052_0018_0042_0046_0046.jpg 1 18 42 46 46
1053_0016_0032_0037_0037.jpg 1 16 32 37 37
1054_0028_0050_0036_0036.jpg 1 28 50 36 36
1055_0020_0023_0036_0036.jpg 1 20 23 36 36
1056_0036_0043_0028_0028.jpg 1 36 43 28 28
1057_0035_0024_0060_0060.jpg 1 35 24 60 60
1058_0058_0039_0033_0033.jpg 1 58 39 33 33
1059_0006_0006_0053_0053.jpg 1 6 6 53 53
1060_0021_0018_0037_0037.jpg 1 21 18 37 37
1061_0018_0054_0032_0032.jpg 1 18 54 32 32
1062_0022_0034_0046_0046.jpg 1 22 34 46 46
1063_0007_0011_0068_0068.jpg 1 7 11 68 68
1064_0062_0017_0025_0025.jpg 1 62 17 25 25
1065_0015_0005_0068_0068.jpg 1 15 5 68 68
1066_0035_0042_0042_0042.jpg 1 35 42 42 42
1067_0029_0033_0052_0052.jpg 1 29 33 52 52
1068_0025_0015_0046_0046.jpg 1 25 15 46 46
1069_0035_0048_0037_0037.jpg 1 35 48 37 37
1070_0024_0024_0055_0055.jpg 1 24 24 55 55
1071_0031_0010_0052_0052.jpg 1 31 10 52 52
1072_0021_0009_0038_0038.jpg 1 21 9 38 38
1073_0020_0025_0065_0065.jpg 1 20 25 65 65
1074_0006_0052_0038_0038.jpg 1 6 52 38 38
1075_0018_0007_0067_0067.jpg 1 18 7 67 67
1076_0024_0015_0069_0069.jpg 1 24 15 69 69
1077_0018_0021_0054_0054.jpg 1 18 21 54 54
1078_0009_0045_0031_0031.jpg 1 9 45 31 31
1079_0008_0052_0033_0033.jpg 1 8 52 33 33
1080_0015_0021_0058_0058.jpg 1 15 21 58 58
1081_0033_0029_0037_0037.jpg 1 33 29 37 37
1082_0030_0030_0030_0030.jpg 1 30 30 30 30
1083_0017_0011_0056_0056.jpg 1 17 11 56 56
1084_0015_0042_0031_0031.jpg 1 15 42 31 31
1085_0054_0020_0025_0025.jpg 1 54 20 25 25
1086_0024_0025_0048_0048.jpg 1 24 25 48 48
1087_0039_0047_0046_0046.jpg 1 39 47 46 46
1088_0033_0027_0058_0058.jpg 1 33 27 58 58
1089_0041_0009_0054_0054.jpg 1 41 9 54 54
1090_0063_0067_0025_0025.jpg 1 63 67 25 25
1091_0008_0005_0066_0066.jpg 1 8 5 66 66
1092_0019_0031_0059_0059.jpg 1 19 31 59 59
1093_0035_0033_0058_0058.jpg 1 35 33 58 58
1094_0029_0030_0059_0059.jpg 1 29 30 59 59
1095_0035_0058_0025_0025.jpg 1 35 58 25 25
1096_0011_0020_0061_0061.jpg 1 11 20 61 61
1097_0012_0018_0034_0034.jpg 1 12 18 34 34
1098_0045_0031_0028_0028.jpg 1 45 31 28 28
1099_0020_0031_0065_0065.jpg 1 20 31 65 65
1100_0031_0026_0056_0056.jpg 1 31 26 56 56
1101_0035_0020_0042_0042.jpg 1 35 20 42 42
1102_0027_0044_0046_0046.jpg 1 27 44 46 46
1103_0006_0035_0054_0054.jpg 1 6 35 54 54
1104_0025_0006_0045_0045.jpg 1 25 6 45 45
1105_0022_0036_0034_0034.jpg 1 22 36 34 34
1106_0027_0049_0044_0044.jpg 1 27 49 44 44
1107_0012_0014_0040_0040.jpg 1 12 14 40 40
1108_0030_0041_0025_0025.jpg 1 30 41 25 25
1109_0030_0011_0043_0043.jpg 1 30 11 43 43
1110_0061_0025_0027_0027.jpg 1 61 25 27 27
1111_0052_0040_0041_0041.jpg 1 52 40 41 41
1112_0022_0029_0044_0044.jpg 1 22 29 44 44
1113_0011_0009_0061_0061.jpg 1 11 9 61 61
1114_0038_0031_0033_0033.jpg 1 38 31 33 33
1115_0033_0010_0046_0046.jpg 1 33 10 46 46
1116_0047_0048_0042_0042.jpg 1 47 48 42 42
1117_0023_0038_0040_0040.jpg 1 23 38 40 40
1118_0027_0015_0060_0060.jpg 1 27 15 60 60
1119_0041_0009_0033_0033.jpg 1 41 9 33 33
1120_0026_0014_0061_0061.jpg 1 26 14 61 61
1121_0044_0049_0043_0043.jpg 1 44 49 43 43
1122_0032_0039_0033_0033.jpg 1 32 39 33 33
1123_0028_0010_0061_0061.jpg 1 28 10 61 61
1124_0059_0017_0030_0030.jpg 1 59 17 30 30
1125_0021_0039_0041_0041.jpg 1 21 39 41 41
1126_0038_0012_0048_0048.jpg 1 38 12 48 48
1127_0063_0020_0029_0029.jpg 1 63 20 29 29
1128_0037_0030_0034_0034.jpg 1 37 30 34 34
1129_0049_0011_0025_0025.jpg 1 49 11 25 25
1130_0035_0032_0049_0049.jpg 1 35 32 49 49
1131_0067_0048_0024_0024.jpg 1 67 48 24 24
1132_0011_0029_0053_0053.jpg 1 11 29 53 53
1133_0040_0026_0043_0043.jpg 1 40 26 43 43
1134_0015_0027_0046_0046.jpg 1 15 27 46 46
1135_0018_0018_0056_0056.jpg 1 18 18 56 56
1136_0024_0055_0038_0038.jpg 1 24 55 38 38
1137_0021_0018_0049_0049.jpg 1 21 18 49 49
1138_0022_0041_0050_0050.jpg 1 22 41 50 50
1139_0036_0019_0053_0053.jpg 1 36 19 53 53
1140_0025_0058_0026_0026.jpg 1 25 58 26 26
1141_0051_0009_0032_0032.jpg 1 51 9 32 32
1142_0011_0021_0058_0058.jpg 1 11 21 58 58
1143_0049_0042_0039_0039.jpg 1 49 42 39 39
1144_0009_0021_0069_0069.jpg 1 9 21 69 69
1145_0022_0037_0026_0026.jpg 1 22 37 26 26
1146_0011_0010_0057_0057.jpg 1 11 10 57 57
1147_0015_0007_0059_0059.jpg 1 15 7 59 59
1148_0021_0037_0031_0031.jpg 1 21 37 31 31
1149_0029_0006_0051_0051.jpg 1 29 6 51 51
1150_0033_0047_0036_0036.jpg 1 33 47 36 36
1151_0024_0038_0029_0029.jpg 1 24 38 29 29
1152_0016_0021_0065_0065.jpg 1 16 21 65 65
1153_0051_0022_0035_0035.jpg 1 51 22 35 35
1154_0010_0026_0066_0066.jpg 1 10 26 66 66
1155_0016_0031_0025_0025.jpg 1 16 31 25 25
1156_0031_0019_0051_0051.jpg 1 31 19 51 51
1157_0033_0012_0048_0048.jpg 1 33 12 48 48
1158_0013_0015_0066_0066.jpg 1 13 15 66 66
1159_0049_0038_0044_0044.jpg 1 49 38 44 44
1160_0035_0026_0037_0037.jpg 1 35 26 37 37
1161_0030_0014_0041_0041.jpg 1 30 14 41 41
1162_0044_0048_0038_0038.jpg 1 44 48 38 38
1163_0010_0028_0039_0039.jpg 1 10 28 39 39
1164_0045_0009_0028_0028.jpg 1 45 9 28 28
1165_0029_0020_0046_0046.jpg 1 29 20 46 46
1166_0018_0022_0028_0028.jpg 1 18 22 28 28
1167_0008_0016_0066_0066.jpg 1 8 16 66 66
1168_0009_0006_0062_0062.jpg 1 9 6 62 62
1169_0035_0030_0047_0047.jpg 1 35 30 47 47
1170_0027_0016_0052_0052.jpg 1 27 16 52 52
1171_0015_0005_0051_0051.jpg 1 15 5 51 51
1172_0045_0033_0040_0040.jpg 1 45 33 40 40
1173_0038_0043_0046_0046.jpg 1 38 43 46 46
1174_0025_0007_0048_0048.jpg 1 25 7 48 48
1175_0016_0013_0064_0064.jpg 1 16 13 64 64
1176_0017_0019_0068_0068.jpg 1 17 19 68 68
1177_0014_0029_0062_0062.jpg 1 14 29 62 62
1178_0038_0027_0031_0031.jpg 1 38 27 31 31
1179_0006_0039_0038_0038.jpg 1 6 39 38 38
1180_0029_0030_0044_0044.jpg 1 29 30 44 44
1181_0003_0022_0061_0061.jpg 1 3 22 61 61
1182_0031_0052_0028_0028.jpg 1 31 52 28 28
1183_0008_0030_0065_0065.jpg 1 8 30 65 65
1184_0008_0035_0054_0054.jpg 1 8 35 54 54
1185_0044_0030_0049_0049.jpg 1 44 30 49 49
1186_0039_0038_0054_0054.jpg 1 39 38 54 54
1187_0037_0041_0032_0032.jpg 1 37 41 32 32
1188_0042_0044_0037_0037.jpg 1 42 44 37 37
1189_0023_0006_0066_0066.jpg 1 23 6 66 66
1190_0017_0007_0069_0069.jpg 1 17 7 69 69
1191_0035_0038_0031_0031.jpg 1 35 38 31 31
1192_0022_0026_0044_0044.jpg 1 22 26 44 44
1193_0028_0011_0059_0059.jpg 1 28 11 59 59
1194_0024_0042_0050_0050.jpg 1 24 42 50 50
1195_0005_0023_0064_0064.jpg 1 5 23 64 64
1196_0038_0033_0051_0051.jpg 1 38 33 51 51
1197_0016_0020_0068_0068.jpg 1 16 20 68 68
1198_0021_0052_0024_0024.jpg 1 21 52 24 24
1199_0021_0042_0025_0025.jpg 1 21 42 25 25
1200_0039_0032_0048_0048.jpg 1 39 32 48 48
1201_0007_0009_0040_0040.jpg 1 7 9 40 40
1202_0023_0031_0042_0042.jpg 1 23 31 42 42
1203_0043_0030_0043_0043.jpg 1 43 30 43 43
1204_0023_0005_0057_0057.jpg 1 23 5 57 57
1205_0026_0009_0062_0062.jpg 1 26 9 62 62
1206_0020_0023_0067_0067.jpg 1 20 23 67 67
1207_0006_0022_0050_0050.jpg 1 6 22 50 50
1208_0034_0008_0033_0033.jpg 1 34 8 33 33
1209_0017_0016_0030_0030.jpg 1 17 16 30 30
1210_0019_0012_0069_0069.jpg 1 19 12 69 69
1211_0004_0022_0069_0069.jpg 1 4 22 69 69
1212_0038_0006_0042_0042.jpg 1 38 6 42 42
1213_0013_0012_0067_0067.jpg 1 13 12 67 67
1214_0022_0015_0065_0065.jpg 1 22 15 65 65
1215_0057_0055_0030_0030.jpg 1 57 55 30 30
1216_0010_0016_0065_0065.jpg 1 10 16 65 65
1217_0046_0032_0036_0036.jpg 1 46 32 36 36
1218_0015_0037_0051_0051.jpg 1 15 37 51 51
1219_0028_0022_0034_0034.jpg 1 28 22 34 34
1220_0015_0011_0064_0064.jpg 1 15 11 64 64
1221_0036_0014_0056_0056.jpg 1 36 14 56 56
1222_0019_0032_0034_0034.jpg 1 19 32 34 34
1223_0029_0041_0047_0047.jpg 1 29 41 47 47
1224_0016_0030_0065_0065.jpg 1 16 30 65 65
1225_0007_0041_0048_0048.jpg 1 7 41 48 48
1226_0015_0022_0033_0033.jpg 1 15 22 33 33
1227_0031_0015_0062_0062.jpg 1 31 15 62 62
1228_0053_0053_0028_0028.jpg 1 53 53 28 28
1229_0053_0018_0037_0037.jpg 1 53 18 37 37
1230_0014_0007_0050_0050.jpg 1 14 7 50 50
1231_0052_0011_0034_0034.jpg 1 52 11 34 34
1232_0011_0014_0046_0046.jpg 1 11 14 46 46
1233_0033_0030_0046_0046.jpg 1 33 30 46 46
1234_0019_0047_0028_0028.jpg 1 19 47 28 28
1235_0009_0028_0040_0040.jpg 1 9 28 40 40
1236_0043_0032_0049_0049.jpg 1 43 32 49 49
1237_0031_0018_0035_0035.jpg 1 31 18 35 35
1238_0008_0027_0052_0052.jpg 1 8 27 52 52
1239_0011_0012_0060_0060.jpg 1 11 12 60 60
1240_0027_0010_0064_0064.jpg 1 27 10 64 64
1241_0011_0021_0061_0061.jpg 1 11 21 61 61
1242_0020_0023_0068_0068.jpg 1 20 23 68 68
1243_0047_0035_0026_0026.jpg 1 47 35 26 26
1244_0010_0016_0069_0069.jpg 1 10 16 69 69
1245_0035_0028_0024_0024.jpg 1 35 28 24 24
1246_0034_0014_0061_0061.jpg 1 34 14 61 61
1247_0022_0013_0058_0058.jpg 1 22 13 58 58
1248_0040_0020_0053_0053.jpg 1 40 20 53 53
1249_0019_0028_0057_0057.jpg 1 19 28 57 57
1250_0056_0051_0030_0030.jpg 1 56 51 30 30
1251_0015_0026_0068_0068.jpg 1 15 26 68 68
1252_0041_0017_0051_0051.jpg 1 41 17 51 51
1253_0019_0052_0029_0029.jpg 1 19 52 29 29
1254_0007_0007_0069_0069.jpg 1 7 7 69 69
1255_0021_0020_0060_0060.jpg 1 21 20 60 60
1256_0017_0025_0059_0059.jpg 1 17 25 59 59
1257_0033_0017_0047_0047.jpg 1 33 17 47 47
1258_0027_0016_0056_0056.jpg 1 27 16 56 56
1259_0036_0020_0037_0037.jpg 1 36 20 37 37
1260_0061_0019_0027_0027.jpg 1 61 19 27 27
1261_0010_0032_0058_0058.jpg 1 10 32 58 58
1262_0018_0018_0037_0037.jpg 1 18 18 37 37
1263_0017_0040_0026_0026.jpg 1 17 40 26 26
1264_0021_0022_0067_0067.jpg 1 21 22 67 67
1265_0056_0028_0031_0031.jpg 1 56 28 31 31
1266_0029_0036_0039_0039.jpg 1 29 36 39 39
1267_0023_0007_0059_0059.jpg 1 23 7 59 59
1268_0045_0039_0046_0046.jpg 1 45 39 46 46
1269_0016_0016_0040_0040.jpg 1 16 16 40 40
1270_0017_0028_0063_0063.jpg 1 17 28 63 63
1271_0026_0054_0038_0038.jpg 1 26 54 38 38
1272_0023_0007_0059_0059.jpg 1 23 7 59 59
1273_0008_0046_0044_0044.jpg 1 8 46 44 44
1274_0043_0023_0047_0047.jpg 1 43 23 47 47
1275_0038_0021_0028_0028.jpg 1 38 21 28 28
1276_0021_0031_0033_0033.jpg 1 21 31 33 33
1277_0013_0037_0042_0042.jpg 1 13 37 42 42
1278_0014_0038_0042_0042.jpg 1 14 38 42 42
1279_0033_0039_0044_0044.jpg 1 33 39 44 44
1280_0012_0027_0064_0064.jpg 1 12 27 64 64
1281_0037_0052_0035_0035.jpg 1 37 52 35 35
1282_0035_0010_0029_0029.jpg 1 35 10 29 29
1283_0020_0005_0069_0069.jpg 1 20 5 69 69
1284_0024_0051_0034_0034.jpg 1 24 51 34 34
1285_0013_0031_0058_0058.jpg 1 13 31 58 58
1286_0028_0016_0054_0054.jpg 1 28 16 54 54
1287_0006_0032_0060_0060.jpg 1 6 32 60 60
1288_0030_0011_0035_0035.jpg 1 30 11 35 35
1289_0019_0042_0045_0045.jpg 1 19 42 45 45
1290_0011_0012_0054_0054.jpg 1 11 12 54 54
1291_0023_0026_0064_0064.jpg 1 23 26 64 64
1292_0023_0040_0049_0049.jpg 1 23 40 49 49
1293_0042_0022_0052_0052.jpg 1 42 22 52 52
1294_0017_0025_0036_0036.jpg 1 17 25 36 36
1295_0015_0019_0068_0068.jpg 1 15 19 68 68
1296_0034_0060_0026_0026.jpg 1 34 60 26 26
1297_0022_0029_0064_0064.jpg 1 22 29 64 64
1298_0012_0019_0056_0056.jpg 1 12 19 56 56
1299_0029_0030_0058_0058.jpg 1 29 30 58 58
1300_0040_0015_0032_0032.jpg 1 40 15 32 32
1301_0020_0024_0054_0054.jpg 1 20 24 54 54
1302_0026_0058_0028_0028.jpg 1 26 58 28 28
1303_0015_0005_0063_0063.jpg 1 15 5 63 63
1304_0037_0049_0045_0045.jpg 1 37 49 45 45
1305_0022_0035_0053_0053.jpg 1 22 35 53 53
1306_0039_0054_0035_0035.jpg 1 39 54 35 35
1307_0037_0021_0051_0051.jpg 1 37 21 51 51
1308_0030_0015_0055_0055.jpg 1 30 15 55 55
1309_0036_0041_0039_0039.jpg 1 36 41 39 39
1310_0029_0029_0035_0035.jpg 1 29 29 35 35
1311_0025_0007_0058_0058.jpg 1 25 7 58 58
1312_0005_0026_0069_0069.jpg 1 5 26 69 69
1313_0009_0031_0055_0055.jpg 1 9 31 55 55
1314_0020_0005_0069_0069.jpg 1 20 5 69 69
1315_0057_0018_0034_0034.jpg 1 57 18 34 34
1316_0022_0030_0064_0064.jpg 1 22 30 64 64
1317_0050_0052_0037_0037.jpg 1 50 52 37 37
1318_0029_0043_0041_0041.jpg 1 29 43 41 41
1319_0020_0020_0058_0058.jpg 1 20 20 58 58
1320_0008_0037_0046_0046.jpg 1 8 37 46 46
1321_0015_0032_0046_0046.jpg 1 15 32 46 46
1322_0013_0029_0060_0060.jpg 1 13 29 60 60
1323_0058_0040_0025_0025.jpg 1 58 40 25 25
1324_0029_0005_0042_0042.jpg 1 29 5 42 42
1325_0016_0029_0048_0048.jpg 1 16 29 48 48
1326_0016_0015_0046_0046.jpg 1 16 15 46 46
1327_0015_0018_0068_0068.jpg 1 15 18 68 68
1328_0018_0049_0026_0026.jpg 1 18 49 26 26
1329_0033_0036_0049_0049.jpg 1 33 36 49 49
1330_0006_0014_0049_0049.jpg 1 6 14 49 49
1331_0010_0028_0053_0053.jpg 1 10 28 53 53
1332_0060_0018_0028_0028.jpg 1 60 18 28 28
1333_0009_0029_0059_0059.jpg 1 9 29 59 59
1334_0035_0022_0060_0060.jpg 1 35 22 60 60
1335_0065_0045_0025_0025.jpg 1 65 45 25 25
1336_0007_0033_0051_0051.jpg 1 7 33 51 51
1337_0040_0043_0050_0050.jpg 1 40 43 50 50
1338_0007_0015_0047_0047.jpg 1 7 15 47 47
1339_0006_0008_0064_0064.jpg 1 6 8 64 64
1340_0015_0057_0031_0031.jpg 1 15 57 31 31
1341_0028_0011_0065_0065.jpg 1 28 11 65 65
1342_0007_0029_0033_0033.jpg 1 7 29 33 33
1343_0029_0018_0034_0034.jpg 1 29 18 34 34
1344_0041_0014_0050_0050.jpg 1 41 14 50 50
1345_0032_0033_0057_0057.jpg 1 32 33 57 57
1346_0019_0029_0065_0065.jpg 1 19 29 65 65
1347_0026_0039_0050_0050.jpg 1 26 39 50 50
1348_0017_0022_0060_0060.jpg 1 17 22 60 60
1349_0019_0003_0069_0069.jpg 1 19 3 69 69
1350_0003_0024_0069_0069.jpg 1 3 24 69 69
1351_0053_0039_0024_0024.jpg 1 53 39 24 24
1352_0021_0031_0057_0057.jpg 1 21 31 57 57
1353_0031_0050_0038_0038.jpg 1 31 50 38 38
1354_0013_0021_0069_0069.jpg 1 13 21 69 69
1355_0024_0009_0069_0069.jpg 1 24 9 69 69
1356_0010_0040_0045_0045.jpg 1 10 40 45 45
1357_0050_0036_0028_0028.jpg 1 50 36 28 28
1358_0023_0025_0061_0061.jpg 1 23 25 61 61
1359_0023_0006_0067_0067.jpg 1 23 6 67 67
1360_0033_0038_0044_0044.jpg 1 33 38 44 44
1361_0042_0022_0046_0046.jpg 1 42 22 46 46
1362_0029_0009_0033_0033.jpg 1 29 9 33 33
1363_0031_0053_0037_0037.jpg 1 31 53 37 37
1364_0016_0010_0046_0046.jpg 1 16 10 46 46
1365_0031_0027_0051_0051.jpg 1 31 27 51 51
1366_0008_0018_0048_0048.jpg 1 8 18 48 48
1367_0014_0044_0049_0049.jpg 1 14 44 49 49
1368_0025_0019_0061_0061.jpg 1 25 19 61 61
1369_0028_0010_0026_0026.jpg 1 28 10 26 26
1370_0024_0031_0047_0047.jpg 1 24 31 47 47
1371_0033_0037_0052_0052.jpg 1 33 37 52 52
1372_0006_0009_0068_0068.jpg 1 6 9 68 68
1373_0047_0011_0036_0036.jpg 1 47 11 36 36
1374_0014_0005_0057_0057.jpg 1 14 5 57 57
1375_0057_0007_0025_0025.jpg 1 57 7 25 25
1376_0008_0010_0069_0069.jpg 1 8 10 69 69
1377_0057_0010_0030_0030.jpg 1 57 10 30 30
1378_0049_0022_0035_0035.jpg 1 49 22 35 35
1379_0020_0025_0051_0051.jpg 1 20 25 51 51
1380_0036_0033_0055_0055.jpg 1 36 33 55 55
1381_0048_0041_0031_0031.jpg 1 48 41 31 31
1382_0004_0016_0058_0058.jpg 1 4 16 58 58
1383_0010_0011_0047_0047.jpg 1 10 11 47 47
1384_0029_0024_0059_0059.jpg 1 29 24 59 59
1385_0014_0021_0065_0065.jpg 1 14 21 65 65
1386_0021_0006_0069_0069.jpg 1 21 6 69 69
1387_0041_0058_0032_0032.jpg 1 41 58 32 32
1388_0022_0005_0051_0051.jpg 1 22 5 51 51
1389_0013_0037_0056_0056.jpg 1 13 37 56 56
1390_0018_0021_0035_0035.jpg 1 18 21 35 35
1391_0048_0038_0032_0032.jpg 1 48 38 32 32
1392_0007_0008_0060_0060.jpg 1 7 8 60 60
1393_0025_0013_0060_0060.jpg 1 25 13 60 60
1394_0016_0032_0063_0063.jpg 1 16 32 63 63
1395_0014_0029_0067_0067.jpg 1 14 29 67 67
1396_0043_0018_0039_0039.jpg 1 43 18 39 39
1397_0016_0007_0065_0065.jpg 1 16 7 65 65
1398_0010_0017_0029_0029.jpg 1 10 17 29 29
1399_0010_0039_0045_0045.jpg 1 10 39 45 45
1400_0051_0040_0035_0035.jpg 1 51 40 35 35
1401_0042_0020_0049_0049.jpg 1 42 20 49 49
1402_0010_0027_0068_0068.jpg 1 10 27 68 68
1403_0013_0014_0066_0066.jpg 1 13 14 66 66
1404_0023_0006_0062_0062.jpg 1 23 6 62 62
1405_0008_0012_0056_0056.jpg 1 8 12 56 56
1406_0010_0026_0059_0059.jpg 1 10 26 59 59
1407_0035_0034_0042_0042.jpg 1 35 34 42 42
1408_0034_0026_0043_0043.jpg 1 34 26 43 43
1409_0027_0010_0034_0034.jpg 1 27 10 34 34
1410_0033_0011_0026_0026.jpg 1 33 11 26 26
1411_0011_0019_0040_0040.jpg 1 11 19 40 40
1412_0017_0056_0037_0037.jpg 1 17 56 37 37
1413_0006_0012_0047_0047.jpg 1 6 12 47 47
1414_0024_0011_0058_0058.jpg 1 24 11 58 58
1415_0030_0009_0062_0062.jpg 1 30 9 62 62
1416_0025_0010_0031_0031.jpg 1 25 10 31 31
1417_0040_0013_0052_0052.jpg 1 40 13 52 52
1418_0019_0007_0066_0066.jpg 1 19 7 66 66
1419_0034_0006_0060_0060.jpg 1 34 6 60 60
1420_0008_0038_0031_0031.jpg 1 8 38 31 31
1421_0013_0013_0055_0055.jpg 1 13 13 55 55
1422_0030_0031_0061_0061.jpg 1 30 31 61 61
1423_0023_0015_0057_0057.jpg 1 23 15 57 57
1424_0044_0047_0027_0027.jpg 1 44 47 27 27
1425_0031_0016_0053_0053.jpg 1 31 16 53 53
1426_0051_0049_0037_0037.jpg 1 51 49 37 37
1427_0044_0006_0046_0046.jpg 1 44 6 46 46
1428_0031_0024_0050_0050.jpg 1 31 24 50 50
1429_0032_0046_0047_0047.jpg 1 32 46 47 47
1430_0023_0029_0063_0063.jpg 1 23 29 63 63
1431_0024_0009_0066_0066.jpg 1 24 9 66 66
1432_0043_0035_0036_0036.jpg 1 43 35 36 36
1433_0025_0012_0041_0041.jpg 1 25 12 41 41
1434_0024_0022_0030_0030.jpg 1 24 22 30 30
1435_0031_0034_0056_0056.jpg 1 31 34 56 56
1436_0035_0057_0024_0024.jpg 1 35 57 24 24
1437_0009_0023_0054_0054.jpg 1 9 23 54 54
1438_0026_0016_0061_0061.jpg 1 26 16 61 61
1439_0037_0040_0042_0042.jpg 1 37 40 42 42
1440_0027_0043_0037_0037.jpg 1 27 43 37 37
1441_0046_0038_0046_0046.jpg 1 46 38 46 46
1442_0026_0029_0064_0064.jpg 1 26 29 64 64
1443_0034_0013_0042_0042.jpg 1 34 13 42 42
1444_0013_0022_0069_0069.jpg 1 13 22 69 69
1445_0014_0033_0037_0037.jpg 1 14 33 37 37
1446_0005_0022_0053_0053.jpg 1 5 22 53 53
1447_0025_0013_0065_0065.jpg 1 25 13 65 65
1448_0014_0054_0029_0029.jpg 1 14 54 29 29
1449_0025_0013_0068_0068.jpg 1 25 13 68 68
1450_0039_0029_0056_0056.jpg 1 39 29 56 56
1451_0020_0013_0057_0057.jpg 1 20 13 57 57
1452_0022_0005_0064_0064.jpg 1 22 5 64 64
1453_0027_0025_0066_0066.jpg 1 27 25 66 66
1454_0021_0008_0057_0057.jpg 1 21 8 57 57
1455_0010_0028_0068_0068.jpg 1 10 28 68 68
1456_0020_0042_0048_0048.jpg 1 20 42 48 48
1457_0040_0045_0048_0048.jpg 1 40 45 48 48
1458_0034_0045_0045_0045.jpg 1 34 45 45 45
1459_0012_0033_0054_0054.jpg 1 12 33 54 54
1460_0033_0028_0061_0061.jpg 1 33 28 61 61
1461_0006_0023_0052_0052.jpg 1 6 23 52 52
1462_0028_0034_0037_0037.jpg 1 28 34 37 37
1463_0055_0029_0025_0025.jpg 1 55 29 25 25
1464_0020_0037_0045_0045.jpg 1 20 37 45 45
1465_0034_0011_0054_0054.jpg 1 34 11 54 54
1466_0010_0013_0069_0069.jpg 1 10 13 69 69
1467_0004_0028_0067_0067.jpg 1 4 28 67 67
1468_0057_0034_0035_0035.jpg 1 57 34 35 35
1469_0036_0038_0057_0057.jpg 1 36 38 57 57
1470_0036_0040_0055_0055.jpg 1 36 40 55 55
1471_0020_0037_0040_0040.jpg 1 20 37 40 40
1472_0026_0037_0050_0050.jpg 1 26 37 50 50
1473_0012_0045_0027_0027.jpg 1 12 45 27 27
1474_0010_0017_0052_0052.jpg 1 10 17 52 52
1475_0009_0045_0035_0035.jpg 1 9 45 35 35
1476_0030_0015_0047_0047.jpg 1 30 15 47 47
1477_0048_0008_0038_0038.jpg 1 48 8 38 38
1478_0012_0018_0060_0060.jpg 1 12 18 60 60
1479_0045_0012_0045_0045.jpg 1 45 12 45 45
1480_0011_0025_0067_0067.jpg 1 11 25 67 67
1481_0022_0029_0040_0040.jpg 1 22 29 40 40
1482_0043_0047_0042_0042.jpg 1 43 47 42 42
1483_0041_0018_0047_0047.jpg 1 41 18 47 47
1484_0015_0013_0042_0042.jpg 1 15 13 42 42
1485_0030_0020_0051_0051.jpg 1 30 20 51 51
1486_0051_0023_0029_0029.jpg 1 51 23 29 29
1487_0021_0032_0038_0038.jpg 1 21 32 38 38
1488_0012_0040_0041_0041.jpg 1 12 40 41 41
1489_0029_0021_0065_0065.jpg 1 29 21 65 65
1490_0030_0037_0044_0044.jpg 1 30 37 44 44
1491_0021_0047_0034_0034.jpg 1 21 47 34 34
1492_0010_0008_0069_0069.jpg 1 10 8 69 69
1493_0041_0032_0031_0031.jpg 1 41 32 31 31
1494_0052_0049_0038_0038.jpg 1 52 49 38 38
1495_0022_0029_0057_0057.jpg 1 22 29 57 57
1496_0005_0011_0065_0065.jpg 1 5 11 65 65
1497_0023_0006_0058_0058.jpg 1 23 6 58 58
1498_0043_0012_0038_0038.jpg 1 43 12 38 38
1499_0039_0022_0026_0026.jpg 1 39 22 26 26
1500_0033_0019_0044_0044.jpg 1 33 19 44 44
1501_0042_0042_0026_0026.jpg 1 42 42 26 26
1502_0054_0008_0028_0028.jpg 1 54 8 28 28
1503_0011_0023_0069_0069.jpg 1 11 23 69 69
1504_0016_0016_0038_0038.jpg 1 16 16 38 38
1505_0011_0013_0044_0044.jpg 1 11 13 44 44
1506_0013_0021_0055_0055.jpg 1 13 21 55 55
1507_0008_0031_0039_0039.jpg 1 8 31 39 39
1508_0028_0026_0063_0063.jpg 1 28 26 63 63
1509_0022_0020_0066_0066.jpg 1 22 20 66 66
1510_0016_0026_0053_0053.jpg 1 16 26 53 53
1511_0018_0005_0068_0068.jpg 1 18 5 68 68
1512_0007_0026_0068_0068.jpg 1 7 26 68 68
1513_0046_0013_0038_0038.jpg 1 46 13 38 38
1514_0051_0044_0039_0039.jpg 1 51 44 39 39
1515_0006_0035_0041_0041.jpg 1 6 35 41 41
1516_0022_0041_0053_0053.jpg 1 22 41 53 53
1517_0022_0058_0030_0030.jpg 1 22 58 30 30
1518_0026_0020_0067_0067.jpg 1 26 20 67 67
1519_0024_0037_0043_0043.jpg 1 24 37 43 43
1520_0025_0008_0044_0044.jpg 1 25 8 44 44
1521_0019_0023_0064_0064.jpg 1 19 23 64 64
1522_0024_0006_0049_0049.jpg 1 24 6 49 49
1523_0046_0035_0024_0024.jpg 1 46 35 24 24
1524_0040_0028_0042_0042.jpg 1 40 28 42 42
1525_0034_0021_0055_0055.jpg 1 34 21 55 55
1526_0026_0007_0032_0032.jpg 1 26 7 32 32
1527_0043_0062_0027_0027.jpg 1 43 62 27 27
1528_0019_0030_0043_0043.jpg 1 19 30 43 43
1529_0047_0028_0033_0033.jpg 1 47 28 33 33
1530_0013_0017_0038_0038.jpg 1 13 17 38 38
1531_0034_0050_0028_0028.jpg 1 34 50 28 28
1532_0021_0010_0064_0064.jpg 1 21 10 64 64
1533_0024_0030_0060_0060.jpg 1 24 30 60 60
1534_0013_0013_0069_0069.jpg 1 13 13 69 69
1535_0045_0042_0043_0043.jpg 1 45 42 43 43
1536_0039_0047_0034_0034.jpg 1 39 47 34 34
1537_0034_0011_0052_0052.jpg 1 34 11 52 52
1538_0027_0007_0058_0058.jpg 1 27 7 58 58
1539_0034_0011_0053_0053.jpg 1 34 11 53 53
1540_0047_0032_0047_0047.jpg 1 47 32 47 47
1541_0047_0058_0025_0025.jpg 1 47 58 25 25
1542_0021_0017_0058_0058.jpg 1 21 17 58 58
1543_0016_0032_0036_0036.jpg 1 16 32 36 36
1544_0008_0019_0024_0024.jpg 1 8 19 24 24
1545_0048_0035_0035_0035.jpg 1 48 35 35 35
1546_0021_0026_0068_0068.jpg 1 21 26 68 68
1547_0032_0009_0056_0056.jpg 1 32 9 56 56
1548_0036_0039_0040_0040.jpg 1 36 39 40 40
1549_0038_0052_0027_0027.jpg 1 38 52 27 27
1550_0028_0016_0042_0042.jpg 1 28 16 42 42
1551_0009_0046_0039_0039.jpg 1 9 46 39 39
1552_0014_0013_0067_0067.jpg 1 14 13 67 67
1553_0006_0008_0056_0056.jpg 1 6 8 56 56
1554_0026_0027_0054_0054.jpg 1 26 27 54 54
1555_0032_0007_0062_0062.jpg 1 32 7 62 62
1556_0031_0041_0035_0035.jpg 1 31 41 35 35
1557_0058_0029_0026_0026.jpg 1 58 29 26 26
1558_0016_0009_0034_0034.jpg 1 16 9 34 34
1559_0014_0004_0069_0069.jpg 1 14 4 69 69
1560_0036_0058_0035_0035.jpg 1 36 58 35 35
1561_0017_0034_0028_0028.jpg 1 17 34 28 28
1562_0038_0005_0056_0056.jpg 1 38 5 56 56
1563_0045_0020_0046_0046.jpg 1 45 20 46 46
1564_0024_0022_0032_0032.jpg 1 24 22 32 32
1565_0038_0017_0056_0056.jpg 1 38 17 56 56
1566_0049_0034_0036_0036.jpg 1 49 34 36 36
1567_0032_0027_0026_0026.jpg 1 32 27 26 26
1568_0013_0012_0066_0066.jpg 1 13 12 66 66
1569_0009_0033_0062_0062.jpg 1 9 33 62 62
1570_0058_0014_0024_0024.jpg 1 58 14 24 24
1571_0040_0053_0032_0032.jpg 1 40 53 32 32
1572_0034_0061_0027_0027.jpg 1 34 61 27 27
1573_0013_0015_0069_0069.jpg 1 13 15 69 69
1574_0009_0049_0041_0041.jpg 1 9 49 41 41
1575_0019_0023_0052_0052.jpg 1 19 23 52 52
1576_0027_0023_0069_0069.jpg 1 27 23 69 69
1577_0027_0019_0062_0062.jpg 1 27 19 62 62
1578_0032_0028_0063_0063.jpg 1 32 28 63 63
1579_0004_0009_0057_0057.jpg 1 4 9 57 57
1580_0022_0021_0036_0036.jpg 1 22 21 36 36
1581_0038_0038_0027_0027.jpg 1 38 38 27 27
1582_0011_0022_0068_0068.jpg 1 11 22 68 68
1583_0008_0011_0059_0059.jpg 1 8 11 59 59
1584_0028_0005_0057_0057.jpg 1 28 5 57 57
1585_0007_0006_0057_0057.jpg 1 7 6 57 57
1586_0022_0005_0056_0056.jpg 1 22 5 56 56
1587_0056_0033_0036_0036.jpg 1 56 33 36 36
1588_0023_0045_0047_0047.jpg 1 23 45 47 47
1589_0016_0026_0069_0069.jpg 1 16 26 69 69
1590_0017_0012_0068_0068.jpg 1 17 12 68 68
1591_0041_0015_0042_0042.jpg 1 41 15 42 42
1592_0034_0006_0060_0060.jpg 1 34 6 60 60
1593_0009_0047_0033_0033.jpg 1 9 47 33 33
1594_0031_0018_0063_0063.jpg 1 31 18 63 63
1595_0023_0042_0040_0040.jpg 1 23 42 40 40
1596_0048_0028_0032_0032.jpg 1 48 28 32 32
1597_0023_0008_0047_0047.jpg 1 23 8 47 47
1598_0020_0022_0056_0056.jpg 1 20 22 56 56
1599_0029_0010_0061_0061.jpg 1 29 10 61 61
1600_0028_0044_0049_0049.jpg 1 28 44 49 49
1601_0006_0053_0036_0036.jpg 1 6 53 36 36
1602_0028_0039_0040_0040.jpg 1 28 39 40 40
1603_0020_0028_0043_0043.jpg 1 20 28 43 43
1604_0045_0020_0048_0048.jpg 1 45 20 48 48
1605_0044_0006_0049_0049.jpg 1 44 6 49 49
1606_0045_0035_0026_0026.jpg 1 45 35 26 26
1607_0052_0015_0038_0038.jpg 1 52 15 38 38
1608_0015_0023_0069_0069.jpg 1 15 23 69 69
1609_0049_0044_0036_0036.jpg 1 49 44 36 36
1610_0045_0023_0028_0028.jpg 1 45 23 28 28
1611_0028_0047_0028_0028.jpg 1 28 47 28 28
1612_0023_0018_0047_0047.jpg 1 23 18 47 47
1613_0027_0030_0036_0036.jpg 1 27 30 36 36
1614_0016_0025_0054_0054.jpg 1 16 25 54 54
1615_0019_0053_0040_0040.jpg 1 19 53 40 40
1616_0009_0009_0064_0064.jpg 1 9 9 64 64
1617_0035_0029_0028_0028.jpg 1 35 29 28 28
1618_0020_0061_0024_0024.jpg 1 20 61 24 24
1619_0004_0012_0066_0066.jpg 1 4 12 66 66
1620_0012_0045_0035_0035.jpg 1 12 45 35 35
1621_0033_0021_0051_0051.jpg 1 33 21 51 51
1622_0035_0039_0031_0031.jpg 1 35 39 31 31
1623_0026_0016_0062_0062.jpg 1 26 16 62 62
1624_0022_0055_0025_0025.jpg 1 22 55 25 25
1625_0014_0021_0060_0060.jpg 1 14 21 60 60
1626_0043_0010_0050_0050.jpg 1 43 10 50 50
1627_0048_0027_0044_0044.jpg 1 48 27 44 44
1628_0021_0010_0068_0068.jpg 1 21 10 68 68
1629_0014_0045_0046_0046.jpg 1 14 45 46 46
1630_0029_0037_0029_0029.jpg 1 29 37 29 29
1631_0035_0065_0025_0025.jpg 1 35 65 25 25
1632_0006_0029_0063_0063.jpg 1 6 29 63 63
1633_0013_0034_0056_0056.jpg 1 13 34 56 56
1634_0015_0043_0049_0049.jpg 1 15 43 49 49
1635_0062_0024_0028_0028.jpg 1 62 24 28 28
1636_0012_0015_0059_0059.jpg 1 12 15 59 59
1637_0021_0043_0050_0050.jpg 1 21 43 50 50
1638_0006_0023_0066_0066.jpg 1 6 23 66 66
1639_0019_0028_0053_0053.jpg 1 19 28 53 53
1640_0042_0025_0036_0036.jpg 1 42 25 36 36
1641_0017_0020_0051_0051.jpg 1 17 20 51 51
1642_0010_0055_0031_0031.jpg 1 10 55 31 31
1643_0008_0025_0064_0064.jpg 1 8 25 64 64
1644_0035_0004_0059_0059.jpg 1 35 4 59 59
1645_0029_0003_0065_0065.jpg 1 29 3 65 65
1646_0045_0009_0036_0036.jpg 1 45 9 36 36
1647_0018_0009_0053_0053.jpg 1 18 9 53 53
1648_0048_0033_0033_0033.jpg 1 48 33 33 33
1649_0006_0009_0059_0059.jpg 1 6 9 59 59
1650_0019_0012_0055_0055.jpg 1 19 12 55 55
1651_0031_0011_0049_0049.jpg 1 31 11 49 49
1652_0029_0018_0041_0041.jpg 1 29 18 41 41
1653_0017_0019_0057_0057.jpg 1 17 19 57 57
1654_0033_0030_0028_0028.jpg 1 33 30 28 28
1655_0032_0056_0034_0034.jpg 1 32 56 34 34
1656_0019_0043_0048_0048.jpg 1 19 43 48 48
1657_0010_0006_0069_0069.jpg 1 10 6 69 69
1658_0046_0043_0038_0038.jpg 1 46 43 38 38
1659_0019_0024_0042_0042.jpg 1 19 24 42 42
1660_0041_0050_0039_0039.jpg 1 41 50 39 39
1661_0030_0007_0058_0058.jpg 1 30 7 58 58
1662_0023_0015_0058_0058.jpg 1 23 15 58 58
1663_0028_0013_0063_0063.jpg 1 28 13 63 63
1664_0049_0032_0025_0025.jpg 1 49 32 25 25
1665_0051_0022_0040_0040.jpg 1 51 22 40 40
1666_0013_0040_0039_0039.jpg 1 13 40 39 39
1667_0028_0023_0039_0039.jpg 1 28 23 39 39
1668_0034_0021_0059_0059.jpg 1 34 21 59 59
1669_0039_0011_0046_0046.jpg 1 39 11 46 46
1670_0020_0044_0048_0048.jpg 1 20 44 48 48
1671_0009_0017_0053_0053.jpg 1 9 17 53 53
1672_0036_0029_0053_0053.jpg 1 36 29 53 53
1673_0020_0021_0063_0063.jpg 1 20 21 63 63
1674_0023_0035_0045_0045.jpg 1 23 35 45 45
1675_0034_0057_0027_0027.jpg 1 34 57 27 27
1676_0008_0010_0038_0038.jpg 1 8 10 38 38
1677_0019_0014_0068_0068.jpg 1 19 14 68 68
1678_0043_0039_0044_0044.jpg 1 43 39 44 44
1679_0017_0016_0032_0032.jpg 1 17 16 32 32
1680_0017_0031_0045_0045.jpg 1 17 31 45 45
1681_0031_0010_0042_0042.jpg 1 31 10 42 42
1682_0028_0037_0025_0025.jpg 1 28 37 25 25
1683_0012_0011_0039_0039.jpg 1 12 11 39 39
1684_0027_0005_0064_0064.jpg 1 27 5 64 64
1685_0028_0037_0039_0039.jpg 1 28 37 39 39
1686_0009_0005_0052_0052.jpg 1 9 5 52 52
1687_0012_0006_0069_0069.jpg 1 12 6 69 69
1688_0060_0028_0025_0025.jpg 1 60 28 25 25
1689_0039_0043_0033_0033.jpg 1 39 43 33 33
1690_0017_0004_0065_0065.jpg 1 17 4 65 65
1691_0034_0040_0030_0030.jpg 1 34 40 30 30
1692_0010_0037_0026_0026.jpg 1 10 37 26 26
1693_0023_0023_0034_0034.jpg 1 23 23 34 34
1694_0041_0026_0027_0027.jpg 1 41 26 27 27
1695_0043_0054_0026_0026.jpg 1 43 54 26 26
1696_0021_0004_0069_0069.jpg 1 21 4 69 69
1697_0021_0018_0065_0065.jpg 1 21 18 65 65
1698_0039_0030_0055_0055.jpg 1 39 30 55 55
1699_0047_0039_0031_0031.jpg 1 47 39 31 31
1700_0024_0022_0039_0039.jpg 1 24 22 39 39
1701_0041_0025_0051_0051.jpg 1 41 25 51 51
1702_0011_0017_0048_0048.jpg 1 11 17 48 48
1703_0042_0050_0041_0041.jpg 1 42 50 41 41
1704_0011_0014_0028_0028.jpg 1 11 14 28 28
1705_0021_0009_0068_0068.jpg 1 21 9 68 68
1706_0031_0032_0024_0024.jpg 1 31 32 24 24
1707_0014_0012_0055_0055.jpg 1 14 12 55 55
1708_0051_0029_0036_0036.jpg 1 51 29 36 36
1709_0015_0037_0048_0048.jpg 1 15 37 48 48
1710_0027_0021_0038_0038.jpg 1 27 21 38 38
1711_0017_0005_0064_0064.jpg 1 17 5 64 64
1712_0031_0020_0055_0055.jpg 1 31 20 55 55
1713_0036_0056_0035_0035.jpg 1 36 56 35 35
1714_0014_0023_0061_0061.jpg 1 14 23 61 61
1715_0046_0052_0035_0035.jpg 1 46 52 35 35
1716_0013_0013_0049_0049.jpg 1 13 13 49 49
1717_0048_0030_0034_0034.jpg 1 48 30 34 34
1718_0018_0016_0066_0066.jpg 1 18 16 66 66
1719_0018_0006_0064_0064.jpg 1 18 6 64 64
1720_0033_0019_0050_0050.jpg 1 33 19 50 50
1721_0032_0023_0061_0061.jpg 1 32 23 61 61
1722_0060_0062_0029_0029.jpg 1 60 62 29 29
1723_0041_0016_0050_0050.jpg 1 41 16 50 50
1724_0033_0011_0041_0041.jpg 1 33 11 41 41
1725_0020_0013_0064_0064.jpg 1 20 13 64 64
1726_0027_0021_0030_0030.jpg 1 27 21 30 30
1727_0004_0032_0062_0062.jpg 1 4 32 62 62
1728_0050_0032_0036_0036.jpg 1 50 32 36 36
1729_0043_0006_0049_0049.jpg 1 43 6 49 49
1730_0026_0042_0053_0053.jpg 1 26 42 53 53
1731_0026_0023_0065_0065.jpg 1 26 23 65 65
1732_0016_0019_0024_0024.jpg 1 16 19 24 24
1733_0030_0032_0051_0051.jpg 1 30 32 51 51
1734_0035_0034_0040_0040.jpg 1 35 34 40 40
1735_0036_0031_0054_0054.jpg 1 36 31 54 54
1736_0010_0011_0064_0064.jpg 1 10 11 64 64
1737_0010_0034_0046_0046.jpg 1 10 34 46 46
1738_0045_0050_0042_0042.jpg 1 45 50 42 42
1739_0018_0015_0065_0065.jpg 1 18 15 65 65
1740_0019_0036_0053_0053.jpg 1 19 36 53 53
1741_0042_0034_0048_0048.jpg 1 42 34 48 48
1742_0032_0026_0059_0059.jpg 1 32 26 59 59
1743_0052_0032_0025_0025.jpg 1 52 32 25 25
1744_0015_0011_0038_0038.jpg 1 15 11 38 38
1745_0020_0015_0036_0036.jpg 1 20 15 36 36
1746_0051_0045_0030_0030.jpg 1 51 45 30 30
1747_0009_0033_0048_0048.jpg 1 9 33 48 48
1748_0029_0018_0029_0029.jpg 1 29 18 29 29
1749_0023_0020_0069_0069.jpg 1 23 20 69 69
1750_0030_0036_0028_0028.jpg 1 30 36 28 28
1751_0021_0007_0059_0059.jpg 1 21 7 59 59
1752_0021_0010_0069_0069.jpg 1 21 10 69 69
1753_0033_0036_0028_0028.jpg 1 33 36 28 28
1754_0050_0008_0038_0038.jpg 1 50 8 38 38
1755_0034_0030_0049_0049.jpg 1 34 30 49 49
1756_0029_0028_0060_0060.jpg 1 29 28 60 60
1757_0009_0003_0065_0065.jpg 1 9 3 65 65
1758_0018_0021_0069_0069.jpg 1 18 21 69 69
1759_0026_0031_0057_0057.jpg 1 26 31 57 57
1760_0036_0037_0026_0026.jpg 1 36 37 26 26
1761_0032_0008_0037_0037.jpg 1 32 8 37 37
1762_0031_0037_0048_0048.jpg 1 31 37 48 48
1763_0057_0024_0034_0034.jpg 1 57 24 34 34
1764_0010_0024_0029_0029.jpg 1 10 24 29 29
1765_0052_0064_0026_0026.jpg 1 52 64 26 26
1766_0019_0005_0063_0063.jpg 1 19 5 63 63
1767_0045_0040_0045_0045.jpg 1 45 40 45 45
1768_0036_0041_0052_0052.jpg 1 36 41 52 52
1769_0015_0041_0046_0046.jpg 1 15 41 46 46
1770_0019_0018_0059_0059.jpg 1 19 18 59 59
1771_0004_0023_0058_0058.jpg 1 4 23 58 58
1772_0055_0057_0028_0028.jpg 1 55 57 28 28
1773_0045_0035_0029_0029.jpg 1 45 35 29 29
1774_0025_0052_0035_0035.jpg 1 25 52 35 35
1775_0016_0038_0052_0052.jpg 1 16 38 52 52
1776_0022_0005_0062_0062.jpg 1 22 5 62 62
1777_0011_0014_0050_0050.jpg 1 11 14 50 50
1778_0006_0010_0055_0055.jpg 1 6 10 55 55
1779_0038_0011_0050_0050.jpg 1 38 11 50 50
1780_0023_0038_0049_0049.jpg 1 23 38 49 49
1781_0016_0027_0028_0028.jpg 1 16 27 28 28
1782_0026_0014_0063_0063.jpg 1 26 14 63 63
1783_0005_0031_0047_0047.jpg 1 5 31 47 47
1784_0037_0040_0053_0053.jpg 1 37 40 53 53
1785_0053_0031_0036_0036.jpg 1 53 31 36 36
1786_0044_0017_0046_0046.jpg 1 44 17 46 46
1787_0029_0030_0060_0060.jpg 1 29 30 60 60
1788_0007_0004_0066_0066.jpg 1 7 4 66 66
1789_0023_0022_0039_0039.jpg 1 23 22 39 39
1790_0029_0025_0055_0055.jpg 1 29 25 55 55
1791_0026_0009_0026_0026.jpg 1 26 9 26 26
1792_0020_0025_0065_0065.jpg 1 20 25 65 65
1793_0005_0022_0068_0068.jpg 1 5 22 68 68
1794_0040_0043_0039_0039.jpg 1 40 43 39 39
1795_0038_0007_0054_0054.jpg 1 38 7 54 54
1796_0014_0026_0069_0069.jpg 1 14 26 69 69
1797_0027_0054_0036_0036.jpg 1 27 54 36 36
1798_0013_0038_0028_0028.jpg 1 13 38 28 28
1799_0057_0019_0033_0033.jpg 1 57 19 33 33
1800_0039_0038_0045_0045.jpg 1 39 38 45 45
1801_0011_0020_0069_0069.jpg 1 11 20 69 69
1802_0010_0055_0032_0032.jpg 1 10 55 32 32
1803_0017_0027_0048_0048.jpg 1 17 27 48 48
1804_0040_0020_0031_0031.jpg 1 40 20 31 31
1805_0019_0010_0061_0061.jpg 1 19 10 61 61
1806_0034_0024_0041_0041.jpg 1 34 24 41 41
1807_0043_0028_0029_0029.jpg 1 43 28 29 29
1808_0055_0026_0037_0037.jpg 1 55 26 37 37
1809_0025_0041_0040_0040.jpg 1 25 41 40 40
1810_0012_0019_0061_0061.jpg 1 12 19 61 61
1811_0029_0008_0024_0024.jpg 1 29 8 24 24
1812_0021_0010_0056_0056.jpg 1 21 10 56 56
1813_0021_0024_0047_0047.jpg 1 21 24 47 47
1814_0016_0054_0035_0035.jpg 1 16 54 35 35
1815_0025_0032_0061_0061.jpg 1 25 32 61 61
1816_0040_0012_0054_0054.jpg 1 40 12 54 54
1817_0030_0015_0059_0059.jpg 1 30 15 59 59
1818_0046_0025_0035_0035.jpg 1 46 25 35 35
1819_0003_0012_0063_0063.jpg 1 3 12 63 63
1820_0038_0018_0047_0047.jpg 1 38 18 47 47
1821_0021_0014_0044_0044.jpg 1 21 14 44 44
1822_0061_0050_0026_0026.jpg 1 61 50 26 26
1823_0039_0052_0037_0037.jpg 1 39 52 37 37
1824_0018_0006_0042_0042.jpg 1 18 6 42 42
1825_0032_0047_0029_0029.jpg 1 32 47 29 29
1826_0060_0009_0030_0030.jpg 1 60 9 30 30
1827_0006_0009_0054_0054.jpg 1 6 9 54 54
1828_0032_0007_0042_0042.jpg 1 32 7 42 42
1829_0058_0040_0026_0026.jpg 1 58 40 26 26
1830_0041_0020_0027_0027.jpg 1 41 20 27 27
1831_0017_0030_0062_0062.jpg 1 17 30 62 62
1832_0026_0032_0039_0039.jpg 1 26 32 39 39
1833_0047_0036_0035_0035.jpg 1 47 36 35 35
1834_0021_0035_0031_0031.jpg 1 21 35 31 31
1835_0039_0007_0052_0052.jpg 1 39 7 52 52
1836_0020_0053_0032_0032.jpg 1 20 53 32 32
1837_0019_0021_0050_0050.jpg 1 19 21 50 50
1838_0020_0019_0049_0049.jpg 1 20 19 49 49
1839_0004_0012_0068_0068.jpg 1 4 12 68 68
1840_0023_0016_0056_0056.jpg 1 23 16 56 56
1841_0005_0032_0053_0053.jpg 1 5 32 53 53
1842_0026_0010_0062_0062.jpg 1 26 10 62 62
1843_0022_0020_0057_0057.jpg 1 22 20 57 57
1844_0017_0016_0030_0030.jpg 1 17 16 30 30
1845_0021_0019_0041_0041.jpg 1 21 19 41 41
1846_0017_0028_0036_0036.jpg 1 17 28 36 36
1847_0021_0014_0051_0051.jpg 1 21 14 51 51
1848_0015_0010_0065_0065.jpg 1 15 10 65 65
1849_0025_0007_0037_0037.jpg 1 25 7 37 37
1850_0024_0015_0050_0050.jpg 1 24 15 50 50
1851_0030_0035_0036_0036.jpg 1 30 35 36 36
1852_0039_0016_0025_0025.jpg 1 39 16 25 25
1853_0026_0011_0040_0040.jpg 1 26 11 40 40
1854_0029_0036_0054_0054.jpg 1 29 36 54 54
1855_0062_0011_0024_0024.jpg 1 62 11 24 24
1856_0037_0021_0045_0045.jpg 1 37 21 45 45
1857_0024_0014_0069_0069.jpg 1 24 14 69 69
1858_0048_0038_0042_0042.jpg 1 48 38 42 42
1859_0031_0042_0032_0032.jpg 1 31 42 32 32
1860_0043_0017_0032_0032.jpg 1 43 17 32 32
1861_0029_0010_0026_0026.jpg 1 29 10 26 26
1862_0026_0014_0060_0060.jpg 1 26 14 60 60
1863_0019_0014_0052_0052.jpg 1 19 14 52 52
1864_0046_0049_0027_0027.jpg 1 46 49 27 27
1865_0041_0041_0037_0037.jpg 1 41 41 37 37
1866_0036_0045_0046_0046.jpg 1 36 45 46 46
1867_0011_0012_0034_0034.jpg 1 11 12 34 34
1868_0023_0049_0030_0030.jpg 1 23 49 30 30
1869_0025_0007_0030_0030.jpg 1 25 7 30 30
1870_0012_0035_0059_0059.jpg 1 12 35 59 59
1871_0004_0026_0064_0064.jpg 1 4 26 64 64
1872_0049_0059_0033_0033.jpg 1 49 59 33 33
1873_0023_0007_0062_0062.jpg 1 23 7 62 62
1874_0039_0016_0046_0046.jpg 1 39 16 46 46
1875_0023_0004_0069_0069.jpg 1 23 4 69 69
1876_0016_0035_0059_0059.jpg 1 16 35 59 59
1877_0019_0006_0060_0060.jpg 1 19 6 60 60
1878_0011_0022_0050_0050.jpg 1 11 22 50 50
1879_0026_0029_0060_0060.jpg 1 26 29 60 60
1880_0029_0005_0048_0048.jpg 1 29 5 48 48
1881_0026_0008_0066_0066.jpg 1 26 8 66 66
1882_0043_0026_0045_0045.jpg 1 43 26 45 45
1883_0023_0009_0066_0066.jpg 1 23 9 66 66
1884_0032_0013_0043_0043.jpg 1 32 13 43 43
1885_0041_0017_0034_0034.jpg 1 41 17 34 34
1886_0006_0016_0065_0065.jpg 1 6 16 65 65
1887_0014_0016_0068_0068.jpg 1 14 16 68 68
1888_0014_0015_0050_0050.jpg 1 14 15 50 50
1889_0020_0043_0049_0049.jpg 1 20 43 49 49
1890_0028_0010_0068_0068.jpg 1 28 10 68 68
1891_0017_0009_0032_0032.jpg 1 17 9 32 32
1892_0031_0018_0062_0062.jpg 1 31 18 62 62
1893_0030_0020_0039_0039.jpg 1 30 20 39 39
1894_0007_0013_0057_0057.jpg 1 7 13 57 57
1895_0008_0024_0042_0042.jpg 1 8 24 42 42
1896_0010_0010_0058_0058.jpg 1 10 10 58 58
1897_0003_0009_0069_0069.jpg 1 3 9 69 69
1898_0049_0025_0042_0042.jpg 1 49 25 42 42
1899_0022_0042_0047_0047.jpg 1 22 42 47 47
1900_0013_0020_0069_0069.jpg 1 13 20 69 69
1901_0009_0034_0035_0035.jpg 1 9 34 35 35
1902_0008_0027_0059_0059.jpg 1 8 27 59 59
1903_0015_0034_0046_0046.jpg 1 15 34 46 46
1904_0020_0033_0054_0054.jpg 1 20 33 54 54
1905_0026_0014_0055_0055.jpg 1 26 14 55 55
1906_0011_0014_0062_0062.jpg 1 11 14 62 62
1907_0048_0060_0025_0025.jpg 1 48 60 25 25
1908_0019_0006_0064_0064.jpg 1 19 6 64 64
1909_0029_0007_0063_0063.jpg 1 29 7 63 63
1910_0011_0030_0066_0066.jpg 1 11 30 66 66
1911_0007_0022_0065_0065.jpg 1 7 22 65 65
1912_0024_0025_0055_0055.jpg 1 24 25 55 55
1913_0036_0031_0031_0031.jpg 1 36 31 31 31
1914_0015_0027_0051_0051.jpg 1 15 27 51 51
1915_0007_0032_0059_0059.jpg 1 7 32 59 59
1916_0013_0030_0056_0056.jpg 1 13 30 56 56
1917_0029_0039_0025_0025.jpg 1 29 39 25 25
1918_0041_0014_0028_0028.jpg 1 41 14 28 28
1919_0018_0008_0069_0069.jpg 1 18 8 69 69
1920_0044_0008_0035_0035.jpg 1 44 8 35 35
1921_0040_0043_0030_0030.jpg 1 40 43 30 30
1922_0005_0004_0054_0054.jpg 1 5 4 54 54
1923_0042_0019_0030_0030.jpg 1 42 19 30 30
1924_0037_0014_0032_0032.jpg 1 37 14 32 32
1925_0040_0029_0055_0055.jpg 1 40 29 55 55
1926_0005_0014_0060_0060.jpg 1 5 14 60 60
1927_0042_0062_0028_0028.jpg 1 42 62 28 28
1928_0015_0022_0030_0030.jpg 1 15 22 30 30
1929_0013_0007_0025_0025.jpg 1 13 7 25 25
1930_0020_0034_0037_0037.jpg 1 20 34 37 37
1931_0018_0009_0058_0058.jpg 1 18 9 58 58
1932_0029_0046_0044_0044.jpg 1 29 46 44 44
1933_0025_0019_0056_0056.jpg 1 25 19 56 56
1934_0009_0042_0046_0046.jpg 1 9 42 46 46
1935_0012_0027_0059_0059.jpg 1 12 27 59 59
1936_0040_0043_0024_0024.jpg 1 40 43 24 24
1937_0019_0019_0068_0068.jpg 1 19 19 68 68
1938_0006_0027_0058_0058.jpg 1 6 27 58 58
1939_0040_0038_0041_0041.jpg 1 40 38 41 41
1940_0009_0024_0034_0034.jpg 1 9 24 34 34
1941_0018_0023_0026_0026.jpg 1 18 23 26 26
1942_0014_0008_0059_0059.jpg 1 14 8 59 59
1943_0020_0019_0052_0052.jpg 1 20 19 52 52
1944_0024_0006_0036_0036.jpg 1 24 6 36 36
1945_0004_0028_0053_0053.jpg 1 4 28 53 53
1946_0007_0036_0053_0053.jpg 1 7 36 53 53
1947_0056_0046_0028_0028.jpg 1 56 46 28 28
1948_0024_0020_0068_0068.jpg 1 24 20 68 68
1949_0030_0006_0047_0047.jpg 1 30 6 47 47
1950_0046_0039_0027_0027.jpg 1 46 39 27 27
1951_0040_0020_0039_0039.jpg 1 40 20 39 39
1952_0004_0013_0069_0069.jpg 1 4 13 69 69
1953_0024_0051_0032_0032.jpg 1 24 51 32 32
1954_0039_0031_0041_0041.jpg 1 39 31 41 41
1955_0042_0033_0042_0042.jpg 1 42 33 42 42
1956_0050_0037_0044_0044.jpg 1 50 37 44 44
1957_0008_0044_0042_0042.jpg 1 8 44 42 42
1958_0039_0031_0045_0045.jpg 1 39 31 45 45
1959_0018_0015_0061_0061.jpg 1 18 15 61 61
1960_0027_0010_0059_0059.jpg 1 27 10 59 59
1961_0031_0019_0028_0028.jpg 1 31 19 28 28
1962_0013_0021_0034_0034.jpg 1 13 21 34 34
1963_0039_0034_0055_0055.jpg 1 39 34 55 55
1964_0008_0044_0031_0031.jpg 1 8 44 31 31
1965_0010_0021_0029_0029.jpg 1 10 21 29 29
1966_0056_0014_0026_0026.jpg 1 56 14 26 26
1967_0032_0044_0047_0047.jpg 1 32 44 47 47
1968_0030_0027_0051_0051.jpg 1 30 27 51 51
1969_0046_0028_0036_0036.jpg 1 46 28 36 36
1970_0013_0020_0059_0059.jpg 1 13 20 59 59
1971_0030_0029_0060_0060.jpg 1 30 29 60 60
1972_0025_0011_0068_0068.jpg 1 25 11 68 68
1973_0008_0030_0034_0034.jpg 1 8 30 34 34
1974_0033_0010_0036_0036.jpg 1 33 10 36 36
1975_0019_0013_0065_0065.jpg 1 19 13 65 65
1976_0024_0016_0038_0038.jpg 1 24 16 38 38
1977_0036_0023_0051_0051.jpg 1 36 23 51 51
1978_0010_0018_0057_0057.jpg 1 10 18 57 57
1979_0049_0018_0026_0026.jpg 1 49 18 26 26
1980_0013_0045_0037_0037.jpg 1 13 45 37 37
1981_0028_0004_0061_0061.jpg 1 28 4 61 61
1982_0050_0030_0029_0029.jpg 1 50 30 29 29
1983_0018_0015_0036_0036.jpg 1 18 15 36 36
1984_0033_0011_0056_0056.jpg 1 33 11 56 56
1985_0032_0026_0061_0061.jpg 1 32 26 61 61
1986_0029_0019_0051_0051.jpg 1 29 19 51 51
1987_0012_0044_0049_0049.jpg 1 12 44 49 49
1988_0031_0018_0049_0049.jpg 1 31 18 49 49
1989_0052_0024_0038_0038.jpg 1 52 24 38 38
1990_0017_0021_0044_0044.jpg 1 17 21 44 44
1991_0042_0046_0038_0038.jpg 1 42 46 38 38
1992_0007_0009_0055_0055.jpg 1 7 9 55 55
1993_0008_0010_0047_0047.jpg 1 8 10 47 47
1994_0008_0028_0055_0055.jpg 1 8 28 55 55
1995_0030_0062_0026_0026.jpg 1 30 62 26 26
1996_0015_0031_0063_0063.jpg 1 15 31 63 63
1997_0045_0019_0042_0042.jpg 1 45 19 42 42
1998_0029_0007_0058_0058.jpg 1 29 7 58 58
1999_0045_0054_0028_0028.jpg 1 45 54 28 28
2000_0026_0006_0043_0043.jpg 1 26 6 43 43
2001_0026_0039_0028_0028.jpg 1 26 39 28 28
2002_0017_0029_0038_0038.jpg 1 17 29 38 38
2003_0017_0029_0033_0033.jpg 1 17 29 33 33
2004_0010_0013_0062_0062.jpg 1 10 13 62 62
2005_0056_0043_0031_0031.jpg 1 56 43 31 31
2006_0049_0011_0042_0042.jpg 1 49 11 42 42
2007_0020_0012_0054_0054.jpg 1 20 12 54 54
2008_0014_0048_0044_0044.jpg 1 14 48 44 44
2009_0004_0014_0058_0058.jpg 1 4 14 58 58
2010_0033_0035_0025_0025.jpg 1 33 35 25 25
2011_0035_0023_0038_0038.jpg 1 35 23 38 38
2012_0030_0005_0050_0050.jpg 1 30 5 50 50
2013_0025_0024_0065_0065.jpg 1 25 24 65 65
2014_0016_0021_0068_0068.jpg 1 16 21 68 68
2015_0023_0026_0027_0027.jpg 1 23 26 27 27
2016_0042_0051_0035_0035.jpg 1 42 51 35 35
2017_0020_0006_0057_0057.jpg 1 20 6 57 57
2018_0048_0033_0038_0038.jpg 1 48 33 38 38
2019_0027_0033_0034_0034.jpg 1 27 33 34 34
2020_0008_0010_0068_0068.jpg 1 8 10 68 68
2021_0033_0011_0053_0053.jpg 1 33 11 53 53
2022_0008_0010_0054_0054.jpg 1 8 10 54 54
2023_0023_0004_0063_0063.jpg 1 23 4 63 63
2024_0024_0052_0033_0033.jpg 1 24 52 33 33
2025_0043_0023_0051_0051.jpg 1 43 23 51 51
2026_0010_0018_0043_0043.jpg 1 10 18 43 43
2027_0016_0027_0029_0029.jpg 1 16 27 29 29
2028_0029_0043_0048_0048.jpg 1 29 43 48 48
2029_0004_0020_0064_0064.jpg 1 4 20 64 64
2030_0049_0021_0029_0029.jpg 1 49 21 29 29
2031_0008_0030_0029_0029.jpg 1 8 30 29 29
2032_0038_0045_0035_0035.jpg 1 38 45 35 35
2033_0057_0035_0029_0029.jpg 1 57 35 29 29
2034_0016_0006_0052_0052.jpg 1 16 6 52 52
2035_0020_0028_0067_0067.jpg 1 20 28 67 67
2036_0042_0021_0040_0040.jpg 1 42 21 40 40
2037_0023_0032_0062_0062.jpg 1 23 32 62 62
2038_0025_0024_0053_0053.jpg 1 25 24 53 53
2039_0013_0007_0069_0069.jpg 1 13 7 69 69
2040_0010_0007_0065_0065.jpg 1 10 7 65 65
2041_0008_0010_0043_0043.jpg 1 8 10 43 43
2042_0011_0022_0047_0047.jpg 1 11 22 47 47
2043_0020_0043_0038_0038.jpg 1 20 43 38 38
2044_0041_0031_0046_0046.jpg 1 41 31 46 46
2045_0042_0039_0042_0042.jpg 1 42 39 42 42
2046_0049_0014_0040_0040.jpg 1 49 14 40 40
2047_0056_0061_0025_0025.jpg 1 56 61 25 25
2048_0005_0015_0068_0068.jpg 1 5 15 68 68
2049_0044_0026_0037_0037.jpg 1 44 26 37 37
2050_0008_0054_0038_0038.jpg 1 8 54 38 38
2051_0033_0006_0055_0055.jpg 1 33 6 55 55
2052_0008_0049_0037_0037.jpg 1 8 49 37 37
2053_0009_0019_0062_0062.jpg 1 9 19 62 62
2054_0037_0005_0054_0054.jpg 1 37 5 54 54
2055_0013_0044_0043_0043.jpg 1 13 44 43 43
2056_0008_0040_0040_0040.jpg 1 8 40 40 40
2057_0023_0011_0053_0053.jpg 1 23 11 53 53
2058_0032_0011_0060_0060.jpg 1 32 11 60 60
2059_0052_0033_0032_0032.jpg 1 52 33 32 32
2060_0007_0013_0060_0060.jpg 1 7 13 60 60
2061_0015_0015_0053_0053.jpg 1 15 15 53 53
2062_0019_0014_0066_0066.jpg 1 19 14 66 66
2063_0018_0021_0067_0067.jpg 1 18 21 67 67
2064_0027_0005_0057_0057.jpg 1 27 5 57 57
2065_0032_0026_0028_0028.jpg 1 32 26 28 28
2066_0035_0011_0032_0032.jpg 1 35 11 32 32
2067_0003_0023_0069_0069.jpg 1 3 23 69 69
2068_0033_0042_0031_0031.jpg 1 33 42 31 31
2069_0033_0033_0029_0029.jpg 1 33 33 29 29
2070_0021_0040_0049_0049.jpg 1 21 40 49 49
2071_0038_0023_0049_0049.jpg 1 38 23 49 49
2072_0029_0019_0063_0063.jpg 1 29 19 63 63
2073_0005_0010_0067_0067.jpg 1 5 10 67 67
2074_0020_0011_0066_0066.jpg 1 20 11 66 66
2075_0007_0058_0030_0030.jpg 1 7 58 30 30
2076_0012_0019_0030_0030.jpg 1 12 19 30 30
2077_0012_0026_0068_0068.jpg 1 12 26 68 68
2078_0021_0025_0044_0044.jpg 1 21 25 44 44
2079_0008_0014_0065_0065.jpg 1 8 14 65 65
2080_0025_0009_0056_0056.jpg 1 25 9 56 56
2081_0008_0016_0066_0066.jpg 1 8 16 66 66
2082_0017_0022_0029_0029.jpg 1 17 22 29 29
2083_0035_0022_0060_0060.jpg 1 35 22 60 60
2084_0038_0035_0053_0053.jpg 1 38 35 53 53
2085_0035_0029_0058_0058.jpg 1 35 29 58 58
2086_0028_0013_0055_0055.jpg 1 28 13 55 55
2087_0003_0022_0066_0066.jpg 1 3 22 66 66
2088_0020_0037_0051_0051.jpg 1 20 37 51 51
2089_0028_0013_0036_0036.jpg 1 28 13 36 36
2090_0011_0035_0051_0051.jpg 1 11 35 51 51
2091_0028_0028_0062_0062.jpg 1 28 28 62 62
2092_0009_0047_0040_0040.jpg 1 9 47 40 40
2093_0028_0029_0029_0029.jpg 1 28 29 29 29
2094_0060_0023_0026_0026.jpg 1 60 23 26 26
2095_0019_0005_0069_0069.jpg 1 19 5 69 69
2096_0017_0038_0036_0036.jpg 1 17 38 36 36
2097_0032_0011_0048_0048.jpg 1 32 11 48 48
2098_0019_0014_0050_0050.jpg 1 19 14 50 50
2099_0021_0023_0057_0057.jpg 1 21 23 57 57
2100_0034_0038_0047_0047.jpg 1 34 38 47 47
