0001_0010_0010_0060_0060.jpg 1 10 10 60 60
0002_0011_0031_0042_0042.jpg 1 11 31 42 42
0003_0019_0011_0051_0051.jpg 1 19 11 51 51
0004_0013_0006_0058_0058.jpg 1 13 6 58 58
0005_0013_0027_0050_0050.jpg 1 13 27 50 50
0006_0032_0006_0047_0047.jpg 1 32 6 47 47
0007_0012_0024_0065_0065.jpg 1 12 24 65 65
0008_0046_0042_0032_0032.jpg 1 46 42 32 32
0009_0022_0016_0064_0064.jpg 1 22 16 64 64
0010_0028_0021_0061_0061.jpg 1 28 21 61 61
0011_0015_0027_0054_0054.jpg 1 15 27 54 54
0012_0012_0025_0055_0055.jpg 1 12 25 55 55
0013_0041_0036_0024_0024.jpg 1 41 36 24 24
0014_0029_0011_0031_0031.jpg 1 29 11 31 31
0015_0040_0012_0042_0042.jpg 1 40 12 42 42
0016_0033_0040_0031_0031.jpg 1 33 40 31 31
0017_0017_0005_0069_0069.jpg 1 17 5 69 69
0018_0011_0019_0059_0059.jpg 1 11 19 59 59
0019_0031_0044_0030_0030.jpg 1 31 44 30 30
0020_0025_0012_0068_0068.jpg 1 25 12 68 68
0021_0007_0029_0063_0063.jpg 1 7 29 63 63
0022_0037_0010_0033_0033.jpg 1 37 10 33 33
0023_0014_0017_0045_0045.jpg 1 14 17 45 45
0024_0013_0025_0067_0067.jpg 1 13 25 67 67
0025_0010_0027_0063_0063.jpg 1 10 27 63 63
0026_0010_0015_0064_0064.jpg 1 10 15 64 64
0027_0010_0010_0027_0027.jpg 1 10 10 27 27
0028_0013_0010_0065_0065.jpg 1 13 10 65 65
0029_0018_0030_0061_0061.jpg 1 18 30 61 61
0030_0018_0009_0050_0050.jpg 1 18 9 50 50
0031_0026_0013_0066_0066.jpg 1 26 13 66 66
0032_0017_0025_0057_0057.jpg 1 17 25 57 57
0033_0019_0004_0064_0064.jpg 1 19 4 64 64
0034_0036_0040_0049_0049.jpg 1 36 40 49 49
0035_0043_0041_0040_0040.jpg 1 43 41 40 40
0036_0016_0014_0064_0064.jpg 1 16 14 64 64
0037_0012_0014_0059_0059.jpg 1 12 14 59 59
0038_0021_0019_0063_0063.jpg 1 21 19 63 63
0039_0023_0022_0052_0052.jpg 1 23 22 52 52
0040_0009_0015_0029_0029.jpg 1 9 15 29 29
0041_0037_0015_0049_0049.jpg 1 37 15 49 49
0042_0008_0008_0055_0055.jpg 1 8 8 55 55
0043_0014_0009_0033_0033.jpg 1 14 9 33 33
0044_0021_0005_0057_0057.jpg 1 21 5 57 57
0045_0009_0029_0049_0049.jpg 1 9 29 49 49
0046_0009_0040_0044_0044.jpg 1 9 40 44 44
0047_0013_0019_0068_0068.jpg 1 13 19 68 68
0048_0047_0026_0030_0030.jpg 1 47 26 30 30
0049_0051_0058_0024_0024.jpg 1 51 58 24 24
0050_0031_0033_0053_0053.jpg 1 31 33 53 53
0051_0010_0039_0025_0025.jpg 1 10 39 25 25
0052_0042_0009_0038_0038.jpg 1 42 9 38 38
0053_0008_0018_0037_0037.jpg 1 8 18 37 37
0054_0016_0024_0048_0048.jpg 1 16 24 48 48
0055_0032_0013_0057_0057.jpg 1 32 13 57 57
0056_0024_0015_0039_0039.jpg 1 24 15 39 39
0057_0025_0017_0055_0055.jpg 1 25 17 55 55
0058_0023_0042_0029_0029.jpg 1 23 42 29 29
0059_0025_0049_0031_0031.jpg 1 25 49 31 31
0060_0037_0014_0045_0045.jpg 1 37 14 45 45
0061_0025_0014_0066_0066.jpg 1 25 14 66 66
0062_0007_0047_0026_0026.jpg 1 7 47 26 26
0063_0039_0018_0032_0032.jpg 1 39 18 32 32
0064_0020_0026_0046_0046.jpg 1 20 26 46 46
0065_0019_0038_0049_0049.jpg 1 19 38 49 49
0066_0031_0009_0060_0060.jpg 1 31 9 60 60
0067_0020_0009_0052_0052.jpg 1 20 9 52 52
0068_0014_0029_0027_0027.jpg 1 14 29 27 27
0069_0022_0049_0024_0024.jpg 1 22 49 24 24
0070_0049_0029_0030_0030.jpg 1 49 29 30 30
0071_0023_0036_0049_0049.jpg 1 23 36 49 49
0072_0024_0023_0067_0067.jpg 1 24 23 67 67
0073_0014_0028_0047_0047.jpg 1 14 28 47 47
0074_0016_0007_0061_0061.jpg 1 16 7 61 61
0075_0022_0012_0062_0062.jpg 1 22 12 62 62
0076_0009_0016_0068_0068.jpg 1 9 16 68 68
0077_0006_0022_0062_0062.jpg 1 6 22 62 62
0078_0043_0010_0042_0042.jpg 1 43 10 42 42
0079_0004_0024_0066_0066.jpg 1 4 24 66 66
0080_0050_0013_0035_0035.jpg 1 50 13 35 35
0081_0013_0050_0036_0036.jpg 1 13 50 36 36
0082_0010_0023_0065_0065.jpg 1 10 23 65 65
0083_0013_0020_0035_0035.jpg 1 13 20 35 35
0084_0026_0027_0065_0065.jpg 1 26 27 65 65
0085_0040_0008_0046_0046.jpg 1 40 8 46 46
0086_0006_0023_0053_0053.jpg 1 6 23 53 53
0087_0047_0039_0035_0035.jpg 1 47 39 35 35
0088_0017_0034_0029_0029.jpg 1 17 34 29 29
0089_0035_0027_0048_0048.jpg 1 35 27 48 48
0090_0015_0021_0061_0061.jpg 1 15 21 61 61
0091_0024_0028_0046_0046.jpg 1 24 28 46 46
0092_0022_0010_0045_0045.jpg 1 22 10 45 45
0093_0024_0020_0060_0060.jpg 1 24 20 60 60
0094_0028_0018_0053_0053.jpg 1 28 18 53 53
0095_0034_0014_0056_0056.jpg 1 34 14 56 56
0096_0011_0012_0055_0055.jpg 1 11 12 55 55
0097_0023_0020_0063_0063.jpg 1 23 20 63 63
0098_0010_0015_0068_0068.jpg 1 10 15 68 68
0099_0019_0041_0039_0039.jpg 1 19 41 39 39
0100_0018_0027_0044_0044.jpg 1 18 27 44 44
0101_0017_0033_0052_0052.jpg 1 17 33 52 52
0102_0029_0049_0029_0029.jpg 1 29 49 29 29
0103_0021_0009_0032_0032.jpg 1 21 9 32 32
0104_0012_0016_0051_0051.jpg 1 12 16 51 51
0105_0013_0016_0069_0069.jpg 1 13 16 69 69
0106_0022_0033_0054_0054.jpg 1 22 33 54 54
0107_0012_0026_0059_0059.jpg 1 12 26 59 59
0108_0013_0050_0028_0028.jpg 1 13 50 28 28
0109_0025_0011_0060_0060.jpg 1 25 11 60 60
0110_0031_0046_0036_0036.jpg 1 31 46 36 36
0111_0058_0035_0025_0025.jpg 1 58 35 25 25
0112_0017_0037_0050_0050.jpg 1 17 37 50 50
0113_0046_0014_0041_0041.jpg 1 46 14 41 41
0114_0008_0012_0061_0061.jpg 1 8 12 61 61
0115_0035_0044_0040_0040.jpg 1 35 44 40 40
0116_0022_0013_0059_0059.jpg 1 22 13 59 59
0117_0014_0032_0027_0027.jpg 1 14 32 27 27
0118_0030_0031_0040_0040.jpg 1 30 31 40 40
0119_0010_0023_0057_0057.jpg 1 10 23 57 57
0120_0008_0019_0058_0058.jpg 1 8 19 58 58
0121_0015_0019_0051_0051.jpg 1 15 19 51 51
0122_0006_0025_0061_0061.jpg 1 6 25 61 61
0123_0028_0020_0058_0058.jpg 1 28 20 58 58
0124_0025_0010_0035_0035.jpg 1 25 10 35 35
0125_0023_0005_0048_0048.jpg 1 23 5 48 48
0126_0034_0054_0028_0028.jpg 1 34 54 28 28
0127_0027_0038_0039_0039.jpg 1 27 38 39 39
0128_0014_0033_0046_0046.jpg 1 14 33 46 46
0129_0046_0048_0038_0038.jpg 1 46 48 38 38
0130_0039_0008_0040_0040.jpg 1 39 8 40 40
0131_0013_0012_0065_0065.jpg 1 13 12 65 65
0132_0030_0023_0043_0043.jpg 1 30 23 43 43
0133_0045_0048_0038_0038.jpg 1 45 48 38 38
0134_0036_0020_0046_0046.jpg 1 36 20 46 46
0135_0057_0047_0027_0027.jpg 1 57 47 27 27
0136_0050_0042_0032_0032.jpg 1 50 42 32 32
0137_0050_0019_0032_0032.jpg 1 50 19 32 32
0138_0032_0023_0034_0034.jpg 1 32 23 34 34
0139_0041_0030_0045_0045.jpg 1 41 30 45 45
0140_0008_0050_0028_0028.jpg 1 8 50 28 28
0141_0024_0016_0045_0045.jpg 1 24 16 45 45
0142_0034_0005_0056_0056.jpg 1 34 5 56 56
0143_0048_0026_0032_0032.jpg 1 48 26 32 32
0144_0032_0014_0038_0038.jpg 1 32 14 38 38
0145_0022_0031_0046_0046.jpg 1 22 31 46 46
0146_0015_0006_0068_0068.jpg 1 15 6 68 68
0147_0020_0022_0066_0066.jpg 1 20 22 66 66
0148_0023_0010_0049_0049.jpg 1 23 10 49 49
0149_0036_0041_0040_0040.jpg 1 36 41 40 40
0150_0017_0022_0035_0035.jpg 1 17 22 35 35
0151_0052_0046_0034_0034.jpg 1 52 46 34 34
0152_0006_0007_0054_0054.jpg 1 6 7 54 54
0153_0036_0014_0043_0043.jpg 1 36 14 43 43
0154_0022_0009_0064_0064.jpg 1 22 9 64 64
0155_0034_0026_0055_0055.jpg 1 34 26 55 55
0156_0014_0019_0059_0059.jpg 1 14 19 59 59
0157_0010_0011_0057_0057.jpg 1 10 11 57 57
0158_0014_0004_0065_0065.jpg 1 14 4 65 65
0159_0042_0045_0042_0042.jpg 1 42 45 42 42
0160_0023_0023_0040_0040.jpg 1 23 23 40 40
0161_0015_0024_0027_0027.jpg 1 15 24 27 27
0162_0014_0035_0027_0027.jpg 1 14 35 27 27
0163_0029_0017_0058_0058.jpg 1 29 17 58 58
0164_0008_0007_0054_0054.jpg 1 8 7 54 54
0165_0008_0037_0049_0049.jpg 1 8 37 49 49
0166_0044_0015_0034_0034.jpg 1 44 15 34 34
0167_0029_0053_0027_0027.jpg 1 29 53 27 27
0168_0017_0028_0028_0028.jpg 1 17 28 28 28
0169_0041_0036_0025_0025.jpg 1 41 36 25 25
0170_0010_0004_0056_0056.jpg 1 10 4 56 56
0171_0020_0009_0053_0053.jpg 1 20 9 53 53
0172_0038_0031_0034_0034.jpg 1 38 31 34 34
0173_0004_0007_0059_0059.jpg 1 4 7 59 59
0174_0036_0042_0031_0031.jpg 1 36 42 31 31
0175_0009_0018_0068_0068.jpg 1 9 18 68 68
0176_0015_0014_0033_0033.jpg 1 15 14 33 33
0177_0049_0023_0033_0033.jpg 1 49 23 33 33
0178_0046_0040_0038_0038.jpg 1 46 40 38 38
0179_0012_0027_0050_0050.jpg 1 12 27 50 50
0180_0007_0055_0027_0027.jpg 1 7 55 27 27
0181_0043_0020_0039_0039.jpg 1 43 20 39 39
0182_0008_0013_0069_0069.jpg 1 8 13 69 69
0183_0025_0028_0025_0025.jpg 1 25 28 25 25
0184_0014_0009_0041_0041.jpg 1 14 9 41 41
0185_0013_0025_0051_0051.jpg 1 13 25 51 51
0186_0010_0014_0040_0040.jpg 1 10 14 40 40
0187_0021_0031_0052_0052.jpg 1 21 31 52 52
0188_0009_0023_0059_0059.jpg 1 9 23 59 59
0189_0016_0036_0036_0036.jpg 1 16 36 36 36
0190_0017_0053_0030_0030.jpg 1 17 53 30 30
0191_0025_0030_0059_0059.jpg 1 25 30 59 59
0192_0027_0015_0036_0036.jpg 1 27 15 36 36
0193_0012_0007_0066_0066.jpg 1 12 7 66 66
0194_0017_0013_0069_0069.jpg 1 17 13 69 69
0195_0012_0024_0029_0029.jpg 1 12 24 29 29
0196_0025_0023_0065_0065.jpg 1 25 23 65 65
0197_0012_0015_0039_0039.jpg 1 12 15 39 39
0198_0035_0039_0047_0047.jpg 1 35 39 47 47
0199_0037_0027_0047_0047.jpg 1 37 27 47 47
0200_0007_0011_0058_0058.jpg 1 7 11 58 58
0201_0038_0013_0051_0051.jpg 1 38 13 51 51
0202_0016_0031_0046_0046.jpg 1 16 31 46 46
0203_0008_0018_0069_0069.jpg 1 8 18 69 69
0204_0016_0013_0054_0054.jpg 1 16 13 54 54
0205_0014_0031_0044_0044.jpg 1 14 31 44 44
0206_0012_0006_0066_0066.jpg 1 12 6 66 66
0207_0027_0012_0058_0058.jpg 1 27 12 58 58
0208_0006_0026_0063_0063.jpg 1 6 26 63 63
0209_0013_0021_0069_0069.jpg 1 13 21 69 69
0210_0023_0031_0028_0028.jpg 1 23 31 28 28
0211_0035_0009_0027_0027.jpg 1 35 9 27 27
0212_0022_0028_0059_0059.jpg 1 22 28 59 59
0213_0025_0018_0025_0025.jpg 1 25 18 25 25
0214_0026_0008_0066_0066.jpg 1 26 8 66 66
0215_0035_0038_0044_0044.jpg 1 35 38 44 44
0216_0020_0031_0045_0045.jpg 1 20 31 45 45
0217_0037_0042_0046_0046.jpg 1 37 42 46 46
0218_0029_0009_0057_0057.jpg 1 29 9 57 57
0219_0043_0042_0035_0035.jpg 1 43 42 35 35
0220_0020_0040_0041_0041.jpg 1 20 40 41 41
0221_0044_0017_0035_0035.jpg 1 44 17 35 35
0222_0040_0006_0048_0048.jpg 1 40 6 48 48
0223_0009_0023_0026_0026.jpg 1 9 23 26 26
0224_0030_0028_0054_0054.jpg 1 30 28 54 54
0225_0005_0029_0050_0050.jpg 1 5 29 50 50
0226_0022_0016_0053_0053.jpg 1 22 16 53 53
0227_0041_0037_0042_0042.jpg 1 41 37 42 42
0228_0013_0049_0034_0034.jpg 1 13 49 34 34
0229_0015_0008_0067_0067.jpg 1 15 8 67 67
0230_0024_0025_0067_0067.jpg 1 24 25 67 67
0231_0015_0021_0063_0063.jpg 1 15 21 63 63
0232_0015_0034_0053_0053.jpg 1 15 34 53 53
0233_0008_0024_0049_0049.jpg 1 8 24 49 49
0234_0023_0006_0057_0057.jpg 1 23 6 57 57
0235_0014_0006_0060_0060.jpg 1 14 6 60 60
0236_0048_0037_0026_0026.jpg 1 48 37 26 26
0237_0014_0010_0039_0039.jpg 1 14 10 39 39
0238_0024_0025_0065_0065.jpg 1 24 25 65 65
0239_0008_0020_0069_0069.jpg 1 8 20 69 69
0240_0045_0043_0038_0038.jpg 1 45 43 38 38
0241_0038_0042_0046_0046.jpg 1 38 42 46 46
0242_0014_0035_0044_0044.jpg 1 14 35 44 44
0243_0012_0006_0062_0062.jpg 1 12 6 62 62
0244_0024_0023_0066_0066.jpg 1 24 23 66 66
0245_0036_0015_0050_0050.jpg 1 36 15 50 50
0246_0033_0038_0040_0040.jpg 1 33 38 40 40
0247_0012_0014_0069_0069.jpg 1 12 14 69 69
0248_0023_0026_0037_0037.jpg 1 23 26 37 37
0249_0032_0021_0035_0035.jpg 1 32 21 35 35
0250_0011_0014_0048_0048.jpg 1 11 14 48 48
0251_0012_0020_0060_0060.jpg 1 12 20 60 60
0252_0034_0021_0054_0054.jpg 1 34 21 54 54
0253_0010_0010_0041_0041.jpg 1 10 10 41 41
0254_0010_0014_0052_0052.jpg 1 10 14 52 52
0255_0049_0007_0035_0035.jpg 1 49 7 35 35
0256_0034_0029_0033_0033.jpg 1 34 29 33 33
0257_0027_0032_0051_0051.jpg 1 27 32 51 51
0258_0007_0008_0043_0043.jpg 1 7 8 43 43
0259_0021_0037_0026_0026.jpg 1 21 37 26 26
0260_0054_0051_0031_0031.jpg 1 54 51 31 31
0261_0038_0028_0038_0038.jpg 1 38 28 38 38
0262_0008_0017_0039_0039.jpg 1 8 17 39 39
0263_0028_0012_0061_0061.jpg 1 28 12 61 61
0264_0016_0027_0055_0055.jpg 1 16 27 55 55
0265_0025_0029_0055_0055.jpg 1 25 29 55 55
0266_0006_0046_0041_0041.jpg 1 6 46 41 41
0267_0056_0010_0028_0028.jpg 1 56 10 28 28
0268_0021_0034_0052_0052.jpg 1 21 34 52 52
0269_0009_0016_0058_0058.jpg 1 9 16 58 58
0270_0019_0007_0058_0058.jpg 1 19 7 58 58
0271_0027_0019_0052_0052.jpg 1 27 19 52 52
0272_0033_0047_0025_0025.jpg 1 33 47 25 25
0273_0007_0014_0063_0063.jpg 1 7 14 63 63
0274_0014_0047_0024_0024.jpg 1 14 47 24 24
0275_0013_0026_0046_0046.jpg 1 13 26 46 46
0276_0023_0010_0038_0038.jpg 1 23 10 38 38
0277_0015_0007_0059_0059.jpg 1 15 7 59 59
0278_0020_0046_0036_0036.jpg 1 20 46 36 36
0279_0023_0009_0034_0034.jpg 1 23 9 34 34
0280_0037_0013_0050_0050.jpg 1 37 13 50 50
0281_0020_0023_0067_0067.jpg 1 20 23 67 67
0282_0038_0032_0047_0047.jpg 1 38 32 47 47
0283_0022_0017_0066_0066.jpg 1 22 17 66 66
0284_0014_0019_0030_0030.jpg 1 14 19 30 30
0285_0036_0025_0044_0044.jpg 1 36 25 44 44
0286_0020_0013_0069_0069.jpg 1 20 13 69 69
0287_0005_0007_0061_0061.jpg 1 5 7 61 61
0288_0042_0036_0037_0037.jpg 1 42 36 37 37
0289_0020_0039_0037_0037.jpg 1 20 39 37 37
0290_0016_0010_0062_0062.jpg 1 16 10 62 62
0291_0022_0011_0059_0059.jpg 1 22 11 59 59
0292_0029_0030_0061_0061.jpg 1 29 30 61 61
0293_0033_0034_0033_0033.jpg 1 33 34 33 33
0294_0010_0022_0063_0063.jpg 1 10 22 63 63
0295_0020_0006_0063_0063.jpg 1 20 6 63 63
0296_0021_0038_0024_0024.jpg 1 21 38 24 24
0297_0025_0012_0048_0048.jpg 1 25 12 48 48
0298_0022_0025_0068_0068.jpg 1 22 25 68 68
0299_0028_0020_0064_0064.jpg 1 28 20 64 64
0300_0017_0020_0062_0062.jpg 1 17 20 62 62
0301_0008_0007_0062_0062.jpg 1 8 7 62 62
0302_0016_0013_0069_0069.jpg 1 16 13 69 69
0303_0006_0022_0069_0069.jpg 1 6 22 69 69
0304_0035_0017_0053_0053.jpg 1 35 17 53 53
0305_0050_0029_0031_0031.jpg 1 50 29 31 31
0306_0021_0026_0064_0064.jpg 1 21 26 64 64
0307_0005_0004_0061_0061.jpg 1 5 4 61 61
0308_0015_0021_0062_0062.jpg 1 15 21 62 62
0309_0024_0022_0067_0067.jpg 1 24 22 67 67
0310_0024_0025_0040_0040.jpg 1 24 25 40 40
0311_0049_0028_0028_0028.jpg 1 49 28 28 28
0312_0055_0027_0025_0025.jpg 1 55 27 25 25
0313_0055_0054_0028_0028.jpg 1 55 54 28 28
0314_0038_0020_0044_0044.jpg 1 38 20 44 44
0315_0014_0021_0058_0058.jpg 1 14 21 58 58
0316_0012_0022_0062_0062.jpg 1 12 22 62 62
0317_0025_0007_0066_0066.jpg 1 25 7 66 66
0318_0011_0026_0066_0066.jpg 1 11 26 66 66
0319_0043_0041_0025_0025.jpg 1 43 41 25 25
0320_0008_0031_0060_0060.jpg 1 8 31 60 60
0321_0048_0055_0028_0028.jpg 1 48 55 28 28
0322_0014_0040_0030_0030.jpg 1 14 40 30 30
0323_0010_0022_0063_0063.jpg 1 10 22 63 63
0324_0023_0027_0062_0062.jpg 1 23 27 62 62
0325_0014_0012_0058_0058.jpg 1 14 12 58 58
0326_0012_0020_0046_0046.jpg 1 12 20 46 46
0327_0025_0019_0059_0059.jpg 1 25 19 59 59
0328_0029_0011_0057_0057.jpg 1 29 11 57 57
0329_0005_0009_0054_0054.jpg 1 5 9 54 54
0330_0030_0035_0045_0045.jpg 1 30 35 45 45
0331_0014_0016_0041_0041.jpg 1 14 16 41 41
0332_0008_0013_0040_0040.jpg 1 8 13 40 40
0333_0013_0042_0035_0035.jpg 1 13 42 35 35
0334_0009_0005_0067_0067.jpg 1 9 5 67 67
0335_0019_0058_0024_0024.jpg 1 19 58 24 24
0336_0015_0009_0069_0069.jpg 1 15 9 69 69
0337_0012_0010_0056_0056.jpg 1 12 10 56 56
0338_0031_0018_0043_0043.jpg 1 31 18 43 43
0339_0021_0023_0032_0032.jpg 1 21 23 32 32
0340_0028_0041_0035_0035.jpg 1 28 41 35 35
0341_0015_0038_0038_0038.jpg 1 15 38 38 38
0342_0038_0014_0049_0049.jpg 1 38 14 49 49
0343_0008_0021_0034_0034.jpg 1 8 21 34 34
0344_0026_0010_0066_0066.jpg 1 26 10 66 66
0345_0014_0016_0056_0056.jpg 1 14 16 56 56
0346_0053_0041_0032_0032.jpg 1 53 41 32 32
0347_0013_0008_0047_0047.jpg 1 13 8 47 47
0348_0011_0017_0067_0067.jpg 1 11 17 67 67
0349_0011_0031_0060_0060.jpg 1 11 31 60 60
0350_0016_0022_0064_0064.jpg 1 16 22 64 64
0351_0019_0033_0051_0051.jpg 1 19 33 51 51
0352_0012_0031_0055_0055.jpg 1 12 31 55 55
0353_0015_0026_0027_0027.jpg 1 15 26 27 27
0354_0025_0035_0027_0027.jpg 1 25 35 27 27
0355_0013_0017_0069_0069.jpg 1 13 17 69 69
0356_0028_0010_0038_0038.jpg 1 28 10 38 38
0357_0009_0009_0050_0050.jpg 1 9 9 50 50
0358_0015_0022_0067_0067.jpg 1 15 22 67 67
0359_0008_0008_0053_0053.jpg 1 8 8 53 53
0360_0031_0017_0034_0034.jpg 1 31 17 34 34
0361_0023_0013_0054_0054.jpg 1 23 13 54 54
0362_0028_0021_0051_0051.jpg 1 28 21 51 51
0363_0012_0030_0049_0049.jpg 1 12 30 49 49
0364_0016_0022_0066_0066.jpg 1 16 22 66 66
0365_0017_0021_0030_0030.jpg 1 17 21 30 30
0366_0043_0047_0032_0032.jpg 1 43 47 32 32
0367_0026_0023_0034_0034.jpg 1 26 23 34 34
0368_0018_0052_0028_0028.jpg 1 18 52 28 28
0369_0035_0028_0052_0052.jpg 1 35 28 52 52
0370_0032_0021_0043_0043.jpg 1 32 21 43 43
0371_0046_0036_0032_0032.jpg 1 46 36 32 32
0372_0016_0004_0063_0063.jpg 1 16 4 63 63
0373_0015_0040_0045_0045.jpg 1 15 40 45 45
0374_0025_0020_0053_0053.jpg 1 25 20 53 53
0375_0028_0024_0050_0050.jpg 1 28 24 50 50
0376_0036_0054_0025_0025.jpg 1 36 54 25 25
0377_0018_0009_0047_0047.jpg 1 18 9 47 47
0378_0018_0009_0041_0041.jpg 1 18 9 41 41
0379_0015_0044_0035_0035.jpg 1 15 44 35 35
0380_0034_0020_0025_0025.jpg 1 34 20 25 25
0381_0033_0012_0044_0044.jpg 1 33 12 44 44
0382_0025_0014_0043_0043.jpg 1 25 14 43 43
0383_0018_0013_0037_0037.jpg 1 18 13 37 37
0384_0025_0023_0064_0064.jpg 1 25 23 64 64
0385_0020_0022_0051_0051.jpg 1 20 22 51 51
0386_0025_0008_0056_0056.jpg 1 25 8 56 56
0387_0019_0025_0060_0060.jpg 1 19 25 60 60
0388_0023_0011_0054_0054.jpg 1 23 11 54 54
0389_0016_0013_0025_0025.jpg 1 16 13 25 25
0390_0019_0024_0056_0056.jpg 1 19 24 56 56
0391_0025_0039_0047_0047.jpg 1 25 39 47 47
0392_0022_0024_0052_0052.jpg 1 22 24 52 52
0393_0010_0019_0044_0044.jpg 1 10 19 44 44
0394_0007_0027_0057_0057.jpg 1 7 27 57 57
0395_0013_0028_0061_0061.jpg 1 13 28 61 61
0396_0026_0018_0046_0046.jpg 1 26 18 46 46
0397_0015_0022_0068_0068.jpg 1 15 22 68 68
0398_0018_0016_0054_0054.jpg 1 18 16 54 54
0399_0034_0026_0050_0050.jpg 1 34 26 50 50
0400_0016_0013_0069_0069.jpg 1 16 13 69 69
0401_0024_0006_0055_0055.jpg 1 24 6 55 55
0402_0004_0021_0057_0057.jpg 1 4 21 57 57
0403_0019_0045_0041_0041.jpg 1 19 45 41 41
0404_0035_0054_0027_0027.jpg 1 35 54 27 27
0405_0037_0029_0043_0043.jpg 1 37 29 43 43
0406_0021_0019_0057_0057.jpg 1 21 19 57 57
0407_0006_0014_0032_0032.jpg 1 6 14 32 32
0408_0045_0042_0024_0024.jpg 1 45 42 24 24
0409_0025_0003_0068_0068.jpg 1 25 3 68 68
0410_0028_0051_0033_0033.jpg 1 28 51 33 33
0411_0028_0024_0037_0037.jpg 1 28 24 37 37
0412_0037_0016_0033_0033.jpg 1 37 16 33 33
0413_0013_0045_0040_0040.jpg 1 13 45 40 40
0414_0013_0008_0067_0067.jpg 1 13 8 67 67
0415_0007_0004_0069_0069.jpg 1 7 4 69 69
0416_0026_0009_0034_0034.jpg 1 26 9 34 34
0417_0023_0015_0040_0040.jpg 1 23 15 40 40
0418_0043_0018_0040_0040.jpg 1 43 18 40 40
0419_0006_0023_0054_0054.jpg 1 6 23 54 54
0420_0018_0026_0049_0049.jpg 1 18 26 49 49
0421_0020_0025_0067_0067.jpg 1 20 25 67 67
0422_0007_0016_0064_0064.jpg 1 7 16 64 64
0423_0016_0037_0051_0051.jpg 1 16 37 51 51
0424_0040_0019_0026_0026.jpg 1 40 19 26 26
0425_0007_0010_0060_0060.jpg 1 7 10 60 60
0426_0028_0022_0043_0043.jpg 1 28 22 43 43
0427_0004_0018_0064_0064.jpg 1 4 18 64 64
0428_0016_0014_0057_0057.jpg 1 16 14 57 57
0429_0047_0036_0039_0039.jpg 1 47 36 39 39
0430_0023_0017_0032_0032.jpg 1 23 17 32 32
0431_0024_0016_0031_0031.jpg 1 24 16 31 31
0432_0025_0008_0050_0050.jpg 1 25 8 50 50
0433_0014_0050_0030_0030.jpg 1 14 50 30 30
0434_0011_0016_0045_0045.jpg 1 11 16 45 45
0435_0036_0014_0048_0048.jpg 1 36 14 48 48
0436_0009_0020_0033_0033.jpg 1 9 20 33 33
0437_0014_0030_0059_0059.jpg 1 14 30 59 59
0438_0010_0034_0046_0046.jpg 1 10 34 46 46
0439_0027_0007_0064_0064.jpg 1 27 7 64 64
0440_0009_0017_0026_0026.jpg 1 9 17 26 26
0441_0029_0007_0058_0058.jpg 1 29 7 58 58
0442_0033_0029_0054_0054.jpg 1 33 29 54 54
0443_0006_0010_0045_0045.jpg 1 6 10 45 45
0444_0028_0040_0035_0035.jpg 1 28 40 35 35
0445_0026_0008_0057_0057.jpg 1 26 8 57 57
0446_0037_0014_0039_0039.jpg 1 37 14 39 39
0447_0028_0009_0044_0044.jpg 1 28 9 44 44
0448_0014_0020_0068_0068.jpg 1 14 20 68 68
0449_0017_0035_0053_0053.jpg 1 17 35 53 53
0450_0020_0021_0060_0060.jpg 1 20 21 60 60
0451_0029_0014_0061_0061.jpg 1 29 14 61 61
0452_0019_0013_0063_0063.jpg 1 19 13 63 63
0453_0012_0023_0046_0046.jpg 1 12 23 46 46
0454_0008_0025_0034_0034.jpg 1 8 25 34 34
0455_0036_0043_0027_0027.jpg 1 36 43 27 27
0456_0042_0035_0029_0029.jpg 1 42 35 29 29
0457_0010_0027_0064_0064.jpg 1 10 27 64 64
0458_0023_0027_0058_0058.jpg 1 23 27 58 58
0459_0028_0022_0052_0052.jpg 1 28 22 52 52
0460_0027_0021_0058_0058.jpg 1 27 21 58 58
0461_0035_0008_0031_0031.jpg 1 35 8 31 31
0462_0029_0007_0047_0047.jpg 1 29 7 47 47
0463_0032_0037_0049_0049.jpg 1 32 37 49 49
0464_0011_0022_0067_0067.jpg 1 11 22 67 67
0465_0017_0022_0066_0066.jpg 1 17 22 66 66
0466_0015_0057_0024_0024.jpg 1 15 57 24 24
0467_0025_0020_0062_0062.jpg 1 25 20 62 62
0468_0024_0021_0026_0026.jpg 1 24 21 26 26
0469_0048_0020_0039_0039.jpg 1 48 20 39 39
0470_0024_0019_0067_0067.jpg 1 24 19 67 67
0471_0010_0038_0040_0040.jpg 1 10 38 40 40
0472_0031_0016_0024_0024.jpg 1 31 16 24 24
0473_0022_0032_0033_0033.jpg 1 22 32 33 33
0474_0020_0023_0033_0033.jpg 1 20 23 33 33
0475_0023_0019_0055_0055.jpg 1 23 19 55 55
0476_0054_0055_0027_0027.jpg 1 54 55 27 27
0477_0022_0016_0043_0043.jpg 1 22 16 43 43
0478_0028_0007_0057_0057.jpg 1 28 7 57 57
0479_0038_0035_0037_0037.jpg 1 38 35 37 37
0480_0027_0052_0031_0031.jpg 1 27 52 31 31
0481_0031_0015_0038_0038.jpg 1 31 15 38 38
0482_0037_0018_0030_0030.jpg 1 37 18 30 30
0483_0025_0007_0054_0054.jpg 1 25 7 54 54
0484_0027_0009_0063_0063.jpg 1 27 9 63 63
0485_0044_0007_0040_0040.jpg 1 44 7 40 40
0486_0026_0016_0059_0059.jpg 1 26 16 59 59
0487_0041_0017_0042_0042.jpg 1 41 17 42 42
0488_0023_0005_0067_0067.jpg 1 23 5 67 67
0489_0016_0016_0065_0065.jpg 1 16 16 65 65
0490_0049_0015_0035_0035.jpg 1 49 15 35 35
0491_0036_0022_0039_0039.jpg 1 36 22 39 39
0492_0026_0005_0055_0055.jpg 1 26 5 55 55
0493_0031_0013_0041_0041.jpg 1 31 13 41 41
0494_0024_0023_0064_0064.jpg 1 24 23 64 64
0495_0032_0016_0050_0050.jpg 1 32 16 50 50
0496_0016_0033_0044_0044.jpg 1 16 33 44 44
0497_0023_0015_0069_0069.jpg 1 23 15 69 69
0498_0006_0024_0058_0058.jpg 1 6 24 58 58
0499_0042_0014_0026_0026.jpg 1 42 14 26 26
0500_0013_0018_0059_0059.jpg 1 13 18 59 59
0501_0052_0008_0030_0030.jpg 1 52 8 30 30
0502_0022_0012_0065_0065.jpg 1 22 12 65 65
0503_0006_0027_0035_0035.jpg 1 6 27 35 35
0504_0054_0026_0025_0025.jpg 1 54 26 25 25
0505_0005_0006_0069_0069.jpg 1 5 6 69 69
0506_0056_0009_0024_0024.jpg 1 56 9 24 24
0507_0042_0036_0039_0039.jpg 1 42 36 39 39
0508_0009_0027_0055_0055.jpg 1 9 27 55 55
0509_0006_0009_0051_0051.jpg 1 6 9 51 51
0510_0025_0021_0058_0058.jpg 1 25 21 58 58
0511_0023_0019_0038_0038.jpg 1 23 19 38 38
0512_0045_0019_0034_0034.jpg 1 45 19 34 34
0513_0028_0018_0039_0039.jpg 1 28 18 39 39
0514_0014_0036_0033_0033.jpg 1 14 36 33 33
0515_0025_0010_0036_0036.jpg 1 25 10 36 36
0516_0016_0040_0044_0044.jpg 1 16 40 44 44
0517_0021_0015_0061_0061.jpg 1 21 15 61 61
0518_0050_0043_0031_0031.jpg 1 50 43 31 31
0519_0029_0032_0050_0050.jpg 1 29 32 50 50
0520_0040_0019_0031_0031.jpg 1 40 19 31 31
0521_0035_0025_0051_0051.jpg 1 35 25 51 51
0522_0005_0029_0060_0060.jpg 1 5 29 60 60
0523_0032_0017_0058_0058.jpg 1 32 17 58 58
0524_0022_0017_0067_0067.jpg 1 22 17 67 67
0525_0013_0023_0065_0065.jpg 1 13 23 65 65
0526_0054_0021_0025_0025.jpg 1 54 21 25 25
0527_0042_0054_0030_0030.jpg 1 42 54 30 30
0528_0053_0041_0028_0028.jpg 1 53 41 28 28
0529_0022_0021_0032_0032.jpg 1 22 21 32 32
0530_0030_0032_0040_0040.jpg 1 30 32 40 40
0531_0022_0005_0065_0065.jpg 1 22 5 65 65
0532_0015_0042_0028_0028.jpg 1 15 42 28 28
0533_0036_0034_0029_0029.jpg 1 36 34 29 29
0534_0032_0013_0050_0050.jpg 1 32 13 50 50
0535_0012_0029_0041_0041.jpg 1 12 29 41 41
0536_0016_0025_0059_0059.jpg 1 16 25 59 59
0537_0033_0038_0043_0043.jpg 1 33 38 43 43
0538_0025_0021_0062_0062.jpg 1 25 21 62 62
0539_0012_0037_0024_0024.jpg 1 12 37 24 24
0540_0046_0037_0040_0040.jpg 1 46 37 40 40
0541_0019_0026_0066_0066.jpg 1 19 26 66 66
0542_0026_0010_0031_0031.jpg 1 26 10 31 31
0543_0054_0022_0031_0031.jpg 1 54 22 31 31
0544_0019_0021_0060_0060.jpg 1 19 21 60 60
0545_0020_0035_0056_0056.jpg 1 20 35 56 56
0546_0012_0035_0046_0046.jpg 1 12 35 46 46
0547_0014_0027_0038_0038.jpg 1 14 27 38 38
0548_0028_0016_0064_0064.jpg 1 28 16 64 64
0549_0006_0032_0056_0056.jpg 1 6 32 56 56
0550_0051_0036_0027_0027.jpg 1 51 36 27 27
0551_0039_0028_0050_0050.jpg 1 39 28 50 50
0552_0019_0025_0028_0028.jpg 1 19 25 28 28
0553_0042_0006_0043_0043.jpg 1 42 6 43 43
0554_0025_0037_0039_0039.jpg 1 25 37 39 39
0555_0007_0034_0027_0027.jpg 1 7 34 27 27
0556_0014_0010_0063_0063.jpg 1 14 10 63 63
0557_0022_0021_0061_0061.jpg 1 22 21 61 61
0558_0017_0020_0066_0066.jpg 1 17 20 66 66
0559_0005_0009_0057_0057.jpg 1 5 9 57 57
0560_0018_0021_0055_0055.jpg 1 18 21 55 55
0561_0045_0018_0037_0037.jpg 1 45 18 37 37
0562_0040_0016_0040_0040.jpg 1 40 16 40 40
0563_0008_0033_0053_0053.jpg 1 8 33 53 53
0564_0017_0009_0049_0049.jpg 1 17 9 49 49
0565_0018_0008_0058_0058.jpg 1 18 8 58 58
0566_0044_0050_0028_0028.jpg 1 44 50 28 28
0567_0007_0039_0041_0041.jpg 1 7 39 41 41
0568_0010_0008_0024_0024.jpg 1 10 8 24 24
0569_0042_0037_0044_0044.jpg 1 42 37 44 44
0570_0011_0040_0024_0024.jpg 1 11 40 24 24
0571_0025_0037_0031_0031.jpg 1 25 37 31 31
0572_0018_0032_0040_0040.jpg 1 18 32 40 40
0573_0013_0031_0030_0030.jpg 1 13 31 30 30
0574_0027_0019_0061_0061.jpg 1 27 19 61 61
0575_0050_0010_0036_0036.jpg 1 50 10 36 36
0576_0043_0039_0026_0026.jpg 1 43 39 26 26
0577_0041_0017_0048_0048.jpg 1 41 17 48 48
0578_0031_0015_0059_0059.jpg 1 31 15 59 59
0579_0026_0025_0059_0059.jpg 1 26 25 59 59
0580_0028_0023_0029_0029.jpg 1 28 23 29 29
0581_0007_0041_0034_0034.jpg 1 7 41 34 34
0582_0011_0015_0063_0063.jpg 1 11 15 63 63
0583_0058_0046_0024_0024.jpg 1 58 46 24 24
0584_0016_0041_0027_0027.jpg 1 16 41 27 27
0585_0044_0045_0040_0040.jpg 1 44 45 40 40
0586_0003_0019_0069_0069.jpg 1 3 19 69 69
0587_0027_0043_0032_0032.jpg 1 27 43 32 32
0588_0034_0040_0040_0040.jpg 1 34 40 40 40
0589_0007_0040_0040_0040.jpg 1 7 40 40 40
0590_0035_0014_0044_0044.jpg 1 35 14 44 44
0591_0012_0039_0031_0031.jpg 1 12 39 31 31
0592_0008_0005_0067_0067.jpg 1 8 5 67 67
0593_0019_0007_0063_0063.jpg 1 19 7 63 63
0594_0046_0009_0033_0033.jpg 1 46 9 33 33
0595_0052_0030_0027_0027.jpg 1 52 30 27 27
0596_0007_0018_0068_0068.jpg 1 7 18 68 68
0597_0010_0014_0066_0066.jpg 1 10 14 66 66
0598_0028_0031_0029_0029.jpg 1 28 31 29 29
0599_0027_0014_0062_0062.jpg 1 27 14 62 62
0600_0022_0019_0068_0068.jpg 1 22 19 68 68
0601_0017_0018_0069_0069.jpg 1 17 18 69 69
0602_0012_0023_0066_0066.jpg 1 12 23 66 66
0603_0024_0036_0049_0049.jpg 1 24 36 49 49
0604_0031_0033_0054_0054.jpg 1 31 33 54 54
0605_0011_0012_0045_0045.jpg 1 11 12 45 45
0606_0032_0017_0040_0040.jpg 1 32 17 40 40
0607_0019_0006_0058_0058.jpg 1 19 6 58 58
0608_0016_0033_0026_0026.jpg 1 16 33 26 26
0609_0009_0023_0067_0067.jpg 1 9 23 67 67
0610_0056_0060_0024_0024.jpg 1 56 60 24 24
0611_0036_0009_0034_0034.jpg 1 36 9 34 34
0612_0021_0015_0069_0069.jpg 1 21 15 69 69
0613_0005_0012_0049_0049.jpg 1 5 12 49 49
0614_0021_0014_0064_0064.jpg 1 21 14 64 64
0615_0028_0027_0059_0059.jpg 1 28 27 59 59
0616_0009_0028_0046_0046.jpg 1 9 28 46 46
0617_0018_0028_0062_0062.jpg 1 18 28 62 62
0618_0019_0043_0029_0029.jpg 1 19 43 29 29
0619_0012_0033_0031_0031.jpg 1 12 33 31 31
0620_0034_0045_0039_0039.jpg 1 34 45 39 39
0621_0036_0011_0051_0051.jpg 1 36 11 51 51
0622_0017_0012_0049_0049.jpg 1 17 12 49 49
0623_0005_0008_0069_0069.jpg 1 5 8 69 69
0624_0024_0011_0063_0063.jpg 1 24 11 63 63
0625_0033_0018_0045_0045.jpg 1 33 18 45 45
0626_0030_0007_0046_0046.jpg 1 30 7 46 46
0627_0046_0033_0038_0038.jpg 1 46 33 38 38
0628_0035_0028_0035_0035.jpg 1 35 28 35 35
0629_0027_0042_0026_0026.jpg 1 27 42 26 26
0630_0017_0026_0039_0039.jpg 1 17 26 39 39
0631_0023_0042_0031_0031.jpg 1 23 42 31 31
0632_0051_0049_0030_0030.jpg 1 51 49 30 30
0633_0006_0024_0057_0057.jpg 1 6 24 57 57
0634_0018_0008_0060_0060.jpg 1 18 8 60 60
0635_0024_0026_0063_0063.jpg 1 24 26 63 63
0636_0012_0029_0055_0055.jpg 1 12 29 55 55
0637_0018_0007_0062_0062.jpg 1 18 7 62 62
0638_0024_0020_0050_0050.jpg 1 24 20 50 50
0639_0030_0043_0033_0033.jpg 1 30 43 33 33
0640_0020_0031_0036_0036.jpg 1 20 31 36 36
0641_0011_0039_0032_0032.jpg 1 11 39 32 32
0642_0025_0026_0028_0028.jpg 1 25 26 28 28
0643_0027_0021_0043_0043.jpg 1 27 21 43 43
0644_0028_0006_0064_0064.jpg 1 28 6 64 64
0645_0022_0006_0059_0059.jpg 1 22 6 59 59
0646_0029_0031_0059_0059.jpg 1 29 31 59 59
0647_0050_0047_0033_0033.jpg 1 50 47 33 33
0648_0042_0009_0043_0043.jpg 1 42 9 43 43
0649_0022_0051_0034_0034.jpg 1 22 51 34 34
0650_0037_0026_0036_0036.jpg 1 37 26 36 36
0651_0016_0011_0069_0069.jpg 1 16 11 69 69
0652_0018_0007_0059_0059.jpg 1 18 7 59 59
0653_0012_0026_0044_0044.jpg 1 12 26 44 44
0654_0004_0006_0065_0065.jpg 1 4 6 65 65
0655_0025_0024_0043_0043.jpg 1 25 24 43 43
0656_0041_0011_0041_0041.jpg 1 41 11 41 41
0657_0019_0008_0053_0053.jpg 1 19 8 53 53
0658_0019_0023_0069_0069.jpg 1 19 23 69 69
0659_0019_0016_0069_0069.jpg 1 19 16 69 69
0660_0010_0040_0026_0026.jpg 1 10 40 26 26
0661_0005_0031_0057_0057.jpg 1 5 31 57 57
0662_0029_0028_0034_0034.jpg 1 29 28 34 34
0663_0044_0017_0035_0035.jpg 1 44 17 35 35
0664_0041_0009_0045_0045.jpg 1 41 9 45 45
0665_0006_0015_0054_0054.jpg 1 6 15 54 54
0666_0031_0045_0036_0036.jpg 1 31 45 36 36
0667_0022_0016_0036_0036.jpg 1 22 16 36 36
0668_0010_0019_0059_0059.jpg 1 10 19 59 59
0669_0016_0024_0068_0068.jpg 1 16 24 68 68
0670_0024_0031_0043_0043.jpg 1 24 31 43 43
0671_0007_0005_0055_0055.jpg 1 7 5 55 55
0672_0044_0015_0024_0024.jpg 1 44 15 24 24
0673_0006_0008_0066_0066.jpg 1 6 8 66 66
0674_0011_0005_0050_0050.jpg 1 11 5 50 50
0675_0031_0017_0043_0043.jpg 1 31 17 43 43
0676_0016_0039_0047_0047.jpg 1 16 39 47 47
0677_0040_0056_0029_0029.jpg 1 40 56 29 29
0678_0010_0006_0043_0043.jpg 1 10 6 43 43
0679_0023_0023_0053_0053.jpg 1 23 23 53 53
0680_0011_0034_0050_0050.jpg 1 11 34 50 50
0681_0011_0008_0034_0034.jpg 1 11 8 34 34
0682_0025_0011_0046_0046.jpg 1 25 11 46 46
0683_0026_0039_0047_0047.jpg 1 26 39 47 47
0684_0037_0010_0035_0035.jpg 1 37 10 35 35
0685_0022_0012_0056_0056.jpg 1 22 12 56 56
0686_0016_0015_0026_0026.jpg 1 16 15 26 26
0687_0038_0032_0032_0032.jpg 1 38 32 32 32
0688_0009_0008_0069_0069.jpg 1 9 8 69 69
0689_0009_0042_0046_0046.jpg 1 9 42 46 46
0690_0021_0027_0059_0059.jpg 1 21 27 59 59
0691_0024_0015_0060_0060.jpg 1 24 15 60 60
0692_0022_0017_0060_0060.jpg 1 22 17 60 60
0693_0037_0028_0041_0041.jpg 1 37 28 41 41
0694_0014_0048_0037_0037.jpg 1 14 48 37 37
0695_0026_0022_0038_0038.jpg 1 26 22 38 38
0696_0009_0004_0068_0068.jpg 1 9 4 68 68
0697_0032_0023_0040_0040.jpg 1 32 23 40 40
0698_0004_0026_0066_0066.jpg 1 4 26 66 66
0699_0021_0027_0050_0050.jpg 1 21 27 50 50
0700_0004_0034_0057_0057.jpg 1 4 34 57 57
0701_0039_0040_0028_0028.jpg 1 39 40 28 28
0702_0030_0040_0025_0025.jpg 1 30 40 25 25
0703_0027_0011_0037_0037.jpg 1 27 11 37 37
0704_0026_0029_0053_0053.jpg 1 26 29 53 53
0705_0019_0038_0049_0049.jpg 1 19 38 49 49
0706_0027_0027_0045_0045.jpg 1 27 27 45 45
0707_0035_0005_0046_0046.jpg 1 35 5 46 46
0708_0024_0021_0059_0059.jpg 1 24 21 59 59
0709_0015_0033_0028_0028.jpg 1 15 33 28 28
0710_0028_0026_0038_0038.jpg 1 28 26 38 38
0711_0027_0025_0040_0040.jpg 1 27 25 40 40
0712_0053_0048_0028_0028.jpg 1 53 48 28 28
0713_0015_0025_0064_0064.jpg 1 15 25 64 64
0714_0026_0030_0055_0055.jpg 1 26 30 55 55
0715_0008_0009_0060_0060.jpg 1 8 9 60 60
0716_0008_0014_0068_0068.jpg 1 8 14 68 68
0717_0007_0018_0066_0066.jpg 1 7 18 66 66
0718_0016_0042_0032_0032.jpg 1 16 42 32 32
0719_0011_0021_0062_0062.jpg 1 11 21 62 62
0720_0016_0029_0050_0050.jpg 1 16 29 50 50
0721_0040_0041_0047_0047.jpg 1 40 41 47 47
0722_0014_0023_0024_0024.jpg 1 14 23 24 24
0723_0005_0009_0047_0047.jpg 1 5 9 47 47
0724_0020_0009_0050_0050.jpg 1 20 9 50 50
0725_0023_0021_0032_0032.jpg 1 23 21 32 32
0726_0040_0041_0032_0032.jpg 1 40 41 32 32
0727_0008_0016_0064_0064.jpg 1 8 16 64 64
0728_0019_0026_0045_0045.jpg 1 19 26 45 45
0729_0023_0010_0042_0042.jpg 1 23 10 42 42
0730_0015_0009_0059_0059.jpg 1 15 9 59 59
0731_0010_0022_0044_0044.jpg 1 10 22 44 44
0732_0005_0010_0066_0066.jpg 1 5 10 66 66
0733_0021_0008_0064_0064.jpg 1 21 8 64 64
0734_0017_0041_0042_0042.jpg 1 17 41 42 42
0735_0036_0044_0042_0042.jpg 1 36 44 42 42
0736_0035_0009_0034_0034.jpg 1 35 9 34 34
0737_0045_0009_0029_0029.jpg 1 45 9 29 29
0738_0026_0051_0026_0026.jpg 1 26 51 26 26
0739_0025_0021_0065_0065.jpg 1 25 21 65 65
0740_0046_0026_0038_0038.jpg 1 46 26 38 38
0741_0024_0026_0051_0051.jpg 1 24 26 51 51
0742_0014_0011_0048_0048.jpg 1 14 11 48 48
0743_0034_0031_0038_0038.jpg 1 34 31 38 38
0744_0043_0024_0032_0032.jpg 1 43 24 32 32
0745_0009_0015_0050_0050.jpg 1 9 15 50 50
0746_0026_0028_0046_0046.jpg 1 26 28 46 46
0747_0015_0003_0069_0069.jpg 1 15 3 69 69
0748_0019_0013_0062_0062.jpg 1 19 13 62 62
0749_0035_0005_0049_0049.jpg 1 35 5 49 49
0750_0042_0014_0046_0046.jpg 1 42 14 46 46
0751_0004_0024_0057_0057.jpg 1 4 24 57 57
0752_0033_0027_0054_0054.jpg 1 33 27 54 54
0753_0006_0007_0048_0048.jpg 1 6 7 48 48
0754_0012_0007_0069_0069.jpg 1 12 7 69 69
0755_0021_0034_0053_0053.jpg 1 21 34 53 53
0756_0021_0017_0049_0049.jpg 1 21 17 49 49
0757_0018_0007_0066_0066.jpg 1 18 7 66 66
0758_0027_0006_0053_0053.jpg 1 27 6 53 53
0759_0035_0014_0053_0053.jpg 1 35 14 53 53
0760_0043_0043_0030_0030.jpg 1 43 43 30 30
0761_0011_0010_0044_0044.jpg 1 11 10 44 44
0762_0006_0009_0040_0040.jpg 1 6 9 40 40
0763_0007_0009_0054_0054.jpg 1 7 9 54 54
0764_0043_0040_0027_0027.jpg 1 43 40 27 27
0765_0005_0021_0064_0064.jpg 1 5 21 64 64
0766_0032_0017_0031_0031.jpg 1 32 17 31 31
0767_0024_0025_0060_0060.jpg 1 24 25 60 60
0768_0008_0015_0047_0047.jpg 1 8 15 47 47
0769_0021_0006_0066_0066.jpg 1 21 6 66 66
0770_0034_0036_0033_0033.jpg 1 34 36 33 33
0771_0023_0019_0055_0055.jpg 1 23 19 55 55
0772_0037_0059_0026_0026.jpg 1 37 59 26 26
0773_0008_0019_0058_0058.jpg 1 8 19 58 58
0774_0014_0044_0036_0036.jpg 1 14 44 36 36
0775_0029_0032_0053_0053.jpg 1 29 32 53 53
0776_0039_0007_0044_0044.jpg 1 39 7 44 44
0777_0013_0031_0060_0060.jpg 1 13 31 60 60
0778_0030_0008_0027_0027.jpg 1 30 8 27 27
0779_0037_0042_0044_0044.jpg 1 37 42 44 44
0780_0016_0011_0056_0056.jpg 1 16 11 56 56
0781_0029_0042_0024_0024.jpg 1 29 42 24 24
0782_0040_0021_0027_0027.jpg 1 40 21 27 27
0783_0012_0009_0066_0066.jpg 1 12 9 66 66
0784_0039_0015_0037_0037.jpg 1 39 15 37 37
0785_0049_0007_0031_0031.jpg 1 49 7 31 31
0786_0048_0048_0037_0037.jpg 1 48 48 37 37
0787_0019_0019_0062_0062.jpg 1 19 19 62 62
0788_0019_0026_0059_0059.jpg 1 19 26 59 59
0789_0012_0025_0050_0050.jpg 1 12 25 50 50
0790_0007_0010_0035_0035.jpg 1 7 10 35 35
0791_0033_0024_0025_0025.jpg 1 33 24 25 25
0792_0031_0036_0026_0026.jpg 1 31 36 26 26
0793_0047_0035_0029_0029.jpg 1 47 35 29 29
0794_0021_0019_0069_0069.jpg 1 21 19 69 69
0795_0028_0018_0059_0059.jpg 1 28 18 59 59
0796_0009_0039_0043_0043.jpg 1 9 39 43 43
0797_0047_0052_0024_0024.jpg 1 47 52 24 24
0798_0026_0022_0027_0027.jpg 1 26 22 27 27
0799_0007_0035_0050_0050.jpg 1 7 35 50 50
0800_0035_0047_0031_0031.jpg 1 35 47 31 31
0801_0020_0032_0058_0058.jpg 1 20 32 58 58
0802_0023_0035_0034_0034.jpg 1 23 35 34 34
0803_0014_0023_0029_0029.jpg 1 14 23 29 29
0804_0014_0009_0036_0036.jpg 1 14 9 36 36
0805_0011_0007_0065_0065.jpg 1 11 7 65 65
0806_0030_0022_0033_0033.jpg 1 30 22 33 33
0807_0014_0011_0052_0052.jpg 1 14 11 52 52
0808_0034_0016_0026_0026.jpg 1 34 16 26 26
0809_0025_0009_0062_0062.jpg 1 25 9 62 62
0810_0007_0028_0064_0064.jpg 1 7 28 64 64
0811_0014_0013_0060_0060.jpg 1 14 13 60 60
0812_0022_0026_0054_0054.jpg 1 22 26 54 54
0813_0042_0030_0044_0044.jpg 1 42 30 44 44
0814_0021_0012_0045_0045.jpg 1 21 12 45 45
0815_0011_0007_0039_0039.jpg 1 11 7 39 39
0816_0007_0005_0063_0063.jpg 1 7 5 63 63
0817_0051_0014_0032_0032.jpg 1 51 14 32 32
0818_0023_0034_0046_0046.jpg 1 23 34 46 46
0819_0012_0022_0069_0069.jpg 1 12 22 69 69
0820_0042_0020_0025_0025.jpg 1 42 20 25 25
0821_0017_0019_0066_0066.jpg 1 17 19 66 66
0822_0016_0007_0057_0057.jpg 1 16 7 57 57
0823_0023_0003_0069_0069.jpg 1 23 3 69 69
0824_0011_0007_0057_0057.jpg 1 11 7 57 57
0825_0015_0006_0048_0048.jpg 1 15 6 48 48
0826_0040_0026_0048_0048.jpg 1 40 26 48 48
0827_0049_0049_0032_0032.jpg 1 49 49 32 32
0828_0041_0015_0035_0035.jpg 1 41 15 35 35
0829_0004_0021_0053_0053.jpg 1 4 21 53 53
0830_0046_0011_0033_0033.jpg 1 46 11 33 33
0831_0019_0026_0034_0034.jpg 1 19 26 34 34
0832_0019_0015_0041_0041.jpg 1 19 15 41 41
0833_0012_0044_0030_0030.jpg 1 12 44 30 30
0834_0031_0013_0060_0060.jpg 1 31 13 60 60
0835_0032_0032_0054_0054.jpg 1 32 32 54 54
0836_0012_0045_0041_0041.jpg 1 12 45 41 41
0837_0033_0025_0058_0058.jpg 1 33 25 58 58
0838_0012_0015_0050_0050.jpg 1 12 15 50 50
0839_0032_0028_0051_0051.jpg 1 32 28 51 51
0840_0024_0037_0052_0052.jpg 1 24 37 52 52
0841_0014_0015_0030_0030.jpg 1 14 15 30 30
0842_0042_0016_0035_0035.jpg 1 42 16 35 35
0843_0013_0015_0040_0040.jpg 1 13 15 40 40
0844_0007_0034_0049_0049.jpg 1 7 34 49 49
0845_0026_0016_0042_0042.jpg 1 26 16 42 42
0846_0003_0020_0066_0066.jpg 1 3 20 66 66
0847_0024_0040_0034_0034.jpg 1 24 40 34 34
0848_0022_0030_0059_0059.jpg 1 22 30 59 59
0849_0019_0018_0046_0046.jpg 1 19 18 46 46
0850_0031_0007_0058_0058.jpg 1 31 7 58 58
0851_0030_0014_0047_0047.jpg 1 30 14 47 47
0852_0020_0010_0064_0064.jpg 1 20 10 64 64
0853_0024_0005_0068_0068.jpg 1 24 5 68 68
0854_0008_0007_0031_0031.jpg 1 8 7 31 31
0855_0029_0005_0057_0057.jpg 1 29 5 57 57
0856_0018_0009_0062_0062.jpg 1 18 9 62 62
0857_0019_0025_0042_0042.jpg 1 19 25 42 42
0858_0042_0007_0032_0032.jpg 1 42 7 32 32
0859_0024_0016_0068_0068.jpg 1 24 16 68 68
0860_0021_0006_0043_0043.jpg 1 21 6 43 43
0861_0026_0010_0058_0058.jpg 1 26 10 58 58
0862_0008_0032_0052_0052.jpg 1 8 32 52 52
0863_0043_0055_0024_0024.jpg 1 43 55 24 24
0864_0029_0031_0057_0057.jpg 1 29 31 57 57
0865_0026_0026_0032_0032.jpg 1 26 26 32 32
0866_0013_0011_0067_0067.jpg 1 13 11 67 67
0867_0009_0006_0058_0058.jpg 1 9 6 58 58
0868_0018_0007_0030_0030.jpg 1 18 7 30 30
0869_0010_0018_0056_0056.jpg 1 10 18 56 56
0870_0005_0021_0057_0057.jpg 1 5 21 57 57
0871_0017_0022_0035_0035.jpg 1 17 22 35 35
0872_0027_0016_0060_0060.jpg 1 27 16 60 60
0873_0019_0037_0043_0043.jpg 1 19 37 43 43
0874_0025_0019_0052_0052.jpg 1 25 19 52 52
0875_0011_0014_0053_0053.jpg 1 11 14 53 53
0876_0009_0021_0058_0058.jpg 1 9 21 58 58
0877_0015_0014_0053_0053.jpg 1 15 14 53 53
0878_0028_0009_0049_0049.jpg 1 28 9 49 49
0879_0019_0014_0062_0062.jpg 1 19 14 62 62
0880_0018_0017_0039_0039.jpg 1 18 17 39 39
0881_0021_0011_0030_0030.jpg 1 21 11 30 30
0882_0018_0028_0061_0061.jpg 1 18 28 61 61
0883_0028_0008_0064_0064.jpg 1 28 8 64 64
0884_0030_0011_0058_0058.jpg 1 30 11 58 58
0885_0007_0038_0046_0046.jpg 1 7 38 46 46
0886_0035_0034_0030_0030.jpg 1 35 34 30 30
0887_0040_0011_0028_0028.jpg 1 40 11 28 28
0888_0020_0045_0033_0033.jpg 1 20 45 33 33
0889_0009_0037_0041_0041.jpg 1 9 37 41 41
0890_0045_0047_0037_0037.jpg 1 45 47 37 37
0891_0053_0021_0032_0032.jpg 1 53 21 32 32
0892_0018_0038_0047_0047.jpg 1 18 38 47 47
0893_0047_0017_0025_0025.jpg 1 47 17 25 25
0894_0021_0011_0063_0063.jpg 1 21 11 63 63
0895_0030_0036_0049_0049.jpg 1 30 36 49 49
0896_0051_0019_0036_0036.jpg 1 51 19 36 36
0897_0039_0017_0035_0035.jpg 1 39 17 35 35
0898_0031_0030_0029_0029.jpg 1 31 30 29 29
0899_0012_0024_0048_0048.jpg 1 12 24 48 48
0900_0017_0019_0055_0055.jpg 1 17 19 55 55
0901_0021_0009_0044_0044.jpg 1 21 9 44 44
0902_0016_0023_0029_0029.jpg 1 16 23 29 29
0903_0020_0008_0042_0042.jpg 1 20 8 42 42
0904_0037_0011_0046_0046.jpg 1 37 11 46 46
0905_0050_0038_0026_0026.jpg 1 50 38 26 26
0906_0023_0033_0045_0045.jpg 1 23 33 45 45
0907_0012_0011_0064_0064.jpg 1 12 11 64 64
0908_0029_0013_0062_0062.jpg 1 29 13 62 62
0909_0024_0029_0031_0031.jpg 1 24 29 31 31
0910_0020_0007_0066_0066.jpg 1 20 7 66 66
0911_0022_0026_0048_0048.jpg 1 22 26 48 48
0912_0018_0018_0050_0050.jpg 1 18 18 50 50
0913_0017_0020_0063_0063.jpg 1 17 20 63 63
0914_0031_0019_0048_0048.jpg 1 31 19 48 48
0915_0013_0011_0024_0024.jpg 1 13 11 24 24
0916_0032_0041_0032_0032.jpg 1 32 41 32 32
0917_0050_0035_0029_0029.jpg 1 50 35 29 29
0918_0017_0008_0067_0067.jpg 1 17 8 67 67
0919_0019_0016_0055_0055.jpg 1 19 16 55 55
0920_0026_0005_0048_0048.jpg 1 26 5 48 48
0921_0004_0023_0068_0068.jpg 1 4 23 68 68
0922_0007_0049_0026_0026.jpg 1 7 49 26 26
0923_0045_0043_0031_0031.jpg 1 45 43 31 31
0924_0042_0013_0047_0047.jpg 1 42 13 47 47
0925_0034_0036_0050_0050.jpg 1 34 36 50 50
0926_0037_0036_0047_0047.jpg 1 37 36 47 47
0927_0007_0026_0061_0061.jpg 1 7 26 61 61
0928_0014_0006_0069_0069.jpg 1 14 6 69 69
0929_0044_0017_0029_0029.jpg 1 44 17 29 29
0930_0026_0024_0027_0027.jpg 1 26 24 27 27
0931_0030_0021_0054_0054.jpg 1 30 21 54 54
0932_0032_0028_0045_0045.jpg 1 32 28 45 45
0933_0017_0016_0028_0028.jpg 1 17 16 28 28
0934_0008_0031_0045_0045.jpg 1 8 31 45 45
0935_0025_0005_0058_0058.jpg 1 25 5 58 58
0936_0028_0012_0030_0030.jpg 1 28 12 30 30
0937_0008_0020_0041_0041.jpg 1 8 20 41 41
0938_0026_0029_0056_0056.jpg 1 26 29 56 56
0939_0024_0036_0053_0053.jpg 1 24 36 53 53
0940_0028_0007_0049_0049.jpg 1 28 7 49 49
0941_0019_0018_0051_0051.jpg 1 19 18 51 51
0942_0026_0027_0060_0060.jpg 1 26 27 60 60
0943_0025_0032_0051_0051.jpg 1 25 32 51 51
0944_0055_0041_0027_0027.jpg 1 55 41 27 27
0945_0024_0010_0064_0064.jpg 1 24 10 64 64
0946_0013_0025_0041_0041.jpg 1 13 25 41 41
0947_0031_0034_0033_0033.jpg 1 31 34 33 33
0948_0028_0046_0039_0039.jpg 1 28 46 39 39
0949_0028_0026_0032_0032.jpg 1 28 26 32 32
0950_0030_0019_0038_0038.jpg 1 30 19 38 38
0951_0025_0014_0065_0065.jpg 1 25 14 65 65
0952_0026_0021_0025_0025.jpg 1 26 21 25 25
0953_0040_0046_0041_0041.jpg 1 40 46 41 41
0954_0032_0018_0053_0053.jpg 1 32 18 53 53
0955_0038_0013_0050_0050.jpg 1 38 13 50 50
0956_0043_0029_0040_0040.jpg 1 43 29 40 40
0957_0017_0056_0029_0029.jpg 1 17 56 29 29
0958_0004_0013_0062_0062.jpg 1 4 13 62 62
0959_0024_0022_0064_0064.jpg 1 24 22 64 64
0960_0029_0040_0047_0047.jpg 1 29 40 47 47
0961_0018_0006_0037_0037.jpg 1 18 6 37 37
0962_0055_0046_0030_0030.jpg 1 55 46 30 30
0963_0007_0005_0054_0054.jpg 1 7 5 54 54
0964_0025_0020_0064_0064.jpg 1 25 20 64 64
0965_0020_0017_0062_0062.jpg 1 20 17 62 62
0966_0011_0005_0055_0055.jpg 1 11 5 55 55
0967_0027_0019_0063_0063.jpg 1 27 19 63 63
0968_0034_0032_0055_0055.jpg 1 34 32 55 55
0969_0025_0026_0056_0056.jpg 1 25 26 56 56
0970_0020_0016_0063_0063.jpg 1 20 16 63 63
0971_0020_0010_0054_0054.jpg 1 20 10 54 54
0972_0013_0014_0045_0045.jpg 1 13 14 45 45
0973_0010_0013_0069_0069.jpg 1 10 13 69 69
0974_0018_0026_0059_0059.jpg 1 18 26 59 59
0975_0043_0040_0044_0044.jpg 1 43 40 44 44
0976_0031_0034_0050_0050.jpg 1 31 34 50 50
0977_0003_0012_0066_0066.jpg 1 3 12 66 66
0978_0038_0043_0045_0045.jpg 1 38 43 45 45
0979_0006_0023_0039_0039.jpg 1 6 23 39 39
0980_0019_0035_0043_0043.jpg 1 19 35 43 43
0981_0012_0012_0068_0068.jpg 1 12 12 68 68
0982_0023_0016_0069_0069.jpg 1 23 16 69 69
0983_0030_0048_0036_0036.jpg 1 30 48 36 36
0984_0021_0055_0025_0025.jpg 1 21 55 25 25
0985_0026_0049_0027_0027.jpg 1 26 49 27 27
0986_0010_0026_0067_0067.jpg 1 10 26 67 67
0987_0014_0043_0045_0045.jpg 1 14 43 45 45
0988_0024_0046_0038_0038.jpg 1 24 46 38 38
0989_0016_0038_0051_0051.jpg 1 16 38 51 51
0990_0024_0006_0064_0064.jpg 1 24 6 64 64
0991_0018_0020_0069_0069.jpg 1 18 20 69 69
0992_0040_0041_0041_0041.jpg 1 40 41 41 41
0993_0043_0025_0035_0035.jpg 1 43 25 35 35
0994_0021_0024_0061_0061.jpg 1 21 24 61 61
0995_0005_0033_0049_0049.jpg 1 5 33 49 49
0996_0029_0026_0029_0029.jpg 1 29 26 29 29
0997_0027_0014_0050_0050.jpg 1 27 14 50 50
0998_0031_0010_0033_0033.jpg 1 31 10 33 33
0999_0015_0003_0061_0061.jpg 1 15 3 61 61
1000_0011_0020_0065_0065.jpg 1 11 20 65 65
1001_0036_0037_0027_0027.jpg 1 36 37 27 27
1002_0018_0045_0033_0033.jpg 1 18 45 33 33
1003_0047_0021_0032_0032.jpg 1 47 21 32 32
1004_0005_0014_0046_0046.jpg 1 5 14 46 46
1005_0023_0005_0058_0058.jpg 1 23 5 58 58
1006_0014_0010_0063_0063.jpg 1 14 10 63 63
1007_0022_0020_0061_0061.jpg 1 22 20 61 61
1008_0011_0008_0054_0054.jpg 1 11 8 54 54
1009_0005_0014_0049_0049.jpg 1 5 14 49 49
1010_0012_0009_0057_0057.jpg 1 12 9 57 57
1011_0023_0004_0063_0063.jpg 1 23 4 63 63
1012_0011_0029_0042_0042.jpg 1 11 29 42 42
1013_0041_0026_0037_0037.jpg 1 41 26 37 37
1014_0024_0034_0037_0037.jpg 1 24 34 37 37
1015_0011_0021_0049_0049.jpg 1 11 21 49 49
1016_0033_0009_0032_0032.jpg 1 33 9 32 32
1017_0021_0016_0057_0057.jpg 1 21 16 57 57
1018_0023_0026_0058_0058.jpg 1 23 26 58 58
1019_0034_0048_0038_0038.jpg 1 34 48 38 38
1020_0011_0009_0057_0057.jpg 1 11 9 57 57
1021_0025_0026_0044_0044.jpg 1 25 26 44 44
1022_0028_0007_0035_0035.jpg 1 28 7 35 35
1023_0021_0014_0053_0053.jpg 1 21 14 53 53
1024_0014_0045_0026_0026.jpg 1 14 45 26 26
1025_0031_0029_0058_0058.jpg 1 31 29 58 58
1026_0013_0034_0036_0036.jpg 1 13 34 36 36
1027_0017_0008_0049_0049.jpg 1 17 8 49 49
1028_0051_0042_0034_0034.jpg 1 51 42 34 34
1029_0052_0033_0026_0026.jpg 1 52 33 26 26
1030_0004_0021_0055_0055.jpg 1 4 21 55 55
1031_0017_0027_0061_0061.jpg 1 17 27 61 61
1032_0025_0024_0042_0042.jpg 1 25 24 42 42
1033_0018_0017_0065_0065.jpg 1 18 17 65 65
1034_0032_0043_0031_0031.jpg 1 32 43 31 31
1035_0008_0017_0060_0060.jpg 1 8 17 60 60
1036_0058_0013_0026_0026.jpg 1 58 13 26 26
1037_0010_0035_0036_0036.jpg 1 10 35 36 36
1038_0004_0009_0056_0056.jpg 1 4 9 56 56
1039_0038_0017_0047_0047.jpg 1 38 17 47 47
1040_0032_0010_0040_0040.jpg 1 32 10 40 40
1041_0045_0017_0037_0037.jpg 1 45 17 37 37
1042_0018_0027_0042_0042.jpg 1 18 27 42 42
1043_0033_0022_0046_0046.jpg 1 33 22 46 46
1044_0009_0019_0059_0059.jpg 1 9 19 59 59
1045_0009_0004_0066_0066.jpg 1 9 4 66 66
1046_0026_0011_0065_0065.jpg 1 26 11 65 65
1047_0051_0025_0029_0029.jpg 1 51 25 29 29
1048_0035_0033_0026_0026.jpg 1 35 33 26 26
1049_0010_0030_0044_0044.jpg 1 10 30 44 44
1050_0007_0035_0055_0055.jpg 1 7 35 55 55
1051_0014_0009_0068_0068.jpg 1 14 9 68 68
1052_0036_0009_0034_0034.jpg 1 36 9 34 34
1053_0006_0016_0060_0060.jpg 1 6 16 60 60
1054_0011_0027_0039_0039.jpg 1 11 27 39 39
1055_0042_0036_0042_0042.jpg 1 42 36 42 42
1056_0018_0007_0046_0046.jpg 1 18 7 46 46
1057_0006_0026_0041_0041.jpg 1 6 26 41 41
1058_0017_0010_0044_0044.jpg 1 17 10 44 44
1059_0048_0039_0032_0032.jpg 1 48 39 32 32
1060_0022_0012_0035_0035.jpg 1 22 12 35 35
1061_0009_0011_0043_0043.jpg 1 9 11 43 43
1062_0007_0035_0027_0027.jpg 1 7 35 27 27
1063_0016_0023_0069_0069.jpg 1 16 23 69 69
1064_0017_0020_0063_0063.jpg 1 17 20 63 63
1065_0019_0024_0060_0060.jpg 1 19 24 60 60
1066_0036_0043_0025_0025.jpg 1 36 43 25 25
1067_0036_0025_0053_0053.jpg 1 36 25 53 53
1068_0020_0038_0028_0028.jpg 1 20 38 28 28
1069_0024_0035_0042_0042.jpg 1 24 35 42 42
1070_0035_0028_0041_0041.jpg 1 35 28 41 41
1071_0014_0025_0067_0067.jpg 1 14 25 67 67
1072_0051_0026_0035_0035.jpg 1 51 26 35 35
1073_0036_0031_0054_0054.jpg 1 36 31 54 54
1074_0006_0028_0054_0054.jpg 1 6 28 54 54
1075_0041_0022_0035_0035.jpg 1 41 22 35 35
1076_0006_0010_0057_0057.jpg 1 6 10 57 57
1077_0025_0037_0027_0027.jpg 1 25 37 27 27
1078_0022_0027_0055_0055.jpg 1 22 27 55 55
1079_0016_0010_0061_0061.jpg 1 16 10 61 61
1080_0009_0005_0061_0061.jpg 1 9 5 61 61
1081_0032_0029_0049_0049.jpg 1 32 29 49 49
1082_0014_0019_0068_0068.jpg 1 14 19 68 68
1083_0047_0022_0041_0041.jpg 1 47 22 41 41
1084_0013_0016_0063_0063.jpg 1 13 16 63 63
1085_0008_0010_0064_0064.jpg 1 8 10 64 64
1086_0009_0004_0061_0061.jpg 1 9 4 61 61
1087_0029_0035_0053_0053.jpg 1 29 35 53 53
1088_0026_0006_0048_0048.jpg 1 26 6 48 48
1089_0037_0035_0044_0044.jpg 1 37 35 44 44
1090_0033_0027_0052_0052.jpg 1 33 27 52 52
1091_0042_0033_0041_0041.jpg 1 42 33 41 41
1092_0022_0020_0065_0065.jpg 1 22 20 65 65
1093_0050_0042_0034_0034.jpg 1 50 42 34 34
1094_0042_0049_0031_0031.jpg 1 42 49 31 31
1095_0011_0042_0046_0046.jpg 1 11 42 46 46
1096_0024_0007_0062_0062.jpg 1 24 7 62 62
1097_0044_0009_0038_0038.jpg 1 44 9 38 38
1098_0020_0024_0058_0058.jpg 1 20 24 58 58
1099_0042_0026_0028_0028.jpg 1 42 26 28 28
1100_0021_0006_0057_0057.jpg 1 21 6 57 57
1101_0029_0021_0054_0054.jpg 1 29 21 54 54
1102_0024_0018_0025_0025.jpg 1 24 18 25 25
1103_0029_0032_0045_0045.jpg 1 29 32 45 45
1104_0018_0017_0028_0028.jpg 1 18 17 28 28
1105_0029_0049_0032_0032.jpg 1 29 49 32 32
1106_0022_0051_0025_0025.jpg 1 22 51 25 25
1107_0024_0031_0041_0041.jpg 1 24 31 41 41
1108_0047_0021_0036_0036.jpg 1 47 21 36 36
1109_0009_0046_0033_0033.jpg 1 9 46 33 33
1110_0024_0017_0065_0065.jpg 1 24 17 65 65
1111_0011_0039_0048_0048.jpg 1 11 39 48 48
1112_0020_0027_0047_0047.jpg 1 20 27 47 47
1113_0014_0008_0064_0064.jpg 1 14 8 64 64
1114_0025_0036_0047_0047.jpg 1 25 36 47 47
1115_0008_0008_0048_0048.jpg 1 8 8 48 48
1116_0026_0025_0056_0056.jpg 1 26 25 56 56
1117_0046_0038_0033_0033.jpg 1 46 38 33 33
1118_0010_0012_0066_0066.jpg 1 10 12 66 66
1119_0018_0032_0054_0054.jpg 1 18 32 54 54
1120_0054_0040_0026_0026.jpg 1 54 40 26 26
1121_0019_0034_0044_0044.jpg 1 19 34 44 44
1122_0012_0042_0039_0039.jpg 1 12 42 39 39
1123_0037_0022_0051_0051.jpg 1 37 22 51 51
1124_0013_0007_0047_0047.jpg 1 13 7 47 47
1125_0021_0036_0052_0052.jpg 1 21 36 52 52
1126_0038_0007_0052_0052.jpg 1 38 7 52 52
1127_0031_0007_0048_0048.jpg 1 31 7 48 48
1128_0012_0035_0033_0033.jpg 1 12 35 33 33
1129_0017_0037_0036_0036.jpg 1 17 37 36 36
1130_0025_0034_0045_0045.jpg 1 25 34 45 45
1131_0024_0023_0057_0057.jpg 1 24 23 57 57
1132_0018_0031_0059_0059.jpg 1 18 31 59 59
1133_0017_0011_0043_0043.jpg 1 17 11 43 43
1134_0005_0021_0059_0059.jpg 1 5 21 59 59
1135_0009_0012_0064_0064.jpg 1 9 12 64 64
1136_0014_0017_0069_0069.jpg 1 14 17 69 69
1137_0014_0022_0051_0051.jpg 1 14 22 51 51
1138_0014_0044_0033_0033.jpg 1 14 44 33 33
1139_0015_0016_0063_0063.jpg 1 15 16 63 63
1140_0027_0023_0061_0061.jpg 1 27 23 61 61
1141_0032_0028_0052_0052.jpg 1 32 28 52 52
1142_0015_0042_0039_0039.jpg 1 15 42 39 39
1143_0005_0004_0066_0066.jpg 1 5 4 66 66
1144_0047_0046_0026_0026.jpg 1 47 46 26 26
1145_0035_0023_0046_0046.jpg 1 35 23 46 46
1146_0028_0021_0059_0059.jpg 1 28 21 59 59
1147_0031_0005_0060_0060.jpg 1 31 5 60 60
1148_0016_0006_0041_0041.jpg 1 16 6 41 41
1149_0020_0043_0024_0024.jpg 1 20 43 24 24
1150_0033_0029_0038_0038.jpg 1 33 29 38 38
1151_0024_0028_0056_0056.jpg 1 24 28 56 56
1152_0010_0020_0061_0061.jpg 1 10 20 61 61
1153_0020_0021_0030_0030.jpg 1 20 21 30 30
1154_0004_0005_0065_0065.jpg 1 4 5 65 65
1155_0014_0015_0065_0065.jpg 1 14 15 65 65
1156_0023_0018_0059_0059.jpg 1 23 18 59 59
1157_0026_0027_0063_0063.jpg 1 26 27 63 63
1158_0036_0024_0043_0043.jpg 1 36 24 43 43
1159_0026_0051_0027_0027.jpg 1 26 51 27 27
1160_0054_0026_0030_0030.jpg 1 54 26 30 30
1161_0019_0021_0057_0057.jpg 1 19 21 57 57
1162_0028_0042_0044_0044.jpg 1 28 42 44 44
1163_0019_0028_0046_0046.jpg 1 19 28 46 46
1164_0006_0003_0068_0068.jpg 1 6 3 68 68
1165_0014_0029_0056_0056.jpg 1 14 29 56 56
1166_0032_0018_0051_0051.jpg 1 32 18 51 51
1167_0031_0012_0033_0033.jpg 1 31 12 33 33
1168_0014_0023_0068_0068.jpg 1 14 23 68 68
1169_0008_0006_0066_0066.jpg 1 8 6 66 66
1170_0032_0015_0047_0047.jpg 1 32 15 47 47
1171_0012_0013_0062_0062.jpg 1 12 13 62 62
1172_0015_0005_0069_0069.jpg 1 15 5 69 69
1173_0008_0032_0040_0040.jpg 1 8 32 40 40
1174_0007_0032_0034_0034.jpg 1 7 32 34 34
1175_0008_0017_0039_0039.jpg 1 8 17 39 39
1176_0015_0032_0057_0057.jpg 1 15 32 57 57
1177_0037_0050_0025_0025.jpg 1 37 50 25 25
1178_0038_0007_0031_0031.jpg 1 38 7 31 31
1179_0036_0032_0050_0050.jpg 1 36 32 50 50
1180_0031_0009_0035_0035.jpg 1 31 9 35 35
1181_0053_0025_0032_0032.jpg 1 53 25 32 32
1182_0034_0027_0032_0032.jpg 1 34 27 32 32
1183_0048_0034_0033_0033.jpg 1 48 34 33 33
1184_0034_0024_0055_0055.jpg 1 34 24 55 55
1185_0040_0030_0032_0032.jpg 1 40 30 32 32
1186_0028_0026_0063_0063.jpg 1 28 26 63 63
1187_0007_0014_0031_0031.jpg 1 7 14 31 31
1188_0033_0030_0039_0039.jpg 1 33 30 39 39
1189_0038_0030_0045_0045.jpg 1 38 30 45 45
1190_0034_0013_0038_0038.jpg 1 34 13 38 38
1191_0025_0015_0064_0064.jpg 1 25 15 64 64
1192_0024_0044_0030_0030.jpg 1 24 44 30 30
1193_0026_0006_0050_0050.jpg 1 26 6 50 50
1194_0021_0037_0029_0029.jpg 1 21 37 29 29
1195_0028_0028_0057_0057.jpg 1 28 28 57 57
1196_0012_0025_0030_0030.jpg 1 12 25 30 30
1197_0023_0032_0055_0055.jpg 1 23 32 55 55
1198_0021_0018_0047_0047.jpg 1 21 18 47 47
1199_0009_0027_0063_0063.jpg 1 9 27 63 63
1200_0010_0018_0066_0066.jpg 1 10 18 66 66
1201_0009_0006_0057_0057.jpg 1 9 6 57 57
1202_0032_0010_0051_0051.jpg 1 32 10 51 51
1203_0012_0028_0061_0061.jpg 1 12 28 61 61
1204_0023_0006_0049_0049.jpg 1 23 6 49 49
1205_0024_0007_0064_0064.jpg 1 24 7 64 64
1206_0004_0022_0058_0058.jpg 1 4 22 58 58
1207_0021_0020_0060_0060.jpg 1 21 20 60 60
1208_0008_0028_0063_0063.jpg 1 8 28 63 63
1209_0033_0006_0057_0057.jpg 1 33 6 57 57
1210_0015_0006_0048_0048.jpg 1 15 6 48 48
1211_0031_0054_0028_0028.jpg 1 31 54 28 28
1212_0037_0020_0041_0041.jpg 1 37 20 41 41
1213_0030_0021_0059_0059.jpg 1 30 21 59 59
1214_0008_0003_0066_0066.jpg 1 8 3 66 66
1215_0015_0031_0035_0035.jpg 1 15 31 35 35
1216_0051_0006_0032_0032.jpg 1 51 6 32 32
1217_0011_0003_0068_0068.jpg 1 11 3 68 68
1218_0006_0029_0061_0061.jpg 1 6 29 61 61
1219_0005_0032_0051_0051.jpg 1 5 32 51 51
1220_0006_0005_0067_0067.jpg 1 6 5 67 67
1221_0048_0024_0028_0028.jpg 1 48 24 28 28
1222_0027_0043_0038_0038.jpg 1 27 43 38 38
1223_0008_0005_0062_0062.jpg 1 8 5 62 62
1224_0048_0051_0024_0024.jpg 1 48 51 24 24
1225_0040_0023_0032_0032.jpg 1 40 23 32 32
1226_0023_0031_0051_0051.jpg 1 23 31 51 51
1227_0019_0052_0030_0030.jpg 1 19 52 30 30
1228_0004_0006_0064_0064.jpg 1 4 6 64 64
1229_0027_0037_0037_0037.jpg 1 27 37 37 37
1230_0009_0028_0037_0037.jpg 1 9 28 37 37
1231_0030_0016_0025_0025.jpg 1 30 16 25 25
1232_0034_0017_0044_0044.jpg 1 34 17 44 44
1233_0025_0046_0030_0030.jpg 1 25 46 30 30
1234_0014_0007_0052_0052.jpg 1 14 7 52 52
1235_0022_0013_0042_0042.jpg 1 22 13 42 42
1236_0019_0008_0052_0052.jpg 1 19 8 52 52
1237_0042_0052_0029_0029.jpg 1 42 52 29 29
1238_0009_0012_0055_0055.jpg 1 9 12 55 55
1239_0030_0030_0056_0056.jpg 1 30 30 56 56
1240_0011_0016_0069_0069.jpg 1 11 16 69 69
1241_0032_0013_0027_0027.jpg 1 32 13 27 27
1242_0022_0014_0064_0064.jpg 1 22 14 64 64
1243_0039_0039_0028_0028.jpg 1 39 39 28 28
1244_0040_0029_0044_0044.jpg 1 40 29 44 44
1245_0018_0005_0056_0056.jpg 1 18 5 56 56
1246_0029_0021_0045_0045.jpg 1 29 21 45 45
1247_0030_0021_0046_0046.jpg 1 30 21 46 46
1248_0031_0009_0050_0050.jpg 1 31 9 50 50
1249_0022_0031_0040_0040.jpg 1 22 31 40 40
1250_0003_0021_0068_0068.jpg 1 3 21 68 68
1251_0008_0006_0063_0063.jpg 1 8 6 63 63
1252_0023_0025_0059_0059.jpg 1 23 25 59 59
1253_0014_0003_0062_0062.jpg 1 14 3 62 62
1254_0041_0032_0046_0046.jpg 1 41 32 46 46
1255_0021_0021_0048_0048.jpg 1 21 21 48 48
1256_0027_0011_0053_0053.jpg 1 27 11 53 53
1257_0017_0006_0052_0052.jpg 1 17 6 52 52
1258_0024_0032_0039_0039.jpg 1 24 32 39 39
1259_0020_0032_0057_0057.jpg 1 20 32 57 57
1260_0049_0012_0035_0035.jpg 1 49 12 35 35
1261_0026_0007_0061_0061.jpg 1 26 7 61 61
1262_0020_0040_0046_0046.jpg 1 20 40 46 46
1263_0016_0007_0069_0069.jpg 1 16 7 69 69
1264_0021_0013_0048_0048.jpg 1 21 13 48 48
1265_0025_0011_0061_0061.jpg 1 25 11 61 61
1266_0031_0010_0055_0055.jpg 1 31 10 55 55
1267_0027_0014_0031_0031.jpg 1 27 14 31 31
1268_0028_0035_0045_0045.jpg 1 28 35 45 45
1269_0013_0024_0068_0068.jpg 1 13 24 68 68
1270_0034_0027_0051_0051.jpg 1 34 27 51 51
1271_0028_0032_0035_0035.jpg 1 28 32 35 35
1272_0035_0024_0046_0046.jpg 1 35 24 46 46
1273_0024_0021_0065_0065.jpg 1 24 21 65 65
1274_0036_0042_0040_0040.jpg 1 36 42 40 40
1275_0008_0019_0037_0037.jpg 1 8 19 37 37
1276_0007_0013_0061_0061.jpg 1 7 13 61 61
1277_0012_0007_0052_0052.jpg 1 12 7 52 52
1278_0021_0039_0035_0035.jpg 1 21 39 35 35
1279_0027_0005_0055_0055.jpg 1 27 5 55 55
1280_0009_0031_0030_0030.jpg 1 9 31 30 30
1281_0004_0022_0067_0067.jpg 1 4 22 67 67
1282_0026_0040_0036_0036.jpg 1 26 40 36 36
1283_0045_0031_0040_0040.jpg 1 45 31 40 40
1284_0028_0039_0048_0048.jpg 1 28 39 48 48
1285_0033_0028_0056_0056.jpg 1 33 28 56 56
1286_0009_0024_0046_0046.jpg 1 9 24 46 46
1287_0007_0012_0064_0064.jpg 1 7 12 64 64
1288_0018_0027_0057_0057.jpg 1 18 27 57 57
1289_0005_0021_0052_0052.jpg 1 5 21 52 52
1290_0012_0024_0056_0056.jpg 1 12 24 56 56
1291_0031_0034_0025_0025.jpg 1 31 34 25 25
1292_0049_0035_0030_0030.jpg 1 49 35 30 30
1293_0014_0014_0068_0068.jpg 1 14 14 68 68
1294_0021_0032_0054_0054.jpg 1 21 32 54 54
1295_0032_0026_0059_0059.jpg 1 32 26 59 59
1296_0039_0010_0048_0048.jpg 1 39 10 48 48
1297_0025_0017_0064_0064.jpg 1 25 17 64 64
1298_0021_0005_0068_0068.jpg 1 21 5 68 68
1299_0038_0023_0032_0032.jpg 1 38 23 32 32
1300_0010_0023_0067_0067.jpg 1 10 23 67 67
1301_0010_0010_0063_0063.jpg 1 10 10 63 63
1302_0011_0008_0035_0035.jpg 1 11 8 35 35
1303_0037_0033_0027_0027.jpg 1 37 33 27 27
1304_0037_0014_0050_0050.jpg 1 37 14 50 50
1305_0026_0004_0060_0060.jpg 1 26 4 60 60
1306_0039_0011_0040_0040.jpg 1 39 11 40 40
1307_0025_0034_0045_0045.jpg 1 25 34 45 45
1308_0010_0004_0055_0055.jpg 1 10 4 55 55
1309_0038_0046_0039_0039.jpg 1 38 46 39 39
1310_0010_0024_0034_0034.jpg 1 10 24 34 34
1311_0013_0010_0045_0045.jpg 1 13 10 45 45
1312_0014_0015_0029_0029.jpg 1 14 15 29 29
1313_0009_0008_0056_0056.jpg 1 9 8 56 56
1314_0019_0021_0042_0042.jpg 1 19 21 42 42
1315_0040_0025_0047_0047.jpg 1 40 25 47 47
1316_0019_0007_0068_0068.jpg 1 19 7 68 68
1317_0039_0016_0026_0026.jpg 1 39 16 26 26
1318_0023_0035_0039_0039.jpg 1 23 35 39 39
1319_0035_0012_0044_0044.jpg 1 35 12 44 44
1320_0011_0022_0067_0067.jpg 1 11 22 67 67
1321_0024_0045_0041_0041.jpg 1 24 45 41 41
1322_0023_0017_0058_0058.jpg 1 23 17 58 58
1323_0045_0040_0040_0040.jpg 1 45 40 40 40
1324_0016_0025_0058_0058.jpg 1 16 25 58 58
1325_0036_0043_0033_0033.jpg 1 36 43 33 33
1326_0035_0046_0028_0028.jpg 1 35 46 28 28
1327_0015_0058_0024_0024.jpg 1 15 58 24 24
1328_0027_0010_0064_0064.jpg 1 27 10 64 64
1329_0035_0051_0035_0035.jpg 1 35 51 35 35
1330_0044_0006_0035_0035.jpg 1 44 6 35 35
1331_0025_0005_0056_0056.jpg 1 25 5 56 56
1332_0026_0018_0058_0058.jpg 1 26 18 58 58
1333_0011_0016_0058_0058.jpg 1 11 16 58 58
1334_0022_0032_0058_0058.jpg 1 22 32 58 58
1335_0007_0008_0037_0037.jpg 1 7 8 37 37
1336_0010_0059_0024_0024.jpg 1 10 59 24 24
1337_0041_0014_0046_0046.jpg 1 41 14 46 46
1338_0025_0024_0043_0043.jpg 1 25 24 43 43
1339_0020_0029_0063_0063.jpg 1 20 29 63 63
1340_0041_0007_0043_0043.jpg 1 41 7 43 43
1341_0034_0037_0047_0047.jpg 1 34 37 47 47
1342_0035_0031_0050_0050.jpg 1 35 31 50 50
1343_0059_0025_0024_0024.jpg 1 59 25 24 24
1344_0021_0007_0044_0044.jpg 1 21 7 44 44
1345_0012_0038_0037_0037.jpg 1 12 38 37 37
1346_0045_0049_0029_0029.jpg 1 45 49 29 29
1347_0010_0008_0068_0068.jpg 1 10 8 68 68
1348_0038_0046_0028_0028.jpg 1 38 46 28 28
1349_0020_0019_0067_0067.jpg 1 20 19 67 67
1350_0010_0009_0057_0057.jpg 1 10 9 57 57
1351_0038_0022_0027_0027.jpg 1 38 22 27 27
1352_0011_0004_0065_0065.jpg 1 11 4 65 65
1353_0036_0007_0050_0050.jpg 1 36 7 50 50
1354_0017_0012_0057_0057.jpg 1 17 12 57 57
1355_0010_0025_0050_0050.jpg 1 10 25 50 50
1356_0018_0008_0066_0066.jpg 1 18 8 66 66
1357_0011_0006_0065_0065.jpg 1 11 6 65 65
1358_0015_0027_0024_0024.jpg 1 15 27 24 24
1359_0037_0029_0033_0033.jpg 1 37 29 33 33
1360_0015_0020_0058_0058.jpg 1 15 20 58 58
1361_0020_0027_0054_0054.jpg 1 20 27 54 54
1362_0010_0019_0046_0046.jpg 1 10 19 46 46
1363_0023_0011_0057_0057.jpg 1 23 11 57 57
1364_0012_0026_0050_0050.jpg 1 12 26 50 50
1365_0033_0028_0030_0030.jpg 1 33 28 30 30
1366_0021_0012_0057_0057.jpg 1 21 12 57 57
1367_0024_0026_0046_0046.jpg 1 24 26 46 46
1368_0040_0013_0049_0049.jpg 1 40 13 49 49
1369_0006_0027_0036_0036.jpg 1 6 27 36 36
1370_0020_0060_0024_0024.jpg 1 20 60 24 24
1371_0020_0007_0062_0062.jpg 1 20 7 62 62
1372_0009_0022_0055_0055.jpg 1 9 22 55 55
1373_0053_0025_0025_0025.jpg 1 53 25 25 25
1374_0036_0038_0038_0038.jpg 1 36 38 38 38
1375_0022_0006_0047_0047.jpg 1 22 6 47 47
1376_0019_0027_0064_0064.jpg 1 19 27 64 64
1377_0016_0007_0033_0033.jpg 1 16 7 33 33
1378_0021_0014_0062_0062.jpg 1 21 14 62 62
1379_0021_0005_0058_0058.jpg 1 21 5 58 58
1380_0041_0015_0045_0045.jpg 1 41 15 45 45
1381_0016_0032_0052_0052.jpg 1 16 32 52 52
1382_0037_0006_0040_0040.jpg 1 37 6 40 40
1383_0048_0030_0027_0027.jpg 1 48 30 27 27
1384_0017_0003_0066_0066.jpg 1 17 3 66 66
1385_0018_0004_0068_0068.jpg 1 18 4 68 68
1386_0026_0022_0066_0066.jpg 1 26 22 66 66
1387_0008_0012_0064_0064.jpg 1 8 12 64 64
1388_0038_0043_0028_0028.jpg 1 38 43 28 28
1389_0018_0036_0054_0054.jpg 1 18 36 54 54
1390_0016_0010_0051_0051.jpg 1 16 10 51 51
1391_0008_0016_0045_0045.jpg 1 8 16 45 45
1392_0018_0045_0024_0024.jpg 1 18 45 24 24
1393_0018_0017_0034_0034.jpg 1 18 17 34 34
1394_0019_0015_0056_0056.jpg 1 19 15 56 56
1395_0026_0016_0048_0048.jpg 1 26 16 48 48
1396_0006_0018_0068_0068.jpg 1 6 18 68 68
1397_0025_0021_0043_0043.jpg 1 25 21 43 43
1398_0024_0022_0044_0044.jpg 1 24 22 44 44
1399_0014_0010_0045_0045.jpg 1 14 10 45 45
1400_0008_0033_0050_0050.jpg 1 8 33 50 50
1401_0008_0013_0038_0038.jpg 1 8 13 38 38
1402_0019_0009_0061_0061.jpg 1 19 9 61 61
1403_0010_0011_0064_0064.jpg 1 10 11 64 64
1404_0004_0032_0056_0056.jpg 1 4 32 56 56
1405_0009_0007_0035_0035.jpg 1 9 7 35 35
1406_0005_0026_0063_0063.jpg 1 5 26 63 63
1407_0014_0023_0028_0028.jpg 1 14 23 28 28
1408_0046_0037_0032_0032.jpg 1 46 37 32 32
1409_0014_0015_0058_0058.jpg 1 14 15 58 58
1410_0053_0033_0028_0028.jpg 1 53 33 28 28
1411_0027_0015_0061_0061.jpg 1 27 15 61 61
1412_0007_0027_0060_0060.jpg 1 7 27 60 60
1413_0028_0041_0036_0036.jpg 1 28 41 36 36
1414_0044_0022_0032_0032.jpg 1 44 22 32 32
1415_0040_0042_0024_0024.jpg 1 40 42 24 24
1416_0006_0013_0063_0063.jpg 1 6 13 63 63
1417_0010_0024_0054_0054.jpg 1 10 24 54 54
1418_0007_0039_0037_0037.jpg 1 7 39 37 37
1419_0010_0007_0066_0066.jpg 1 10 7 66 66
1420_0037_0043_0046_0046.jpg 1 37 43 46 46
1421_0034_0018_0044_0044.jpg 1 34 18 44 44
1422_0023_0013_0056_0056.jpg 1 23 13 56 56
1423_0036_0029_0036_0036.jpg 1 36 29 36 36
1424_0007_0017_0064_0064.jpg 1 7 17 64 64
1425_0025_0026_0059_0059.jpg 1 25 26 59 59
1426_0014_0021_0063_0063.jpg 1 14 21 63 63
1427_0008_0016_0053_0053.jpg 1 8 16 53 53
1428_0022_0017_0065_0065.jpg 1 22 17 65 65
1429_0025_0009_0030_0030.jpg 1 25 9 30 30
1430_0021_0006_0058_0058.jpg 1 21 6 58 58
1431_0025_0018_0035_0035.jpg 1 25 18 35 35
1432_0017_0011_0039_0039.jpg 1 17 11 39 39
1433_0008_0009_0058_0058.jpg 1 8 9 58 58
1434_0014_0041_0047_0047.jpg 1 14 41 47 47
1435_0032_0014_0049_0049.jpg 1 32 14 49 49
1436_0044_0035_0026_0026.jpg 1 44 35 26 26
1437_0031_0008_0051_0051.jpg 1 31 8 51 51
1438_0013_0036_0033_0033.jpg 1 13 36 33 33
1439_0021_0017_0041_0041.jpg 1 21 17 41 41
1440_0006_0019_0069_0069.jpg 1 6 19 69 69
1441_0031_0020_0044_0044.jpg 1 31 20 44 44
1442_0013_0022_0060_0060.jpg 1 13 22 60 60
1443_0018_0005_0055_0055.jpg 1 18 5 55 55
1444_0007_0029_0060_0060.jpg 1 7 29 60 60
1445_0028_0010_0025_0025.jpg 1 28 10 25 25
1446_0011_0024_0062_0062.jpg 1 11 24 62 62
1447_0007_0010_0056_0056.jpg 1 7 10 56 56
1448_0020_0004_0068_0068.jpg 1 20 4 68 68
1449_0016_0022_0037_0037.jpg 1 16 22 37 37
1450_0036_0028_0049_0049.jpg 1 36 28 49 49
1451_0030_0021_0050_0050.jpg 1 30 21 50 50
1452_0043_0050_0031_0031.jpg 1 43 50 31 31
1453_0019_0031_0055_0055.jpg 1 19 31 55 55
1454_0036_0024_0042_0042.jpg 1 36 24 42 42
1455_0031_0019_0050_0050.jpg 1 31 19 50 50
1456_0007_0017_0047_0047.jpg 1 7 17 47 47
1457_0035_0007_0031_0031.jpg 1 35 7 31 31
1458_0020_0016_0041_0041.jpg 1 20 16 41 41
1459_0007_0024_0050_0050.jpg 1 7 24 50 50
1460_0022_0021_0046_0046.jpg 1 22 21 46 46
1461_0037_0038_0039_0039.jpg 1 37 38 39 39
1462_0020_0011_0061_0061.jpg 1 20 11 61 61
1463_0038_0029_0042_0042.jpg 1 38 29 42 42
1464_0023_0034_0046_0046.jpg 1 23 34 46 46
1465_0009_0025_0063_0063.jpg 1 9 25 63 63
1466_0009_0013_0035_0035.jpg 1 9 13 35 35
1467_0023_0027_0057_0057.jpg 1 23 27 57 57
1468_0028_0026_0057_0057.jpg 1 28 26 57 57
1469_0013_0005_0055_0055.jpg 1 13 5 55 55
1470_0032_0030_0044_0044.jpg 1 32 30 44 44
1471_0030_0010_0047_0047.jpg 1 30 10 47 47
1472_0037_0046_0031_0031.jpg 1 37 46 31 31
1473_0036_0020_0025_0025.jpg 1 36 20 25 25
1474_0009_0019_0053_0053.jpg 1 9 19 53 53
1475_0033_0014_0053_0053.jpg 1 33 14 53 53
1476_0017_0007_0028_0028.jpg 1 17 7 28 28
1477_0046_0033_0036_0036.jpg 1 46 33 36 36
1478_0024_0004_0068_0068.jpg 1 24 4 68 68
1479_0032_0040_0047_0047.jpg 1 32 40 47 47
1480_0023_0009_0028_0028.jpg 1 23 9 28 28
1481_0029_0014_0026_0026.jpg 1 29 14 26 26
1482_0009_0007_0061_0061.jpg 1 9 7 61 61
1483_0022_0018_0068_0068.jpg 1 22 18 68 68
1484_0036_0032_0039_0039.jpg 1 36 32 39 39
1485_0030_0030_0052_0052.jpg 1 30 30 52 52
1486_0021_0034_0024_0024.jpg 1 21 34 24 24
1487_0047_0025_0027_0027.jpg 1 47 25 27 27
1488_0022_0023_0043_0043.jpg 1 22 23 43 43
1489_0031_0011_0060_0060.jpg 1 31 11 60 60
1490_0006_0015_0047_0047.jpg 1 6 15 47 47
1491_0030_0019_0062_0062.jpg 1 30 19 62 62
1492_0045_0029_0031_0031.jpg 1 45 29 31 31
1493_0021_0021_0027_0027.jpg 1 21 21 27 27
1494_0004_0025_0059_0059.jpg 1 4 25 59 59
1495_0026_0047_0029_0029.jpg 1 26 47 29 29
1496_0032_0028_0057_0057.jpg 1 32 28 57 57
1497_0017_0025_0065_0065.jpg 1 17 25 65 65
1498_0021_0024_0061_0061.jpg 1 21 24 61 61
1499_0022_0011_0025_0025.jpg 1 22 11 25 25
1500_0024_0014_0050_0050.jpg 1 24 14 50 50
1501_0006_0035_0043_0043.jpg 1 6 35 43 43
1502_0020_0011_0056_0056.jpg 1 20 11 56 56
1503_0016_0024_0062_0062.jpg 1 16 24 62 62
1504_0009_0020_0044_0044.jpg 1 9 20 44 44
1505_0033_0025_0037_0037.jpg 1 33 25 37 37
1506_0027_0019_0045_0045.jpg 1 27 19 45 45
1507_0031_0025_0049_0049.jpg 1 31 25 49 49
1508_0027_0005_0059_0059.jpg 1 27 5 59 59
1509_0024_0009_0063_0063.jpg 1 24 9 63 63
1510_0005_0024_0060_0060.jpg 1 5 24 60 60
1511_0018_0011_0068_0068.jpg 1 18 11 68 68
1512_0031_0026_0050_0050.jpg 1 31 26 50 50
1513_0035_0039_0031_0031.jpg 1 35 39 31 31
1514_0034_0014_0041_0041.jpg 1 34 14 41 41
1515_0048_0048_0028_0028.jpg 1 48 48 28 28
1516_0009_0017_0068_0068.jpg 1 9 17 68 68
1517_0035_0024_0055_0055.jpg 1 35 24 55 55
1518_0046_0030_0030_0030.jpg 1 46 30 30 30
1519_0029_0012_0043_0043.jpg 1 29 12 43 43
1520_0030_0023_0032_0032.jpg 1 30 23 32 32
1521_0005_0027_0057_0057.jpg 1 5 27 57 57
1522_0037_0048_0038_0038.jpg 1 37 48 38 38
1523_0010_0018_0068_0068.jpg 1 10 18 68 68
1524_0029_0014_0059_0059.jpg 1 29 14 59 59
1525_0025_0027_0048_0048.jpg 1 25 27 48 48
1526_0026_0032_0035_0035.jpg 1 26 32 35 35
1527_0020_0013_0035_0035.jpg 1 20 13 35 35
1528_0016_0041_0034_0034.jpg 1 16 41 34 34
1529_0053_0045_0033_0033.jpg 1 53 45 33 33
1530_0009_0008_0057_0057.jpg 1 9 8 57 57
1531_0025_0029_0049_0049.jpg 1 25 29 49 49
1532_0045_0023_0040_0040.jpg 1 45 23 40 40
1533_0020_0011_0061_0061.jpg 1 20 11 61 61
1534_0037_0038_0025_0025.jpg 1 37 38 25 25
1535_0010_0004_0069_0069.jpg 1 10 4 69 69
1536_0005_0025_0046_0046.jpg 1 5 25 46 46
1537_0035_0037_0048_0048.jpg 1 35 37 48 48
1538_0048_0041_0038_0038.jpg 1 48 41 38 38
1539_0028_0032_0056_0056.jpg 1 28 32 56 56
1540_0023_0033_0041_0041.jpg 1 23 33 41 41
1541_0033_0023_0056_0056.jpg 1 33 23 56 56
1542_0006_0035_0039_0039.jpg 1 6 35 39 39
1543_0025_0025_0045_0045.jpg 1 25 25 45 45
1544_0036_0016_0054_0054.jpg 1 36 16 54 54
1545_0035_0010_0047_0047.jpg 1 35 10 47 47
1546_0013_0025_0050_0050.jpg 1 13 25 50 50
1547_0019_0020_0055_0055.jpg 1 19 20 55 55
1548_0015_0008_0069_0069.jpg 1 15 8 69 69
1549_0053_0042_0033_0033.jpg 1 53 42 33 33
1550_0016_0017_0059_0059.jpg 1 16 17 59 59
1551_0019_0032_0059_0059.jpg 1 19 32 59 59
1552_0038_0040_0047_0047.jpg 1 38 40 47 47
1553_0030_0035_0035_0035.jpg 1 30 35 35 35
1554_0015_0017_0064_0064.jpg 1 15 17 64 64
1555_0009_0053_0031_0031.jpg 1 9 53 31 31
1556_0017_0011_0029_0029.jpg 1 17 11 29 29
1557_0007_0007_0041_0041.jpg 1 7 7 41 41
1558_0039_0033_0050_0050.jpg 1 39 33 50 50
1559_0046_0012_0030_0030.jpg 1 46 12 30 30
1560_0008_0007_0041_0041.jpg 1 8 7 41 41
1561_0009_0016_0038_0038.jpg 1 9 16 38 38
1562_0006_0007_0036_0036.jpg 1 6 7 36 36
1563_0056_0049_0028_0028.jpg 1 56 49 28 28
1564_0007_0016_0057_0057.jpg 1 7 16 57 57
1565_0035_0031_0056_0056.jpg 1 35 31 56 56
1566_0030_0029_0030_0030.jpg 1 30 29 30 30
1567_0029_0009_0059_0059.jpg 1 29 9 59 59
1568_0022_0004_0059_0059.jpg 1 22 4 59 59
1569_0042_0052_0031_0031.jpg 1 42 52 31 31
1570_0009_0007_0038_0038.jpg 1 9 7 38 38
1571_0022_0017_0061_0061.jpg 1 22 17 61 61
1572_0024_0024_0059_0059.jpg 1 24 24 59 59
1573_0023_0019_0059_0059.jpg 1 23 19 59 59
1574_0011_0009_0067_0067.jpg 1 11 9 67 67
1575_0019_0033_0053_0053.jpg 1 19 33 53 53
1576_0026_0009_0050_0050.jpg 1 26 9 50 50
1577_0012_0013_0060_0060.jpg 1 12 13 60 60
1578_0036_0016_0051_0051.jpg 1 36 16 51 51
1579_0020_0043_0028_0028.jpg 1 20 43 28 28
1580_0005_0023_0063_0063.jpg 1 5 23 63 63
1581_0034_0014_0031_0031.jpg 1 34 14 31 31
1582_0014_0043_0037_0037.jpg 1 14 43 37 37
1583_0024_0019_0059_0059.jpg 1 24 19 59 59
1584_0009_0014_0069_0069.jpg 1 9 14 69 69
1585_0016_0016_0042_0042.jpg 1 16 16 42 42
1586_0006_0026_0050_0050.jpg 1 6 26 50 50
1587_0019_0026_0027_0027.jpg 1 19 26 27 27
1588_0016_0015_0042_0042.jpg 1 16 15 42 42
1589_0033_0050_0036_0036.jpg 1 33 50 36 36
1590_0025_0006_0064_0064.jpg 1 25 6 64 64
1591_0022_0017_0067_0067.jpg 1 22 17 67 67
1592_0029_0032_0059_0059.jpg 1 29 32 59 59
1593_0008_0034_0045_0045.jpg 1 8 34 45 45
1594_0019_0025_0066_0066.jpg 1 19 25 66 66
1595_0011_0026_0058_0058.jpg 1 11 26 58 58
1596_0024_0014_0055_0055.jpg 1 24 14 55 55
1597_0041_0031_0039_0039.jpg 1 41 31 39 39
1598_0027_0010_0030_0030.jpg 1 27 10 30 30
1599_0042_0012_0047_0047.jpg 1 42 12 47 47
1600_0011_0022_0064_0064.jpg 1 11 22 64 64
1601_0009_0029_0054_0054.jpg 1 9 29 54 54
1602_0037_0031_0027_0027.jpg 1 37 31 27 27
1603_0035_0030_0047_0047.jpg 1 35 30 47 47
1604_0028_0038_0047_0047.jpg 1 28 38 47 47
1605_0030_0018_0055_0055.jpg 1 30 18 55 55
1606_0011_0020_0033_0033.jpg 1 11 20 33 33
1607_0014_0035_0048_0048.jpg 1 14 35 48 48
1608_0022_0024_0057_0057.jpg 1 22 24 57 57
1609_0031_0039_0047_0047.jpg 1 31 39 47 47
1610_0026_0042_0040_0040.jpg 1 26 42 40 40
1611_0011_0036_0043_0043.jpg 1 11 36 43 43
1612_0006_0034_0043_0043.jpg 1 6 34 43 43
1613_0041_0045_0039_0039.jpg 1 41 45 39 39
1614_0021_0020_0024_0024.jpg 1 21 20 24 24
1615_0027_0023_0034_0034.jpg 1 27 23 34 34
1616_0018_0041_0047_0047.jpg 1 18 41 47 47
1617_0015_0039_0026_0026.jpg 1 15 39 26 26
1618_0028_0034_0041_0041.jpg 1 28 34 41 41
1619_0034_0043_0029_0029.jpg 1 34 43 29 29
1620_0013_0026_0037_0037.jpg 1 13 26 37 37
1621_0043_0007_0032_0032.jpg 1 43 7 32 32
1622_0013_0027_0064_0064.jpg 1 13 27 64 64
1623_0018_0020_0047_0047.jpg 1 18 20 47 47
1624_0008_0029_0031_0031.jpg 1 8 29 31 31
1625_0014_0047_0034_0034.jpg 1 14 47 34 34
1626_0054_0029_0031_0031.jpg 1 54 29 31 31
1627_0026_0040_0026_0026.jpg 1 26 40 26 26
1628_0007_0005_0058_0058.jpg 1 7 5 58 58
1629_0005_0024_0050_0050.jpg 1 5 24 50 50
1630_0030_0008_0028_0028.jpg 1 30 8 28 28
1631_0043_0016_0026_0026.jpg 1 43 16 26 26
1632_0009_0003_0062_0062.jpg 1 9 3 62 62
1633_0012_0017_0044_0044.jpg 1 12 17 44 44
1634_0023_0036_0045_0045.jpg 1 23 36 45 45
1635_0023_0016_0059_0059.jpg 1 23 16 59 59
1636_0016_0046_0040_0040.jpg 1 16 46 40 40
1637_0049_0046_0026_0026.jpg 1 49 46 26 26
1638_0011_0020_0059_0059.jpg 1 11 20 59 59
1639_0043_0027_0029_0029.jpg 1 43 27 29 29
1640_0023_0018_0031_0031.jpg 1 23 18 31 31
1641_0043_0010_0043_0043.jpg 1 43 10 43 43
1642_0026_0010_0067_0067.jpg 1 26 10 67 67
1643_0024_0017_0062_0062.jpg 1 24 17 62 62
1644_0043_0052_0030_0030.jpg 1 43 52 30 30
1645_0011_0006_0047_0047.jpg 1 11 6 47 47
1646_0007_0037_0048_0048.jpg 1 7 37 48 48
1647_0015_0009_0050_0050.jpg 1 15 9 50 50
1648_0025_0017_0029_0029.jpg 1 25 17 29 29
1649_0028_0050_0030_0030.jpg 1 28 50 30 30
1650_0013_0056_0027_0027.jpg 1 13 56 27 27
1651_0004_0016_0066_0066.jpg 1 4 16 66 66
1652_0020_0030_0051_0051.jpg 1 20 30 51 51
1653_0052_0033_0024_0024.jpg 1 52 33 24 24
1654_0018_0013_0025_0025.jpg 1 18 13 25 25
1655_0003_0003_0065_0065.jpg 1 3 3 65 65
1656_0033_0006_0051_0051.jpg 1 33 6 51 51
1657_0027_0039_0044_0044.jpg 1 27 39 44 44
1658_0029_0026_0055_0055.jpg 1 29 26 55 55
1659_0046_0044_0032_0032.jpg 1 46 44 32 32
1660_0015_0016_0063_0063.jpg 1 15 16 63 63
1661_0010_0042_0030_0030.jpg 1 10 42 30 30
1662_0042_0027_0027_0027.jpg 1 42 27 27 27
1663_0025_0008_0054_0054.jpg 1 25 8 54 54
1664_0020_0033_0056_0056.jpg 1 20 33 56 56
1665_0034_0054_0031_0031.jpg 1 34 54 31 31
1666_0036_0015_0044_0044.jpg 1 36 15 44 44
1667_0040_0021_0044_0044.jpg 1 40 21 44 44
1668_0023_0016_0048_0048.jpg 1 23 16 48 48
1669_0034_0020_0054_0054.jpg 1 34 20 54 54
1670_0019_0035_0052_0052.jpg 1 19 35 52 52
1671_0041_0014_0039_0039.jpg 1 41 14 39 39
1672_0014_0053_0033_0033.jpg 1 14 53 33 33
1673_0014_0031_0060_0060.jpg 1 14 31 60 60
1674_0008_0012_0044_0044.jpg 1 8 12 44 44
1675_0038_0019_0049_0049.jpg 1 38 19 49 49
1676_0034_0039_0044_0044.jpg 1 34 39 44 44
1677_0040_0038_0036_0036.jpg 1 40 38 36 36
1678_0009_0054_0030_0030.jpg 1 9 54 30 30
1679_0023_0021_0055_0055.jpg 1 23 21 55 55
1680_0024_0019_0062_0062.jpg 1 24 19 62 62
1681_0022_0007_0059_0059.jpg 1 22 7 59 59
1682_0039_0021_0027_0027.jpg 1 39 21 27 27
1683_0029_0047_0033_0033.jpg 1 29 47 33 33
1684_0025_0006_0052_0052.jpg 1 25 6 52 52
1685_0047_0041_0039_0039.jpg 1 47 41 39 39
1686_0033_0045_0030_0030.jpg 1 33 45 30 30
1687_0009_0024_0027_0027.jpg 1 9 24 27 27
1688_0035_0031_0041_0041.jpg 1 35 31 41 41
1689_0040_0046_0033_0033.jpg 1 40 46 33 33
1690_0026_0010_0063_0063.jpg 1 26 10 63 63
1691_0027_0013_0056_0056.jpg 1 27 13 56 56
1692_0013_0016_0058_0058.jpg 1 13 16 58 58
1693_0006_0031_0043_0043.jpg 1 6 31 43 43
1694_0025_0027_0048_0048.jpg 1 25 27 48 48
1695_0030_0028_0029_0029.jpg 1 30 28 29 29
1696_0054_0047_0025_0025.jpg 1 54 47 25 25
1697_0028_0006_0041_0041.jpg 1 28 6 41 41
1698_0021_0017_0050_0050.jpg 1 21 17 50 50
1699_0015_0026_0062_0062.jpg 1 15 26 62 62
1700_0042_0025_0041_0041.jpg 1 42 25 41 41
1701_0013_0027_0065_0065.jpg 1 13 27 65 65
1702_0016_0014_0059_0059.jpg 1 16 14 59 59
1703_0018_0026_0067_0067.jpg 1 18 26 67 67
1704_0033_0006_0049_0049.jpg 1 33 6 49 49
1705_0010_0009_0061_0061.jpg 1 10 9 61 61
1706_0004_0029_0060_0060.jpg 1 4 29 60 60
1707_0022_0010_0025_0025.jpg 1 22 10 25 25
1708_0018_0031_0057_0057.jpg 1 18 31 57 57
1709_0005_0015_0060_0060.jpg 1 5 15 60 60
1710_0006_0022_0064_0064.jpg 1 6 22 64 64
1711_0015_0013_0059_0059.jpg 1 15 13 59 59
1712_0042_0032_0032_0032.jpg 1 42 32 32 32
1713_0024_0019_0060_0060.jpg 1 24 19 60 60
1714_0043_0016_0030_0030.jpg 1 43 16 30 30
1715_0024_0037_0029_0029.jpg 1 24 37 29 29
1716_0008_0018_0065_0065.jpg 1 8 18 65 65
1717_0009_0027_0061_0061.jpg 1 9 27 61 61
1718_0014_0011_0063_0063.jpg 1 14 11 63 63
1719_0011_0007_0056_0056.jpg 1 11 7 56 56
1720_0020_0005_0043_0043.jpg 1 20 5 43 43
1721_0044_0019_0042_0042.jpg 1 44 19 42 42
1722_0023_0026_0049_0049.jpg 1 23 26 49 49
1723_0008_0021_0068_0068.jpg 1 8 21 68 68
1724_0015_0020_0048_0048.jpg 1 15 20 48 48
1725_0052_0026_0033_0033.jpg 1 52 26 33 33
1726_0024_0022_0058_0058.jpg 1 24 22 58 58
1727_0031_0017_0052_0052.jpg 1 31 17 52 52
1728_0021_0019_0051_0051.jpg 1 21 19 51 51
1729_0017_0015_0062_0062.jpg 1 17 15 62 62
1730_0018_0009_0064_0064.jpg 1 18 9 64 64
1731_0005_0019_0050_0050.jpg 1 5 19 50 50
1732_0013_0016_0064_0064.jpg 1 13 16 64 64
1733_0040_0032_0044_0044.jpg 1 40 32 44 44
1734_0045_0046_0029_0029.jpg 1 45 46 29 29
1735_0029_0021_0033_0033.jpg 1 29 21 33 33
1736_0007_0046_0035_0035.jpg 1 7 46 35 35
1737_0011_0008_0051_0051.jpg 1 11 8 51 51
1738_0053_0028_0029_0029.jpg 1 53 28 29 29
1739_0041_0018_0026_0026.jpg 1 41 18 26 26
1740_0006_0021_0059_0059.jpg 1 6 21 59 59
1741_0043_0025_0025_0025.jpg 1 43 25 25 25
1742_0051_0025_0024_0024.jpg 1 51 25 24 24
1743_0004_0024_0068_0068.jpg 1 4 24 68 68
1744_0020_0008_0045_0045.jpg 1 20 8 45 45
1745_0032_0017_0035_0035.jpg 1 32 17 35 35
1746_0020_0031_0031_0031.jpg 1 20 31 31 31
1747_0025_0023_0051_0051.jpg 1 25 23 51 51
1748_0031_0041_0036_0036.jpg 1 31 41 36 36
1749_0040_0010_0031_0031.jpg 1 40 10 31 31
1750_0021_0016_0069_0069.jpg 1 21 16 69 69
1751_0029_0012_0042_0042.jpg 1 29 12 42 42
1752_0024_0043_0030_0030.jpg 1 24 43 30 30
1753_0011_0023_0058_0058.jpg 1 11 23 58 58
1754_0007_0023_0068_0068.jpg 1 7 23 68 68
1755_0030_0005_0052_0052.jpg 1 30 5 52 52
1756_0011_0044_0036_0036.jpg 1 11 44 36 36
1757_0007_0035_0055_0055.jpg 1 7 35 55 55
1758_0040_0018_0048_0048.jpg 1 40 18 48 48
1759_0006_0022_0041_0041.jpg 1 6 22 41 41
1760_0004_0030_0055_0055.jpg 1 4 30 55 55
1761_0040_0016_0041_0041.jpg 1 40 16 41 41
1762_0034_0015_0047_0047.jpg 1 34 15 47 47
1763_0039_0019_0041_0041.jpg 1 39 19 41 41
1764_0020_0008_0065_0065.jpg 1 20 8 65 65
1765_0034_0036_0029_0029.jpg 1 34 36 29 29
1766_0015_0005_0063_0063.jpg 1 15 5 63 63
1767_0023_0028_0036_0036.jpg 1 23 28 36 36
1768_0050_0024_0033_0033.jpg 1 50 24 33 33
1769_0020_0038_0024_0024.jpg 1 20 38 24 24
1770_0033_0013_0058_0058.jpg 1 33 13 58 58
1771_0030_0033_0037_0037.jpg 1 30 33 37 37
1772_0020_0027_0057_0057.jpg 1 20 27 57 57
1773_0008_0026_0041_0041.jpg 1 8 26 41 41
1774_0010_0011_0069_0069.jpg 1 10 11 69 69
1775_0012_0008_0056_0056.jpg 1 12 8 56 56
1776_0033_0040_0035_0035.jpg 1 33 40 35 35
1777_0009_0021_0064_0064.jpg 1 9 21 64 64
1778_0010_0005_0069_0069.jpg 1 10 5 69 69
1779_0011_0019_0047_0047.jpg 1 11 19 47 47
1780_0013_0028_0040_0040.jpg 1 13 28 40 40
1781_0037_0030_0044_0044.jpg 1 37 30 44 44
1782_0028_0011_0060_0060.jpg 1 28 11 60 60
1783_0023_0005_0050_0050.jpg 1 23 5 50 50
1784_0049_0009_0035_0035.jpg 1 49 9 35 35
1785_0039_0046_0024_0024.jpg 1 39 46 24 24
1786_0017_0022_0038_0038.jpg 1 17 22 38 38
1787_0040_0049_0032_0032.jpg 1 40 49 32 32
1788_0016_0026_0063_0063.jpg 1 16 26 63 63
1789_0004_0025_0059_0059.jpg 1 4 25 59 59
1790_0046_0049_0037_0037.jpg 1 46 49 37 37
1791_0030_0007_0052_0052.jpg 1 30 7 52 52
1792_0007_0010_0061_0061.jpg 1 7 10 61 61
1793_0023_0016_0062_0062.jpg 1 23 16 62 62
1794_0020_0050_0032_0032.jpg 1 20 50 32 32
1795_0038_0023_0039_0039.jpg 1 38 23 39 39
1796_0029_0005_0063_0063.jpg 1 29 5 63 63
1797_0015_0015_0058_0058.jpg 1 15 15 58 58
1798_0012_0017_0063_0063.jpg 1 12 17 63 63
1799_0006_0030_0061_0061.jpg 1 6 30 61 61
1800_0018_0046_0026_0026.jpg 1 18 46 26 26
1801_0007_0036_0039_0039.jpg 1 7 36 39 39
1802_0030_0046_0027_0027.jpg 1 30 46 27 27
1803_0025_0027_0042_0042.jpg 1 25 27 42 42
1804_0023_0036_0050_0050.jpg 1 23 36 50 50
1805_0041_0009_0044_0044.jpg 1 41 9 44 44
1806_0023_0013_0067_0067.jpg 1 23 13 67 67
1807_0019_0032_0054_0054.jpg 1 19 32 54 54
1808_0022_0017_0068_0068.jpg 1 22 17 68 68
1809_0012_0033_0029_0029.jpg 1 12 33 29 29
1810_0021_0006_0052_0052.jpg 1 21 6 52 52
1811_0038_0024_0048_0048.jpg 1 38 24 48 48
1812_0017_0017_0064_0064.jpg 1 17 17 64 64
1813_0011_0031_0044_0044.jpg 1 11 31 44 44
1814_0011_0031_0034_0034.jpg 1 11 31 34 34
1815_0018_0007_0065_0065.jpg 1 18 7 65 65
1816_0035_0025_0040_0040.jpg 1 35 25 40 40
1817_0049_0028_0029_0029.jpg 1 49 28 29 29
1818_0027_0024_0051_0051.jpg 1 27 24 51 51
1819_0044_0012_0042_0042.jpg 1 44 12 42 42
1820_0020_0026_0066_0066.jpg 1 20 26 66 66
1821_0035_0008_0047_0047.jpg 1 35 8 47 47
1822_0006_0040_0041_0041.jpg 1 6 40 41 41
1823_0024_0057_0027_0027.jpg 1 24 57 27 27
1824_0050_0041_0028_0028.jpg 1 50 41 28 28
1825_0017_0015_0058_0058.jpg 1 17 15 58 58
1826_0054_0022_0026_0026.jpg 1 54 22 26 26
1827_0011_0053_0030_0030.jpg 1 11 53 30 30
1828_0033_0048_0024_0024.jpg 1 33 48 24 24
1829_0006_0021_0053_0053.jpg 1 6 21 53 53
1830_0020_0009_0054_0054.jpg 1 20 9 54 54
1831_0016_0024_0063_0063.jpg 1 16 24 63 63
1832_0016_0011_0037_0037.jpg 1 16 11 37 37
1833_0023_0017_0063_0063.jpg 1 23 17 63 63
1834_0007_0022_0067_0067.jpg 1 7 22 67 67
1835_0005_0006_0060_0060.jpg 1 5 6 60 60
1836_0014_0005_0068_0068.jpg 1 14 5 68 68
1837_0008_0021_0062_0062.jpg 1 8 21 62 62
1838_0012_0013_0069_0069.jpg 1 12 13 69 69
1839_0007_0013_0064_0064.jpg 1 7 13 64 64
1840_0036_0014_0046_0046.jpg 1 36 14 46 46
1841_0016_0031_0035_0035.jpg 1 16 31 35 35
1842_0049_0019_0028_0028.jpg 1 49 19 28 28
1843_0019_0029_0047_0047.jpg 1 19 29 47 47
1844_0039_0039_0026_0026.jpg 1 39 39 26 26
1845_0042_0007_0045_0045.jpg 1 42 7 45 45
1846_0038_0018_0052_0052.jpg 1 38 18 52 52
1847_0022_0009_0064_0064.jpg 1 22 9 64 64
1848_0009_0038_0040_0040.jpg 1 9 38 40 40
1849_0015_0019_0056_0056.jpg 1 15 19 56 56
1850_0021_0016_0042_0042.jpg 1 21 16 42 42
1851_0015_0031_0054_0054.jpg 1 15 31 54 54
1852_0029_0041_0029_0029.jpg 1 29 41 29 29
1853_0035_0025_0048_0048.jpg 1 35 25 48 48
1854_0048_0006_0039_0039.jpg 1 48 6 39 39
1855_0024_0010_0055_0055.jpg 1 24 10 55 55
1856_0009_0027_0057_0057.jpg 1 9 27 57 57
1857_0035_0023_0049_0049.jpg 1 35 23 49 49
1858_0012_0026_0036_0036.jpg 1 12 26 36 36
1859_0012_0004_0069_0069.jpg 1 12 4 69 69
1860_0016_0009_0046_0046.jpg 1 16 9 46 46
1861_0026_0045_0027_0027.jpg 1 26 45 27 27
1862_0037_0014_0026_0026.jpg 1 37 14 26 26
1863_0007_0007_0039_0039.jpg 1 7 7 39 39
1864_0018_0046_0035_0035.jpg 1 18 46 35 35
1865_0039_0026_0044_0044.jpg 1 39 26 44 44
1866_0039_0053_0030_0030.jpg 1 39 53 30 30
1867_0014_0025_0028_0028.jpg 1 14 25 28 28
1868_0032_0013_0041_0041.jpg 1 32 13 41 41
1869_0009_0015_0053_0053.jpg 1 9 15 53 53
1870_0015_0017_0024_0024.jpg 1 15 17 24 24
1871_0003_0011_0063_0063.jpg 1 3 11 63 63
1872_0016_0020_0063_0063.jpg 1 16 20 63 63
1873_0019_0017_0069_0069.jpg 1 19 17 69 69
1874_0029_0049_0035_0035.jpg 1 29 49 35 35
1875_0006_0011_0060_0060.jpg 1 6 11 60 60
1876_0050_0021_0030_0030.jpg 1 50 21 30 30
1877_0007_0048_0024_0024.jpg 1 7 48 24 24
1878_0009_0010_0054_0054.jpg 1 9 10 54 54
1879_0012_0020_0041_0041.jpg 1 12 20 41 41
1880_0016_0040_0032_0032.jpg 1 16 40 32 32
1881_0031_0021_0026_0026.jpg 1 31 21 26 26
1882_0016_0022_0061_0061.jpg 1 16 22 61 61
1883_0005_0013_0067_0067.jpg 1 5 13 67 67
1884_0033_0008_0054_0054.jpg 1 33 8 54 54
1885_0019_0010_0049_0049.jpg 1 19 10 49 49
1886_0036_0031_0048_0048.jpg 1 36 31 48 48
1887_0012_0022_0066_0066.jpg 1 12 22 66 66
1888_0016_0036_0024_0024.jpg 1 16 36 24 24
1889_0022_0020_0059_0059.jpg 1 22 20 59 59
1890_0018_0021_0028_0028.jpg 1 18 21 28 28
1891_0007_0023_0063_0063.jpg 1 7 23 63 63
1892_0036_0029_0052_0052.jpg 1 36 29 52 52
1893_0031_0026_0034_0034.jpg 1 31 26 34 34
1894_0009_0021_0059_0059.jpg 1 9 21 59 59
1895_0004_0018_0065_0065.jpg 1 4 18 65 65
1896_0026_0026_0055_0055.jpg 1 26 26 55 55
1897_0032_0032_0027_0027.jpg 1 32 32 27 27
1898_0027_0010_0033_0033.jpg 1 27 10 33 33
1899_0014_0021_0055_0055.jpg 1 14 21 55 55
1900_0027_0032_0036_0036.jpg 1 27 32 36 36
1901_0027_0024_0062_0062.jpg 1 27 24 62 62
1902_0055_0027_0028_0028.jpg 1 55 27 28 28
1903_0035_0034_0031_0031.jpg 1 35 34 31 31
1904_0025_0024_0041_0041.jpg 1 25 24 41 41
1905_0034_0031_0056_0056.jpg 1 34 31 56 56
1906_0030_0018_0047_0047.jpg 1 30 18 47 47
1907_0010_0022_0064_0064.jpg 1 10 22 64 64
1908_0024_0021_0045_0045.jpg 1 24 21 45 45
1909_0010_0019_0052_0052.jpg 1 10 19 52 52
1910_0005_0026_0056_0056.jpg 1 5 26 56 56
1911_0023_0021_0069_0069.jpg 1 23 21 69 69
1912_0011_0041_0047_0047.jpg 1 11 41 47 47
1913_0020_0021_0068_0068.jpg 1 20 21 68 68
1914_0037_0042_0033_0033.jpg 1 37 42 33 33
1915_0028_0036_0040_0040.jpg 1 28 36 40 40
1916_0019_0027_0033_0033.jpg 1 19 27 33 33
1917_0040_0030_0032_0032.jpg 1 40 30 32 32
1918_0052_0024_0034_0034.jpg 1 52 24 34 34
1919_0017_0012_0046_0046.jpg 1 17 12 46 46
1920_0041_0044_0041_0041.jpg 1 41 44 41 41
1921_0016_0013_0059_0059.jpg 1 16 13 59 59
1922_0029_0022_0037_0037.jpg 1 29 22 37 37
1923_0006_0017_0051_0051.jpg 1 6 17 51 51
1924_0023_0034_0041_0041.jpg 1 23 34 41 41
1925_0022_0019_0029_0029.jpg 1 22 19 29 29
1926_0009_0010_0061_0061.jpg 1 9 10 61 61
1927_0020_0022_0064_0064.jpg 1 20 22 64 64
1928_0004_0008_0069_0069.jpg 1 4 8 69 69
1929_0018_0026_0039_0039.jpg 1 18 26 39 39
1930_0030_0013_0027_0027.jpg 1 30 13 27 27
1931_0023_0013_0068_0068.jpg 1 23 13 68 68
1932_0011_0026_0059_0059.jpg 1 11 26 59 59
1933_0027_0032_0038_0038.jpg 1 27 32 38 38
1934_0007_0006_0062_0062.jpg 1 7 6 62 62
1935_0033_0007_0051_0051.jpg 1 33 7 51 51
1936_0012_0026_0051_0051.jpg 1 12 26 51 51
1937_0027_0037_0032_0032.jpg 1 27 37 32 32
1938_0034_0031_0037_0037.jpg 1 34 31 37 37
1939_0023_0029_0028_0028.jpg 1 23 29 28 28
1940_0044_0020_0041_0041.jpg 1 44 20 41 41
1941_0044_0035_0034_0034.jpg 1 44 35 34 34
1942_0038_0016_0026_0026.jpg 1 38 16 26 26
1943_0024_0039_0025_0025.jpg 1 24 39 25 25
1944_0023_0030_0048_0048.jpg 1 23 30 48 48
1945_0027_0043_0040_0040.jpg 1 27 43 40 40
1946_0024_0036_0049_0049.jpg 1 24 36 49 49
1947_0023_0029_0063_0063.jpg 1 23 29 63 63
1948_0022_0029_0041_0041.jpg 1 22 29 41 41
1949_0005_0016_0065_0065.jpg 1 5 16 65 65
1950_0016_0010_0036_0036.jpg 1 16 10 36 36
1951_0032_0020_0053_0053.jpg 1 32 20 53 53
1952_0032_0031_0057_0057.jpg 1 32 31 57 57
1953_0007_0048_0039_0039.jpg 1 7 48 39 39
1954_0016_0022_0050_0050.jpg 1 16 22 50 50
1955_0019_0025_0044_0044.jpg 1 19 25 44 44
1956_0007_0023_0068_0068.jpg 1 7 23 68 68
1957_0019_0011_0065_0065.jpg 1 19 11 65 65
1958_0016_0017_0068_0068.jpg 1 16 17 68 68
1959_0016_0014_0036_0036.jpg 1 16 14 36 36
1960_0025_0020_0067_0067.jpg 1 25 20 67 67
1961_0019_0006_0067_0067.jpg 1 19 6 67 67
1962_0012_0035_0037_0037.jpg 1 12 35 37 37
1963_0023_0010_0069_0069.jpg 1 23 10 69 69
1964_0052_0011_0025_0025.jpg 1 52 11 25 25
1965_0032_0011_0036_0036.jpg 1 32 11 36 36
1966_0023_0030_0055_0055.jpg 1 23 30 55 55
1967_0006_0026_0059_0059.jpg 1 6 26 59 59
1968_0013_0051_0035_0035.jpg 1 13 51 35 35
1969_0020_0025_0065_0065.jpg 1 20 25 65 65
1970_0012_0028_0057_0057.jpg 1 12 28 57 57
1971_0011_0031_0039_0039.jpg 1 11 31 39 39
1972_0017_0040_0031_0031.jpg 1 17 40 31 31
1973_0048_0044_0037_0037.jpg 1 48 44 37 37
1974_0010_0029_0050_0050.jpg 1 10 29 50 50
1975_0029_0023_0057_0057.jpg 1 29 23 57 57
1976_0029_0014_0026_0026.jpg 1 29 14 26 26
1977_0045_0014_0033_0033.jpg 1 45 14 33 33
1978_0024_0022_0063_0063.jpg 1 24 22 63 63
1979_0016_0015_0046_0046.jpg 1 16 15 46 46
1980_0026_0021_0038_0038.jpg 1 26 21 38 38
1981_0036_0020_0050_0050.jpg 1 36 20 50 50
1982_0011_0018_0030_0030.jpg 1 11 18 30 30
1983_0012_0015_0067_0067.jpg 1 12 15 67 67
1984_0025_0035_0055_0055.jpg 1 25 35 55 55
1985_0042_0011_0039_0039.jpg 1 42 11 39 39
1986_0033_0031_0054_0054.jpg 1 33 31 54 54
1987_0028_0055_0025_0025.jpg 1 28 55 25 25
1988_0011_0031_0044_0044.jpg 1 11 31 44 44
1989_0032_0027_0031_0031.jpg 1 32 27 31 31
1990_0028_0012_0060_0060.jpg 1 28 12 60 60
1991_0012_0022_0068_0068.jpg 1 12 22 68 68
1992_0038_0021_0037_0037.jpg 1 38 21 37 37
1993_0007_0006_0057_0057.jpg 1 7 6 57 57
1994_0013_0012_0065_0065.jpg 1 13 12 65 65
1995_0026_0044_0036_0036.jpg 1 26 44 36 36
1996_0007_0008_0032_0032.jpg 1 7 8 32 32
1997_0040_0018_0044_0044.jpg 1 40 18 44 44
1998_0046_0008_0040_0040.jpg 1 46 8 40 40
1999_0054_0043_0026_0026.jpg 1 54 43 26 26
2000_0021_0032_0028_0028.jpg 1 21 32 28 28
